Log file open, 02/20/18 14:27:21
LogInit:Display: Running engine for game: Game
LogPlatformFile: Not using cached read wrapper
LogInit:Display: RandInit(121851120) SRandInit(121851120).
LogTaskGraph: Started task graph with 5 named threads and 8 total threads with 1 sets of task threads.
LogStats: Stats thread started at 0.096129
LogInit: Using libcurl 7.47.1
LogInit:  - built for x86_64-pc-win32
LogInit:  - supports SSL with OpenSSL/1.0.2g
LogInit:  - supports HTTP deflate (compression) using libz 1.2.8
LogInit:  - other features:
LogInit:      CURL_VERSION_SSL
LogInit:      CURL_VERSION_LIBZ
LogInit:      CURL_VERSION_IPV6
LogInit:      CURL_VERSION_ASYNCHDNS
LogInit:      CURL_VERSION_LARGEFILE
LogInit:      CURL_VERSION_IDN
LogInit:  CurlRequestOptions (configurable via config and command line):
LogInit:  - bVerifyPeer = false  - Libcurl will NOT verify peer certificate
LogInit:  - bUseHttpProxy = false  - Libcurl will NOT use HTTP proxy
LogInit:  - bDontReuseConnections = false  - Libcurl will reuse connections
LogInit:  - CertBundlePath = nullptr  - Libcurl will use whatever was configured at build time.
LogInit: Build: ++UE4+Release-4.15-CL-3450819
LogInit: Engine Version: 4.15.3-3450819+++UE4+Release-4.15
LogInit: Compatible Engine Version: 4.15.0-3299760+++UE4+Release-4.15
LogInit: Net CL: 3299760
LogDevObjectVersion: Number of dev versions registered: 14
LogDevObjectVersion:   Dev-Blueprints (B0D832E4-1F89-4F0D-ACCF-7EB736FD4AA2): 8
LogDevObjectVersion:   Dev-Build (E1C64328-A22C-4D53-A36C-8E866417BD8C): 0
LogDevObjectVersion:   Dev-Core (375EC13C-06E4-48FB-B500-84F0262A717E): 2
LogDevObjectVersion:   Dev-Editor (E4B068ED-F494-42E9-A231-DA0B2E46BB41): 14
LogDevObjectVersion:   Dev-Framework (CFFC743F-43B0-4480-9391-14DF171D2073): 22
LogDevObjectVersion:   Dev-Mobile (B02B49B5-BB20-44E9-A304-32B752E40360): 0
LogDevObjectVersion:   Dev-Networking (A4E4105C-59A1-49B5-A7C5-40C4547EDFEE): 0
LogDevObjectVersion:   Dev-Online (39C831C9-5AE6-47DC-9A44-9C173E1C8E7C): 0
LogDevObjectVersion:   Dev-Physics (78F01B33-EBEA-4F98-B9B4-84EACCB95AA2): 0
LogDevObjectVersion:   Dev-Platform (6631380F-2D4D-43E0-8009-CF276956A95A): 0
LogDevObjectVersion:   Dev-Rendering (12F88B9F-8875-4AFC-A67C-D90C383ABD29): 12
LogDevObjectVersion:   Dev-Sequencer (7B5AE74C-D270-4C10-A958-57980B212A5A): 3
LogDevObjectVersion:   Dev-VR (D7296918-1DD6-4BDD-9DE2-64A83CC13884): 0
LogDevObjectVersion:   Dev-LoadTimes (C2A15278-BFE7-4AFE-6C17-90FF531DF755): 1
LogInit: Compiled (64-bit): May 21 2017 11:02:34
LogInit: Compiled with Visual C++: 19.00.23026.00
LogInit: Build Configuration: Development
LogInit: Branch Name: ++UE4+Release-4.15
LogInit: Command line: -EpicPortal 
LogInit: Base directory: C:/Program Files/Epic Games/UE_4.15/Engine/Binaries/Win64/
LogInit: Installed Engine Build: 1
LogInit: Presizing for max 8388607 objects, including 0 objects not considered by GC, pre-allocating 0 bytes for permanent pool.
LogInit: Object subsystem initialized
[2018.02.20-13.27.22:907][  0]LogInit: Selected Device Profile: [Windows]
[2018.02.20-13.27.22:907][  0]LogInit: Applying CVar settings loaded from the selected device profile: [Windows]
[2018.02.20-13.27.22:918][  0]LogInit: Computer: ADMIN
[2018.02.20-13.27.22:918][  0]LogInit: User: Mateusz
[2018.02.20-13.27.22:918][  0]LogInit: CPU Page size=65536, Cores=4
[2018.02.20-13.27.22:918][  0]LogInit: High frequency timer resolution =3.919344 MHz
[2018.02.20-13.27.22:919][  0]LogMemory: Memory total: Physical=15.9GB (16GB approx)
[2018.02.20-13.27.22:919][  0]LogMemory: Platform Memory Stats for Windows
[2018.02.20-13.27.22:919][  0]LogMemory: Process Physical Memory: 261.89 MB used, 261.89 MB peak
[2018.02.20-13.27.22:919][  0]LogMemory: Process Virtual Memory: 262.54 MB used, 262.54 MB peak
[2018.02.20-13.27.22:919][  0]LogMemory: Physical Memory: 7517.92 MB used,  8765.57 MB free, 16283.50 MB total
[2018.02.20-13.27.22:919][  0]LogMemory: Virtual Memory: 628.65 MB used,  8765.57 MB free, 134217728.00 MB total
[2018.02.20-13.27.23:053][  0]LogTextLocalizationManager: No translations for ('pl-PL') exist, falling back to 'en' for localization and internationalization data.
[2018.02.20-13.27.23:878][  0]LogD3D11RHI: D3D11 adapters:
[2018.02.20-13.27.23:919][  0]LogD3D11RHI:    0. 'NVIDIA GeForce GTX 960' (Feature Level 11_0)
[2018.02.20-13.27.23:919][  0]LogD3D11RHI:       1937/0/8141 MB DedicatedVideo/DedicatedSystem/SharedSystem, Outputs:1, VendorId:0x10de
[2018.02.20-13.27.23:921][  0]LogD3D11RHI:    1. 'Microsoft Basic Render Driver' (Feature Level 11_0)
[2018.02.20-13.27.23:921][  0]LogD3D11RHI:       0/0/256 MB DedicatedVideo/DedicatedSystem/SharedSystem, Outputs:0, VendorId:0x1414
[2018.02.20-13.27.23:921][  0]LogD3D11RHI: Chosen D3D11 Adapter: 0
[2018.02.20-13.27.23:929][  0]LogD3D11RHI: Creating new Direct3DDevice
[2018.02.20-13.27.23:929][  0]LogD3D11RHI:     GPU DeviceId: 0x1401 (for the marketing name, search the web for "GPU Device Id")
[2018.02.20-13.27.23:929][  0]LogWindows: EnumDisplayDevices:
[2018.02.20-13.27.23:929][  0]LogWindows:    0. 'NVIDIA GeForce GTX 960' (P:1 D:1)
[2018.02.20-13.27.23:929][  0]LogWindows:    1. 'NVIDIA GeForce GTX 960' (P:0 D:0)
[2018.02.20-13.27.23:929][  0]LogWindows:    2. 'NVIDIA GeForce GTX 960' (P:0 D:0)
[2018.02.20-13.27.23:930][  0]LogWindows:    3. 'NVIDIA GeForce GTX 960' (P:0 D:0)
[2018.02.20-13.27.23:930][  0]LogWindows: DebugString: FoundDriverCount:4 
[2018.02.20-13.27.23:930][  0]LogD3D11RHI:     Adapter Name: NVIDIA GeForce GTX 960
[2018.02.20-13.27.23:930][  0]LogD3D11RHI:   Driver Version: 388.71 (internal:23.21.13.8871, unified:388.71)
[2018.02.20-13.27.23:930][  0]LogD3D11RHI:      Driver Date: 12-15-2017
[2018.02.20-13.27.23:930][  0]LogRHI: Texture pool is 1356 MB (70% of 1937 MB)
[2018.02.20-13.27.23:951][  0]LogD3D11RHI: Async texture creation enabled
[2018.02.20-13.27.23:977][  0]LogD3D11RHI: GPU Timing Frequency: 1000.000000 (Debug: 2 2)
[2018.02.20-13.27.23:980][  0]LogShaderCompilers: Guid format shader working directory is 7 characters bigger than the processId version (D:/Unreal Engine Projects/AndroGame-moje/Intermediate/Shaders/WorkingDirectory/11216/).
[2018.02.20-13.27.23:980][  0]LogShaderCompilers: Cleaned the shader compiler working directory 'C:/Users/Mateusz/AppData/Local/Temp/UnrealShaderWorkingDir/32828B7741549F142C1060A1FE476028/'.
[2018.02.20-13.27.23:980][  0]LogShaderCompilers:Display: Using Local Shader Compiler.
[2018.02.20-13.27.25:779][  0]LogTemp:Display: Loaded TP AllDesktopTargetPlatform
[2018.02.20-13.27.25:905][  0]LogTemp:Display: Loaded TP MacClientTargetPlatform
[2018.02.20-13.27.26:029][  0]LogTemp:Display: Loaded TP MacNoEditorTargetPlatform
[2018.02.20-13.27.26:154][  0]LogTemp:Display: Loaded TP MacServerTargetPlatform
[2018.02.20-13.27.26:279][  0]LogTemp:Display: Loaded TP MacTargetPlatform
[2018.02.20-13.27.26:403][  0]LogTemp:Display: Loaded TP WindowsClientTargetPlatform
[2018.02.20-13.27.26:536][  0]LogTemp:Display: Loaded TP WindowsNoEditorTargetPlatform
[2018.02.20-13.27.26:666][  0]LogTemp:Display: Loaded TP WindowsServerTargetPlatform
[2018.02.20-13.27.26:771][  0]LogTemp:Display: Loaded TP WindowsTargetPlatform
[2018.02.20-13.27.26:906][  0]LogTemp:Display: Loaded TP AndroidTargetPlatform
[2018.02.20-13.27.27:033][  0]LogTemp:Display: Loaded TP Android_ASTCTargetPlatform
[2018.02.20-13.27.27:140][  0]LogTemp:Display: Loaded TP Android_ATCTargetPlatform
[2018.02.20-13.27.27:250][  0]LogTemp:Display: Loaded TP Android_DXTTargetPlatform
[2018.02.20-13.27.27:343][  0]LogTemp:Display: Loaded TP Android_ETC1TargetPlatform
[2018.02.20-13.27.27:433][  0]LogTemp:Display: Loaded TP Android_ETC2TargetPlatform
[2018.02.20-13.27.27:614][  0]LogTemp:Display: Loaded TP Android_MultiTargetPlatform
[2018.02.20-13.27.27:614][  0]LogTemp:Display: Loaded TP Android_PVRTCTargetPlatform
[2018.02.20-13.27.27:682][  0]LogTemp:Display: Loaded TP HTML5TargetPlatform
[2018.02.20-13.27.27:831][  0]LogTemp:Display: Loaded TP IOSTargetPlatform
[2018.02.20-13.27.27:889][  0]LogTemp:Display: Loaded TP TVOSTargetPlatform
[2018.02.20-13.27.27:992][  0]LogTemp:Display: Loaded TP LinuxClientTargetPlatform
[2018.02.20-13.27.28:082][  0]LogTemp:Display: Loaded TP LinuxNoEditorTargetPlatform
[2018.02.20-13.27.28:174][  0]LogTemp:Display: Loaded TP LinuxServerTargetPlatform
[2018.02.20-13.27.28:265][  0]LogTemp:Display: Loaded TP LinuxTargetPlatform
[2018.02.20-13.27.28:265][  0]LogTargetPlatformManager:Display: Building Assets For Windows
[2018.02.20-13.27.29:086][  0]LogDerivedDataCache:Display: Max Cache Size: 512 MB
[2018.02.20-13.27.29:177][  0]LogDerivedDataCache: Loaded boot cache 0.09s 50MB C:/Users/Mateusz/AppData/Local/UnrealEngine/4.15/DerivedDataCache/Boot.ddc.
[2018.02.20-13.27.29:177][  0]LogDerivedDataCache:Display: Loaded Boot cache: C:/Users/Mateusz/AppData/Local/UnrealEngine/4.15/DerivedDataCache/Boot.ddc
[2018.02.20-13.27.29:177][  0]LogDerivedDataCache: FDerivedDataBackendGraph:  Pak pak cache file D:/Unreal Engine Projects/AndroGame-moje/DerivedDataCache/DDC.ddp not found, will not use a pak cache.
[2018.02.20-13.27.29:177][  0]LogDerivedDataCache: Unable to find inner node Pak for hierarchical cache Hierarchy.
[2018.02.20-13.27.29:177][  0]LogDerivedDataCache: FDerivedDataBackendGraph:  CompressedPak pak cache file D:/Unreal Engine Projects/AndroGame-moje/DerivedDataCache/Compressed.ddp not found, will not use a pak cache.
[2018.02.20-13.27.29:177][  0]LogDerivedDataCache: Unable to find inner node CompressedPak for hierarchical cache Hierarchy.
[2018.02.20-13.27.29:200][  0]LogDerivedDataCache:Display: Pak cache opened for reading ../../../Engine/DerivedDataCache/Compressed.ddp.
[2018.02.20-13.27.29:214][  0]LogDerivedDataCache: Using Local data cache path C:/Users/Mateusz/AppData/Local/UnrealEngine/Common/DerivedDataCache: Writable
[2018.02.20-13.27.29:228][  0]LogSlate: Using Freetype 2.6.0
[2018.02.20-13.27.29:229][  0]LogSlate: SlateFontCache - WITH_FREETYPE: 1, WITH_HARFBUZZ: 1
[2018.02.20-13.27.29:229][  0]LogSlate: SlateFontCache - WITH_FREETYPE: 1, WITH_HARFBUZZ: 1
[2018.02.20-13.27.29:637][  0]LogInit: Selected Device Profile: [Windows]
[2018.02.20-13.27.29:640][  0]LogContentStreaming: Texture pool size is 0.00 MB
[2018.02.20-13.27.29:944][  0]LogMeshUtilities: Using QuadricMeshReduction for automatic static mesh reduction
[2018.02.20-13.27.30:017][  0]LogSimplygon: Simplygon DLL not present - disabling.
[2018.02.20-13.27.30:098][  0]LogMeshUtilities: Using SimplygonSwarm for distributed automatic mesh merging
[2018.02.20-13.27.30:098][  0]LogMeshUtilities: No automatic skeletal mesh reduction module available
[2018.02.20-13.27.30:098][  0]LogMeshUtilities: No automatic mesh merging module available
[2018.02.20-13.27.30:897][  0]LogNetVersion: GetLocalNetworkVersion: CL: 3299760, ProjectName: game, ProjectVersion: , EngineNetworkVersion: 2, GameNetworkVersion: 0, NetworkChecksum: 2653008601
[2018.02.20-13.27.30:961][  0]LogAssetRegistry: FAssetRegistry took 0.0223 seconds to start up
[2018.02.20-13.27.31:016][  0]LogPackageLocalizationCache: Processed 3 localized package path(s) for 1 prioritized culture(s) in 0.015149 seconds
[2018.02.20-13.27.31:023][  0]LogUObjectArray: 32493 objects as part of root set at end of initial load.
[2018.02.20-13.27.31:023][  0]LogUObjectAllocator: 7077024 out of 0 bytes used by permanent object pool.
[2018.02.20-13.27.31:023][  0]LogUObjectArray: CloseDisregardForGC: 0/0 objects in disregard for GC pool
[2018.02.20-13.27.31:136][  0]LogInit: WinSock: version 1.1 (2.2), MaxSocks=32767, MaxUdp=65467
[2018.02.20-13.27.33:745][  0]LogTcpMessaging: Initializing TcpMessaging bridge
[2018.02.20-13.27.33:808][  0]LogUdpMessaging: Initializing bridge on interface 0.0.0.0:0 to multicast group 230.0.0.1:6666.
[2018.02.20-13.27.34:525][  0]LogMaterial: Uniform references updated for custom material expression Custom.
[2018.02.20-13.27.35:141][  0]SourceControl: Info Source control is disabled
[2018.02.20-13.27.37:965][  0]LogEngine: Initializing Engine...
[2018.02.20-13.27.37:966][  0]LogHMD: Failed to initialize OpenVR with code 110
[2018.02.20-13.27.38:095][  0]LogStats: UGameplayTagsManager::ConstructGameplayTagTree: Construct from data asset -  0.000 s
[2018.02.20-13.27.38:095][  0]LogStats: UGameplayTagsManager::ConstructGameplayTagTree: GameplayTagTreeChangedEvent.Broadcast -  0.000 s
[2018.02.20-13.27.38:302][  0]LogAIModule: Creating AISystem for world Untitled
[2018.02.20-13.27.38:327][  0]LogInit: XAudio2 using 'Głośniki (Realtek High Definition Audio)' : 2 channels at 48 kHz using 32 bits per sample (channel mask 0x3)
[2018.02.20-13.27.38:340][  0]LogInit: FAudioDevice initialized.
[2018.02.20-13.27.38:385][  0]LogDerivedDataCache: Saved boot cache 0.04s 50MB C:/Users/Mateusz/AppData/Local/UnrealEngine/4.15/DerivedDataCache/Boot.ddc.
[2018.02.20-13.27.38:400][  0]LogInit: Texture streaming: Enabled
[2018.02.20-13.27.38:562][  0]LogEngineSessionManager: EngineSessionManager initialized
[2018.02.20-13.27.38:740][  0]LogInit: Transaction tracking system initialized
[2018.02.20-13.27.39:336][  0]BlueprintLog: New page: Editor Load
[2018.02.20-13.27.40:861][  0]LocalizationService: Info Localization service is disabled
[2018.02.20-13.27.41:981][  0]LogConsoleResponse:Display: 
[2018.02.20-13.27.42:145][  0]LogCook:Display: Max memory allowance for cook 16384mb min free memory 0mb
[2018.02.20-13.27.42:145][  0]LogCook:Display: Mobile HDR setting 0
[2018.02.20-13.27.42:952][  0]LogFileCache: Scanning file cache for directory 'D:/Unreal Engine Projects/AndroGame-moje/Content/' took 0.03s
[2018.02.20-13.27.44:113][  0]Cmd: MAP LOAD FILE="D:/Unreal Engine Projects/AndroGame-moje/Content/TopDownBP/Maps/TopDownExampleMap.umap" TEMPLATE=0 SHOWPROGRESS=1 FEATURELEVEL=3
[2018.02.20-13.27.44:114][  0]LightingResults: New page: Lighting Build
[2018.02.20-13.27.44:181][  0]MapCheck: New page: Map Check
[2018.02.20-13.27.44:181][  0]LightingResults: New page: Lighting Build
[2018.02.20-13.27.45:050][  0]LogAIModule: Creating AISystem for world TopDownExampleMap
[2018.02.20-13.27.45:096][  0]LogEditorServer: Finished looking for orphan Actors (0.000 secs)
[2018.02.20-13.27.45:097][  0]Cmd: MAP CHECKDEP NOCLEARLOG
[2018.02.20-13.27.45:188][  0]MapCheck: Info Map check complete: 0 Error(s), 0 Warning(s), took 90.307ms to complete.
[2018.02.20-13.27.45:188][  0]LogFileHelpers: Loading map 'TopDownExampleMap' took 1.074
[2018.02.20-13.27.45:417][  0]LogCollectionManager: Loaded 1 collections in 0.002574 seconds
[2018.02.20-13.27.45:527][  0]LogFileCache: Scanning file cache for directory 'D:/Unreal Engine Projects/AndroGame-moje/Saved/Collections/' took 0.01s
[2018.02.20-13.27.45:527][  0]LogFileCache: Scanning file cache for directory 'D:/Unreal Engine Projects/AndroGame-moje/Content/Developers/Mateusz/Collections/' took 0.01s
[2018.02.20-13.27.45:527][  0]LogFileCache: Scanning file cache for directory 'D:/Unreal Engine Projects/AndroGame-moje/Content/Collections/' took 0.01s
[2018.02.20-13.27.45:527][  0]LogCollectionManager: Rebuilt the GUID cache for 1 collections in 0.000004 seconds
[2018.02.20-13.27.45:527][  0]LogCollectionManager: Rebuilt the hierarchy cache for 1 collections in 0.000000 seconds
[2018.02.20-13.27.45:542][  0]LogContentBrowser: Native class hierarchy populated in 0.0140 seconds. Added 2245 classes and 453 folders.
[2018.02.20-13.27.45:652][  0]LogContentBrowser: Native class hierarchy updated for 'WidgetCarousel' in 0.0007 seconds. Added 0 classes and 0 folders.
[2018.02.20-13.27.45:720][  0]LogContentBrowser: Native class hierarchy updated for 'AddContentDialog' in 0.0007 seconds. Added 0 classes and 0 folders.
[2018.02.20-13.27.45:790][  0]LogContentBrowser: Native class hierarchy updated for 'SceneOutliner' in 0.0006 seconds. Added 1 classes and 2 folders.
[2018.02.20-13.27.45:860][  0]LogCrashTracker: Crashtracker disabled due to settings.
[2018.02.20-13.27.45:868][  0]LogUObjectGlobals:Warning: Failed to find object 'Class None.'
[2018.02.20-13.27.45:961][  0]LogContentBrowser: Native class hierarchy updated for 'HierarchicalLODOutliner' in 0.0007 seconds. Added 1 classes and 2 folders.
[2018.02.20-13.27.45:961][  0]LogLoad: (Engine Initialization) Total time: 26.21 seconds
[2018.02.20-13.27.45:961][  0]LogLoad: (Engine Initialization) Total Blueprint compile time: 0.30 seconds
[2018.02.20-13.27.45:961][  0]LogExternalProfiler: Found external profiler: VSPerf
[2018.02.20-13.27.45:961][  0]LogExternalProfiler: Using external profiler: VSPerf
[2018.02.20-13.27.46:300][  0]LogOcInput: OculusInput pre-init called
[2018.02.20-13.27.46:322][  0]SourceControl: Info On branch master
[2018.02.20-13.27.46:322][  0]SourceControl: Info Your branch is up to date with 'origin/master'.
[2018.02.20-13.27.46:322][  0]SourceControl: Info Changes not staged for commit:
[2018.02.20-13.27.46:322][  0]SourceControl: Info   (use "git add/rm <file>..." to update what will be committed)
[2018.02.20-13.27.46:322][  0]SourceControl: Info   (use "git checkout -- <file>..." to discard changes in working directory)
[2018.02.20-13.27.46:322][  0]SourceControl: Info 	modified:   Content/TopDownBP/Maps/TopDownExampleMap.umap
[2018.02.20-13.27.46:322][  0]SourceControl: Info 	modified:   Content/TopDownBP/Maps/TopDownExampleMap_BuiltData.uasset
[2018.02.20-13.27.46:322][  0]SourceControl: Info 	modified:   Intermediate/CachedAssetRegistry.bin
[2018.02.20-13.27.46:322][  0]SourceControl: Info 	modified:   Saved/AutoScreenshot.png
[2018.02.20-13.27.46:322][  0]SourceControl: Info 	modified:   Saved/Config/Windows/EditorPerProjectUserSettings.ini
[2018.02.20-13.27.46:322][  0]SourceControl: Info 	modified:   Saved/Config/Windows/Engine.ini
[2018.02.20-13.27.46:322][  0]SourceControl: Info 	modified:   Saved/Config/Windows/SourceControlSettings.ini
[2018.02.20-13.27.46:322][  0]SourceControl: Info 	modified:   Saved/Config/WorldState/1077236724.json
[2018.02.20-13.27.46:322][  0]SourceControl: Info 	deleted:    Saved/Logs/Game-backup-2018.02.16-14.53.03.log
[2018.02.20-13.27.46:322][  0]SourceControl: Info 	deleted:    Saved/Logs/Game-backup-2018.02.18-00.48.27.log
[2018.02.20-13.27.46:322][  0]SourceControl: Info 	deleted:    Saved/Logs/Game-backup-2018.02.18-02.05.03.log
[2018.02.20-13.27.46:322][  0]SourceControl: Info 	deleted:    Saved/Logs/Game-backup-2018.02.18-02.07.27.log
[2018.02.20-13.27.46:322][  0]SourceControl: Info 	deleted:    Saved/Logs/Game-backup-2018.02.18-14.23.07.log
[2018.02.20-13.27.46:322][  0]SourceControl: Info 	modified:   Saved/Logs/Game.log
[2018.02.20-13.27.46:322][  0]SourceControl: Info Untracked files:
[2018.02.20-13.27.46:322][  0]SourceControl: Info   (use "git add <file>..." to include in what will be committed)
[2018.02.20-13.27.46:322][  0]SourceControl: Info 	Saved/Backup/TopDownExampleMap_2018-02-20-13-08-05.umap
[2018.02.20-13.27.46:322][  0]SourceControl: Info 	Saved/Backup/TopDownExampleMap_2018-02-20-13-13-12.umap
[2018.02.20-13.27.46:323][  0]SourceControl: Info 	Saved/Backup/TopDownExampleMap_2018-02-20-13-20-47.umap
[2018.02.20-13.27.46:323][  0]SourceControl: Info 	Saved/Backup/TopDownExampleMap_2018-02-20-13-29-19.umap
[2018.02.20-13.27.46:323][  0]SourceControl: Info 	Saved/Backup/TopDownExampleMap_2018-02-20-13-37-10.umap
[2018.02.20-13.27.46:323][  0]SourceControl: Info 	Saved/Backup/TopDownExampleMap_2018-02-20-14-26-38.umap
[2018.02.20-13.27.46:323][  0]SourceControl: Info 	Saved/Backup/TopDownExampleMap_BuiltData_2018-02-20-13-08-05.uasset
[2018.02.20-13.27.46:323][  0]SourceControl: Info 	Saved/Backup/TopDownExampleMap_BuiltData_2018-02-20-13-13-13.uasset
[2018.02.20-13.27.46:323][  0]SourceControl: Info 	Saved/Backup/TopDownExampleMap_BuiltData_2018-02-20-13-20-47.uasset
[2018.02.20-13.27.46:323][  0]SourceControl: Info 	Saved/Backup/TopDownExampleMap_BuiltData_2018-02-20-13-29-19.uasset
[2018.02.20-13.27.46:323][  0]SourceControl: Info 	Saved/Backup/TopDownExampleMap_BuiltData_2018-02-20-13-37-10.uasset
[2018.02.20-13.27.46:323][  0]SourceControl: Info 	Saved/Backup/TopDownExampleMap_BuiltData_2018-02-20-14-26-38.uasset
[2018.02.20-13.27.46:323][  0]SourceControl: Info 	Saved/Logs/UE4CC-Windows-38C0E8B54BECE6BC868E73A16A6E4F9B/
[2018.02.20-13.27.46:323][  0]SourceControl: Info 	Saved/Logs/UE4CC-Windows-765DF2D243EC325A9FEDE0A0374DC1B1/
[2018.02.20-13.27.46:323][  0]SourceControl: Info 	Saved/Logs/UE4CC-Windows-765DF2D243EC325A9FEDE0A0374DC1B1_0000/
[2018.02.20-13.27.46:323][  0]SourceControl: Info 	Saved/Logs/UE4CC-Windows-785E8F51433B8E0E225601AD359AED2E/
[2018.02.20-13.27.46:323][  0]SourceControl: Info 	Saved/Logs/UE4CC-Windows-8C5AE5CB4DD624897BA894AC8894D4B9/
[2018.02.20-13.27.46:323][  0]SourceControl: Info 	Saved/Logs/UE4CC-Windows-8C5AE5CB4DD624897BA894AC8894D4B9_0000/
[2018.02.20-13.27.46:323][  0]SourceControl: Info 	Saved/Logs/UE4CC-Windows-D69D7556421AD67315DE92AA17B56104/
[2018.02.20-13.27.46:323][  0]SourceControl: Info 	Saved/Logs/UE4CC-Windows-E4B6ECA14A12951A1E1154A58AAB3CE6/
[2018.02.20-13.27.46:323][  0]SourceControl: Info 	Saved/Logs/UE4CC-Windows-F72265A54695AAE2F294E28B124939FB/
[2018.02.20-13.27.46:323][  0]SourceControl: Info no changes added to commit (use "git add" and/or "git commit -a")
[2018.02.20-13.27.46:323][  0]LogContentStreaming: Texture pool size now 1000 MB
[2018.02.20-13.27.46:325][  0]LogSlate: Took 0.000327 seconds to synchronously load lazily loaded font '../../../Engine/Content/Slate/Fonts/Roboto-Regular.ttf' (155K)
[2018.02.20-13.27.46:330][  0]LogSlate: Took 0.000304 seconds to synchronously load lazily loaded font '../../../Engine/Content/Slate/Fonts/Roboto-Bold.ttf' (160K)
[2018.02.20-13.27.46:336][  0]LogSlate: Took 0.000315 seconds to synchronously load lazily loaded font '../../../Engine/Content/Editor/Slate/Fonts/FontAwesome.ttf' (139K)
[2018.02.20-13.27.46:471][  0]LogSlate: Took 0.000357 seconds to synchronously load lazily loaded font '../../../Engine/Content/Slate/Fonts/Roboto-Light.ttf' (159K)
[2018.02.20-13.27.46:536][  0]LogRenderer: Reallocating scene render targets to support 1000x576 NumSamples 1 (Frame:2).
[2018.02.20-13.27.46:985][  2]LogAssetRegistry: Asset discovery search completed in 16.0467 seconds
[2018.02.20-13.27.46:985][  2]LogCollectionManager: Rebuilt the object cache for 1 collections in 0.000007 seconds (found 0 objects)
[2018.02.20-13.27.46:985][  2]LogCollectionManager: Fixed up redirectors for 1 collections in 0.000022 seconds (updated 0 objects)
[2018.02.20-13.28.30:982][284]LogTemp: Repeting last play command: Selected Viewport
[2018.02.20-13.28.30:994][284]LogBlueprintUserMessages: Early PlayInEditor Detection: Level '/Game/TopDownBP/Maps/TopDownExampleMap.TopDownExampleMap:PersistentLevel' has LevelScriptBlueprint '/Game/TopDownBP/Maps/TopDownExampleMap.TopDownExampleMap:PersistentLevel.TopDownExampleMap' with GeneratedClass '/Game/TopDownBP/Maps/TopDownExampleMap.TopDownExampleMap_C' with ClassGeneratedBy '/Game/TopDownBP/Maps/TopDownExampleMap.TopDownExampleMap:PersistentLevel.TopDownExampleMap'
[2018.02.20-13.28.30:994][284]LogPlayLevel: PlayLevel: No blueprints needed recompiling
[2018.02.20-13.28.30:994][284]PIE: New page: PIE session: TopDownExampleMap (Feb 20, 2018, 3:28:30 PM)
[2018.02.20-13.28.30:994][284]LogPlayLevel: Creating play world package: /Game/TopDownBP/Maps/UEDPIE_0_TopDownExampleMap
[2018.02.20-13.28.31:037][284]LogPlayLevel: PIE: StaticDuplicateObject took: (0.043004s)
[2018.02.20-13.28.31:039][284]LogAIModule: Creating AISystem for world TopDownExampleMap
[2018.02.20-13.28.31:039][284]LogPlayLevel: PIE: World Init took: (0.001927s)
[2018.02.20-13.28.31:040][284]LogPlayLevel: PIE: Created PIE world by copying editor world from /Game/TopDownBP/Maps/TopDownExampleMap.TopDownExampleMap to /Game/TopDownBP/Maps/UEDPIE_0_TopDownExampleMap.TopDownExampleMap (0.045427s)
[2018.02.20-13.28.31:084][284]LogInit: XAudio2 using 'Głośniki (Realtek High Definition Audio)' : 2 channels at 48 kHz using 32 bits per sample (channel mask 0x3)
[2018.02.20-13.28.31:096][284]LogInit: FAudioDevice initialized.
[2018.02.20-13.28.31:143][284]LogLoad: Game class is 'TopDownGameMode_C'
[2018.02.20-13.28.31:148][284]LogWorld: Bringing World /Game/TopDownBP/Maps/UEDPIE_0_TopDownExampleMap.TopDownExampleMap up for play (max tick rate 0) at 2018.02.20-14.28.31
[2018.02.20-13.28.31:148][284]LogWorld: Bringing up level for play took: 0.003043
[2018.02.20-13.28.31:216][284]LogContentBrowser: Native class hierarchy updated for 'MovieSceneCapture' in 0.0007 seconds. Added 11 classes and 0 folders.
[2018.02.20-13.28.31:217][284]PIE: Info Play in editor start time for /Game/TopDownBP/Maps/UEDPIE_0_TopDownExampleMap 0.238
[2018.02.20-13.28.31:217][284]LogBlueprintUserMessages: Late PlayInEditor Detection: Level '/Game/TopDownBP/Maps/TopDownExampleMap.TopDownExampleMap:PersistentLevel' has LevelScriptBlueprint '/Game/TopDownBP/Maps/TopDownExampleMap.TopDownExampleMap:PersistentLevel.TopDownExampleMap' with GeneratedClass '/Game/TopDownBP/Maps/TopDownExampleMap.TopDownExampleMap_C' with ClassGeneratedBy '/Game/TopDownBP/Maps/TopDownExampleMap.TopDownExampleMap:PersistentLevel.TopDownExampleMap'
[2018.02.20-13.28.35:803][826]LogBlueprintUserMessages: Early EndPlayMap Detection: Level '/Game/TopDownBP/Maps/TopDownExampleMap.TopDownExampleMap:PersistentLevel' has LevelScriptBlueprint '/Game/TopDownBP/Maps/TopDownExampleMap.TopDownExampleMap:PersistentLevel.TopDownExampleMap' with GeneratedClass '/Game/TopDownBP/Maps/TopDownExampleMap.TopDownExampleMap_C' with ClassGeneratedBy '/Game/TopDownBP/Maps/TopDownExampleMap.TopDownExampleMap:PersistentLevel.TopDownExampleMap'
[2018.02.20-13.28.35:842][826]LogBlueprintUserMessages: Late EndPlayMap Detection: Level '/Game/TopDownBP/Maps/TopDownExampleMap.TopDownExampleMap:PersistentLevel' has LevelScriptBlueprint '/Game/TopDownBP/Maps/TopDownExampleMap.TopDownExampleMap:PersistentLevel.TopDownExampleMap' with GeneratedClass '/Game/TopDownBP/Maps/TopDownExampleMap.TopDownExampleMap_C' with ClassGeneratedBy '/Game/TopDownBP/Maps/TopDownExampleMap.TopDownExampleMap:PersistentLevel.TopDownExampleMap'
[2018.02.20-13.28.42:809][657]LogEditorViewport: Clicking on Actor (LMB): StaticMeshActor (Cube34)
[2018.02.20-13.28.49:141][378]Cmd: EDIT COPY
[2018.02.20-13.28.49:748][448]Cmd: EDIT PASTE
[2018.02.20-13.28.52:771][766]LogSlate: Took 0.000239 seconds to synchronously load lazily loaded font '../../../Engine/Content/Slate/Fonts/Roboto-Light.ttf' (159K)
[2018.02.20-13.28.52:977][766]LogSavePackage: Save=160.90ms
[2018.02.20-13.28.52:977][766]LogSavePackage: Moving 'D:/Unreal Engine Projects/AndroGame-moje/Saved/TopDownExampleMapC70C9F2646283F6ADFF0AE9D0F3F4105.tmp' to 'D:/Unreal Engine Projects/AndroGame-moje/Content/TopDownBP/Maps/TopDownExampleMap.umap'
[2018.02.20-13.28.52:982][766]LogSavePackage:Display: Finished SavePackage D:/Unreal Engine Projects/AndroGame-moje/Content/TopDownBP/Maps/TopDownExampleMap.umap
[2018.02.20-13.28.53:073][766]Cmd: OBJ SAVEPACKAGE PACKAGE="/Game/TopDownBP/Maps/TopDownExampleMap_BuiltData" FILE="D:/Unreal Engine Projects/AndroGame-moje/Content/TopDownBP/Maps/TopDownExampleMap_BuiltData.uasset" SILENT=true
[2018.02.20-13.28.53:373][766]LogSavePackage: Save=296.81ms
[2018.02.20-13.28.53:373][766]LogSavePackage: Moving 'D:/Unreal Engine Projects/AndroGame-moje/Saved/TopDownExampleMap_BuiltDataA2C743104DAEAF5FF3B06CB0A79EFCF0.tmp' to 'D:/Unreal Engine Projects/AndroGame-moje/Content/TopDownBP/Maps/TopDownExampleMap_BuiltData.uasset'
[2018.02.20-13.28.53:375][766]LogSavePackage:Display: Finished SavePackage D:/Unreal Engine Projects/AndroGame-moje/Content/TopDownBP/Maps/TopDownExampleMap_BuiltData.uasset
[2018.02.20-13.28.57:890][139]MapCheck: New page: Map Check
[2018.02.20-13.28.57:915][139]LightingResults: New page: Lighting Build - Feb 20, 2018, 3:28:57 PM
[2018.02.20-13.28.57:964][139]LogSwarmInterface: [OpenConnection] Registering TCP channel ...
[2018.02.20-13.28.58:056][139]LogSwarmInterface: [OpenConnection] Connecting to agent ...
[2018.02.20-13.28.58:068][139]LogSwarmInterface: [TryOpenConnection] Testing the Agent
[2018.02.20-13.28.58:583][139]LogSwarmInterface: [TryOpenConnection] Opening Connection to Agent
[2018.02.20-13.28.58:583][139]LogSwarmInterface: [TryOpenConnection] Local Process ID is 11216
[2018.02.20-13.29.01:039][139]LogStaticLightingSystem: Running Lightmass w/ ImmediateImport mode ENABLED
[2018.02.20-13.29.01:039][139]LogStaticLightingSystem: Running Lightmass w/ ImmediateProcess mode ENABLED
[2018.02.20-13.29.01:039][139]LogStaticLightingSystem: Running Lightmass w/ Sorting mode ENABLED
[2018.02.20-13.29.01:039][139]LogStaticLightingSystem: Running Lightmass w/ Mapping paddings ENABLED
[2018.02.20-13.29.01:039][139]LogStaticLightingSystem: Running Lightmass w/ Mapping debug paddings DISABLED
[2018.02.20-13.29.01:247][139]LogEditorBuildUtils: Build time 0:03
[2018.02.20-13.29.08:409][290]Job is a success!
[2018.02.20-13.29.09:506][291]LogTexture:Display: Building textures: SkyOcclusion0_1 (AutoDXT, 1024X512) - 151 MB total VRAM
[2018.02.20-13.29.09:506][291]LogTexture:Display: Building textures: HQ_Lightmap0_1 (AutoDXT, 1024X1024) - 151 MB total VRAM
[2018.02.20-13.29.09:506][291]LogTexture:Display: Building textures: LQ_Lightmap_0_1 (DXT1, 1024X1024) - 151 MB total VRAM
[2018.02.20-13.29.09:506][291]LogTexture:Display: Building textures: SkyOcclusion0_2 (AutoDXT, 512X256) - 151 MB total VRAM
[2018.02.20-13.29.09:506][291]LogTexture:Display: Building textures: HQ_Lightmap0_2 (AutoDXT, 512X512) - 151 MB total VRAM
[2018.02.20-13.29.09:506][291]LogTexture:Display: Building textures: LQ_Lightmap_0_2 (DXT1, 512X512) - 151 MB total VRAM
[2018.02.20-13.29.09:506][291]LogTexture:Display: Building textures: SkyOcclusion0_3 (AutoDXT, 64X32) - 151 MB total VRAM
[2018.02.20-13.29.09:506][291]LogTexture:Display: Building textures: HQ_Lightmap0_3 (AutoDXT, 64X64) - 151 MB total VRAM
[2018.02.20-13.29.09:506][291]LogTexture:Display: Building textures: LQ_Lightmap_0_3 (DXT1, 64X64) - 151 MB total VRAM
[2018.02.20-13.29.09:706][291]LogTexture:Display: Building textures: ShadowMapTexture2D_3 (G8, 32X32) - 151 MB total VRAM
[2018.02.20-13.29.09:947][291]LogTexture:Display: Building textures: ShadowMapTexture2D_2 (G8, 1024X1024) - 151 MB total VRAM
[2018.02.20-13.29.09:970][291]Lightmass on ADMIN: 7.87 sec total, 114 ms importing, 18 ms setup, 1.80 sec photons, 5.92 sec processing, 0 ms extra exporting [30/30 mappings]. Threads: 41.3 sec total, 15.5 sec processing.
[2018.02.20-13.29.10:005][291]LogStaticLightingSystem: Illumination: 11.7 sec (586 ms encoding lightmaps, 441 ms encoding shadowmaps)
[2018.02.20-13.29.10:005][291]LogStaticLightingSystem: Lightmap texture memory:  3.3 MB (3.3 MB streaming, 0.0 MB non-streaming), 6 textures
[2018.02.20-13.29.10:005][291]LogStaticLightingSystem: Shadowmap texture memory: 1.3 MB (1.3 MB streaming, 0.0 MB non-streaming), 2 textures
[2018.02.20-13.29.10:046][291]DumpUnbuiltLightIteractions
[2018.02.20-13.29.10:046][291]Lights with unbuilt interactions: 0
[2018.02.20-13.29.10:046][291]
[2018.02.20-13.29.10:046][291]Primitives with unbuilt interactions: 0
[2018.02.20-13.29.10:056][292]Cmd: MAP CHECK NOTIFYRESULTS
[2018.02.20-13.29.10:056][292]MapCheck: New page: TopDownExampleMap - Feb 20, 2018, 3:29:10 PM
[2018.02.20-13.29.10:057][292]MapCheck:Warning: Warning Mieczyk_Bryła1_2 Static mesh actor has NULL StaticMesh property 
[2018.02.20-13.29.10:057][292]MapCheck:Warning: Warning Mieczyk_Bryła1_2 Static mesh actor has NULL StaticMesh property 
[2018.02.20-13.29.10:057][292]MapCheck:Warning: Warning Mieczyk_Bryła2_5 Static mesh actor has NULL StaticMesh property 
[2018.02.20-13.29.10:057][292]MapCheck:Warning: Warning Mieczyk_Bryła2_5 Static mesh actor has NULL StaticMesh property 
[2018.02.20-13.29.10:057][292]MapCheck:Warning: Warning tarczav2_11 Static mesh actor has NULL StaticMesh property 
[2018.02.20-13.29.10:057][292]MapCheck:Warning: Warning tarczav2_11 Static mesh actor has NULL StaticMesh property 
[2018.02.20-13.29.10:057][292]MapCheck:Warning: Warning tarczav3_14 Static mesh actor has NULL StaticMesh property 
[2018.02.20-13.29.10:057][292]MapCheck:Warning: Warning tarczav3_14 Static mesh actor has NULL StaticMesh property 
[2018.02.20-13.29.10:057][292]MapCheck:Warning: Warning tarczav4_17 Static mesh actor has NULL StaticMesh property 
[2018.02.20-13.29.10:057][292]MapCheck:Warning: Warning tarczav4_17 Static mesh actor has NULL StaticMesh property 
[2018.02.20-13.29.10:152][292]MapCheck: Info Map check complete: 0 Error(s), 10 Warning(s), took 95.759ms to complete.
[2018.02.20-13.30.14:240][664]LogSavePackage: Save=214.97ms
[2018.02.20-13.30.14:240][664]LogSavePackage: Moving 'D:/Unreal Engine Projects/AndroGame-moje/Saved/TopDownExampleMap1CC3B24C467F82DF10524A80FF8F08C6.tmp' to 'D:/Unreal Engine Projects/AndroGame-moje/Content/TopDownBP/Maps/TopDownExampleMap.umap'
[2018.02.20-13.30.14:244][664]LogSavePackage:Display: Finished SavePackage D:/Unreal Engine Projects/AndroGame-moje/Content/TopDownBP/Maps/TopDownExampleMap.umap
[2018.02.20-13.30.14:342][664]Cmd: OBJ SAVEPACKAGE PACKAGE="/Game/TopDownBP/Maps/TopDownExampleMap_BuiltData" FILE="D:/Unreal Engine Projects/AndroGame-moje/Content/TopDownBP/Maps/TopDownExampleMap_BuiltData.uasset" SILENT=true
[2018.02.20-13.30.14:470][664]LogSavePackage: Save=123.31ms
[2018.02.20-13.30.14:470][664]LogSavePackage: Moving 'D:/Unreal Engine Projects/AndroGame-moje/Saved/TopDownExampleMap_BuiltData2D9B3CB5447565ED5B89DA8889036F78.tmp' to 'D:/Unreal Engine Projects/AndroGame-moje/Content/TopDownBP/Maps/TopDownExampleMap_BuiltData.uasset'
[2018.02.20-13.30.14:474][664]LogSavePackage:Display: Finished SavePackage D:/Unreal Engine Projects/AndroGame-moje/Content/TopDownBP/Maps/TopDownExampleMap_BuiltData.uasset
[2018.02.20-13.30.15:914][804]SourceControl: Info fatal: C:/Program Files/Epic Games/UE_4.15/Engine/Content/: 'C:/Program Files/Epic Games/UE_4.15/Engine/Content/' is outside repository
[2018.02.20-13.30.16:108][804]LogPackageName:Error: Illegal call to DoesPackageExist: 'D:/Unreal Engine Projects/AndroGame-moje/Game.uproject' is not a standard unreal filename or a long path name. Reason: Path should be no less than 4 characters long.
[2018.02.20-13.30.16:298][804]LogStats: FPlatformStackWalk::StackWalkAndDump -  0.189 s
[2018.02.20-13.30.16:298][804]LogOutputDevice:Error: === Handled ensure: ===
[2018.02.20-13.30.16:298][804]LogOutputDevice:Error: 
[2018.02.20-13.30.16:298][804]LogOutputDevice:Error: Ensure condition failed: false [File:D:\Build\++UE4+Release-4.15+Compile\Sync\Engine\Source\Runtime\CoreUObject\Private\Misc\PackageName.cpp] [Line: 650]
[2018.02.20-13.30.16:298][804]LogOutputDevice:Error: Illegal call to DoesPackageExist: 'D:/Unreal Engine Projects/AndroGame-moje/Game.uproject' is not a standard unreal filename or a long path name. Reason: Path should be no less than 4 characters long.
[2018.02.20-13.30.16:298][804]LogOutputDevice:Error: Stack: 
[2018.02.20-13.30.16:298][804]LogOutputDevice:Error: UE4Editor-Core.dll!0x00000000F3CA95E6
[2018.02.20-13.30.16:298][804]LogOutputDevice:Error: UE4Editor-Core.dll!0x00000000F3A59B82
[2018.02.20-13.30.16:298][804]LogOutputDevice:Error: UE4Editor-Core.dll!0x00000000F3A6B666
[2018.02.20-13.30.16:298][804]LogOutputDevice:Error: UE4Editor-CoreUObject.dll!0x00000000FAC0A6E8
[2018.02.20-13.30.16:298][804]LogOutputDevice:Error: UE4Editor-SourceControl.dll!0x00000000FA323D22
[2018.02.20-13.30.16:298][804]LogOutputDevice:Error: UE4Editor-SourceControl.dll!0x00000000FA323EB9
[2018.02.20-13.30.16:298][804]LogOutputDevice:Error: UE4Editor-SourceControlWindows.dll!0x00000000E6FD1D2E
[2018.02.20-13.30.16:298][804]LogOutputDevice:Error: UE4Editor-SourceControlWindows.dll!0x00000000E6F8B4B5
[2018.02.20-13.30.16:298][804]LogOutputDevice:Error: UE4Editor-SourceControlWindows.dll!0x00000000E6F8AA8D
[2018.02.20-13.30.16:298][804]LogOutputDevice:Error: UE4Editor-SourceControlWindows.dll!0x00000000E6F9F274
[2018.02.20-13.30.16:298][804]LogOutputDevice:Error: UE4Editor-GitSourceControl.dll!0x00000000DE42B851
[2018.02.20-13.30.16:298][804]LogOutputDevice:Error: UE4Editor-GitSourceControl.dll!0x00000000DE43D1ED
[2018.02.20-13.30.16:298][804]LogOutputDevice:Error: UE4Editor-SourceControl.dll!0x00000000FA329C5C
[2018.02.20-13.30.16:298][804]LogOutputDevice:Error: UE4Editor-UnrealEd.dll!0x00000000EE647517
[2018.02.20-13.30.16:298][804]LogOutputDevice:Error: UE4Editor-UnrealEd.dll!0x00000000EEE52196
[2018.02.20-13.30.16:298][804]LogOutputDevice:Error: UE4Editor.exe!0x00000000DAAEDEE3
[2018.02.20-13.30.16:298][804]LogOutputDevice:Error: UE4Editor.exe!0x00000000DAADEB40
[2018.02.20-13.30.16:298][804]LogOutputDevice:Error: UE4Editor.exe!0x00000000DAADEBBA
[2018.02.20-13.30.16:298][804]LogOutputDevice:Error: UE4Editor.exe!0x00000000DAAF0A29
[2018.02.20-13.30.16:298][804]LogOutputDevice:Error: UE4Editor.exe!0x00000000DAAF22B6
[2018.02.20-13.30.16:298][804]LogOutputDevice:Error: KERNEL32.DLL!0x000000002C2D13D2
[2018.02.20-13.30.16:298][804]LogOutputDevice:Error: ntdll.dll!0x000000002C6754F4
[2018.02.20-13.30.16:298][804]LogOutputDevice:Error: 
[2018.02.20-13.30.16:304][804]LogStats:                SubmitErrorReport -  0.000 s
