Log file open, 03/01/18 18:47:10
LogInit:Display: Running engine for game: Game
LogPlatformFile: Not using cached read wrapper
LogInit:Display: RandInit(1060489326) SRandInit(1060489326).
LogTaskGraph: Started task graph with 5 named threads and 8 total threads with 1 sets of task threads.
LogStats: Stats thread started at 0.156395
LogInit: Using libcurl 7.47.1
LogInit:  - built for x86_64-pc-win32
LogInit:  - supports SSL with OpenSSL/1.0.2g
LogInit:  - supports HTTP deflate (compression) using libz 1.2.8
LogInit:  - other features:
LogInit:      CURL_VERSION_SSL
LogInit:      CURL_VERSION_LIBZ
LogInit:      CURL_VERSION_IPV6
LogInit:      CURL_VERSION_ASYNCHDNS
LogInit:      CURL_VERSION_LARGEFILE
LogInit:      CURL_VERSION_IDN
LogInit:  CurlRequestOptions (configurable via config and command line):
LogInit:  - bVerifyPeer = false  - Libcurl will NOT verify peer certificate
LogInit:  - bUseHttpProxy = false  - Libcurl will NOT use HTTP proxy
LogInit:  - bDontReuseConnections = false  - Libcurl will reuse connections
LogInit:  - CertBundlePath = nullptr  - Libcurl will use whatever was configured at build time.
LogInit: Build: ++UE4+Release-4.15-CL-3450819
LogInit: Engine Version: 4.15.3-3450819+++UE4+Release-4.15
LogInit: Compatible Engine Version: 4.15.0-3299760+++UE4+Release-4.15
LogInit: Net CL: 3299760
LogDevObjectVersion: Number of dev versions registered: 14
LogDevObjectVersion:   Dev-Blueprints (B0D832E4-1F89-4F0D-ACCF-7EB736FD4AA2): 8
LogDevObjectVersion:   Dev-Build (E1C64328-A22C-4D53-A36C-8E866417BD8C): 0
LogDevObjectVersion:   Dev-Core (375EC13C-06E4-48FB-B500-84F0262A717E): 2
LogDevObjectVersion:   Dev-Editor (E4B068ED-F494-42E9-A231-DA0B2E46BB41): 14
LogDevObjectVersion:   Dev-Framework (CFFC743F-43B0-4480-9391-14DF171D2073): 22
LogDevObjectVersion:   Dev-Mobile (B02B49B5-BB20-44E9-A304-32B752E40360): 0
LogDevObjectVersion:   Dev-Networking (A4E4105C-59A1-49B5-A7C5-40C4547EDFEE): 0
LogDevObjectVersion:   Dev-Online (39C831C9-5AE6-47DC-9A44-9C173E1C8E7C): 0
LogDevObjectVersion:   Dev-Physics (78F01B33-EBEA-4F98-B9B4-84EACCB95AA2): 0
LogDevObjectVersion:   Dev-Platform (6631380F-2D4D-43E0-8009-CF276956A95A): 0
LogDevObjectVersion:   Dev-Rendering (12F88B9F-8875-4AFC-A67C-D90C383ABD29): 12
LogDevObjectVersion:   Dev-Sequencer (7B5AE74C-D270-4C10-A958-57980B212A5A): 3
LogDevObjectVersion:   Dev-VR (D7296918-1DD6-4BDD-9DE2-64A83CC13884): 0
LogDevObjectVersion:   Dev-LoadTimes (C2A15278-BFE7-4AFE-6C17-90FF531DF755): 1
LogInit: Compiled (64-bit): May 21 2017 11:02:34
LogInit: Compiled with Visual C++: 19.00.23026.00
LogInit: Build Configuration: Development
LogInit: Branch Name: ++UE4+Release-4.15
LogInit: Command line:  
LogInit: Base directory: C:/Program Files/Epic Games/UE_4.15/Engine/Binaries/Win64/
LogInit: Installed Engine Build: 1
LogInit: Presizing for max 8388607 objects, including 0 objects not considered by GC, pre-allocating 0 bytes for permanent pool.
LogInit: Object subsystem initialized
[2018.03.01-17.47.16:316][  0]LogInit: Selected Device Profile: [Windows]
[2018.03.01-17.47.16:316][  0]LogInit: Applying CVar settings loaded from the selected device profile: [Windows]
[2018.03.01-17.47.16:523][  0]LogInit: Computer: THAIS
[2018.03.01-17.47.16:523][  0]LogInit: User: Kamil
[2018.03.01-17.47.16:523][  0]LogInit: CPU Page size=65536, Cores=4
[2018.03.01-17.47.16:523][  0]LogInit: High frequency timer resolution =2.046134 MHz
[2018.03.01-17.47.16:524][  0]LogMemory: Memory total: Physical=7.9GB (8GB approx)
[2018.03.01-17.47.16:524][  0]LogMemory: Platform Memory Stats for Windows
[2018.03.01-17.47.16:524][  0]LogMemory: Process Physical Memory: 262.64 MB used, 262.64 MB peak
[2018.03.01-17.47.16:524][  0]LogMemory: Process Virtual Memory: 262.54 MB used, 262.54 MB peak
[2018.03.01-17.47.16:524][  0]LogMemory: Physical Memory: 4260.79 MB used,  3800.48 MB free, 8061.27 MB total
[2018.03.01-17.47.16:524][  0]LogMemory: Virtual Memory: 625.17 MB used,  3800.48 MB free, 134217728.00 MB total
[2018.03.01-17.47.21:419][  0]LogTextLocalizationManager: No translations for ('pl-PL') exist, falling back to 'en' for localization and internationalization data.
[2018.03.01-17.47.35:155][  0]LogD3D11RHI: D3D11 adapters:
[2018.03.01-17.47.35:428][  0]LogD3D11RHI:    0. 'Intel(R) HD Graphics 4000' (Feature Level 11_0)
[2018.03.01-17.47.35:428][  0]LogD3D11RHI:       2059/0/4030 MB DedicatedVideo/DedicatedSystem/SharedSystem, Outputs:1, VendorId:0x8086
[2018.03.01-17.47.35:432][  0]LogD3D11RHI:    1. 'Microsoft Basic Render Driver' (Feature Level 11_0)
[2018.03.01-17.47.35:432][  0]LogD3D11RHI:       0/0/256 MB DedicatedVideo/DedicatedSystem/SharedSystem, Outputs:0, VendorId:0x1414
[2018.03.01-17.47.35:432][  0]LogD3D11RHI: Chosen D3D11 Adapter: 0
[2018.03.01-17.47.35:445][  0]LogD3D11RHI: Creating new Direct3DDevice
[2018.03.01-17.47.35:445][  0]LogD3D11RHI:     GPU DeviceId: 0x166 (for the marketing name, search the web for "GPU Device Id")
[2018.03.01-17.47.35:445][  0]LogWindows: EnumDisplayDevices:
[2018.03.01-17.47.35:445][  0]LogWindows:    0. 'Intel(R) HD Graphics 4000' (P:1 D:1)
[2018.03.01-17.47.35:446][  0]LogWindows:    1. 'Intel(R) HD Graphics 4000' (P:0 D:0)
[2018.03.01-17.47.35:446][  0]LogWindows:    2. 'Intel(R) HD Graphics 4000' (P:0 D:0)
[2018.03.01-17.47.35:446][  0]LogWindows:    3. 'Intel(R) HD Graphics 4000' (P:0 D:0)
[2018.03.01-17.47.35:447][  0]LogWindows: DebugString: FoundDriverCount:4 
[2018.03.01-17.47.35:447][  0]LogD3D11RHI:     Adapter Name: Intel(R) HD Graphics 4000
[2018.03.01-17.47.35:447][  0]LogD3D11RHI:   Driver Version: 10.18.10.4653 (internal:10.18.10.4653, unified:10.18.10.4653)
[2018.03.01-17.47.35:447][  0]LogD3D11RHI:      Driver Date: 4-7-2017
[2018.03.01-17.47.35:447][  0]LogRHI: Texture pool is 1361 MB (70% of 1945 MB)
[2018.03.01-17.47.35:465][  0]LogD3D11RHI: Async texture creation enabled
[2018.03.01-17.47.36:918][  0]LogD3D11RHI: GPU Timing Frequency: 27.000000 (Debug: 2 2)
[2018.03.01-17.47.37:761][  0]LogShaderCompilers: Guid format shader working directory is -1 characters bigger than the processId version (../../../../../../Users/Kamil/Desktop/Repo_Mati/Intermediate/Shaders/WorkingDirectory/9172/).
[2018.03.01-17.47.37:762][  0]LogShaderCompilers: Cleaned the shader compiler working directory 'C:/Users/Kamil/AppData/Local/Temp/UnrealShaderWorkingDir/4058196C4FC303F6CE750397D67767AC/'.
[2018.03.01-17.47.37:762][  0]LogShaderCompilers:Display: Using Local Shader Compiler.
[2018.03.01-17.48.01:844][  0]LogTemp:Display: Loaded TP AllDesktopTargetPlatform
[2018.03.01-17.48.01:968][  0]LogTemp:Display: Loaded TP MacClientTargetPlatform
[2018.03.01-17.48.02:096][  0]LogTemp:Display: Loaded TP MacNoEditorTargetPlatform
[2018.03.01-17.48.02:221][  0]LogTemp:Display: Loaded TP MacServerTargetPlatform
[2018.03.01-17.48.02:430][  0]LogTemp:Display: Loaded TP MacTargetPlatform
[2018.03.01-17.48.02:545][  0]LogTemp:Display: Loaded TP WindowsClientTargetPlatform
[2018.03.01-17.48.02:660][  0]LogTemp:Display: Loaded TP WindowsNoEditorTargetPlatform
[2018.03.01-17.48.02:776][  0]LogTemp:Display: Loaded TP WindowsServerTargetPlatform
[2018.03.01-17.48.02:869][  0]LogTemp:Display: Loaded TP WindowsTargetPlatform
[2018.03.01-17.48.03:012][  0]LogTemp:Display: Loaded TP AndroidTargetPlatform
[2018.03.01-17.48.03:125][  0]LogTemp:Display: Loaded TP Android_ASTCTargetPlatform
[2018.03.01-17.48.03:238][  0]LogTemp:Display: Loaded TP Android_ATCTargetPlatform
[2018.03.01-17.48.03:351][  0]LogTemp:Display: Loaded TP Android_DXTTargetPlatform
[2018.03.01-17.48.03:463][  0]LogTemp:Display: Loaded TP Android_ETC1TargetPlatform
[2018.03.01-17.48.03:605][  0]LogTemp:Display: Loaded TP Android_ETC2TargetPlatform
[2018.03.01-17.48.03:943][  0]LogTemp:Display: Loaded TP Android_MultiTargetPlatform
[2018.03.01-17.48.03:943][  0]LogTemp:Display: Loaded TP Android_PVRTCTargetPlatform
[2018.03.01-17.48.04:162][  0]LogTemp:Display: Loaded TP HTML5TargetPlatform
[2018.03.01-17.48.04:453][  0]LogTemp:Display: Loaded TP IOSTargetPlatform
[2018.03.01-17.48.04:566][  0]LogTemp:Display: Loaded TP TVOSTargetPlatform
[2018.03.01-17.48.04:681][  0]LogTemp:Display: Loaded TP LinuxClientTargetPlatform
[2018.03.01-17.48.04:794][  0]LogTemp:Display: Loaded TP LinuxNoEditorTargetPlatform
[2018.03.01-17.48.04:905][  0]LogTemp:Display: Loaded TP LinuxServerTargetPlatform
[2018.03.01-17.48.05:109][  0]LogTemp:Display: Loaded TP LinuxTargetPlatform
[2018.03.01-17.48.05:109][  0]LogTargetPlatformManager:Display: Building Assets For Windows
[2018.03.01-17.48.08:021][  0]LogDerivedDataCache:Display: Max Cache Size: 512 MB
[2018.03.01-17.48.15:107][  0]LogDerivedDataCache: Loaded boot cache 7.03s 50MB C:/Users/Kamil/AppData/Local/UnrealEngine/4.15/DerivedDataCache/Boot.ddc.
[2018.03.01-17.48.15:107][  0]LogDerivedDataCache:Display: Loaded Boot cache: C:/Users/Kamil/AppData/Local/UnrealEngine/4.15/DerivedDataCache/Boot.ddc
[2018.03.01-17.48.15:107][  0]LogDerivedDataCache: FDerivedDataBackendGraph:  Pak pak cache file ../../../../../../Users/Kamil/Desktop/Repo_Mati/DerivedDataCache/DDC.ddp not found, will not use a pak cache.
[2018.03.01-17.48.15:107][  0]LogDerivedDataCache: Unable to find inner node Pak for hierarchical cache Hierarchy.
[2018.03.01-17.48.15:107][  0]LogDerivedDataCache: FDerivedDataBackendGraph:  CompressedPak pak cache file ../../../../../../Users/Kamil/Desktop/Repo_Mati/DerivedDataCache/Compressed.ddp not found, will not use a pak cache.
[2018.03.01-17.48.15:107][  0]LogDerivedDataCache: Unable to find inner node CompressedPak for hierarchical cache Hierarchy.
[2018.03.01-17.48.15:428][  0]LogDerivedDataCache:Display: Pak cache opened for reading ../../../Engine/DerivedDataCache/Compressed.ddp.
[2018.03.01-17.48.15:508][  0]LogDerivedDataCache: Using Local data cache path C:/Users/Kamil/AppData/Local/UnrealEngine/Common/DerivedDataCache: Writable
[2018.03.01-17.48.16:209][  0]LogSlate: Using Freetype 2.6.0
[2018.03.01-17.48.16:528][  0]LogSlate: SlateFontCache - WITH_FREETYPE: 1, WITH_HARFBUZZ: 1
[2018.03.01-17.48.16:528][  0]LogSlate: SlateFontCache - WITH_FREETYPE: 1, WITH_HARFBUZZ: 1
[2018.03.01-17.48.51:833][  0]LogInit: Selected Device Profile: [Windows]
[2018.03.01-17.48.52:400][  0]LogContentStreaming: Texture pool size is 0.00 MB
[2018.03.01-17.48.55:975][  0]LogMeshUtilities: Using QuadricMeshReduction for automatic static mesh reduction
[2018.03.01-17.48.56:076][  0]LogSimplygon: Simplygon DLL not present - disabling.
[2018.03.01-17.48.56:172][  0]LogMeshUtilities: Using SimplygonSwarm for distributed automatic mesh merging
[2018.03.01-17.48.56:172][  0]LogMeshUtilities: No automatic skeletal mesh reduction module available
[2018.03.01-17.48.56:172][  0]LogMeshUtilities: No automatic mesh merging module available
[2018.03.01-17.49.19:832][  0]LogNetVersion: GetLocalNetworkVersion: CL: 3299760, ProjectName: game, ProjectVersion: , EngineNetworkVersion: 2, GameNetworkVersion: 0, NetworkChecksum: 2653008601
[2018.03.01-17.49.20:254][  0]LogAssetRegistry: FAssetRegistry took 0.0228 seconds to start up
[2018.03.01-17.49.20:762][  0]LogPackageLocalizationCache: Processed 3 localized package path(s) for 1 prioritized culture(s) in 0.316641 seconds
[2018.03.01-17.49.20:979][  0]LogUObjectArray: 32493 objects as part of root set at end of initial load.
[2018.03.01-17.49.20:979][  0]LogUObjectAllocator: 7077032 out of 0 bytes used by permanent object pool.
[2018.03.01-17.49.20:979][  0]LogUObjectArray: CloseDisregardForGC: 0/0 objects in disregard for GC pool
[2018.03.01-17.49.21:141][  0]LogInit: WinSock: version 1.1 (2.2), MaxSocks=32767, MaxUdp=65467
[2018.03.01-17.51.20:475][  0]LogTcpMessaging: Initializing TcpMessaging bridge
[2018.03.01-17.51.20:543][  0]LogUdpMessaging: Initializing bridge on interface 0.0.0.0:0 to multicast group 230.0.0.1:6666.
[2018.03.01-17.51.24:619][  0]LogMaterial: Uniform references updated for custom material expression Custom.
[2018.03.01-17.51.26:546][  0]SourceControl: Info Source control is disabled
[2018.03.01-17.51.34:236][  0]LogEngine: Initializing Engine...
[2018.03.01-17.51.34:274][  0]LogHMD: Failed to initialize OpenVR with code 110
[2018.03.01-17.51.36:211][  0]LogStats: UGameplayTagsManager::ConstructGameplayTagTree: Construct from data asset -  0.000 s
[2018.03.01-17.51.36:211][  0]LogStats: UGameplayTagsManager::ConstructGameplayTagTree: GameplayTagTreeChangedEvent.Broadcast -  0.000 s
[2018.03.01-17.51.37:545][  0]LogAIModule: Creating AISystem for world Untitled
[2018.03.01-17.51.38:188][  0]LogInit: XAudio2 using 'Głośniki (Conexant SmartAudio HD)' : 2 channels at 48 kHz using 32 bits per sample (channel mask 0x3)
[2018.03.01-17.51.38:204][  0]LogInit: FAudioDevice initialized.
[2018.03.01-17.51.38:241][  0]LogDerivedDataCache: Saved boot cache 0.04s 50MB C:/Users/Kamil/AppData/Local/UnrealEngine/4.15/DerivedDataCache/Boot.ddc.
[2018.03.01-17.51.38:247][  0]LogInit: Texture streaming: Enabled
[2018.03.01-17.51.39:592][  0]LogEngineSessionManager: EngineSessionManager initialized
[2018.03.01-17.51.39:592][  0]LogEngineSessionManager: EngineSessionManager sent abnormal shutdown report. Type=AbnormalShutdown, SessionId={C14A83F9-4158-45FC-CE94-3EB895248403}
[2018.03.01-17.51.39:783][  0]LogInit: Transaction tracking system initialized
[2018.03.01-17.51.40:504][  0]BlueprintLog: New page: Editor Load
[2018.03.01-17.51.42:643][  0]LocalizationService: Info Localization service is disabled
[2018.03.01-17.51.44:894][  0]LogConsoleResponse:Display: 
[2018.03.01-17.51.50:823][  0]LogCook:Display: Max memory allowance for cook 16384mb min free memory 0mb
[2018.03.01-17.51.50:823][  0]LogCook:Display: Mobile HDR setting 0
[2018.03.01-17.51.51:313][  0]LogFileCache: Scanning file cache for directory 'C:/Users/Kamil/Desktop/Repo_Mati/Content/' took 0.08s
[2018.03.01-17.51.56:338][  0]Cmd: MAP LOAD FILE="../../../../../../Users/Kamil/Desktop/Repo_Mati/Content/TopDownBP/Maps/TopDownExampleMap.umap" TEMPLATE=0 SHOWPROGRESS=1 FEATURELEVEL=3
[2018.03.01-17.51.56:339][  0]LightingResults: New page: Lighting Build
[2018.03.01-17.51.56:640][  0]MapCheck: New page: Map Check
[2018.03.01-17.51.56:640][  0]LightingResults: New page: Lighting Build
[2018.03.01-17.52.35:135][  0]LogAIModule: Creating AISystem for world TopDownExampleMap
[2018.03.01-17.52.36:280][  0]LogEditorServer: Finished looking for orphan Actors (0.000 secs)
[2018.03.01-17.52.36:388][  0]Cmd: MAP CHECKDEP NOCLEARLOG
[2018.03.01-17.52.36:571][  0]MapCheck: Info Map check complete: 0 Error(s), 0 Warning(s), took 181.381ms to complete.
[2018.03.01-17.52.36:571][  0]LogFileHelpers: Loading map 'TopDownExampleMap' took 40.232
[2018.03.01-17.52.37:118][  0]LogCollectionManager: Loaded 1 collections in 0.002606 seconds
[2018.03.01-17.52.37:247][  0]LogFileCache: Scanning file cache for directory 'C:/Users/Kamil/Desktop/Repo_Mati/Saved/Collections/' took 0.01s
[2018.03.01-17.52.37:247][  0]LogFileCache: Scanning file cache for directory 'C:/Users/Kamil/Desktop/Repo_Mati/Content/Developers/Kamil/Collections/' took 0.01s
[2018.03.01-17.52.37:247][  0]LogFileCache: Scanning file cache for directory 'C:/Users/Kamil/Desktop/Repo_Mati/Content/Collections/' took 0.01s
[2018.03.01-17.52.37:247][  0]LogCollectionManager: Rebuilt the GUID cache for 1 collections in 0.000011 seconds
[2018.03.01-17.52.37:247][  0]LogCollectionManager: Rebuilt the hierarchy cache for 1 collections in 0.000000 seconds
[2018.03.01-17.52.37:265][  0]LogContentBrowser: Native class hierarchy populated in 0.0170 seconds. Added 2245 classes and 453 folders.
[2018.03.01-17.52.37:410][  0]LogContentBrowser: Native class hierarchy updated for 'WidgetCarousel' in 0.0008 seconds. Added 0 classes and 0 folders.
[2018.03.01-17.52.41:879][  0]LogContentBrowser: Native class hierarchy updated for 'AddContentDialog' in 0.0009 seconds. Added 0 classes and 0 folders.
[2018.03.01-17.52.41:966][  0]LogContentBrowser: Native class hierarchy updated for 'SceneOutliner' in 0.0014 seconds. Added 1 classes and 2 folders.
[2018.03.01-17.52.42:331][  0]LogCrashTracker: Crashtracker disabled due to settings.
[2018.03.01-17.52.42:372][  0]LogUObjectGlobals:Warning: Failed to find object 'Class None.'
[2018.03.01-17.52.42:497][  0]LogContentBrowser: Native class hierarchy updated for 'HierarchicalLODOutliner' in 0.0009 seconds. Added 1 classes and 2 folders.
[2018.03.01-17.52.42:497][  0]LogLoad: (Engine Initialization) Total time: 341.35 seconds
[2018.03.01-17.52.42:497][  0]LogLoad: (Engine Initialization) Total Blueprint compile time: 1.79 seconds
[2018.03.01-17.52.42:497][  0]LogExternalProfiler: Found external profiler: VSPerf
[2018.03.01-17.52.42:497][  0]LogExternalProfiler: Using external profiler: VSPerf
[2018.03.01-17.52.42:868][  0]LogOcInput: OculusInput pre-init called
[2018.03.01-17.52.42:967][  0]SourceControl: Info On branch Kamilimak
[2018.03.01-17.52.42:967][  0]SourceControl: Info Your branch is up to date with 'origin/Kamilimak'.
[2018.03.01-17.52.42:967][  0]SourceControl: Info Changes to be committed:
[2018.03.01-17.52.42:967][  0]SourceControl: Info   (use "git reset HEAD <file>..." to unstage)
[2018.03.01-17.52.42:967][  0]SourceControl: Info 	new file:   Content/InfinityBladeAdversaries/Enemy/Enemy_Troll/Troll_Poison_Fist.uasset
[2018.03.01-17.52.42:967][  0]SourceControl: Info 	new file:   Content/TopDownBP/Blueprints/Damage/Damage_Hit.uasset
[2018.03.01-17.52.42:967][  0]SourceControl: Info 	new file:   Content/TopDownBP/Blueprints/Damage_Hit.uasset
[2018.03.01-17.52.42:967][  0]SourceControl: Info 	new file:   Content/TopDownBP/Character/Animations/Death_1_Montage.uasset
[2018.03.01-17.52.42:967][  0]SourceControl: Info Changes not staged for commit:
[2018.03.01-17.52.42:968][  0]SourceControl: Info   (use "git add/rm <file>..." to update what will be committed)
[2018.03.01-17.52.42:968][  0]SourceControl: Info   (use "git checkout -- <file>..." to discard changes in working directory)
[2018.03.01-17.52.42:968][  0]SourceControl: Info 	modified:   Content/InfinityBladeAdversaries/Enemy/Enemy_Troll/SK_Troll_Poison_Skeleton.uasset
[2018.03.01-17.52.42:968][  0]SourceControl: Info 	modified:   Content/InfinityBladeAdversaries/Enemy/Enemy_Troll/Troll_Poison_Actor.uasset
[2018.03.01-17.52.42:968][  0]SourceControl: Info 	modified:   Content/InfinityBladeAdversaries/Enemy/Enemy_Troll/Troll_Poison_Anim_BP.uasset
[2018.03.01-17.52.42:968][  0]SourceControl: Info 	modified:   Content/InfinityBladeAdversaries/Enemy/Enemy_Troll/Troll_Poison_Fist.uasset
[2018.03.01-17.52.42:968][  0]SourceControl: Info 	modified:   Content/TopDownBP/Blueprints/Damage/Damage_Hit.uasset
[2018.03.01-17.52.42:968][  0]SourceControl: Info 	modified:   Content/TopDownBP/Blueprints/TopDownCharacter.uasset
[2018.03.01-17.52.42:968][  0]SourceControl: Info 	modified:   Content/TopDownBP/Character/Animations/Combo_3_Montage.uasset
[2018.03.01-17.52.42:968][  0]SourceControl: Info 	modified:   Content/TopDownBP/Character/Animations/Death_1_Montage.uasset
[2018.03.01-17.52.42:968][  0]SourceControl: Info 	modified:   Content/TopDownBP/Character/PaladinAnimBP.uasset
[2018.03.01-17.52.42:968][  0]SourceControl: Info 	modified:   Content/TopDownBP/Maps/TopDownExampleMap.umap
[2018.03.01-17.52.42:968][  0]SourceControl: Info 	modified:   Content/TopDownBP/Maps/TopDownExampleMap_BuiltData.uasset
[2018.03.01-17.52.42:968][  0]SourceControl: Info 	modified:   Intermediate/CachedAssetRegistry.bin
[2018.03.01-17.52.42:968][  0]SourceControl: Info 	modified:   Saved/AutoScreenshot.png
[2018.03.01-17.52.42:968][  0]SourceControl: Info 	modified:   Saved/Autosaves/Game/TopDownBP/Blueprints/TopDownCharacter_Auto1.uasset
[2018.03.01-17.52.42:968][  0]SourceControl: Info 	modified:   Saved/Autosaves/Game/TopDownBP/Blueprints/TopDownCharacter_Auto7.uasset
[2018.03.01-17.52.42:968][  0]SourceControl: Info 	modified:   Saved/Autosaves/Game/TopDownBP/Character/PaladinAnimBP_Auto1.uasset
[2018.03.01-17.52.42:968][  0]SourceControl: Info 	modified:   Saved/Autosaves/Game/TopDownBP/Maps/TopDownExampleMap_Auto1.umap
[2018.03.01-17.52.42:968][  0]SourceControl: Info 	modified:   Saved/Autosaves/Game/TopDownBP/Maps/TopDownExampleMap_Auto2.umap
[2018.03.01-17.52.42:968][  0]SourceControl: Info 	modified:   Saved/Autosaves/Game/TopDownBP/Maps/TopDownExampleMap_Auto4.umap
[2018.03.01-17.52.42:968][  0]SourceControl: Info 	modified:   Saved/Autosaves/Game/TopDownBP/Maps/TopDownExampleMap_Auto5.umap
[2018.03.01-17.52.42:968][  0]SourceControl: Info 	modified:   Saved/Autosaves/Game/TopDownBP/Maps/TopDownExampleMap_Auto6.umap
[2018.03.01-17.52.42:968][  0]SourceControl: Info 	modified:   Saved/Autosaves/Game/TopDownBP/Maps/TopDownExampleMap_Auto7.umap
[2018.03.01-17.52.42:968][  0]SourceControl: Info 	modified:   Saved/Autosaves/Game/TopDownBP/Maps/TopDownExampleMap_Auto8.umap
[2018.03.01-17.52.42:968][  0]SourceControl: Info 	modified:   Saved/Autosaves/Game/TopDownBP/Maps/TopDownExampleMap_Auto9.umap
[2018.03.01-17.52.42:968][  0]SourceControl: Info 	modified:   Saved/Autosaves/PackageRestoreData.json
[2018.03.01-17.52.42:969][  0]SourceControl: Info 	deleted:    Saved/Backup/TopDownExampleMap_2018-02-20-13-08-05.umap
[2018.03.01-17.52.42:969][  0]SourceControl: Info 	deleted:    Saved/Backup/TopDownExampleMap_2018-02-20-13-13-12.umap
[2018.03.01-17.52.42:969][  0]SourceControl: Info 	deleted:    Saved/Backup/TopDownExampleMap_2018-02-20-13-20-47.umap
[2018.03.01-17.52.42:969][  0]SourceControl: Info 	deleted:    Saved/Backup/TopDownExampleMap_2018-02-20-13-29-19.umap
[2018.03.01-17.52.42:969][  0]SourceControl: Info 	deleted:    Saved/Backup/TopDownExampleMap_2018-02-20-19-02-59.umap
[2018.03.01-17.52.42:969][  0]SourceControl: Info 	deleted:    Saved/Backup/TopDownExampleMap_2018-02-20-19-28-24.umap
[2018.03.01-17.52.42:969][  0]SourceControl: Info 	deleted:    Saved/Backup/TopDownExampleMap_BuiltData_2018-02-20-13-08-05.uasset
[2018.03.01-17.52.42:969][  0]SourceControl: Info 	modified:   Saved/Config/Windows/Engine.ini
[2018.03.01-17.52.42:969][  0]SourceControl: Info 	deleted:    Saved/Logs/Game-backup-2018.02.18-14.23.07.log
[2018.03.01-17.52.42:969][  0]SourceControl: Info 	deleted:    Saved/Logs/Game-backup-2018.02.20-13.33.24.log
[2018.03.01-17.52.42:969][  0]SourceControl: Info 	deleted:    Saved/Logs/Game-backup-2018.02.20-14.42.09.log
[2018.03.01-17.52.42:969][  0]SourceControl: Info 	deleted:    Saved/Logs/Game-backup-2018.02.20-15.02.40.log
[2018.03.01-17.52.42:969][  0]SourceControl: Info 	deleted:    Saved/Logs/Game-backup-2018.02.20-15.05.34.log
[2018.03.01-17.52.42:969][  0]SourceControl: Info 	modified:   Saved/Logs/Game.log
[2018.03.01-17.52.42:969][  0]SourceControl: Info 	deleted:    Saved/Logs/UE4CC-Windows-1C8991C2453B077288C8539AA4AAA517_0000/CrashContext.runtime-xml
[2018.03.01-17.52.42:969][  0]SourceControl: Info 	deleted:    Saved/Logs/UE4CC-Windows-1C8991C2453B077288C8539AA4AAA517_0000/CrashReportClient.ini
[2018.03.01-17.52.42:969][  0]SourceControl: Info 	deleted:    Saved/Logs/UE4CC-Windows-1C8991C2453B077288C8539AA4AAA517_0000/UE4Minidump.dmp
[2018.03.01-17.52.42:969][  0]SourceControl: Info 	deleted:    Saved/Logs/UE4CC-Windows-38C0E8B54BECE6BC868E73A16A6E4F9B/CrashReportClient.ini
[2018.03.01-17.52.42:969][  0]SourceControl: Info 	deleted:    Saved/Logs/UE4CC-Windows-38C0E8B54BECE6BC868E73A16A6E4F9B_0000/CrashContext.runtime-xml
[2018.03.01-17.52.42:969][  0]SourceControl: Info 	deleted:    Saved/Logs/UE4CC-Windows-38C0E8B54BECE6BC868E73A16A6E4F9B_0000/CrashReportClient.ini
[2018.03.01-17.52.42:969][  0]SourceControl: Info 	deleted:    Saved/Logs/UE4CC-Windows-38C0E8B54BECE6BC868E73A16A6E4F9B_0000/Game.log
[2018.03.01-17.52.42:969][  0]SourceControl: Info 	deleted:    Saved/Logs/UE4CC-Windows-38C0E8B54BECE6BC868E73A16A6E4F9B_0000/UE4Minidump.dmp
[2018.03.01-17.52.42:969][  0]SourceControl: Info 	deleted:    Saved/Logs/UE4CC-Windows-4D7811844A88CC0AD3795C8C1571CFA0/CrashReportClient.ini
[2018.03.01-17.52.42:970][  0]SourceControl: Info 	deleted:    Saved/Logs/UE4CC-Windows-51C18FB2443F2EA2193A8C9166E4E7D4/CrashReportClient.ini
[2018.03.01-17.52.42:970][  0]SourceControl: Info 	deleted:    Saved/Logs/UE4CC-Windows-51C18FB2443F2EA2193A8C9166E4E7D4_0000/CrashContext.runtime-xml
[2018.03.01-17.52.42:970][  0]SourceControl: Info 	deleted:    Saved/Logs/UE4CC-Windows-51C18FB2443F2EA2193A8C9166E4E7D4_0000/CrashReportClient.ini
[2018.03.01-17.52.42:970][  0]SourceControl: Info 	deleted:    Saved/Logs/UE4CC-Windows-51C18FB2443F2EA2193A8C9166E4E7D4_0000/Game.log
[2018.03.01-17.52.42:970][  0]SourceControl: Info 	deleted:    Saved/Logs/UE4CC-Windows-51C18FB2443F2EA2193A8C9166E4E7D4_0000/UE4Minidump.dmp
[2018.03.01-17.52.42:970][  0]SourceControl: Info 	deleted:    Saved/Logs/UE4CC-Windows-765DF2D243EC325A9FEDE0A0374DC1B1/CrashReportClient.ini
[2018.03.01-17.52.42:970][  0]SourceControl: Info 	deleted:    Saved/Logs/UE4CC-Windows-765DF2D243EC325A9FEDE0A0374DC1B1_0000/CrashContext.runtime-xml
[2018.03.01-17.52.42:970][  0]SourceControl: Info 	deleted:    Saved/Logs/UE4CC-Windows-765DF2D243EC325A9FEDE0A0374DC1B1_0000/CrashReportClient.ini
[2018.03.01-17.52.42:970][  0]SourceControl: Info 	deleted:    Saved/Logs/UE4CC-Windows-765DF2D243EC325A9FEDE0A0374DC1B1_0000/Game.log
[2018.03.01-17.52.42:970][  0]SourceControl: Info 	deleted:    Saved/Logs/UE4CC-Windows-765DF2D243EC325A9FEDE0A0374DC1B1_0000/UE4Minidump.dmp
[2018.03.01-17.52.42:970][  0]SourceControl: Info 	deleted:    Saved/Logs/UE4CC-Windows-782C9DDF468AC6CC2F2094BC4866D8AE_0000/CrashContext.runtime-xml
[2018.03.01-17.52.42:970][  0]SourceControl: Info 	deleted:    Saved/Logs/UE4CC-Windows-782C9DDF468AC6CC2F2094BC4866D8AE_0000/CrashReportClient.ini
[2018.03.01-17.52.42:970][  0]SourceControl: Info 	deleted:    Saved/Logs/UE4CC-Windows-782C9DDF468AC6CC2F2094BC4866D8AE_0000/UE4Minidump.dmp
[2018.03.01-17.52.42:970][  0]SourceControl: Info 	deleted:    Saved/Logs/UE4CC-Windows-785E8F51433B8E0E225601AD359AED2E/CrashReportClient.ini
[2018.03.01-17.52.42:970][  0]SourceControl: Info 	deleted:    Saved/Logs/UE4CC-Windows-8287118F4B1C94E4B83248A2EBC63A9C_0000/CrashContext.runtime-xml
[2018.03.01-17.52.42:970][  0]SourceControl: Info 	deleted:    Saved/Logs/UE4CC-Windows-8287118F4B1C94E4B83248A2EBC63A9C_0000/CrashReportClient.ini
[2018.03.01-17.52.42:970][  0]SourceControl: Info 	deleted:    Saved/Logs/UE4CC-Windows-8287118F4B1C94E4B83248A2EBC63A9C_0000/UE4Minidump.dmp
[2018.03.01-17.52.42:970][  0]SourceControl: Info 	deleted:    Saved/Logs/UE4CC-Windows-85C199E645A311EB4E4D79BDE842AEC9/CrashReportClient.ini
[2018.03.01-17.52.42:970][  0]SourceControl: Info 	deleted:    Saved/Logs/UE4CC-Windows-85C199E645A311EB4E4D79BDE842AEC9_0000/CrashContext.runtime-xml
[2018.03.01-17.52.42:971][  0]SourceControl: Info 	deleted:    Saved/Logs/UE4CC-Windows-85C199E645A311EB4E4D79BDE842AEC9_0000/CrashReportClient.ini
[2018.03.01-17.52.42:971][  0]SourceControl: Info 	deleted:    Saved/Logs/UE4CC-Windows-85C199E645A311EB4E4D79BDE842AEC9_0000/Game.log
[2018.03.01-17.52.42:971][  0]SourceControl: Info 	deleted:    Saved/Logs/UE4CC-Windows-85C199E645A311EB4E4D79BDE842AEC9_0000/UE4Minidump.dmp
[2018.03.01-17.52.42:971][  0]SourceControl: Info 	deleted:    Saved/Logs/UE4CC-Windows-8C5AE5CB4DD624897BA894AC8894D4B9/CrashReportClient.ini
[2018.03.01-17.52.42:971][  0]SourceControl: Info 	deleted:    Saved/Logs/UE4CC-Windows-8C5AE5CB4DD624897BA894AC8894D4B9_0000/CrashContext.runtime-xml
[2018.03.01-17.52.42:971][  0]SourceControl: Info 	deleted:    Saved/Logs/UE4CC-Windows-8C5AE5CB4DD624897BA894AC8894D4B9_0000/CrashReportClient.ini
[2018.03.01-17.52.42:971][  0]SourceControl: Info 	deleted:    Saved/Logs/UE4CC-Windows-8C5AE5CB4DD624897BA894AC8894D4B9_0000/Game.log
[2018.03.01-17.52.42:971][  0]SourceControl: Info 	deleted:    Saved/Logs/UE4CC-Windows-8C5AE5CB4DD624897BA894AC8894D4B9_0000/UE4Minidump.dmp
[2018.03.01-17.52.42:971][  0]SourceControl: Info 	deleted:    Saved/Logs/UE4CC-Windows-CF9B6EE54DABE36FDC9BDAB03FD257E0/CrashReportClient.ini
[2018.03.01-17.52.42:971][  0]SourceControl: Info 	deleted:    Saved/Logs/UE4CC-Windows-D69D7556421AD67315DE92AA17B56104/CrashReportClient.ini
[2018.03.01-17.52.42:971][  0]SourceControl: Info 	deleted:    Saved/Logs/UE4CC-Windows-E4B6ECA14A12951A1E1154A58AAB3CE6/CrashReportClient.ini
[2018.03.01-17.52.42:971][  0]SourceControl: Info 	deleted:    Saved/Logs/UE4CC-Windows-F3E3D55C42869EFB8B7A0A8D14A928B0/CrashReportClient.ini
[2018.03.01-17.52.42:971][  0]SourceControl: Info 	deleted:    Saved/Logs/UE4CC-Windows-F72265A54695AAE2F294E28B124939FB/CrashReportClient.ini
[2018.03.01-17.52.42:971][  0]SourceControl: Info Untracked files:
[2018.03.01-17.52.42:971][  0]SourceControl: Info   (use "git add <file>..." to include in what will be committed)
[2018.03.01-17.52.42:971][  0]SourceControl: Info 	Content/InfinityBladeAdversaries/Enemy/Elemental_Robot/Materials/
[2018.03.01-17.52.42:971][  0]SourceControl: Info 	Content/InfinityBladeAdversaries/Enemy/Elemental_Robot/Textures/
[2018.03.01-17.52.42:971][  0]SourceControl: Info 	Content/InfinityBladeAdversaries/Enemy/Enemy_Bear/Enemy_Bear_Animations/
[2018.03.01-17.52.42:971][  0]SourceControl: Info 	Content/InfinityBladeAdversaries/Enemy/Enemy_Bear/Materials/
[2018.03.01-17.52.42:971][  0]SourceControl: Info 	Content/InfinityBladeAdversaries/Enemy/Enemy_Bear/Textures/
[2018.03.01-17.52.42:971][  0]SourceControl: Info 	Content/InfinityBladeAdversaries/Enemy/Enemy_Chicken/Materials/
[2018.03.01-17.52.42:971][  0]SourceControl: Info 	Content/InfinityBladeAdversaries/Enemy/Enemy_Chicken/Textures/
[2018.03.01-17.52.42:971][  0]SourceControl: Info 	Content/InfinityBladeAdversaries/Enemy/Enemy_Clot_Worm/Enemy_Clot_Worm_Animation/ExoGame_Clot_Worm_Death_1.uasset
[2018.03.01-17.52.42:971][  0]SourceControl: Info 	Content/InfinityBladeAdversaries/Enemy/Enemy_Clot_Worm/Enemy_Clot_Worm_Animation/ExoGame_Clot_Worm_Idle_1.uasset
[2018.03.01-17.52.42:971][  0]SourceControl: Info 	Content/InfinityBladeAdversaries/Enemy/Enemy_Clot_Worm/Enemy_Clot_Worm_Animation/ExoGame_Clot_Worm_React_Heavy_Front.uasset
[2018.03.01-17.52.42:971][  0]SourceControl: Info 	Content/InfinityBladeAdversaries/Enemy/Enemy_Clot_Worm/Enemy_Clot_Worm_Animation/ExoGame_Clot_Worm_React_KnockBack_Front.uasset
[2018.03.01-17.52.42:971][  0]SourceControl: Info 	Content/InfinityBladeAdversaries/Enemy/Enemy_Clot_Worm/Enemy_Clot_Worm_Animation/ExoGame_Clot_Worm_Slither_Backward.uasset
[2018.03.01-17.52.42:971][  0]SourceControl: Info 	Content/InfinityBladeAdversaries/Enemy/Enemy_Clot_Worm/Enemy_Clot_Worm_Animation/ExoGame_Clot_Worm_Slither_Foreward.uasset
[2018.03.01-17.52.42:971][  0]SourceControl: Info 	Content/InfinityBladeAdversaries/Enemy/Enemy_Clot_Worm/Enemy_Clot_Worm_Animation/ExoGame_Clot_Worm_Slither_Left.uasset
[2018.03.01-17.52.42:971][  0]SourceControl: Info 	Content/InfinityBladeAdversaries/Enemy/Enemy_Clot_Worm/Enemy_Clot_Worm_Animation/ExoGame_Clot_Worm_Slither_Right.uasset
[2018.03.01-17.52.42:971][  0]SourceControl: Info 	Content/InfinityBladeAdversaries/Enemy/Enemy_Clot_Worm/Enemy_Clot_Worm_Animation/ExoGame_Clot_Worm_Turn_Left90.uasset
[2018.03.01-17.52.42:971][  0]SourceControl: Info 	Content/InfinityBladeAdversaries/Enemy/Enemy_Clot_Worm/Enemy_Clot_Worm_Animation/ExoGame_Clot_Worm_Turn_Right90.uasset
[2018.03.01-17.52.42:971][  0]SourceControl: Info 	Content/InfinityBladeAdversaries/Enemy/Enemy_Clot_Worm/Materials/
[2018.03.01-17.52.42:971][  0]SourceControl: Info 	Content/InfinityBladeAdversaries/Enemy/Enemy_Clot_Worm/SK_Enemy_Clot_Worm.uasset
[2018.03.01-17.52.42:971][  0]SourceControl: Info 	Content/InfinityBladeAdversaries/Enemy/Enemy_Clot_Worm/SK_Enemy_Clot_Worm_Skeleton.uasset
[2018.03.01-17.52.42:972][  0]SourceControl: Info 	Content/InfinityBladeAdversaries/Enemy/Enemy_Clot_Worm/Textures/
[2018.03.01-17.52.42:972][  0]SourceControl: Info 	Content/InfinityBladeAdversaries/Enemy/Enemy_Creature_Spider/Enemy_CreatureSpider2_Animation/
[2018.03.01-17.52.42:972][  0]SourceControl: Info 	Content/InfinityBladeAdversaries/Enemy/Enemy_Creature_Spider/Materials/
[2018.03.01-17.52.42:972][  0]SourceControl: Info 	Content/InfinityBladeAdversaries/Enemy/Enemy_Creature_Spider/SK_EXO_Creature_Spider02.uasset
[2018.03.01-17.52.42:972][  0]SourceControl: Info 	Content/InfinityBladeAdversaries/Enemy/Enemy_Creature_Spider/Textures/
[2018.03.01-17.52.42:972][  0]SourceControl: Info 	Content/InfinityBladeAdversaries/Enemy/Enemy_Forge_King/Enemy_Forge_King_Animation/
[2018.03.01-17.52.42:972][  0]SourceControl: Info 	Content/InfinityBladeAdversaries/Enemy/Enemy_Forge_King/Materials/
[2018.03.01-17.52.42:972][  0]SourceControl: Info 	Content/InfinityBladeAdversaries/Enemy/Enemy_Forge_King/Textures/
[2018.03.01-17.52.42:972][  0]SourceControl: Info 	Content/InfinityBladeAdversaries/Enemy/Enemy_Frost_Giant/Materials/
[2018.03.01-17.52.42:972][  0]SourceControl: Info 	Content/InfinityBladeAdversaries/Enemy/Enemy_Frost_Giant/Textures/
[2018.03.01-17.52.42:972][  0]SourceControl: Info 	Content/InfinityBladeAdversaries/Enemy/Enemy_Golem/Enemy_Golem_Animations/
[2018.03.01-17.52.42:972][  0]SourceControl: Info 	Content/InfinityBladeAdversaries/Enemy/Enemy_Golem/Materials/
[2018.03.01-17.52.42:972][  0]SourceControl: Info 	Content/InfinityBladeAdversaries/Enemy/Enemy_Golem/SK_Enemy_Golem01_Weapon.uasset
[2018.03.01-17.52.42:972][  0]SourceControl: Info 	Content/InfinityBladeAdversaries/Enemy/Enemy_Golem/SK_Fire_Golem.uasset
[2018.03.01-17.52.42:972][  0]SourceControl: Info 	Content/InfinityBladeAdversaries/Enemy/Enemy_Golem/Textures/
[2018.03.01-17.52.42:972][  0]SourceControl: Info 	Content/InfinityBladeAdversaries/Enemy/Enemy_Great_Spider/Enemy_SpiderGreater_Animation/
[2018.03.01-17.52.42:972][  0]SourceControl: Info 	Content/InfinityBladeAdversaries/Enemy/Enemy_Great_Spider/Materials/
[2018.03.01-17.52.42:972][  0]SourceControl: Info 	Content/InfinityBladeAdversaries/Enemy/Enemy_Great_Spider/SK_Greater_Spider.uasset
[2018.03.01-17.52.42:972][  0]SourceControl: Info 	Content/InfinityBladeAdversaries/Enemy/Enemy_Great_Spider/Textures/
[2018.03.01-17.52.42:972][  0]SourceControl: Info 	Content/InfinityBladeAdversaries/Enemy/Enemy_Greater_Spider_Boss/Enemy_SpiderBoss_Animation/
[2018.03.01-17.52.42:972][  0]SourceControl: Info 	Content/InfinityBladeAdversaries/Enemy/Enemy_Greater_Spider_Boss/Enemy_SpiderBoss_Cine_Animation/
[2018.03.01-17.52.42:972][  0]SourceControl: Info 	Content/InfinityBladeAdversaries/Enemy/Enemy_Greater_Spider_Boss/Materials/
[2018.03.01-17.52.42:972][  0]SourceControl: Info 	Content/InfinityBladeAdversaries/Enemy/Enemy_Greater_Spider_Boss/SK_Greater_Spider_Boss.uasset
[2018.03.01-17.52.42:972][  0]SourceControl: Info 	Content/InfinityBladeAdversaries/Enemy/Enemy_Greater_Spider_Boss/SK_Greater_Spider_Boss_Cine.uasset
[2018.03.01-17.52.42:972][  0]SourceControl: Info 	Content/InfinityBladeAdversaries/Enemy/Enemy_Greater_Spider_Boss/Textures/
[2018.03.01-17.52.42:972][  0]SourceControl: Info 	Content/InfinityBladeAdversaries/Enemy/Enemy_Gruntling/Enemy_Gruntling_Animation/
[2018.03.01-17.52.42:972][  0]SourceControl: Info 	Content/InfinityBladeAdversaries/Enemy/Enemy_Gruntling/Materials/
[2018.03.01-17.52.42:972][  0]SourceControl: Info 	Content/InfinityBladeAdversaries/Enemy/Enemy_Gruntling/SK_Exodus_Gruntling.uasset
[2018.03.01-17.52.42:972][  0]SourceControl: Info 	Content/InfinityBladeAdversaries/Enemy/Enemy_Gruntling/SK_Exodus_Gruntling_PhysicsAsset.uasset
[2018.03.01-17.52.42:972][  0]SourceControl: Info 	Content/InfinityBladeAdversaries/Enemy/Enemy_Gruntling/Textures/
[2018.03.01-17.52.42:972][  0]SourceControl: Info 	Content/InfinityBladeAdversaries/Enemy/Enemy_Gruntling_Avalanche/Materials/
[2018.03.01-17.52.42:972][  0]SourceControl: Info 	Content/InfinityBladeAdversaries/Enemy/Enemy_Gruntling_Avalanche/Textures/
[2018.03.01-17.52.42:972][  0]SourceControl: Info 	Content/InfinityBladeAdversaries/Enemy/Enemy_Gruntling_Glacer/Enemy_Gruntling_Glacer_Animation/
[2018.03.01-17.52.42:972][  0]SourceControl: Info 	Content/InfinityBladeAdversaries/Enemy/Enemy_Gruntling_Glacer/Materials/
[2018.03.01-17.52.42:972][  0]SourceControl: Info 	Content/InfinityBladeAdversaries/Enemy/Enemy_Gruntling_Glacer/SK_Gruntling_Glacer_Skeleton.uasset
[2018.03.01-17.52.42:972][  0]SourceControl: Info 	Content/InfinityBladeAdversaries/Enemy/Enemy_Gruntling_Glacer/Textures/
[2018.03.01-17.52.42:972][  0]SourceControl: Info 	Content/InfinityBladeAdversaries/Enemy/Enemy_Gruntling_Guardian/Enemy_Gruntling_Guardian_Animation/
[2018.03.01-17.52.42:972][  0]SourceControl: Info 	Content/InfinityBladeAdversaries/Enemy/Enemy_Gruntling_Guardian/Materials/
[2018.03.01-17.52.42:973][  0]SourceControl: Info 	Content/InfinityBladeAdversaries/Enemy/Enemy_Gruntling_Guardian/SK_Gruntling_Guardian_Skeleton.uasset
[2018.03.01-17.52.42:973][  0]SourceControl: Info 	Content/InfinityBladeAdversaries/Enemy/Enemy_Gruntling_Guardian/Textures/
[2018.03.01-17.52.42:973][  0]SourceControl: Info 	Content/InfinityBladeAdversaries/Enemy/Enemy_Gruntling_Scud/Enemy_Gruntling_Scud_Animation/
[2018.03.01-17.52.42:973][  0]SourceControl: Info 	Content/InfinityBladeAdversaries/Enemy/Enemy_Gruntling_Scud/Materials/
[2018.03.01-17.52.42:973][  0]SourceControl: Info 	Content/InfinityBladeAdversaries/Enemy/Enemy_Gruntling_Scud/SK_Gruntling_Scud_Skeleton.uasset
[2018.03.01-17.52.42:973][  0]SourceControl: Info 	Content/InfinityBladeAdversaries/Enemy/Enemy_Gruntling_Scud/Textures/
[2018.03.01-17.52.42:973][  0]SourceControl: Info 	Content/InfinityBladeAdversaries/Enemy/Enemy_Gruntling_Weapons/
[2018.03.01-17.52.42:973][  0]SourceControl: Info 	Content/InfinityBladeAdversaries/Enemy/Enemy_Master_Grunt/Enemy_Master_Grunt_Animation/
[2018.03.01-17.52.42:973][  0]SourceControl: Info 	Content/InfinityBladeAdversaries/Enemy/Enemy_Master_Grunt/Materials/
[2018.03.01-17.52.42:973][  0]SourceControl: Info 	Content/InfinityBladeAdversaries/Enemy/Enemy_Master_Grunt/Textures/
[2018.03.01-17.52.42:973][  0]SourceControl: Info 	Content/InfinityBladeAdversaries/Enemy/Enemy_Robo_Golem/Enemy_Robo_Golem_Animation/
[2018.03.01-17.52.42:973][  0]SourceControl: Info 	Content/InfinityBladeAdversaries/Enemy/Enemy_Robo_Golem/Enemy_Robo_Golem_Melee_Animation/
[2018.03.01-17.52.42:973][  0]SourceControl: Info 	Content/InfinityBladeAdversaries/Enemy/Enemy_Robo_Golem/Materials/
[2018.03.01-17.52.42:973][  0]SourceControl: Info 	Content/InfinityBladeAdversaries/Enemy/Enemy_Robo_Golem/SK_Robo_Golem_Melee_Skeleton.uasset
[2018.03.01-17.52.42:973][  0]SourceControl: Info 	Content/InfinityBladeAdversaries/Enemy/Enemy_Robo_Golem/SK_Robo_Golem_Skeleton.uasset
[2018.03.01-17.52.42:973][  0]SourceControl: Info 	Content/InfinityBladeAdversaries/Enemy/Enemy_Robo_Golem/Textures/
[2018.03.01-17.52.42:973][  0]SourceControl: Info 	Content/InfinityBladeAdversaries/Enemy/Enemy_Spiderling/Materials/
[2018.03.01-17.52.42:973][  0]SourceControl: Info 	Content/InfinityBladeAdversaries/Enemy/Enemy_Spiderling/SK_SpiderlingLOW_Skeleton.uasset
[2018.03.01-17.52.42:973][  0]SourceControl: Info 	Content/InfinityBladeAdversaries/Enemy/Enemy_Spiderling/SK_Spiderling_Skeleton.uasset
[2018.03.01-17.52.42:973][  0]SourceControl: Info 	Content/InfinityBladeAdversaries/Enemy/Enemy_Spiderling/Textures/
[2018.03.01-17.52.42:973][  0]SourceControl: Info 	Content/InfinityBladeAdversaries/Enemy/Enemy_Task_Master/Materials/
[2018.03.01-17.52.42:973][  0]SourceControl: Info 	Content/InfinityBladeAdversaries/Enemy/Enemy_Task_Master/Textures/
[2018.03.01-17.52.42:973][  0]SourceControl: Info 	Content/InfinityBladeAdversaries/Enemy/Enemy_Troll/Meshes/
[2018.03.01-17.52.42:973][  0]SourceControl: Info 	Content/InfinityBladeAdversaries/Enemy/Enemy_Wolf/Enemy_Wolf_Armored_Animation/
[2018.03.01-17.52.42:973][  0]SourceControl: Info 	Content/InfinityBladeAdversaries/Enemy/Enemy_Wolf/Enemy_Wolf_Base_Animation/
[2018.03.01-17.52.42:973][  0]SourceControl: Info 	Content/InfinityBladeAdversaries/Enemy/Enemy_Wolf/Materials/
[2018.03.01-17.52.42:973][  0]SourceControl: Info 	Content/InfinityBladeAdversaries/Enemy/Enemy_Wolf/Textures/
[2018.03.01-17.52.42:973][  0]SourceControl: Info 	Content/InfinityBladeAdversaries/Maps/
[2018.03.01-17.52.42:973][  0]SourceControl: Info 	Content/InfinityBladeEffects/Effects/FX_Combat_Ice/P_Player_Frozen_Exit_01.uasset
[2018.03.01-17.52.42:973][  0]SourceControl: Info 	Content/InfinityBladeEffects/Effects/FX_Combat_Ice/Trap/
[2018.03.01-17.52.42:973][  0]SourceControl: Info 	Content/InfinityBladeEffects/Effects/FX_Forging/P_HammerFail.uasset
[2018.03.01-17.52.42:973][  0]SourceControl: Info 	Content/InfinityBladeEffects/Effects/FX_Forging/P_HammerSparks.uasset
[2018.03.01-17.52.42:973][  0]SourceControl: Info 	Content/InfinityBladeEffects/Effects/FX_Mobile/Fire/combat/P_AuraCircle_Fire_00.uasset
[2018.03.01-17.52.42:973][  0]SourceControl: Info 	Content/InfinityBladeEffects/Effects/FX_Mobile/Fire/combat/P_AuraCircle_Fire_01.uasset
[2018.03.01-17.52.42:973][  0]SourceControl: Info 	Content/InfinityBladeEffects/Effects/FX_Mobile/Fire/combat/P_AuraCircle_Fire_02.uasset
[2018.03.01-17.52.42:973][  0]SourceControl: Info 	Content/InfinityBladeEffects/Effects/FX_Mobile/Fire/combat/P_HeldCharge_Fire_00.uasset
[2018.03.01-17.52.42:973][  0]SourceControl: Info 	Content/InfinityBladeEffects/Effects/FX_Mobile/ICE/combat/P_AuraCircle_Ice_00.uasset
[2018.03.01-17.52.42:973][  0]SourceControl: Info 	Content/InfinityBladeEffects/Effects/FX_Mobile/ICE/combat/P_AuraCircle_Ice_02.uasset
[2018.03.01-17.52.42:973][  0]SourceControl: Info 	Content/InfinityBladeEffects/Effects/FX_Mobile/combat/P_AuraCircle_LeachBeam.uasset
[2018.03.01-17.52.42:974][  0]SourceControl: Info 	Content/InfinityBladeEffects/Effects/FX_Mobile/combat/P_AuraCircle_LeachTarget.uasset
[2018.03.01-17.52.42:974][  0]SourceControl: Info 	Content/InfinityBladeEffects/Effects/FX_Mobile/combat/P_AuraCircle_Untyped.uasset
[2018.03.01-17.52.42:974][  0]SourceControl: Info 	Content/InfinityBladeEffects/Effects/FX_Monsters/FX_Monster_Ausar/P_AU_Sword_Proj_01.uasset
[2018.03.01-17.52.42:974][  0]SourceControl: Info 	Content/InfinityBladeEffects/Effects/FX_Monsters/FX_Monster_Ausar/P_AU_Sword_Proj_Trail_01.uasset
[2018.03.01-17.52.42:974][  0]SourceControl: Info 	Content/InfinityBladeEffects/Effects/FX_Monsters/FX_Monster_Ausar/P_AU_Taunt_sparks.uasset
[2018.03.01-17.52.42:974][  0]SourceControl: Info 	Content/InfinityBladeEffects/Effects/FX_Monsters/FX_Monster_Ausar/P_AU_Trap_Charge_01.uasset
[2018.03.01-17.52.42:974][  0]SourceControl: Info 	Content/InfinityBladeEffects/Effects/FX_Monsters/FX_Monster_FrostGiant/P_Intro_ChestThump_01.uasset
[2018.03.01-17.52.42:974][  0]SourceControl: Info 	Content/InfinityBladeEffects/Effects/FX_Monsters/FX_Monster_FrostGiant/P_Intro_HandSteps_01.uasset
[2018.03.01-17.52.42:974][  0]SourceControl: Info 	Content/InfinityBladeEffects/Effects/FX_Monsters/FX_Monster_FrostGiant/P_Proj_Blast_Ice_01.uasset
[2018.03.01-17.52.42:974][  0]SourceControl: Info 	Content/InfinityBladeEffects/Effects/FX_Monsters/FX_Monster_FrostGiant/P_RageBreath_01.uasset
[2018.03.01-17.52.42:974][  0]SourceControl: Info 	Content/InfinityBladeEffects/Effects/FX_Monsters/FX_Monster_FrostGiant/P_Trap_Blast_Ice_01.uasset
[2018.03.01-17.52.42:974][  0]SourceControl: Info 	Content/InfinityBladeEffects/Effects/FX_Monsters/FX_Monster_Gruntling/Lightning/P_Gruntling_Lightning_Impact_02.uasset
[2018.03.01-17.52.42:974][  0]SourceControl: Info 	Content/InfinityBladeEffects/Effects/FX_Monsters/FX_Monster_Gruntling/Master/P_GruntMaster_FootStep_01.uasset
[2018.03.01-17.52.42:974][  0]SourceControl: Info 	Content/InfinityBladeEffects/Effects/FX_Monsters/FX_Monster_Gruntling/Master/P_GruntMaster_Sparks_Intro_01.uasset
[2018.03.01-17.52.42:974][  0]SourceControl: Info 	Content/InfinityBladeEffects/Effects/FX_Monsters/FX_Monster_Gruntling/Melee/P_GruntlingSwingImpact.uasset
[2018.03.01-17.52.42:974][  0]SourceControl: Info 	Content/InfinityBladeEffects/Effects/FX_Skill_Aura/
[2018.03.01-17.52.42:974][  0]SourceControl: Info 	Content/InfinityBladeEffects/Effects/FX_Skill_RockBurst/P_Health_Absorb_01.uasset
[2018.03.01-17.52.42:974][  0]SourceControl: Info 	Content/TopDownBP/Character/Weapons/Morgensztern/.gitignore
[2018.03.01-17.52.42:974][  0]SourceControl: Info 	Intermediate/Android/
[2018.03.01-17.52.42:974][  0]SourceControl: Info 	Saved/Autosaves/Game/InfinityBladeAdversaries/
[2018.03.01-17.52.42:974][  0]SourceControl: Info 	Saved/Autosaves/Game/MoveJoystick_Auto4.uasset
[2018.03.01-17.52.42:974][  0]SourceControl: Info 	Saved/Autosaves/Game/TopDownBP/Blueprints/Damage_Hit_Auto5.uasset
[2018.03.01-17.52.42:974][  0]SourceControl: Info 	Saved/Autosaves/Game/TopDownBP/Blueprints/Loot_Widget_Auto1.uasset
[2018.03.01-17.52.42:974][  0]SourceControl: Info 	Saved/Autosaves/Game/TopDownBP/Blueprints/RPG_HUD_Auto2.uasset
[2018.03.01-17.52.42:974][  0]SourceControl: Info 	Saved/Autosaves/Game/TopDownBP/Blueprints/RPG_HUD_Auto4.uasset
[2018.03.01-17.52.42:974][  0]SourceControl: Info 	Saved/Autosaves/Game/TopDownBP/Blueprints/RPG_HUD_Auto5.uasset
[2018.03.01-17.52.42:974][  0]SourceControl: Info 	Saved/Autosaves/Game/TopDownBP/Blueprints/SimpleAI_Auto1.uasset
[2018.03.01-17.52.42:974][  0]SourceControl: Info 	Saved/Autosaves/Game/TopDownBP/Blueprints/SimpleAI_Auto2.uasset
[2018.03.01-17.52.42:974][  0]SourceControl: Info 	Saved/Autosaves/Game/TopDownBP/Blueprints/SimpleAI_Auto3.uasset
[2018.03.01-17.52.42:974][  0]SourceControl: Info 	Saved/Autosaves/Game/TopDownBP/Blueprints/SimpleAI_Auto4.uasset
[2018.03.01-17.52.42:974][  0]SourceControl: Info 	Saved/Autosaves/Game/TopDownBP/Blueprints/SimpleAI_Auto5.uasset
[2018.03.01-17.52.42:974][  0]SourceControl: Info 	Saved/Autosaves/Game/TopDownBP/Blueprints/Spawnpoint1_Auto2.uasset
[2018.03.01-17.52.42:974][  0]SourceControl: Info 	Saved/Autosaves/Game/TopDownBP/Blueprints/Spawnpoint1_Auto4.uasset
[2018.03.01-17.52.42:974][  0]SourceControl: Info 	Saved/Autosaves/Game/TopDownBP/Blueprints/TopDownCharacter_Auto0.uasset
[2018.03.01-17.52.42:974][  0]SourceControl: Info 	Saved/Autosaves/Game/TopDownBP/Blueprints/TopDownCharacter_Auto2.uasset
[2018.03.01-17.52.42:974][  0]SourceControl: Info 	Saved/Autosaves/Game/TopDownBP/Blueprints/TopDownCharacter_Auto3.uasset
[2018.03.01-17.52.42:974][  0]SourceControl: Info 	Saved/Autosaves/Game/TopDownBP/Blueprints/TopDownCharacter_Auto4.uasset
[2018.03.01-17.52.42:974][  0]SourceControl: Info 	Saved/Autosaves/Game/TopDownBP/Blueprints/TopDownCharacter_Auto5.uasset
[2018.03.01-17.52.42:974][  0]SourceControl: Info 	Saved/Autosaves/Game/TopDownBP/Blueprints/TopDownCharacter_Auto6.uasset
[2018.03.01-17.52.42:975][  0]SourceControl: Info 	Saved/Autosaves/Game/TopDownBP/Blueprints/TopDownCharacter_Auto8.uasset
[2018.03.01-17.52.42:975][  0]SourceControl: Info 	Saved/Autosaves/Game/TopDownBP/Blueprints/TopDownCharacter_Auto9.uasset
[2018.03.01-17.52.42:975][  0]SourceControl: Info 	Saved/Autosaves/Game/TopDownBP/Blueprints/TopDownController_Auto5.uasset
[2018.03.01-17.52.42:975][  0]SourceControl: Info 	Saved/Autosaves/Game/TopDownBP/Blueprints/TopDownGameMode_Auto4.uasset
[2018.03.01-17.52.42:975][  0]SourceControl: Info 	Saved/Autosaves/Game/TopDownBP/Character/Animations/Combo_1_Montage_Auto3.uasset
[2018.03.01-17.52.42:975][  0]SourceControl: Info 	Saved/Autosaves/Game/TopDownBP/Character/Animations/Combo_1_Montage_Auto4.uasset
[2018.03.01-17.52.42:975][  0]SourceControl: Info 	Saved/Autosaves/Game/TopDownBP/Character/Animations/Combo_2_Montage_Auto4.uasset
[2018.03.01-17.52.42:975][  0]SourceControl: Info 	Saved/Autosaves/Game/TopDownBP/Character/Animations/Combo_3_Montage_Auto2.uasset
[2018.03.01-17.52.42:975][  0]SourceControl: Info 	Saved/Autosaves/Game/TopDownBP/Character/Animations/Combo_3_Montage_Auto3.uasset
[2018.03.01-17.52.42:975][  0]SourceControl: Info 	Saved/Autosaves/Game/TopDownBP/Character/Animations/Combo_3_Montage_Auto4.uasset
[2018.03.01-17.52.42:975][  0]SourceControl: Info 	Saved/Autosaves/Game/TopDownBP/Character/Animations/sword_and_shield_attack_Auto6.uasset
[2018.03.01-17.52.42:975][  0]SourceControl: Info 	Saved/Autosaves/Game/TopDownBP/Character/Animations/sword_and_shield_attack__2__Auto6.uasset
[2018.03.01-17.52.42:975][  0]SourceControl: Info 	Saved/Autosaves/Game/TopDownBP/Character/Animations/sword_and_shield_attack__2__Auto7.uasset
[2018.03.01-17.52.42:975][  0]SourceControl: Info 	Saved/Autosaves/Game/TopDownBP/Character/Weapons/
[2018.03.01-17.52.42:975][  0]SourceControl: Info 	Saved/Autosaves/Game/TopDownBP/Character/paladin_j_nordstrom_Skeleton_Auto7.uasset
[2018.03.01-17.52.42:975][  0]SourceControl: Info 	Saved/Autosaves/Game/TopDownBP/Maps/TopDownExampleMap_Auto3.umap
[2018.03.01-17.52.42:975][  0]SourceControl: Info 	Saved/Autosaves/Game/TopDownBP/Maps/UEDPCTopDownExampleMap.umap
[2018.03.01-17.52.42:975][  0]SourceControl: Info 	Saved/Backup/Combo_1_Montage_2018-02-26-16-18-22.uasset
[2018.03.01-17.52.42:975][  0]SourceControl: Info 	Saved/Backup/Combo_2_Montage_2018-02-26-16-19-57.uasset
[2018.03.01-17.52.42:975][  0]SourceControl: Info 	Saved/Backup/Combo_2_Montage_2018-02-26-16-26-09.uasset
[2018.03.01-17.52.42:975][  0]SourceControl: Info 	Saved/Backup/Combo_3_Montage_2018-02-26-16-19-32.uasset
[2018.03.01-17.52.42:975][  0]SourceControl: Info 	Saved/Backup/Combo_3_Montage_2018-03-01-17-09-21.uasset
[2018.03.01-17.52.42:975][  0]SourceControl: Info 	Saved/Backup/Combo_3_Montage_2018-03-01-18-33-39.uasset
[2018.03.01-17.52.42:975][  0]SourceControl: Info 	Saved/Backup/Damage_Hit_2018-02-28-16-04-50.uasset
[2018.03.01-17.52.42:975][  0]SourceControl: Info 	Saved/Backup/Damage_Hit_2018-02-28-16-14-12.uasset
[2018.03.01-17.52.42:975][  0]SourceControl: Info 	Saved/Backup/Damage_Hit_2018-02-28-21-05-46.uasset
[2018.03.01-17.52.42:975][  0]SourceControl: Info 	Saved/Backup/Death_1_Montage_2018-03-01-17-55-24.uasset
[2018.03.01-17.52.42:975][  0]SourceControl: Info 	Saved/Backup/Loot_Widget_2018-02-26-13-19-30.uasset
[2018.03.01-17.52.42:975][  0]SourceControl: Info 	Saved/Backup/Loot_Widget_2018-02-26-13-27-25.uasset
[2018.03.01-17.52.42:975][  0]SourceControl: Info 	Saved/Backup/Loot_Widget_2018-02-26-13-33-10.uasset
[2018.03.01-17.52.42:975][  0]SourceControl: Info 	Saved/Backup/Mieczyk_prosty_class_2018-02-26-16-05-53.uasset
[2018.03.01-17.52.42:975][  0]SourceControl: Info 	Saved/Backup/PaladinAnimBP_2018-02-28-17-26-13.uasset
[2018.03.01-17.52.42:975][  0]SourceControl: Info 	Saved/Backup/PaladinAnimBP_2018-02-28-17-34-50.uasset
[2018.03.01-17.52.42:975][  0]SourceControl: Info 	Saved/Backup/PaladinAnimBP_2018-02-28-18-57-16.uasset
[2018.03.01-17.52.42:975][  0]SourceControl: Info 	Saved/Backup/PaladinAnimBP_2018-02-28-21-14-03.uasset
[2018.03.01-17.52.42:975][  0]SourceControl: Info 	Saved/Backup/PaladinAnimBP_2018-03-01-17-22-46.uasset
[2018.03.01-17.52.42:975][  0]SourceControl: Info 	Saved/Backup/PaladinAnimBP_2018-03-01-17-36-01.uasset
[2018.03.01-17.52.42:975][  0]SourceControl: Info 	Saved/Backup/PaladinAnimBP_2018-03-01-17-43-05.uasset
[2018.03.01-17.52.42:975][  0]SourceControl: Info 	Saved/Backup/PaladinAnimBP_2018-03-01-17-53-46.uasset
[2018.03.01-17.52.42:975][  0]SourceControl: Info 	Saved/Backup/SK_Gruntling_Avalanche_Skeleton_2018-02-26-23-24-35.uasset
[2018.03.01-17.52.42:976][  0]SourceControl: Info 	Saved/Backup/SK_Gruntling_Avalanche_Skeleton_2018-02-27-00-49-03.uasset
[2018.03.01-17.52.42:976][  0]SourceControl: Info 	Saved/Backup/SK_Troll_Poison_Skeleton_2018-02-28-14-27-50.uasset
[2018.03.01-17.52.42:976][  0]SourceControl: Info 	Saved/Backup/SimpleAI_2018-02-26-15-25-20.uasset
[2018.03.01-17.52.42:976][  0]SourceControl: Info 	Saved/Backup/SimpleAI_2018-02-26-15-37-27.uasset
[2018.03.01-17.52.42:976][  0]SourceControl: Info 	Saved/Backup/SimpleAI_2018-02-26-15-52-19.uasset
[2018.03.01-17.52.42:976][  0]SourceControl: Info 	Saved/Backup/SimpleAI_2018-02-26-16-03-04.uasset
[2018.03.01-17.52.42:976][  0]SourceControl: Info 	Saved/Backup/SimpleAI_2018-02-26-16-09-30.uasset
[2018.03.01-17.52.42:976][  0]SourceControl: Info 	Saved/Backup/SimpleAI_2018-02-26-16-15-35.uasset
[2018.03.01-17.52.42:976][  0]SourceControl: Info 	Saved/Backup/SimpleAI_2018-02-26-16-22-31.uasset
[2018.03.01-17.52.42:976][  0]SourceControl: Info 	Saved/Backup/SimpleAI_2018-02-26-17-14-47.uasset
[2018.03.01-17.52.42:976][  0]SourceControl: Info 	Saved/Backup/SimpleAI_2018-02-26-17-22-58.uasset
[2018.03.01-17.52.42:976][  0]SourceControl: Info 	Saved/Backup/SimpleAI_2018-02-26-19-37-17.uasset
[2018.03.01-17.52.42:976][  0]SourceControl: Info 	Saved/Backup/SimpleAI_2018-02-26-19-55-22.uasset
[2018.03.01-17.52.42:976][  0]SourceControl: Info 	Saved/Backup/SimpleAI_2018-02-26-20-05-22.uasset
[2018.03.01-17.52.42:976][  0]SourceControl: Info 	Saved/Backup/SimpleAI_2018-02-26-20-15-23.uasset
[2018.03.01-17.52.42:976][  0]SourceControl: Info 	Saved/Backup/SimpleAI_2018-02-26-20-33-42.uasset
[2018.03.01-17.52.42:976][  0]SourceControl: Info 	Saved/Backup/SimpleAI_2018-02-26-20-51-04.uasset
[2018.03.01-17.52.42:976][  0]SourceControl: Info 	Saved/Backup/SimpleAI_2018-02-26-21-18-59.uasset
[2018.03.01-17.52.42:976][  0]SourceControl: Info 	Saved/Backup/SimpleAI_2018-02-26-21-24-11.uasset
[2018.03.01-17.52.42:976][  0]SourceControl: Info 	Saved/Backup/SimpleAI_2018-02-26-23-49-17.uasset
[2018.03.01-17.52.42:976][  0]SourceControl: Info 	Saved/Backup/SimpleAI_2018-02-26-23-54-48.uasset
[2018.03.01-17.52.42:976][  0]SourceControl: Info 	Saved/Backup/SimpleAI_2018-02-27-00-01-04.uasset
[2018.03.01-17.52.42:976][  0]SourceControl: Info 	Saved/Backup/SimpleAI_2018-02-27-00-07-18.uasset
[2018.03.01-17.52.42:976][  0]SourceControl: Info 	Saved/Backup/Spawnpoint1_2018-02-27-00-48-18.uasset
[2018.03.01-17.52.42:976][  0]SourceControl: Info 	Saved/Backup/TopDownCharacter_2018-02-26-15-22-49.uasset
[2018.03.01-17.52.42:976][  0]SourceControl: Info 	Saved/Backup/TopDownCharacter_2018-02-26-16-12-42.uasset
[2018.03.01-17.52.42:976][  0]SourceControl: Info 	Saved/Backup/TopDownCharacter_2018-02-26-17-19-58.uasset
[2018.03.01-17.52.42:976][  0]SourceControl: Info 	Saved/Backup/TopDownCharacter_2018-02-28-15-36-34.uasset
[2018.03.01-17.52.42:976][  0]SourceControl: Info 	Saved/Backup/TopDownCharacter_2018-02-28-16-04-26.uasset
[2018.03.01-17.52.42:976][  0]SourceControl: Info 	Saved/Backup/TopDownCharacter_2018-02-28-16-17-37.uasset
[2018.03.01-17.52.42:976][  0]SourceControl: Info 	Saved/Backup/TopDownCharacter_2018-02-28-16-27-39.uasset
[2018.03.01-17.52.42:976][  0]SourceControl: Info 	Saved/Backup/TopDownCharacter_2018-02-28-17-01-20.uasset
[2018.03.01-17.52.42:976][  0]SourceControl: Info 	Saved/Backup/TopDownCharacter_2018-02-28-17-11-21.uasset
[2018.03.01-17.52.42:976][  0]SourceControl: Info 	Saved/Backup/TopDownCharacter_2018-02-28-17-34-50.uasset
[2018.03.01-17.52.42:976][  0]SourceControl: Info 	Saved/Backup/TopDownCharacter_2018-02-28-19-02-32.uasset
[2018.03.01-17.52.42:976][  0]SourceControl: Info 	Saved/Backup/TopDownCharacter_2018-02-28-19-23-06.uasset
[2018.03.01-17.52.42:976][  0]SourceControl: Info 	Saved/Backup/TopDownCharacter_2018-02-28-20-32-04.uasset
[2018.03.01-17.52.42:976][  0]SourceControl: Info 	Saved/Backup/TopDownCharacter_2018-02-28-20-39-17.uasset
[2018.03.01-17.52.42:976][  0]SourceControl: Info 	Saved/Backup/TopDownCharacter_2018-02-28-21-06-21.uasset
[2018.03.01-17.52.42:976][  0]SourceControl: Info 	Saved/Backup/TopDownCharacter_2018-02-28-21-12-42.uasset
[2018.03.01-17.52.42:976][  0]SourceControl: Info 	Saved/Backup/TopDownCharacter_2018-03-01-15-35-43.uasset
[2018.03.01-17.52.42:976][  0]SourceControl: Info 	Saved/Backup/TopDownCharacter_2018-03-01-17-23-19.uasset
[2018.03.01-17.52.42:977][  0]SourceControl: Info 	Saved/Backup/TopDownCharacter_2018-03-01-17-33-32.uasset
[2018.03.01-17.52.42:977][  0]SourceControl: Info 	Saved/Backup/TopDownCharacter_2018-03-01-17-39-22.uasset
[2018.03.01-17.52.42:977][  0]SourceControl: Info 	Saved/Backup/TopDownCharacter_2018-03-01-17-45-15.uasset
[2018.03.01-17.52.42:977][  0]SourceControl: Info 	Saved/Backup/TopDownCharacter_2018-03-01-17-54-24.uasset
[2018.03.01-17.52.42:977][  0]SourceControl: Info 	Saved/Backup/TopDownCharacter_2018-03-01-17-59-51.uasset
[2018.03.01-17.52.42:977][  0]SourceControl: Info 	Saved/Backup/TopDownCharacter_2018-03-01-18-07-05.uasset
[2018.03.01-17.52.42:977][  0]SourceControl: Info 	Saved/Backup/TopDownCharacter_2018-03-01-18-12-45.uasset
[2018.03.01-17.52.42:977][  0]SourceControl: Info 	Saved/Backup/TopDownCharacter_2018-03-01-18-23-51.uasset
[2018.03.01-17.52.42:977][  0]SourceControl: Info 	Saved/Backup/TopDownCharacter_2018-03-01-18-31-46.uasset
[2018.03.01-17.52.42:977][  0]SourceControl: Info 	Saved/Backup/TopDownExampleMap_2018-02-26-15-25-19.umap
[2018.03.01-17.52.42:977][  0]SourceControl: Info 	Saved/Backup/TopDownExampleMap_2018-02-26-16-07-10.umap
[2018.03.01-17.52.42:977][  0]SourceControl: Info 	Saved/Backup/TopDownExampleMap_2018-02-26-16-26-08.umap
[2018.03.01-17.52.42:977][  0]SourceControl: Info 	Saved/Backup/TopDownExampleMap_2018-02-27-00-49-02.umap
[2018.03.01-17.52.42:977][  0]SourceControl: Info 	Saved/Backup/TopDownExampleMap_2018-02-28-12-33-16.umap
[2018.03.01-17.52.42:977][  0]SourceControl: Info 	Saved/Backup/TopDownExampleMap_2018-02-28-15-36-33.umap
[2018.03.01-17.52.42:977][  0]SourceControl: Info 	Saved/Backup/TopDownExampleMap_2018-02-28-16-04-25.umap
[2018.03.01-17.52.42:977][  0]SourceControl: Info 	Saved/Backup/TopDownExampleMap_2018-02-28-16-17-37.umap
[2018.03.01-17.52.42:977][  0]SourceControl: Info 	Saved/Backup/TopDownExampleMap_2018-02-28-16-27-38.umap
[2018.03.01-17.52.42:977][  0]SourceControl: Info 	Saved/Backup/TopDownExampleMap_2018-02-28-17-01-20.umap
[2018.03.01-17.52.42:977][  0]SourceControl: Info 	Saved/Backup/TopDownExampleMap_2018-02-28-17-34-49.umap
[2018.03.01-17.52.42:977][  0]SourceControl: Info 	Saved/Backup/TopDownExampleMap_2018-02-28-19-07-11.umap
[2018.03.01-17.52.42:977][  0]SourceControl: Info 	Saved/Backup/TopDownExampleMap_2018-02-28-19-23-18.umap
[2018.03.01-17.52.42:977][  0]SourceControl: Info 	Saved/Backup/TopDownExampleMap_2018-02-28-20-40-48.umap
[2018.03.01-17.52.42:977][  0]SourceControl: Info 	Saved/Backup/TopDownExampleMap_2018-02-28-21-08-16.umap
[2018.03.01-17.52.42:977][  0]SourceControl: Info 	Saved/Backup/TopDownExampleMap_2018-02-28-21-23-33.umap
[2018.03.01-17.52.42:977][  0]SourceControl: Info 	Saved/Backup/TopDownExampleMap_2018-03-01-15-48-31.umap
[2018.03.01-17.52.42:977][  0]SourceControl: Info 	Saved/Backup/TopDownExampleMap_2018-03-01-17-28-12.umap
[2018.03.01-17.52.42:977][  0]SourceControl: Info 	Saved/Backup/TopDownExampleMap_2018-03-01-17-48-07.umap
[2018.03.01-17.52.42:977][  0]SourceControl: Info 	Saved/Backup/TopDownExampleMap_2018-03-01-17-59-09.umap
[2018.03.01-17.52.42:977][  0]SourceControl: Info 	Saved/Backup/TopDownExampleMap_2018-03-01-18-09-37.umap
[2018.03.01-17.52.42:977][  0]SourceControl: Info 	Saved/Backup/TopDownExampleMap_2018-03-01-18-19-59.umap
[2018.03.01-17.52.42:977][  0]SourceControl: Info 	Saved/Backup/TopDownExampleMap_2018-03-01-18-33-38.umap
[2018.03.01-17.52.42:977][  0]SourceControl: Info 	Saved/Backup/TopDownExampleMap_BuiltData_2018-02-26-16-07-11.uasset
[2018.03.01-17.52.42:977][  0]SourceControl: Info 	Saved/Backup/TopDownExampleMap_BuiltData_2018-02-28-12-33-17.uasset
[2018.03.01-17.52.42:977][  0]SourceControl: Info 	Saved/Backup/TopDownExampleMap_BuiltData_2018-02-28-21-09-38.uasset
[2018.03.01-17.52.42:977][  0]SourceControl: Info 	Saved/Backup/Troll_Poison_Actor_2018-02-27-00-23-46.uasset
[2018.03.01-17.52.42:977][  0]SourceControl: Info 	Saved/Backup/Troll_Poison_Actor_2018-02-27-00-28-53.uasset
[2018.03.01-17.52.42:977][  0]SourceControl: Info 	Saved/Backup/Troll_Poison_Actor_2018-02-27-00-43-08.uasset
[2018.03.01-17.52.42:977][  0]SourceControl: Info 	Saved/Backup/Troll_Poison_Actor_2018-02-27-00-49-57.uasset
[2018.03.01-17.52.42:977][  0]SourceControl: Info 	Saved/Backup/Troll_Poison_Actor_2018-02-27-00-55-51.uasset
[2018.03.01-17.52.42:977][  0]SourceControl: Info 	Saved/Backup/Troll_Poison_Actor_2018-02-27-01-05-19.uasset
[2018.03.01-17.52.42:978][  0]SourceControl: Info 	Saved/Backup/Troll_Poison_Actor_2018-02-27-01-12-15.uasset
[2018.03.01-17.52.42:978][  0]SourceControl: Info 	Saved/Backup/Troll_Poison_Actor_2018-02-27-01-17-27.uasset
[2018.03.01-17.52.42:978][  0]SourceControl: Info 	Saved/Backup/Troll_Poison_Actor_2018-02-27-01-30-47.uasset
[2018.03.01-17.52.42:978][  0]SourceControl: Info 	Saved/Backup/Troll_Poison_Actor_2018-02-28-12-08-44.uasset
[2018.03.01-17.52.42:978][  0]SourceControl: Info 	Saved/Backup/Troll_Poison_Actor_2018-02-28-12-36-37.uasset
[2018.03.01-17.52.42:978][  0]SourceControl: Info 	Saved/Backup/Troll_Poison_Actor_2018-02-28-12-45-23.uasset
[2018.03.01-17.52.42:978][  0]SourceControl: Info 	Saved/Backup/Troll_Poison_Actor_2018-02-28-12-51-20.uasset
[2018.03.01-17.52.42:978][  0]SourceControl: Info 	Saved/Backup/Troll_Poison_Actor_2018-02-28-12-56-36.uasset
[2018.03.01-17.52.42:978][  0]SourceControl: Info 	Saved/Backup/Troll_Poison_Actor_2018-02-28-13-04-38.uasset
[2018.03.01-17.52.42:978][  0]SourceControl: Info 	Saved/Backup/Troll_Poison_Actor_2018-02-28-13-10-47.uasset
[2018.03.01-17.52.42:978][  0]SourceControl: Info 	Saved/Backup/Troll_Poison_Actor_2018-02-28-19-07-11.uasset
[2018.03.01-17.52.42:978][  0]SourceControl: Info 	Saved/Backup/Troll_Poison_Actor_2018-02-28-19-12-48.uasset
[2018.03.01-17.52.42:978][  0]SourceControl: Info 	Saved/Backup/Troll_Poison_Actor_2018-02-28-19-22-22.uasset
[2018.03.01-17.52.42:978][  0]SourceControl: Info 	Saved/Backup/Troll_Poison_Actor_2018-02-28-20-20-10.uasset
[2018.03.01-17.52.42:978][  0]SourceControl: Info 	Saved/Backup/Troll_Poison_Actor_2018-02-28-20-31-29.uasset
[2018.03.01-17.52.42:978][  0]SourceControl: Info 	Saved/Backup/Troll_Poison_Actor_2018-02-28-20-36-42.uasset
[2018.03.01-17.52.42:978][  0]SourceControl: Info 	Saved/Backup/Troll_Poison_Actor_2018-02-28-20-45-23.uasset
[2018.03.01-17.52.42:978][  0]SourceControl: Info 	Saved/Backup/Troll_Poison_Actor_2018-02-28-20-51-29.uasset
[2018.03.01-17.52.42:978][  0]SourceControl: Info 	Saved/Backup/Troll_Poison_Actor_2018-02-28-20-57-08.uasset
[2018.03.01-17.52.42:978][  0]SourceControl: Info 	Saved/Backup/Troll_Poison_Actor_2018-02-28-21-02-27.uasset
[2018.03.01-17.52.42:978][  0]SourceControl: Info 	Saved/Backup/Troll_Poison_Actor_2018-02-28-21-08-17.uasset
[2018.03.01-17.52.42:978][  0]SourceControl: Info 	Saved/Backup/Troll_Poison_Actor_2018-02-28-21-15-41.uasset
[2018.03.01-17.52.42:978][  0]SourceControl: Info 	Saved/Backup/Troll_Poison_Actor_2018-02-28-21-20-47.uasset
[2018.03.01-17.52.42:978][  0]SourceControl: Info 	Saved/Backup/Troll_Poison_Actor_2018-03-01-15-37-19.uasset
[2018.03.01-17.52.42:978][  0]SourceControl: Info 	Saved/Backup/Troll_Poison_Actor_2018-03-01-15-45-28.uasset
[2018.03.01-17.52.42:978][  0]SourceControl: Info 	Saved/Backup/Troll_Poison_Actor_2018-03-01-15-50-56.uasset
[2018.03.01-17.52.42:978][  0]SourceControl: Info 	Saved/Backup/Troll_Poison_Actor_2018-03-01-15-57-00.uasset
[2018.03.01-17.52.42:978][  0]SourceControl: Info 	Saved/Backup/Troll_Poison_Actor_2018-03-01-16-04-54.uasset
[2018.03.01-17.52.42:978][  0]SourceControl: Info 	Saved/Backup/Troll_Poison_Actor_2018-03-01-16-15-41.uasset
[2018.03.01-17.52.42:978][  0]SourceControl: Info 	Saved/Backup/Troll_Poison_Actor_2018-03-01-16-21-53.uasset
[2018.03.01-17.52.42:978][  0]SourceControl: Info 	Saved/Backup/Troll_Poison_Actor_2018-03-01-16-45-00.uasset
[2018.03.01-17.52.42:978][  0]SourceControl: Info 	Saved/Backup/Troll_Poison_Actor_2018-03-01-16-50-17.uasset
[2018.03.01-17.52.42:978][  0]SourceControl: Info 	Saved/Backup/Troll_Poison_Actor_2018-03-01-16-57-04.uasset
[2018.03.01-17.52.42:978][  0]SourceControl: Info 	Saved/Backup/Troll_Poison_Actor_2018-03-01-17-02-21.uasset
[2018.03.01-17.52.42:978][  0]SourceControl: Info 	Saved/Backup/Troll_Poison_Actor_2018-03-01-17-08-44.uasset
[2018.03.01-17.52.42:978][  0]SourceControl: Info 	Saved/Backup/Troll_Poison_Actor_2018-03-01-17-14-04.uasset
[2018.03.01-17.52.42:978][  0]SourceControl: Info 	Saved/Backup/Troll_Poison_Anim_BP_2018-02-27-00-43-23.uasset
[2018.03.01-17.52.42:978][  0]SourceControl: Info 	Saved/Backup/Troll_Poison_Anim_BP_2018-02-27-01-04-02.uasset
[2018.03.01-17.52.42:978][  0]SourceControl: Info 	Saved/Backup/Troll_Poison_Anim_BP_2018-02-27-01-09-36.uasset
[2018.03.01-17.52.42:978][  0]SourceControl: Info 	Saved/Backup/Troll_Poison_Anim_BP_2018-02-28-14-31-31.uasset
[2018.03.01-17.52.42:978][  0]SourceControl: Info 	Saved/Backup/Troll_Poison_Anim_BP_2018-02-28-15-36-34.uasset
[2018.03.01-17.52.42:979][  0]SourceControl: Info 	Saved/Backup/Troll_Poison_Anim_BP_2018-02-28-16-17-37.uasset
[2018.03.01-17.52.42:979][  0]SourceControl: Info 	Saved/Backup/Troll_Poison_Anim_BP_2018-02-28-16-27-40.uasset
[2018.03.01-17.52.42:979][  0]SourceControl: Info 	Saved/Backup/Troll_Poison_Anim_BP_2018-02-28-17-01-20.uasset
[2018.03.01-17.52.42:979][  0]SourceControl: Info 	Saved/Backup/Troll_Poison_Anim_BP_2018-02-28-17-34-50.uasset
[2018.03.01-17.52.42:979][  0]SourceControl: Info 	Saved/Backup/Troll_Poison_Anim_BP_2018-02-28-19-07-12.uasset
[2018.03.01-17.52.42:979][  0]SourceControl: Info 	Saved/Backup/Troll_Poison_Anim_BP_2018-02-28-19-23-22.uasset
[2018.03.01-17.52.42:979][  0]SourceControl: Info 	Saved/Backup/Troll_Poison_Anim_BS_2018-02-27-00-38-08.uasset
[2018.03.01-17.52.42:979][  0]SourceControl: Info 	Saved/Backup/Troll_Poison_Fist_2018-02-28-15-11-46.uasset
[2018.03.01-17.52.42:979][  0]SourceControl: Info 	Saved/Backup/Troll_Poison_Fist_2018-02-28-15-19-09.uasset
[2018.03.01-17.52.42:979][  0]SourceControl: Info 	Saved/Backup/Troll_Poison_Fist_2018-02-28-15-26-32.uasset
[2018.03.01-17.52.42:979][  0]SourceControl: Info 	Saved/Backup/Troll_Poison_Fist_2018-02-28-15-33-54.uasset
[2018.03.01-17.52.42:979][  0]SourceControl: Info 	Saved/Backup/Troll_Poison_Fist_2018-02-28-16-03-28.uasset
[2018.03.01-17.52.42:979][  0]SourceControl: Info 	Saved/Backup/Troll_Poison_Fist_2018-02-28-16-17-37.uasset
[2018.03.01-17.52.42:979][  0]SourceControl: Info 	Saved/Backup/Troll_Poison_Fist_2018-02-28-19-23-22.uasset
[2018.03.01-17.52.42:979][  0]SourceControl: Info 	Saved/Backup/Troll_Poison_Fist_2018-02-28-21-08-17.uasset
[2018.03.01-17.52.42:979][  0]SourceControl: Info 	Saved/Logs/Game-backup-2018.02.28-20.05.49.log
[2018.03.01-17.52.42:979][  0]SourceControl: Info 	Saved/Logs/Game-backup-2018.02.28-20.20.47.log
[2018.03.01-17.52.42:979][  0]SourceControl: Info 	Saved/Logs/Game-backup-2018.02.28-20.32.32.log
[2018.03.01-17.52.42:979][  0]SourceControl: Info 	Saved/Logs/Game-backup-2018.02.28-20.54.10.log
[2018.03.01-17.52.42:979][  0]SourceControl: Info 	Saved/Logs/Game-backup-2018.03.01-08.45.35.log
[2018.03.01-17.52.42:979][  0]SourceControl: Info 	Saved/Logs/Game-backup-2018.03.01-15.29.14.log
[2018.03.01-17.52.42:979][  0]SourceControl: Info 	Saved/Logs/Game-backup-2018.03.01-18.47.10.log
[2018.03.01-17.52.42:979][  0]SourceControl: Info 	Saved/Logs/Game_2-backup-2018.02.28-20.40.56.log
[2018.03.01-17.52.42:979][  0]SourceControl: Info 	Saved/Logs/Game_2.log
[2018.03.01-17.52.42:979][  0]SourceControl: Info 	Saved/Logs/UE4CC-Windows-020DCB7C4553F58BDAC715A1ED0F3292/
[2018.03.01-17.52.42:979][  0]SourceControl: Info 	Saved/Logs/UE4CC-Windows-052677864A1B634F5E0CDE8D86B5B030/
[2018.03.01-17.52.42:979][  0]SourceControl: Info 	Saved/Logs/UE4CC-Windows-1B615A324E3A6C5C632F41997D7B4D9B/
[2018.03.01-17.52.42:979][  0]SourceControl: Info 	Saved/Logs/UE4CC-Windows-22CA2ADD45A0721106AFA08EF7CFC512/
[2018.03.01-17.52.42:979][  0]SourceControl: Info 	Saved/Logs/UE4CC-Windows-22CA2ADD45A0721106AFA08EF7CFC512_0000/
[2018.03.01-17.52.42:979][  0]SourceControl: Info 	Saved/Logs/UE4CC-Windows-2EDE7A724D84316FDD804798C2183706/
[2018.03.01-17.52.42:979][  0]SourceControl: Info 	Saved/Logs/UE4CC-Windows-3ECDFD0D44F449994F10E09D11EAC44A/
[2018.03.01-17.52.42:979][  0]SourceControl: Info 	Saved/Logs/UE4CC-Windows-3ECDFD0D44F449994F10E09D11EAC44A_0000/
[2018.03.01-17.52.42:979][  0]SourceControl: Info 	Saved/Logs/UE4CC-Windows-622D9B10413BA85278D639AF6FE8526E/
[2018.03.01-17.52.42:979][  0]SourceControl: Info 	Saved/Logs/UE4CC-Windows-62A159004FBCCF636DAD9184F3879FEB/
[2018.03.01-17.52.42:979][  0]SourceControl: Info 	Saved/Logs/UE4CC-Windows-62A159004FBCCF636DAD9184F3879FEB_0000/
[2018.03.01-17.52.42:979][  0]SourceControl: Info 	Saved/Logs/UE4CC-Windows-7293E1D3450596B64F0518BB1E0959CA/
[2018.03.01-17.52.42:979][  0]SourceControl: Info 	Saved/Logs/UE4CC-Windows-7293E1D3450596B64F0518BB1E0959CA_0000/
[2018.03.01-17.52.42:979][  0]SourceControl: Info 	Saved/Logs/UE4CC-Windows-7694725A4DDC131FBD40A293D0AFBC70/
[2018.03.01-17.52.42:979][  0]SourceControl: Info 	Saved/Logs/UE4CC-Windows-7EF74DA44F90FBCE8DF099BB88253DA0/
[2018.03.01-17.52.42:979][  0]SourceControl: Info 	Saved/Logs/UE4CC-Windows-AE44BA2648874FD38058C6A3BF7C8F80/
[2018.03.01-17.52.42:979][  0]SourceControl: Info 	Saved/Logs/UE4CC-Windows-B1123529433AF6A87429B0B735B4F9DD/
[2018.03.01-17.52.42:980][  0]SourceControl: Info 	Saved/Logs/UE4CC-Windows-CA44027D406EA709942BD38DE455A765/
[2018.03.01-17.52.42:980][  0]SourceControl: Info 	Saved/Logs/UE4CC-Windows-DD8DBDF24A6290D253E2E090A54BFB28/
[2018.03.01-17.52.42:980][  0]SourceControl: Info 	Saved/Logs/UE4CC-Windows-F20D6C3246000421D2FF3B97A226BCD0/
[2018.03.01-17.52.42:980][  0]SourceControl: Info 	Saved/Logs/UE4CC-Windows-F2AFC5224ACC5D64459A5BB90D888EC8/
[2018.03.01-17.52.42:980][  0]SourceControl: Info 	Saved/Logs/UE4CC-Windows-F5B23BFD44763475FCED08B803E73F73/
[2018.03.01-17.52.42:980][  0]SourceControl: Info 	Saved/Logs/UE4CC-Windows-F5CE685347FAA3DA21F4D88813DD9867/
[2018.03.01-17.52.42:980][  0]LogContentStreaming: Texture pool size now 400 MB
[2018.03.01-17.52.43:110][  0]LogSlate: Took 0.094782 seconds to synchronously load lazily loaded font '../../../Engine/Content/Slate/Fonts/Roboto-Regular.ttf' (155K)
[2018.03.01-17.52.43:222][  0]LogSlate: Took 0.104920 seconds to synchronously load lazily loaded font '../../../Engine/Content/Slate/Fonts/Roboto-Bold.ttf' (160K)
[2018.03.01-17.52.43:322][  0]LogSlate: Took 0.089278 seconds to synchronously load lazily loaded font '../../../Engine/Content/Editor/Slate/Fonts/FontAwesome.ttf' (139K)
[2018.03.01-17.52.44:356][  0]LogSlate: Took 0.037249 seconds to synchronously load lazily loaded font '../../../Engine/Content/Slate/Fonts/Roboto-Light.ttf' (159K)
[2018.03.01-17.52.44:487][  0]LogRenderer: Reallocating scene render targets to support 892x256 NumSamples 1 (Frame:2).
[2018.03.01-17.52.45:458][  2]LogSlate: Took 0.000818 seconds to synchronously load lazily loaded font '../../../Engine/Content/Slate/Fonts/Roboto-Light.ttf' (159K)
[2018.03.01-17.52.47:762][  9]LogAssetRegistry: Asset discovery search completed in 207.5303 seconds
[2018.03.01-17.52.47:762][  9]LogCollectionManager: Rebuilt the object cache for 1 collections in 0.000027 seconds (found 0 objects)
[2018.03.01-17.52.47:762][  9]LogCollectionManager: Fixed up redirectors for 1 collections in 0.000066 seconds (updated 0 objects)
[2018.03.01-17.53.59:095][853]SourceControl: Info fatal: C:/Program Files/Epic Games/UE_4.15/Engine/Content/: 'C:/Program Files/Epic Games/UE_4.15/Engine/Content/' is outside repository
[2018.03.01-17.53.59:431][853]LogPackageName:Error: Illegal call to DoesPackageExist: '../../../../../../Users/Kamil/Desktop/Repo_Mati/Game.uproject' is not a standard unreal filename or a long path name. Reason: Path should be no less than 4 characters long.
[2018.03.01-17.53.59:796][853]LogStats: FPlatformStackWalk::StackWalkAndDump -  0.365 s
[2018.03.01-17.53.59:796][853]LogOutputDevice:Error: === Handled ensure: ===
[2018.03.01-17.53.59:796][853]LogOutputDevice:Error: 
[2018.03.01-17.53.59:796][853]LogOutputDevice:Error: Ensure condition failed: false [File:D:\Build\++UE4+Release-4.15+Compile\Sync\Engine\Source\Runtime\CoreUObject\Private\Misc\PackageName.cpp] [Line: 650]
[2018.03.01-17.53.59:796][853]LogOutputDevice:Error: Illegal call to DoesPackageExist: '../../../../../../Users/Kamil/Desktop/Repo_Mati/Game.uproject' is not a standard unreal filename or a long path name. Reason: Path should be no less than 4 characters long.
[2018.03.01-17.53.59:796][853]LogOutputDevice:Error: Stack: 
[2018.03.01-17.53.59:796][853]LogOutputDevice:Error: UE4Editor-Core.dll!0x000000006FBC95E6
[2018.03.01-17.53.59:796][853]LogOutputDevice:Error: UE4Editor-Core.dll!0x000000006F979B82
[2018.03.01-17.53.59:796][853]LogOutputDevice:Error: UE4Editor-Core.dll!0x000000006F98B666
[2018.03.01-17.53.59:796][853]LogOutputDevice:Error: UE4Editor-CoreUObject.dll!0x000000008F11A6E8
[2018.03.01-17.53.59:796][853]LogOutputDevice:Error: UE4Editor-SourceControl.dll!0x0000000066313D22
[2018.03.01-17.53.59:796][853]LogOutputDevice:Error: UE4Editor-SourceControl.dll!0x0000000066313EB9
[2018.03.01-17.53.59:796][853]LogOutputDevice:Error: UE4Editor-SourceControlWindows.dll!0x0000000062FD1D2E
[2018.03.01-17.53.59:796][853]LogOutputDevice:Error: UE4Editor-SourceControlWindows.dll!0x0000000062F8B4B5
[2018.03.01-17.53.59:796][853]LogOutputDevice:Error: UE4Editor-SourceControlWindows.dll!0x0000000062F8AA8D
[2018.03.01-17.53.59:796][853]LogOutputDevice:Error: UE4Editor-SourceControlWindows.dll!0x0000000062F9F274
[2018.03.01-17.53.59:796][853]LogOutputDevice:Error: UE4Editor-GitSourceControl.dll!0x000000005BD4B851
[2018.03.01-17.53.59:796][853]LogOutputDevice:Error: UE4Editor-GitSourceControl.dll!0x000000005BD5D1ED
[2018.03.01-17.53.59:796][853]LogOutputDevice:Error: UE4Editor-SourceControl.dll!0x0000000066319C5C
[2018.03.01-17.53.59:796][853]LogOutputDevice:Error: UE4Editor-UnrealEd.dll!0x000000006A8C7517
[2018.03.01-17.53.59:796][853]LogOutputDevice:Error: UE4Editor-UnrealEd.dll!0x000000006B0D2196
[2018.03.01-17.53.59:796][853]LogOutputDevice:Error: UE4Editor.exe!0x0000000082F0DEE3
[2018.03.01-17.53.59:796][853]LogOutputDevice:Error: UE4Editor.exe!0x0000000082EFEB40
[2018.03.01-17.53.59:796][853]LogOutputDevice:Error: UE4Editor.exe!0x0000000082EFEBBA
[2018.03.01-17.53.59:796][853]LogOutputDevice:Error: UE4Editor.exe!0x0000000082F10A29
[2018.03.01-17.53.59:796][853]LogOutputDevice:Error: UE4Editor.exe!0x0000000082F122B6
[2018.03.01-17.53.59:796][853]LogOutputDevice:Error: KERNEL32.DLL!0x00000000A99213D2
[2018.03.01-17.53.59:797][853]LogOutputDevice:Error: ntdll.dll!0x00000000AB0254F4
[2018.03.01-17.53.59:797][853]LogOutputDevice:Error: 
[2018.03.01-17.53.59:807][853]LogStats:                SubmitErrorReport -  0.000 s
