Log file open, 02/20/18 13:06:21
LogInit:Display: Running engine for game: Game
LogPlatformFile: Not using cached read wrapper
LogInit:Display: RandInit(-1745375091) SRandInit(-1745375091).
LogTaskGraph: Started task graph with 5 named threads and 8 total threads with 1 sets of task threads.
LogStats: Stats thread started at 0.094439
LogInit: Using libcurl 7.47.1
LogInit:  - built for x86_64-pc-win32
LogInit:  - supports SSL with OpenSSL/1.0.2g
LogInit:  - supports HTTP deflate (compression) using libz 1.2.8
LogInit:  - other features:
LogInit:      CURL_VERSION_SSL
LogInit:      CURL_VERSION_LIBZ
LogInit:      CURL_VERSION_IPV6
LogInit:      CURL_VERSION_ASYNCHDNS
LogInit:      CURL_VERSION_LARGEFILE
LogInit:      CURL_VERSION_IDN
LogInit:  CurlRequestOptions (configurable via config and command line):
LogInit:  - bVerifyPeer = false  - Libcurl will NOT verify peer certificate
LogInit:  - bUseHttpProxy = false  - Libcurl will NOT use HTTP proxy
LogInit:  - bDontReuseConnections = false  - Libcurl will reuse connections
LogInit:  - CertBundlePath = nullptr  - Libcurl will use whatever was configured at build time.
LogInit: Build: ++UE4+Release-4.15-CL-3450819
LogInit: Engine Version: 4.15.3-3450819+++UE4+Release-4.15
LogInit: Compatible Engine Version: 4.15.0-3299760+++UE4+Release-4.15
LogInit: Net CL: 3299760
LogDevObjectVersion: Number of dev versions registered: 14
LogDevObjectVersion:   Dev-Blueprints (B0D832E4-1F89-4F0D-ACCF-7EB736FD4AA2): 8
LogDevObjectVersion:   Dev-Build (E1C64328-A22C-4D53-A36C-8E866417BD8C): 0
LogDevObjectVersion:   Dev-Core (375EC13C-06E4-48FB-B500-84F0262A717E): 2
LogDevObjectVersion:   Dev-Editor (E4B068ED-F494-42E9-A231-DA0B2E46BB41): 14
LogDevObjectVersion:   Dev-Framework (CFFC743F-43B0-4480-9391-14DF171D2073): 22
LogDevObjectVersion:   Dev-Mobile (B02B49B5-BB20-44E9-A304-32B752E40360): 0
LogDevObjectVersion:   Dev-Networking (A4E4105C-59A1-49B5-A7C5-40C4547EDFEE): 0
LogDevObjectVersion:   Dev-Online (39C831C9-5AE6-47DC-9A44-9C173E1C8E7C): 0
LogDevObjectVersion:   Dev-Physics (78F01B33-EBEA-4F98-B9B4-84EACCB95AA2): 0
LogDevObjectVersion:   Dev-Platform (6631380F-2D4D-43E0-8009-CF276956A95A): 0
LogDevObjectVersion:   Dev-Rendering (12F88B9F-8875-4AFC-A67C-D90C383ABD29): 12
LogDevObjectVersion:   Dev-Sequencer (7B5AE74C-D270-4C10-A958-57980B212A5A): 3
LogDevObjectVersion:   Dev-VR (D7296918-1DD6-4BDD-9DE2-64A83CC13884): 0
LogDevObjectVersion:   Dev-LoadTimes (C2A15278-BFE7-4AFE-6C17-90FF531DF755): 1
LogInit: Compiled (64-bit): May 21 2017 11:02:34
LogInit: Compiled with Visual C++: 19.00.23026.00
LogInit: Build Configuration: Development
LogInit: Branch Name: ++UE4+Release-4.15
LogInit: Command line: -EpicPortal 
LogInit: Base directory: C:/Program Files/Epic Games/UE_4.15/Engine/Binaries/Win64/
LogInit: Installed Engine Build: 1
LogInit: Presizing for max 8388607 objects, including 0 objects not considered by GC, pre-allocating 0 bytes for permanent pool.
LogInit: Object subsystem initialized
[2018.02.20-12.06.23:043][  0]LogInit: Selected Device Profile: [Windows]
[2018.02.20-12.06.23:043][  0]LogInit: Applying CVar settings loaded from the selected device profile: [Windows]
[2018.02.20-12.06.23:054][  0]LogInit: Computer: ADMIN
[2018.02.20-12.06.23:054][  0]LogInit: User: Mateusz
[2018.02.20-12.06.23:054][  0]LogInit: CPU Page size=65536, Cores=4
[2018.02.20-12.06.23:054][  0]LogInit: High frequency timer resolution =3.919344 MHz
[2018.02.20-12.06.23:055][  0]LogMemory: Memory total: Physical=15.9GB (16GB approx)
[2018.02.20-12.06.23:055][  0]LogMemory: Platform Memory Stats for Windows
[2018.02.20-12.06.23:055][  0]LogMemory: Process Physical Memory: 261.89 MB used, 261.89 MB peak
[2018.02.20-12.06.23:055][  0]LogMemory: Process Virtual Memory: 262.55 MB used, 262.55 MB peak
[2018.02.20-12.06.23:055][  0]LogMemory: Physical Memory: 6866.09 MB used,  9417.41 MB free, 16283.50 MB total
[2018.02.20-12.06.23:055][  0]LogMemory: Virtual Memory: 628.65 MB used,  9417.41 MB free, 134217728.00 MB total
[2018.02.20-12.06.23:187][  0]LogTextLocalizationManager: No translations for ('pl-PL') exist, falling back to 'en' for localization and internationalization data.
[2018.02.20-12.06.23:974][  0]LogD3D11RHI: D3D11 adapters:
[2018.02.20-12.06.24:011][  0]LogD3D11RHI:    0. 'NVIDIA GeForce GTX 960' (Feature Level 11_0)
[2018.02.20-12.06.24:011][  0]LogD3D11RHI:       1937/0/8141 MB DedicatedVideo/DedicatedSystem/SharedSystem, Outputs:1, VendorId:0x10de
[2018.02.20-12.06.24:012][  0]LogD3D11RHI:    1. 'Microsoft Basic Render Driver' (Feature Level 11_0)
[2018.02.20-12.06.24:012][  0]LogD3D11RHI:       0/0/256 MB DedicatedVideo/DedicatedSystem/SharedSystem, Outputs:0, VendorId:0x1414
[2018.02.20-12.06.24:012][  0]LogD3D11RHI: Chosen D3D11 Adapter: 0
[2018.02.20-12.06.24:018][  0]LogD3D11RHI: Creating new Direct3DDevice
[2018.02.20-12.06.24:018][  0]LogD3D11RHI:     GPU DeviceId: 0x1401 (for the marketing name, search the web for "GPU Device Id")
[2018.02.20-12.06.24:018][  0]LogWindows: EnumDisplayDevices:
[2018.02.20-12.06.24:019][  0]LogWindows:    0. 'NVIDIA GeForce GTX 960' (P:1 D:1)
[2018.02.20-12.06.24:019][  0]LogWindows:    1. 'NVIDIA GeForce GTX 960' (P:0 D:0)
[2018.02.20-12.06.24:019][  0]LogWindows:    2. 'NVIDIA GeForce GTX 960' (P:0 D:0)
[2018.02.20-12.06.24:019][  0]LogWindows:    3. 'NVIDIA GeForce GTX 960' (P:0 D:0)
[2018.02.20-12.06.24:019][  0]LogWindows: DebugString: FoundDriverCount:4 
[2018.02.20-12.06.24:019][  0]LogD3D11RHI:     Adapter Name: NVIDIA GeForce GTX 960
[2018.02.20-12.06.24:019][  0]LogD3D11RHI:   Driver Version: 388.71 (internal:23.21.13.8871, unified:388.71)
[2018.02.20-12.06.24:019][  0]LogD3D11RHI:      Driver Date: 12-15-2017
[2018.02.20-12.06.24:020][  0]LogRHI: Texture pool is 1356 MB (70% of 1937 MB)
[2018.02.20-12.06.24:039][  0]LogD3D11RHI: Async texture creation enabled
[2018.02.20-12.06.24:065][  0]LogD3D11RHI: GPU Timing Frequency: 1000.000000 (Debug: 2 2)
[2018.02.20-12.06.24:068][  0]LogShaderCompilers: Guid format shader working directory is 8 characters bigger than the processId version (D:/Unreal Engine Projects/AndroGame-moje/Intermediate/Shaders/WorkingDirectory/9928/).
[2018.02.20-12.06.24:069][  0]LogShaderCompilers: Cleaned the shader compiler working directory 'C:/Users/Mateusz/AppData/Local/Temp/UnrealShaderWorkingDir/80E0B48F42F19D2FB44E98ADFD5225FA/'.
[2018.02.20-12.06.24:069][  0]LogShaderCompilers:Display: Using Local Shader Compiler.
[2018.02.20-12.06.25:654][  0]LogTemp:Display: Loaded TP AllDesktopTargetPlatform
[2018.02.20-12.06.25:745][  0]LogTemp:Display: Loaded TP MacClientTargetPlatform
[2018.02.20-12.06.25:835][  0]LogTemp:Display: Loaded TP MacNoEditorTargetPlatform
[2018.02.20-12.06.25:925][  0]LogTemp:Display: Loaded TP MacServerTargetPlatform
[2018.02.20-12.06.26:016][  0]LogTemp:Display: Loaded TP MacTargetPlatform
[2018.02.20-12.06.26:107][  0]LogTemp:Display: Loaded TP WindowsClientTargetPlatform
[2018.02.20-12.06.26:197][  0]LogTemp:Display: Loaded TP WindowsNoEditorTargetPlatform
[2018.02.20-12.06.26:293][  0]LogTemp:Display: Loaded TP WindowsServerTargetPlatform
[2018.02.20-12.06.26:370][  0]LogTemp:Display: Loaded TP WindowsTargetPlatform
[2018.02.20-12.06.26:459][  0]LogTemp:Display: Loaded TP AndroidTargetPlatform
[2018.02.20-12.06.26:549][  0]LogTemp:Display: Loaded TP Android_ASTCTargetPlatform
[2018.02.20-12.06.26:638][  0]LogTemp:Display: Loaded TP Android_ATCTargetPlatform
[2018.02.20-12.06.26:727][  0]LogTemp:Display: Loaded TP Android_DXTTargetPlatform
[2018.02.20-12.06.26:816][  0]LogTemp:Display: Loaded TP Android_ETC1TargetPlatform
[2018.02.20-12.06.26:906][  0]LogTemp:Display: Loaded TP Android_ETC2TargetPlatform
[2018.02.20-12.06.27:087][  0]LogTemp:Display: Loaded TP Android_MultiTargetPlatform
[2018.02.20-12.06.27:087][  0]LogTemp:Display: Loaded TP Android_PVRTCTargetPlatform
[2018.02.20-12.06.27:152][  0]LogTemp:Display: Loaded TP HTML5TargetPlatform
[2018.02.20-12.06.27:301][  0]LogTemp:Display: Loaded TP IOSTargetPlatform
[2018.02.20-12.06.27:358][  0]LogTemp:Display: Loaded TP TVOSTargetPlatform
[2018.02.20-12.06.27:448][  0]LogTemp:Display: Loaded TP LinuxClientTargetPlatform
[2018.02.20-12.06.27:538][  0]LogTemp:Display: Loaded TP LinuxNoEditorTargetPlatform
[2018.02.20-12.06.27:633][  0]LogTemp:Display: Loaded TP LinuxServerTargetPlatform
[2018.02.20-12.06.27:723][  0]LogTemp:Display: Loaded TP LinuxTargetPlatform
[2018.02.20-12.06.27:723][  0]LogTargetPlatformManager:Display: Building Assets For Windows
[2018.02.20-12.06.28:478][  0]LogDerivedDataCache:Display: Max Cache Size: 512 MB
[2018.02.20-12.06.28:567][  0]LogDerivedDataCache: Loaded boot cache 0.09s 50MB C:/Users/Mateusz/AppData/Local/UnrealEngine/4.15/DerivedDataCache/Boot.ddc.
[2018.02.20-12.06.28:567][  0]LogDerivedDataCache:Display: Loaded Boot cache: C:/Users/Mateusz/AppData/Local/UnrealEngine/4.15/DerivedDataCache/Boot.ddc
[2018.02.20-12.06.28:567][  0]LogDerivedDataCache: FDerivedDataBackendGraph:  Pak pak cache file D:/Unreal Engine Projects/AndroGame-moje/DerivedDataCache/DDC.ddp not found, will not use a pak cache.
[2018.02.20-12.06.28:567][  0]LogDerivedDataCache: Unable to find inner node Pak for hierarchical cache Hierarchy.
[2018.02.20-12.06.28:567][  0]LogDerivedDataCache: FDerivedDataBackendGraph:  CompressedPak pak cache file D:/Unreal Engine Projects/AndroGame-moje/DerivedDataCache/Compressed.ddp not found, will not use a pak cache.
[2018.02.20-12.06.28:567][  0]LogDerivedDataCache: Unable to find inner node CompressedPak for hierarchical cache Hierarchy.
[2018.02.20-12.06.28:592][  0]LogDerivedDataCache:Display: Pak cache opened for reading ../../../Engine/DerivedDataCache/Compressed.ddp.
[2018.02.20-12.06.28:605][  0]LogDerivedDataCache: Using Local data cache path C:/Users/Mateusz/AppData/Local/UnrealEngine/Common/DerivedDataCache: Writable
[2018.02.20-12.06.28:619][  0]LogSlate: Using Freetype 2.6.0
[2018.02.20-12.06.28:620][  0]LogSlate: SlateFontCache - WITH_FREETYPE: 1, WITH_HARFBUZZ: 1
[2018.02.20-12.06.28:620][  0]LogSlate: SlateFontCache - WITH_FREETYPE: 1, WITH_HARFBUZZ: 1
[2018.02.20-12.06.29:023][  0]LogInit: Selected Device Profile: [Windows]
[2018.02.20-12.06.29:027][  0]LogContentStreaming: Texture pool size is 0.00 MB
[2018.02.20-12.06.29:375][  0]LogMeshUtilities: Using QuadricMeshReduction for automatic static mesh reduction
[2018.02.20-12.06.29:470][  0]LogSimplygon: Simplygon DLL not present - disabling.
[2018.02.20-12.06.29:582][  0]LogMeshUtilities: Using SimplygonSwarm for distributed automatic mesh merging
[2018.02.20-12.06.29:582][  0]LogMeshUtilities: No automatic skeletal mesh reduction module available
[2018.02.20-12.06.29:582][  0]LogMeshUtilities: No automatic mesh merging module available
[2018.02.20-12.06.30:682][  0]LogNetVersion: GetLocalNetworkVersion: CL: 3299760, ProjectName: game, ProjectVersion: , EngineNetworkVersion: 2, GameNetworkVersion: 0, NetworkChecksum: 2653008601
[2018.02.20-12.06.30:760][  0]LogAssetRegistry: FAssetRegistry took 0.0226 seconds to start up
[2018.02.20-12.06.30:842][  0]LogPackageLocalizationCache: Processed 3 localized package path(s) for 1 prioritized culture(s) in 0.024825 seconds
[2018.02.20-12.06.30:855][  0]LogUObjectArray: 32493 objects as part of root set at end of initial load.
[2018.02.20-12.06.30:855][  0]LogUObjectAllocator: 7077024 out of 0 bytes used by permanent object pool.
[2018.02.20-12.06.30:855][  0]LogUObjectArray: CloseDisregardForGC: 0/0 objects in disregard for GC pool
[2018.02.20-12.06.30:993][  0]LogInit: WinSock: version 1.1 (2.2), MaxSocks=32767, MaxUdp=65467
[2018.02.20-12.06.33:556][  0]LogTcpMessaging: Initializing TcpMessaging bridge
[2018.02.20-12.06.33:619][  0]LogUdpMessaging: Initializing bridge on interface 0.0.0.0:0 to multicast group 230.0.0.1:6666.
[2018.02.20-12.06.34:335][  0]LogMaterial: Uniform references updated for custom material expression Custom.
[2018.02.20-12.06.34:953][  0]SourceControl: Info Source control is disabled
[2018.02.20-12.06.37:243][  0]LogEngine: Initializing Engine...
[2018.02.20-12.06.37:244][  0]LogHMD: Failed to initialize OpenVR with code 110
[2018.02.20-12.06.37:375][  0]LogStats: UGameplayTagsManager::ConstructGameplayTagTree: Construct from data asset -  0.000 s
[2018.02.20-12.06.37:375][  0]LogStats: UGameplayTagsManager::ConstructGameplayTagTree: GameplayTagTreeChangedEvent.Broadcast -  0.000 s
[2018.02.20-12.06.37:578][  0]LogAIModule: Creating AISystem for world Untitled
[2018.02.20-12.06.37:604][  0]LogInit: XAudio2 using 'Głośniki (Realtek High Definition Audio)' : 2 channels at 48 kHz using 32 bits per sample (channel mask 0x3)
[2018.02.20-12.06.37:617][  0]LogInit: FAudioDevice initialized.
[2018.02.20-12.06.37:686][  0]LogDerivedDataCache: Saved boot cache 0.07s 50MB C:/Users/Mateusz/AppData/Local/UnrealEngine/4.15/DerivedDataCache/Boot.ddc.
[2018.02.20-12.06.37:700][  0]LogInit: Texture streaming: Enabled
[2018.02.20-12.06.37:868][  0]LogEngineSessionManager: EngineSessionManager initialized
[2018.02.20-12.06.38:014][  0]LogInit: Transaction tracking system initialized
[2018.02.20-12.06.38:595][  0]BlueprintLog: New page: Editor Load
[2018.02.20-12.06.40:079][  0]LocalizationService: Info Localization service is disabled
[2018.02.20-12.06.41:198][  0]LogConsoleResponse:Display: 
[2018.02.20-12.06.41:361][  0]LogCook:Display: Max memory allowance for cook 16384mb min free memory 0mb
[2018.02.20-12.06.41:361][  0]LogCook:Display: Mobile HDR setting 0
[2018.02.20-12.06.42:164][  0]LogFileCache: Scanning file cache for directory 'D:/Unreal Engine Projects/AndroGame-moje/Content/' took 0.03s
[2018.02.20-12.06.43:116][  0]Cmd: MAP LOAD FILE="D:/Unreal Engine Projects/AndroGame-moje/Content/TopDownBP/Maps/TopDownExampleMap.umap" TEMPLATE=0 SHOWPROGRESS=1 FEATURELEVEL=3
[2018.02.20-12.06.43:117][  0]LightingResults: New page: Lighting Build
[2018.02.20-12.06.43:188][  0]MapCheck: New page: Map Check
[2018.02.20-12.06.43:188][  0]LightingResults: New page: Lighting Build
[2018.02.20-12.06.44:047][  0]LogAIModule: Creating AISystem for world TopDownExampleMap
[2018.02.20-12.06.44:095][  0]LogEditorServer: Finished looking for orphan Actors (0.000 secs)
[2018.02.20-12.06.44:096][  0]Cmd: MAP CHECKDEP NOCLEARLOG
[2018.02.20-12.06.44:184][  0]MapCheck: Info Map check complete: 0 Error(s), 0 Warning(s), took 88.286ms to complete.
[2018.02.20-12.06.44:184][  0]LogFileHelpers: Loading map 'TopDownExampleMap' took 1.068
[2018.02.20-12.06.44:399][  0]LogCollectionManager: Loaded 1 collections in 0.002422 seconds
[2018.02.20-12.06.44:509][  0]LogFileCache: Scanning file cache for directory 'D:/Unreal Engine Projects/AndroGame-moje/Saved/Collections/' took 0.01s
[2018.02.20-12.06.44:509][  0]LogFileCache: Scanning file cache for directory 'D:/Unreal Engine Projects/AndroGame-moje/Content/Developers/Mateusz/Collections/' took 0.01s
[2018.02.20-12.06.44:509][  0]LogFileCache: Scanning file cache for directory 'D:/Unreal Engine Projects/AndroGame-moje/Content/Collections/' took 0.01s
[2018.02.20-12.06.44:509][  0]LogCollectionManager: Rebuilt the GUID cache for 1 collections in 0.000004 seconds
[2018.02.20-12.06.44:509][  0]LogCollectionManager: Rebuilt the hierarchy cache for 1 collections in 0.000000 seconds
[2018.02.20-12.06.44:524][  0]LogContentBrowser: Native class hierarchy populated in 0.0140 seconds. Added 2245 classes and 453 folders.
[2018.02.20-12.06.44:636][  0]LogContentBrowser: Native class hierarchy updated for 'WidgetCarousel' in 0.0007 seconds. Added 0 classes and 0 folders.
[2018.02.20-12.06.44:706][  0]LogContentBrowser: Native class hierarchy updated for 'AddContentDialog' in 0.0007 seconds. Added 0 classes and 0 folders.
[2018.02.20-12.06.44:778][  0]LogContentBrowser: Native class hierarchy updated for 'SceneOutliner' in 0.0006 seconds. Added 1 classes and 2 folders.
[2018.02.20-12.06.44:849][  0]LogCrashTracker: Crashtracker disabled due to settings.
[2018.02.20-12.06.44:856][  0]LogUObjectGlobals:Warning: Failed to find object 'Class None.'
[2018.02.20-12.06.44:955][  0]LogContentBrowser: Native class hierarchy updated for 'HierarchicalLODOutliner' in 0.0009 seconds. Added 1 classes and 2 folders.
[2018.02.20-12.06.44:955][  0]LogLoad: (Engine Initialization) Total time: 24.97 seconds
[2018.02.20-12.06.44:955][  0]LogLoad: (Engine Initialization) Total Blueprint compile time: 0.31 seconds
[2018.02.20-12.06.44:955][  0]LogExternalProfiler: Found external profiler: VSPerf
[2018.02.20-12.06.44:955][  0]LogExternalProfiler: Using external profiler: VSPerf
[2018.02.20-12.06.44:964][  0]LogOcInput: OculusInput pre-init called
[2018.02.20-12.06.44:986][  0]LogContentStreaming: Texture pool size now 1000 MB
[2018.02.20-12.06.44:988][  0]LogSlate: Took 0.000273 seconds to synchronously load lazily loaded font '../../../Engine/Content/Slate/Fonts/Roboto-Regular.ttf' (155K)
[2018.02.20-12.06.44:993][  0]LogSlate: Took 0.000279 seconds to synchronously load lazily loaded font '../../../Engine/Content/Slate/Fonts/Roboto-Bold.ttf' (160K)
[2018.02.20-12.06.44:999][  0]LogSlate: Took 0.000346 seconds to synchronously load lazily loaded font '../../../Engine/Content/Editor/Slate/Fonts/FontAwesome.ttf' (139K)
[2018.02.20-12.06.45:136][  0]LogSlate: Took 0.000355 seconds to synchronously load lazily loaded font '../../../Engine/Content/Slate/Fonts/Roboto-Light.ttf' (159K)
[2018.02.20-12.06.45:297][  0]LogRenderer: Reallocating scene render targets to support 1000x576 NumSamples 1 (Frame:2).
[2018.02.20-12.06.47:328][209]LogAssetRegistry: Asset discovery search completed in 16.5911 seconds
[2018.02.20-12.06.47:328][209]LogCollectionManager: Rebuilt the object cache for 1 collections in 0.000008 seconds (found 0 objects)
[2018.02.20-12.06.47:328][209]LogCollectionManager: Fixed up redirectors for 1 collections in 0.000022 seconds (updated 0 objects)
[2018.02.20-12.07.09:997][437]SourceControl: Info On branch Walkingbeer
[2018.02.20-12.07.09:997][437]SourceControl: Info Your branch is up to date with 'origin/Walkingbeer'.
[2018.02.20-12.07.09:997][437]SourceControl: Info Changes not staged for commit:
[2018.02.20-12.07.09:997][437]SourceControl: Info   (use "git add <file>..." to update what will be committed)
[2018.02.20-12.07.09:997][437]SourceControl: Info   (use "git checkout -- <file>..." to discard changes in working directory)
[2018.02.20-12.07.09:997][437]SourceControl: Info 	modified:   Intermediate/CachedAssetRegistry.bin
[2018.02.20-12.07.09:997][437]SourceControl: Info 	modified:   Saved/Logs/Game.log
[2018.02.20-12.07.09:997][437]SourceControl: Info Untracked files:
[2018.02.20-12.07.09:997][437]SourceControl: Info   (use "git add <file>..." to include in what will be committed)
[2018.02.20-12.07.09:997][437]SourceControl: Info 	Saved/Logs/Game-backup-2018.02.20-13.06.21.log
[2018.02.20-12.07.09:997][437]SourceControl: Info 	Saved/Logs/UE4CC-Windows-8C5AE5CB4DD624897BA894AC8894D4B9/
[2018.02.20-12.07.09:997][437]SourceControl: Info no changes added to commit (use "git add" and/or "git commit -a")
[2018.02.20-12.07.16:319][155]SourceControl: Info fatal: C:/Program Files/Epic Games/UE_4.15/Engine/Content/: 'C:/Program Files/Epic Games/UE_4.15/Engine/Content/' is outside repository
[2018.02.20-12.07.16:513][155]LogPackageName:Error: Illegal call to DoesPackageExist: 'D:/Unreal Engine Projects/AndroGame-moje/Game.uproject' is not a standard unreal filename or a long path name. Reason: Path should be no less than 4 characters long.
[2018.02.20-12.07.16:694][155]LogStats: FPlatformStackWalk::StackWalkAndDump -  0.181 s
[2018.02.20-12.07.16:694][155]LogOutputDevice:Error: === Handled ensure: ===
[2018.02.20-12.07.16:694][155]LogOutputDevice:Error: 
[2018.02.20-12.07.16:694][155]LogOutputDevice:Error: Ensure condition failed: false [File:D:\Build\++UE4+Release-4.15+Compile\Sync\Engine\Source\Runtime\CoreUObject\Private\Misc\PackageName.cpp] [Line: 650]
[2018.02.20-12.07.16:694][155]LogOutputDevice:Error: Illegal call to DoesPackageExist: 'D:/Unreal Engine Projects/AndroGame-moje/Game.uproject' is not a standard unreal filename or a long path name. Reason: Path should be no less than 4 characters long.
[2018.02.20-12.07.16:694][155]LogOutputDevice:Error: Stack: 
[2018.02.20-12.07.16:694][155]LogOutputDevice:Error: UE4Editor-Core.dll!0x00000000F3CA95E6
[2018.02.20-12.07.16:694][155]LogOutputDevice:Error: UE4Editor-Core.dll!0x00000000F3A59B82
[2018.02.20-12.07.16:694][155]LogOutputDevice:Error: UE4Editor-Core.dll!0x00000000F3A6B666
[2018.02.20-12.07.16:694][155]LogOutputDevice:Error: UE4Editor-CoreUObject.dll!0x00000000FAC0A6E8
[2018.02.20-12.07.16:694][155]LogOutputDevice:Error: UE4Editor-SourceControl.dll!0x00000000FA323D22
[2018.02.20-12.07.16:694][155]LogOutputDevice:Error: UE4Editor-SourceControl.dll!0x00000000FA323EB9
[2018.02.20-12.07.16:694][155]LogOutputDevice:Error: UE4Editor-SourceControlWindows.dll!0x00000000E6FD1D2E
[2018.02.20-12.07.16:694][155]LogOutputDevice:Error: UE4Editor-SourceControlWindows.dll!0x00000000E6F8B4B5
[2018.02.20-12.07.16:694][155]LogOutputDevice:Error: UE4Editor-SourceControlWindows.dll!0x00000000E6F8AA8D
[2018.02.20-12.07.16:694][155]LogOutputDevice:Error: UE4Editor-SourceControlWindows.dll!0x00000000E6F9F274
[2018.02.20-12.07.16:694][155]LogOutputDevice:Error: UE4Editor-GitSourceControl.dll!0x00000000DE58B851
[2018.02.20-12.07.16:694][155]LogOutputDevice:Error: UE4Editor-GitSourceControl.dll!0x00000000DE59D1ED
[2018.02.20-12.07.16:694][155]LogOutputDevice:Error: UE4Editor-SourceControl.dll!0x00000000FA329C5C
[2018.02.20-12.07.16:694][155]LogOutputDevice:Error: UE4Editor-UnrealEd.dll!0x00000000EE647517
[2018.02.20-12.07.16:694][155]LogOutputDevice:Error: UE4Editor-UnrealEd.dll!0x00000000EEE52196
[2018.02.20-12.07.16:694][155]LogOutputDevice:Error: UE4Editor.exe!0x00000000DAAEDEE3
[2018.02.20-12.07.16:694][155]LogOutputDevice:Error: UE4Editor.exe!0x00000000DAADEB40
[2018.02.20-12.07.16:694][155]LogOutputDevice:Error: UE4Editor.exe!0x00000000DAADEBBA
[2018.02.20-12.07.16:694][155]LogOutputDevice:Error: UE4Editor.exe!0x00000000DAAF0A29
[2018.02.20-12.07.16:694][155]LogOutputDevice:Error: UE4Editor.exe!0x00000000DAAF22B6
[2018.02.20-12.07.16:694][155]LogOutputDevice:Error: KERNEL32.DLL!0x000000002C2D13D2
[2018.02.20-12.07.16:694][155]LogOutputDevice:Error: ntdll.dll!0x000000002C6754F4
[2018.02.20-12.07.16:694][155]LogOutputDevice:Error: 
[2018.02.20-12.07.16:704][155]LogStats:                SubmitErrorReport -  0.000 s
