Log file open, 02/18/18 02:05:03
LogInit:Display: Running engine for game: Game
LogPlatformFile: Not using cached read wrapper
LogInit:Display: RandInit(-1382464607) SRandInit(-1382464607).
LogTaskGraph: Started task graph with 5 named threads and 6 total threads with 1 sets of task threads.
LogStats: Stats thread started at 0.082898
LogInit: Using libcurl 7.47.1
LogInit:  - built for x86_64-pc-win32
LogInit:  - supports SSL with OpenSSL/1.0.2g
LogInit:  - supports HTTP deflate (compression) using libz 1.2.8
LogInit:  - other features:
LogInit:      CURL_VERSION_SSL
LogInit:      CURL_VERSION_LIBZ
LogInit:      CURL_VERSION_IPV6
LogInit:      CURL_VERSION_ASYNCHDNS
LogInit:      CURL_VERSION_LARGEFILE
LogInit:      CURL_VERSION_IDN
LogInit:  CurlRequestOptions (configurable via config and command line):
LogInit:  - bVerifyPeer = false  - Libcurl will NOT verify peer certificate
LogInit:  - bUseHttpProxy = false  - Libcurl will NOT use HTTP proxy
LogInit:  - bDontReuseConnections = false  - Libcurl will reuse connections
LogInit:  - CertBundlePath = nullptr  - Libcurl will use whatever was configured at build time.
LogInit: Build: ++UE4+Release-4.15-CL-3450819
LogInit: Engine Version: 4.15.3-3450819+++UE4+Release-4.15
LogInit: Compatible Engine Version: 4.15.0-3299760+++UE4+Release-4.15
LogInit: Net CL: 3299760
LogDevObjectVersion: Number of dev versions registered: 14
LogDevObjectVersion:   Dev-Blueprints (B0D832E4-1F89-4F0D-ACCF-7EB736FD4AA2): 8
LogDevObjectVersion:   Dev-Build (E1C64328-A22C-4D53-A36C-8E866417BD8C): 0
LogDevObjectVersion:   Dev-Core (375EC13C-06E4-48FB-B500-84F0262A717E): 2
LogDevObjectVersion:   Dev-Editor (E4B068ED-F494-42E9-A231-DA0B2E46BB41): 14
LogDevObjectVersion:   Dev-Framework (CFFC743F-43B0-4480-9391-14DF171D2073): 22
LogDevObjectVersion:   Dev-Mobile (B02B49B5-BB20-44E9-A304-32B752E40360): 0
LogDevObjectVersion:   Dev-Networking (A4E4105C-59A1-49B5-A7C5-40C4547EDFEE): 0
LogDevObjectVersion:   Dev-Online (39C831C9-5AE6-47DC-9A44-9C173E1C8E7C): 0
LogDevObjectVersion:   Dev-Physics (78F01B33-EBEA-4F98-B9B4-84EACCB95AA2): 0
LogDevObjectVersion:   Dev-Platform (6631380F-2D4D-43E0-8009-CF276956A95A): 0
LogDevObjectVersion:   Dev-Rendering (12F88B9F-8875-4AFC-A67C-D90C383ABD29): 12
LogDevObjectVersion:   Dev-Sequencer (7B5AE74C-D270-4C10-A958-57980B212A5A): 3
LogDevObjectVersion:   Dev-VR (D7296918-1DD6-4BDD-9DE2-64A83CC13884): 0
LogDevObjectVersion:   Dev-LoadTimes (C2A15278-BFE7-4AFE-6C17-90FF531DF755): 1
LogInit: Compiled (64-bit): May 21 2017 11:02:34
LogInit: Compiled with Visual C++: 19.00.23026.00
LogInit: Build Configuration: Development
LogInit: Branch Name: ++UE4+Release-4.15
LogInit: Command line: -EpicPortal 
LogInit: Base directory: C:/Program Files/Epic Games/UE_4.15/Engine/Binaries/Win64/
LogInit: Installed Engine Build: 1
LogInit: Presizing for max 8388607 objects, including 0 objects not considered by GC, pre-allocating 0 bytes for permanent pool.
LogInit: Object subsystem initialized
[2018.02.18-01.05.05:783][  0]LogInit: Selected Device Profile: [Windows]
[2018.02.18-01.05.05:783][  0]LogInit: Applying CVar settings loaded from the selected device profile: [Windows]
[2018.02.18-01.05.05:814][  0]LogInit: Computer: P
[2018.02.18-01.05.05:814][  0]LogInit: User: Patrycja
[2018.02.18-01.05.05:814][  0]LogInit: CPU Page size=65536, Cores=2
[2018.02.18-01.05.05:814][  0]LogInit: High frequency timer resolution =3.515722 MHz
[2018.02.18-01.05.05:814][  0]LogMemory: Memory total: Physical=7.9GB (8GB approx)
[2018.02.18-01.05.05:814][  0]LogMemory: Platform Memory Stats for Windows
[2018.02.18-01.05.05:814][  0]LogMemory: Process Physical Memory: 264.58 MB used, 264.58 MB peak
[2018.02.18-01.05.05:814][  0]LogMemory: Process Virtual Memory: 264.42 MB used, 264.42 MB peak
[2018.02.18-01.05.05:814][  0]LogMemory: Physical Memory: 3130.52 MB used,  5009.54 MB free, 8140.07 MB total
[2018.02.18-01.05.05:814][  0]LogMemory: Virtual Memory: 632.10 MB used,  5009.54 MB free, 8388608.00 MB total
[2018.02.18-01.05.06:030][  0]LogTextLocalizationManager: No translations for ('pl-PL') exist, falling back to 'en' for localization and internationalization data.
[2018.02.18-01.05.08:369][  0]LogD3D11RHI: D3D11 adapters:
[2018.02.18-01.05.08:408][  0]LogD3D11RHI:    0. 'NVIDIA GeForce GT 640' (Feature Level 11_0)
[2018.02.18-01.05.08:408][  0]LogD3D11RHI:       4027/0/3814 MB DedicatedVideo/DedicatedSystem/SharedSystem, Outputs:1, VendorId:0x10de
[2018.02.18-01.05.08:408][  0]LogD3D11RHI: Chosen D3D11 Adapter: 0
[2018.02.18-01.05.08:512][  0]LogD3D11RHI: Creating new Direct3DDevice
[2018.02.18-01.05.08:513][  0]LogD3D11RHI:     GPU DeviceId: 0xfc1 (for the marketing name, search the web for "GPU Device Id")
[2018.02.18-01.05.08:513][  0]LogWindows: EnumDisplayDevices:
[2018.02.18-01.05.08:513][  0]LogWindows:    0. 'NVIDIA GeForce GT 640' (P:1 D:1)
[2018.02.18-01.05.08:513][  0]LogWindows:    1. 'NVIDIA GeForce GT 640' (P:0 D:0)
[2018.02.18-01.05.08:514][  0]LogWindows:    2. 'NVIDIA GeForce GT 640' (P:0 D:0)
[2018.02.18-01.05.08:514][  0]LogWindows:    3. 'RDPDD Chained DD' (P:0 D:0)
[2018.02.18-01.05.08:514][  0]LogWindows:    4. 'RDP Encoder Mirror Driver' (P:0 D:0)
[2018.02.18-01.05.08:515][  0]LogWindows:    5. 'RDP Reflector Display Driver' (P:0 D:0)
[2018.02.18-01.05.08:515][  0]LogWindows: DebugString: GetVideoDriverDetailsInvalid PrimaryIsNotTheChoosenAdapter GetVideoDriverDetailsInvalid PrimaryIsNotTheChoosenAdapter GetVideoDriverDetailsInvalid PrimaryIsNotTheChoosenAdapter FoundDriverCount:3 
[2018.02.18-01.05.08:515][  0]LogD3D11RHI:     Adapter Name: NVIDIA GeForce GT 640
[2018.02.18-01.05.08:515][  0]LogD3D11RHI:   Driver Version: 388.13 (internal:23.21.13.8813, unified:388.13)
[2018.02.18-01.05.08:515][  0]LogD3D11RHI:      Driver Date: 10-27-2017
[2018.02.18-01.05.08:515][  0]LogRHI: Texture pool is 1361 MB (70% of 1945 MB)
[2018.02.18-01.05.08:535][  0]LogD3D11RHI:Warning: Timestamp queries are currently disabled on this hardware due to instability. Realtime GPU stats will not be available. You can override this behaviour by setting r.NVIDIATimestampWorkaround to 0
[2018.02.18-01.05.08:758][  0]LogD3D11RHI: Async texture creation enabled
[2018.02.18-01.05.08:777][  0]LogD3D11RHI: GPU Timing Frequency: 1000.000000 (Debug: 2 2)
[2018.02.18-01.05.08:826][  0]LogShaderCompilers: Guid format shader working directory is -14 characters bigger than the processId version (../../../../../../Users/Patrycja/Documents/Unreal Projects/Game/Intermediate/Shaders/WorkingDirectory/7612/).
[2018.02.18-01.05.08:826][  0]LogShaderCompilers: Cleaned the shader compiler working directory 'C:/Users/Patrycja/AppData/Local/Temp/UnrealShaderWorkingDir/5E487D4D4D9ABC8D16ABD084E3262146/'.
[2018.02.18-01.05.08:826][  0]LogShaderCompilers:Display: Using Local Shader Compiler.
[2018.02.18-01.05.10:897][  0]LogTemp:Display: Loaded TP AllDesktopTargetPlatform
[2018.02.18-01.05.11:054][  0]LogTemp:Display: Loaded TP MacClientTargetPlatform
[2018.02.18-01.05.11:178][  0]LogTemp:Display: Loaded TP MacNoEditorTargetPlatform
[2018.02.18-01.05.11:304][  0]LogTemp:Display: Loaded TP MacServerTargetPlatform
[2018.02.18-01.05.11:434][  0]LogTemp:Display: Loaded TP MacTargetPlatform
[2018.02.18-01.05.11:555][  0]LogTemp:Display: Loaded TP WindowsClientTargetPlatform
[2018.02.18-01.05.11:681][  0]LogTemp:Display: Loaded TP WindowsNoEditorTargetPlatform
[2018.02.18-01.05.11:802][  0]LogTemp:Display: Loaded TP WindowsServerTargetPlatform
[2018.02.18-01.05.11:904][  0]LogTemp:Display: Loaded TP WindowsTargetPlatform
[2018.02.18-01.05.12:025][  0]LogTemp:Display: Loaded TP AndroidTargetPlatform
[2018.02.18-01.05.12:147][  0]LogTemp:Display: Loaded TP Android_ASTCTargetPlatform
[2018.02.18-01.05.12:270][  0]LogTemp:Display: Loaded TP Android_ATCTargetPlatform
[2018.02.18-01.05.12:397][  0]LogTemp:Display: Loaded TP Android_DXTTargetPlatform
[2018.02.18-01.05.12:517][  0]LogTemp:Display: Loaded TP Android_ETC1TargetPlatform
[2018.02.18-01.05.12:641][  0]LogTemp:Display: Loaded TP Android_ETC2TargetPlatform
[2018.02.18-01.05.12:890][  0]LogTemp:Display: Loaded TP Android_MultiTargetPlatform
[2018.02.18-01.05.12:890][  0]LogTemp:Display: Loaded TP Android_PVRTCTargetPlatform
[2018.02.18-01.05.12:982][  0]LogTemp:Display: Loaded TP HTML5TargetPlatform
[2018.02.18-01.05.13:168][  0]LogTemp:Display: Loaded TP IOSTargetPlatform
[2018.02.18-01.05.13:240][  0]LogTemp:Display: Loaded TP TVOSTargetPlatform
[2018.02.18-01.05.13:362][  0]LogTemp:Display: Loaded TP LinuxClientTargetPlatform
[2018.02.18-01.05.13:486][  0]LogTemp:Display: Loaded TP LinuxNoEditorTargetPlatform
[2018.02.18-01.05.13:606][  0]LogTemp:Display: Loaded TP LinuxServerTargetPlatform
[2018.02.18-01.05.13:732][  0]LogTemp:Display: Loaded TP LinuxTargetPlatform
[2018.02.18-01.05.13:732][  0]LogTargetPlatformManager:Display: Building Assets For Windows
[2018.02.18-01.05.14:648][  0]LogDerivedDataCache:Display: Max Cache Size: 512 MB
[2018.02.18-01.05.14:774][  0]LogDerivedDataCache: Loaded boot cache 0.13s 50MB C:/Users/Patrycja/AppData/Local/UnrealEngine/4.15/DerivedDataCache/Boot.ddc.
[2018.02.18-01.05.14:774][  0]LogDerivedDataCache:Display: Loaded Boot cache: C:/Users/Patrycja/AppData/Local/UnrealEngine/4.15/DerivedDataCache/Boot.ddc
[2018.02.18-01.05.14:775][  0]LogDerivedDataCache: FDerivedDataBackendGraph:  Pak pak cache file ../../../../../../Users/Patrycja/Documents/Unreal Projects/Game/DerivedDataCache/DDC.ddp not found, will not use a pak cache.
[2018.02.18-01.05.14:775][  0]LogDerivedDataCache: Unable to find inner node Pak for hierarchical cache Hierarchy.
[2018.02.18-01.05.14:775][  0]LogDerivedDataCache: FDerivedDataBackendGraph:  CompressedPak pak cache file ../../../../../../Users/Patrycja/Documents/Unreal Projects/Game/DerivedDataCache/Compressed.ddp not found, will not use a pak cache.
[2018.02.18-01.05.14:775][  0]LogDerivedDataCache: Unable to find inner node CompressedPak for hierarchical cache Hierarchy.
[2018.02.18-01.05.14:806][  0]LogDerivedDataCache:Display: Pak cache opened for reading ../../../Engine/DerivedDataCache/Compressed.ddp.
[2018.02.18-01.05.14:818][  0]LogDerivedDataCache: Using Local data cache path C:/Users/Patrycja/AppData/Local/UnrealEngine/Common/DerivedDataCache: Writable
[2018.02.18-01.05.14:836][  0]LogSlate: Using Freetype 2.6.0
[2018.02.18-01.05.14:837][  0]LogSlate: SlateFontCache - WITH_FREETYPE: 1, WITH_HARFBUZZ: 1
[2018.02.18-01.05.14:837][  0]LogSlate: SlateFontCache - WITH_FREETYPE: 1, WITH_HARFBUZZ: 1
[2018.02.18-01.05.15:412][  0]LogInit: Selected Device Profile: [Windows]
[2018.02.18-01.05.15:417][  0]LogContentStreaming: Texture pool size is 0.00 MB
[2018.02.18-01.05.15:852][  0]LogMeshUtilities: Using QuadricMeshReduction for automatic static mesh reduction
[2018.02.18-01.05.15:950][  0]LogSimplygon: Simplygon DLL not present - disabling.
[2018.02.18-01.05.16:057][  0]LogMeshUtilities: Using SimplygonSwarm for distributed automatic mesh merging
[2018.02.18-01.05.16:057][  0]LogMeshUtilities: No automatic skeletal mesh reduction module available
[2018.02.18-01.05.16:057][  0]LogMeshUtilities: No automatic mesh merging module available
[2018.02.18-01.05.17:088][  0]LogNetVersion: GetLocalNetworkVersion: CL: 3299760, ProjectName: game, ProjectVersion: , EngineNetworkVersion: 2, GameNetworkVersion: 0, NetworkChecksum: 2653008601
[2018.02.18-01.05.17:159][  0]LogAssetRegistry: FAssetRegistry took 0.0197 seconds to start up
[2018.02.18-01.05.17:297][  0]LogPackageLocalizationCache: Processed 3 localized package path(s) for 1 prioritized culture(s) in 0.093803 seconds
[2018.02.18-01.05.17:306][  0]LogUObjectArray: 32493 objects as part of root set at end of initial load.
[2018.02.18-01.05.17:306][  0]LogUObjectAllocator: 7077024 out of 0 bytes used by permanent object pool.
[2018.02.18-01.05.17:306][  0]LogUObjectArray: CloseDisregardForGC: 0/0 objects in disregard for GC pool
[2018.02.18-01.05.17:433][  0]LogInit: WinSock: version 1.1 (2.2), MaxSocks=32767, MaxUdp=65467
[2018.02.18-01.05.20:689][  0]LogTcpMessaging: Initializing TcpMessaging bridge
[2018.02.18-01.05.20:759][  0]LogUdpMessaging: Initializing bridge on interface 0.0.0.0:0 to multicast group 230.0.0.1:6666.
[2018.02.18-01.05.21:743][  0]LogMaterial: Uniform references updated for custom material expression Custom.
[2018.02.18-01.05.22:553][  0]SourceControl: Info Source control is disabled
[2018.02.18-01.05.22:619][  0]SourceControl: Info Source control is disabled
[2018.02.18-01.05.22:793][  0]SourceControl: Info Source control is disabled
[2018.02.18-01.05.22:951][  0]SourceControl: Info Source control is disabled
[2018.02.18-01.05.25:839][  0]LogEngine: Initializing Engine...
[2018.02.18-01.05.25:840][  0]LogHMD: Failed to initialize OpenVR with code 110
[2018.02.18-01.05.26:030][  0]LogStats: UGameplayTagsManager::ConstructGameplayTagTree: Construct from data asset -  0.000 s
[2018.02.18-01.05.26:031][  0]LogStats: UGameplayTagsManager::ConstructGameplayTagTree: GameplayTagTreeChangedEvent.Broadcast -  0.000 s
[2018.02.18-01.05.26:337][  0]LogAIModule: Creating AISystem for world Untitled
[2018.02.18-01.05.26:391][  0]LogInit: XAudio2 using 'Głośniki (Realtek High Definition Audio)' : 2 channels at 48 kHz using 32 bits per sample (channel mask 0x3)
[2018.02.18-01.05.26:416][  0]LogInit: FAudioDevice initialized.
[2018.02.18-01.05.26:480][  0]LogDerivedDataCache: Saved boot cache 0.06s 50MB C:/Users/Patrycja/AppData/Local/UnrealEngine/4.15/DerivedDataCache/Boot.ddc.
[2018.02.18-01.05.26:498][  0]LogInit: Texture streaming: Enabled
[2018.02.18-01.05.26:715][  0]LogEngineSessionManager: EngineSessionManager initialized
[2018.02.18-01.05.26:949][  0]LogInit: Transaction tracking system initialized
[2018.02.18-01.05.27:794][  0]BlueprintLog: New page: Editor Load
[2018.02.18-01.05.29:794][  0]LocalizationService: Info Localization service is disabled
[2018.02.18-01.05.31:308][  0]LogConsoleResponse:Display: 
[2018.02.18-01.05.31:648][  0]LogCook:Display: Max memory allowance for cook 16384mb min free memory 0mb
[2018.02.18-01.05.31:648][  0]LogCook:Display: Mobile HDR setting 0
[2018.02.18-01.05.32:555][  0]LogFileCache: Scanning file cache for directory 'C:/Users/Patrycja/Documents/Unreal Projects/Game/Content/' took 0.04s
[2018.02.18-01.05.34:040][  0]SourceControl: Info Source control is disabled
[2018.02.18-01.05.34:040][  0]Cmd: MAP LOAD FILE="../../../../../../Users/Patrycja/Documents/Unreal Projects/Game/Content/TopDownBP/Maps/TopDownExampleMap.umap" TEMPLATE=0 SHOWPROGRESS=1 FEATURELEVEL=3
[2018.02.18-01.05.34:040][  0]LightingResults: New page: Lighting Build
[2018.02.18-01.05.34:133][  0]MapCheck: New page: Map Check
[2018.02.18-01.05.34:133][  0]LightingResults: New page: Lighting Build
[2018.02.18-01.05.40:265][  0]LogAIModule: Creating AISystem for world TopDownExampleMap
[2018.02.18-01.05.40:396][  0]LogEditorServer: Finished looking for orphan Actors (0.000 secs)
[2018.02.18-01.05.40:411][  0]Cmd: MAP CHECKDEP NOCLEARLOG
[2018.02.18-01.05.40:526][  0]MapCheck: Info Map check complete: 0 Error(s), 0 Warning(s), took 115.321ms to complete.
[2018.02.18-01.05.40:526][  0]LogFileHelpers: Loading map 'TopDownExampleMap' took 6.487
[2018.02.18-01.05.41:057][  0]LogCollectionManager: Loaded 1 collections in 0.003966 seconds
[2018.02.18-01.05.41:304][  0]LogFileCache: Scanning file cache for directory 'C:/Users/Patrycja/Documents/Unreal Projects/Game/Saved/Collections/' took 0.01s
[2018.02.18-01.05.41:304][  0]LogFileCache: Scanning file cache for directory 'C:/Users/Patrycja/Documents/Unreal Projects/Game/Content/Developers/Patrycja/Collections/' took 0.01s
[2018.02.18-01.05.41:304][  0]LogFileCache: Scanning file cache for directory 'C:/Users/Patrycja/Documents/Unreal Projects/Game/Content/Collections/' took 0.01s
[2018.02.18-01.05.41:304][  0]LogCollectionManager: Rebuilt the GUID cache for 1 collections in 0.000005 seconds
[2018.02.18-01.05.41:305][  0]LogCollectionManager: Rebuilt the hierarchy cache for 1 collections in 0.000001 seconds
[2018.02.18-01.05.41:335][  0]LogContentBrowser: Native class hierarchy populated in 0.0179 seconds. Added 2245 classes and 453 folders.
[2018.02.18-01.05.41:511][  0]LogContentBrowser: Native class hierarchy updated for 'WidgetCarousel' in 0.0009 seconds. Added 0 classes and 0 folders.
[2018.02.18-01.05.43:426][  0]LogContentBrowser: Native class hierarchy updated for 'AddContentDialog' in 0.0008 seconds. Added 0 classes and 0 folders.
[2018.02.18-01.05.43:547][  0]LogContentBrowser: Native class hierarchy updated for 'SceneOutliner' in 0.0008 seconds. Added 1 classes and 2 folders.
[2018.02.18-01.05.43:815][  0]LogCrashTracker: Crashtracker disabled due to settings.
[2018.02.18-01.05.43:844][  0]LogUObjectGlobals:Warning: Failed to find object 'Class None.'
[2018.02.18-01.05.43:978][  0]LogContentBrowser: Native class hierarchy updated for 'HierarchicalLODOutliner' in 0.0010 seconds. Added 1 classes and 2 folders.
[2018.02.18-01.05.43:979][  0]LogLoad: (Engine Initialization) Total time: 43.11 seconds
[2018.02.18-01.05.43:979][  0]LogLoad: (Engine Initialization) Total Blueprint compile time: 0.47 seconds
[2018.02.18-01.05.43:979][  0]LogExternalProfiler: No external profilers were discovered.  External profiling features will not be available.
[2018.02.18-01.05.43:989][  0]LogOcInput: OculusInput pre-init called
[2018.02.18-01.05.44:142][  0]LogContentStreaming: Texture pool size now 1000 MB
[2018.02.18-01.05.44:144][  0]LogSlate: Took 0.000349 seconds to synchronously load lazily loaded font '../../../Engine/Content/Slate/Fonts/Roboto-Regular.ttf' (155K)
[2018.02.18-01.05.44:151][  0]LogSlate: Took 0.000563 seconds to synchronously load lazily loaded font '../../../Engine/Content/Slate/Fonts/Roboto-Bold.ttf' (160K)
[2018.02.18-01.05.44:178][  0]LogSlate: Took 0.019417 seconds to synchronously load lazily loaded font '../../../Engine/Content/Editor/Slate/Fonts/FontAwesome.ttf' (139K)
[2018.02.18-01.05.44:562][  0]LogSlate: Took 0.010992 seconds to synchronously load lazily loaded font '../../../Engine/Content/Slate/Fonts/Roboto-Light.ttf' (159K)
[2018.02.18-01.05.44:677][  0]LogRenderer: Reallocating scene render targets to support 804x376 NumSamples 1 (Frame:2).
[2018.02.18-01.05.45:186][  3]LogAssetRegistry: Asset discovery search completed in 28.0479 seconds
[2018.02.18-01.05.45:186][  3]LogCollectionManager: Rebuilt the object cache for 1 collections in 0.000007 seconds (found 0 objects)
[2018.02.18-01.05.45:187][  3]LogCollectionManager: Fixed up redirectors for 1 collections in 0.000030 seconds (updated 0 objects)
[2018.02.18-01.05.45:282][  4]LogSlate: Took 0.000486 seconds to synchronously load lazily loaded font '../../../Engine/Content/Slate/Fonts/Roboto-Light.ttf' (159K)
[2018.02.18-01.06.58:519][515]LogSlate: Took 0.000292 seconds to synchronously load lazily loaded font '../../../Engine/Content/Slate/Fonts/Roboto-Light.ttf' (159K)
[2018.02.18-01.06.59:082][515]LogFactory: FactoryCreateFile: StaticMesh with FbxFactory (0 0 C:\Users\Patrycja\Downloads\topor1.FBX)
[2018.02.18-01.06.59:178][515]LogFbx: ItemName: GlobalSettings, ItemCount : 1
[2018.02.18-01.06.59:178][515]LogFbx: ItemName: AnimationStack, ItemCount : 1
[2018.02.18-01.06.59:178][515]LogFbx: ItemName: AnimationLayer, ItemCount : 1
[2018.02.18-01.06.59:178][515]LogFbx: ItemName: Model, ItemCount : 2
[2018.02.18-01.06.59:178][515]LogFbx: ItemName: NodeAttribute, ItemCount : 1
[2018.02.18-01.06.59:178][515]LogFbx: ItemName: Geometry, ItemCount : 1
[2018.02.18-01.06.59:178][515]LogFbx: ItemName: Material, ItemCount : 4
[2018.02.18-01.06.59:178][515]LogFbx: ItemName: Texture, ItemCount : 3
[2018.02.18-01.06.59:178][515]LogFbx: ItemName: AnimationCurve, ItemCount : 6
[2018.02.18-01.06.59:178][515]LogFbx: ItemName: AnimationCurveNode, ItemCount : 2
[2018.02.18-01.06.59:178][515]LogFbx: ItemName: Video, ItemCount : 3
[2018.02.18-01.06.59:188][515]LogFbx: Loading FBX Scene from C:\Users\Patrycja\Downloads\topor1.FBX
[2018.02.18-01.06.59:255][515]LogFbx: FBX Scene Loaded Succesfully
[2018.02.18-01.07.02:393][515]LogFbx: Loading FBX Scene from C:\Users\Patrycja\Downloads\topor1.FBX
[2018.02.18-01.07.02:445][515]LogFbx: FBX Scene Loaded Succesfully
[2018.02.18-01.07.02:450][515]LogFbx: =================================================
[2018.02.18-01.07.02:450][515]LogFbx: Dumping Node START [Body7] 
[2018.02.18-01.07.02:450][515]LogFbx: 	Total Deformer Count 1485829600.
[2018.02.18-01.07.02:450][515]LogFbx: 	Attribute () Type (4).
[2018.02.18-01.07.02:450][515]LogFbx: 		[Node Attribute Child 1] Body7 (Type Mesh).
[2018.02.18-01.07.02:450][515]LogFbx: Dumping Node END [Body7]
[2018.02.18-01.07.02:450][515]LogFbx: =================================================
[2018.02.18-01.07.02:450][515]LogFbx: Dumping Node START [Body7] 
[2018.02.18-01.07.02:450][515]LogFbx: 	Total Deformer Count 1485829456.
[2018.02.18-01.07.02:450][515]LogFbx: 	Attribute () Type (4).
[2018.02.18-01.07.02:450][515]LogFbx: 		[Node Attribute Child 1] Body7 (Type Mesh).
[2018.02.18-01.07.02:450][515]LogFbx: Dumping Node END [Body7]
[2018.02.18-01.07.02:450][515]LogFbx: =================================================
[2018.02.18-01.07.02:450][515]LogFbx: Dumping Node START [Body7] 
[2018.02.18-01.07.02:450][515]LogFbx: 	Total Deformer Count 1485820768.
[2018.02.18-01.07.02:450][515]LogFbx: 	Attribute () Type (4).
[2018.02.18-01.07.02:450][515]LogFbx: 		[Node Attribute Child 1] Body7 (Type Mesh).
[2018.02.18-01.07.02:450][515]LogFbx: Dumping Node END [Body7]
[2018.02.18-01.07.02:453][515]LogLinker: Can't find file '/Game/TopDownBP/Character/Axe/Plastic_-_Glossy__Yellow_'
[2018.02.18-01.07.02:453][515]LogLinker: Can't find file '/Game/TopDownBP/Character/Axe/Plastic_-_Glossy__Yellow_'
[2018.02.18-01.07.02:778][515]LogMaterial:Warning: Material /Game/TopDownBP/Character/Axe/Plastic_-_Glossy__Yellow_.Plastic_-_Glossy__Yellow_ needed to have new flag set bUsedWithSkeletalMesh !
[2018.02.18-01.07.02:817][515]LogMaterial: Missing cached shader map for material Plastic_-_Glossy__Yellow_, compiling. 
[2018.02.18-01.07.02:818][515]LogTemp:Display: Added material ShaderMap 0x00000000402FF900 with Material 0x000000004BBF8100 to ShaderMapsBeingCompiled
[2018.02.18-01.07.02:894][515]LogTemp:Display: Kicking off shader compilation for Plastic_-_Glossy__Yellow_, GameThreadShaderMap 0x00000000402FF900
[2018.02.18-01.07.02:914][515]LogMaterial: 0.00 seconds spent updating 1 materials, 1 interfaces, 0 instances, 0 with static permutations.
[2018.02.18-01.07.02:916][515]LogLinker: Can't find file '/Game/TopDownBP/Character/Axe/brass-background-classic-ornament-texture-drawer-beautiful-carved-floral-work-43913865'
[2018.02.18-01.07.02:917][515]LogLinker: Can't find file '/Game/TopDownBP/Character/Axe/brass-background-classic-ornament-texture-drawer-beautiful-carved-floral-work-43913865'
[2018.02.18-01.07.02:994][515]LogTexture:Display: Building textures: brass-background-classic-ornament-texture-drawer-beautiful-carved-floral-work-43913865 (AutoDXT, 800X800) - 127 MB total VRAM
[2018.02.18-01.07.04:474][515]LogSlate: Took 0.000331 seconds to synchronously load lazily loaded font '../../../Engine/Content/Slate/Fonts/Roboto-Regular.ttf' (155K)
[2018.02.18-01.07.04:534][515]LogMaterial: Missing cached shader map for material Plastic_-_Glossy__Yellow_, compiling. 
[2018.02.18-01.07.04:535][515]LogTemp:Display: Added material ShaderMap 0x000000005887DD00 with Material 0x000000004BBF8100 to ShaderMapsBeingCompiled
[2018.02.18-01.07.04:613][515]LogTemp:Display: Kicking off shader compilation for Plastic_-_Glossy__Yellow_, GameThreadShaderMap 0x000000005887DD00
[2018.02.18-01.07.04:628][515]LogLinker: Can't find file '/Game/TopDownBP/Character/Axe/Iron_-_Polished'
[2018.02.18-01.07.04:629][515]LogLinker: Can't find file '/Game/TopDownBP/Character/Axe/Iron_-_Polished'
[2018.02.18-01.07.04:636][515]LogLinker: Can't find file '/Game/TopDownBP/Character/Axe/Gold_-_Polished'
[2018.02.18-01.07.04:637][515]LogLinker: Can't find file '/Game/TopDownBP/Character/Axe/Gold_-_Polished'
[2018.02.18-01.07.04:643][515]LogLinker: Can't find file '/Game/TopDownBP/Character/Axe/Glass__Bronze_'
[2018.02.18-01.07.04:643][515]LogLinker: Can't find file '/Game/TopDownBP/Character/Axe/Glass__Bronze_'
[2018.02.18-01.07.04:668][515]LogMaterial:Warning: Material /Game/TopDownBP/Character/Axe/Glass__Bronze_.Glass__Bronze_ needed to have new flag set bUsedWithSkeletalMesh !
[2018.02.18-01.07.04:688][515]LogMaterial: Missing cached shader map for material Glass__Bronze_, compiling. 
[2018.02.18-01.07.04:690][515]LogTemp:Display: Added material ShaderMap 0x000000006B628100 with Material 0x000000004C2D8880 to ShaderMapsBeingCompiled
[2018.02.18-01.07.04:769][515]LogTemp:Display: Kicking off shader compilation for Glass__Bronze_, GameThreadShaderMap 0x000000006B628100
[2018.02.18-01.07.04:773][515]LogMaterial: 0.00 seconds spent updating 1 materials, 1 interfaces, 0 instances, 0 with static permutations.
[2018.02.18-01.07.04:797][515]LogMaterial: Missing cached shader map for material Glass__Bronze_, compiling. 
[2018.02.18-01.07.04:799][515]LogTemp:Display: Added material ShaderMap 0x000000006D4B2400 with Material 0x000000004C2D8880 to ShaderMapsBeingCompiled
[2018.02.18-01.07.04:875][515]LogTemp:Display: Kicking off shader compilation for Glass__Bronze_, GameThreadShaderMap 0x000000006D4B2400
[2018.02.18-01.07.04:924][515]LogFbx:Warning: Bones digested - 2  Depth of hierarchy - 2
[2018.02.18-01.07.05:732][515]LogSkeletalMesh: Section 0: 96 vertices, 1 active bones
[2018.02.18-01.07.05:734][515]LogSkeletalMesh: Section 1: 7504 vertices, 1 active bones
[2018.02.18-01.07.05:734][515]LogSkeletalMesh: Section 2: 2232 vertices, 1 active bones
[2018.02.18-01.07.05:734][515]LogSkeletalMesh: Section 3: 183 vertices, 1 active bones
[2018.02.18-01.07.06:406][515]LogSkeletalMesh: Section 0: Material=0, 124 triangles
[2018.02.18-01.07.06:406][515]LogSkeletalMesh: Section 1: Material=1, 10650 triangles
[2018.02.18-01.07.06:406][515]LogSkeletalMesh: Section 2: Material=2, 2480 triangles
[2018.02.18-01.07.06:406][515]LogSkeletalMesh: Section 3: Material=3, 182 triangles
[2018.02.18-01.07.06:417][515]LogLinker: Can't find file '/Game/TopDownBP/Character/Axe/topor1_PhysicsAsset'
[2018.02.18-01.07.06:417][515]LogLinker: Can't find file '/Game/TopDownBP/Character/Axe/topor1_PhysicsAsset'
[2018.02.18-01.07.06:423][515]LogLinker: Can't find file '/Game/TopDownBP/Character/Axe/topor1_Skeleton'
[2018.02.18-01.07.06:423][515]LogLinker: Can't find file '/Game/TopDownBP/Character/Axe/topor1_Skeleton'
[2018.02.18-01.07.10:715][515]LogTemp:Display: Finished compile of shader map 0x00000000402FF900
[2018.02.18-01.07.10:715][515]LogTemp:Display: Shader map Plastic_-_Glossy__Yellow_ complete, GameThreadShaderMap 0x00000000402FF900, marking material Plastic_-_Glossy__Yellow_ as finished
[2018.02.18-01.07.10:715][515]LogTemp:Display: Marking material as finished 0x000000004BBF8100
