Log file open, 03/02/18 16:40:35
LogInit:Display: Running engine for game: Game
LogPlatformFile: Not using cached read wrapper
LogInit:Display: RandInit(1333568870) SRandInit(1333568870).
LogTaskGraph: Started task graph with 5 named threads and 8 total threads with 1 sets of task threads.
LogStats: Stats thread started at 0.152582
LogInit: Using libcurl 7.47.1
LogInit:  - built for x86_64-pc-win32
LogInit:  - supports SSL with OpenSSL/1.0.2g
LogInit:  - supports HTTP deflate (compression) using libz 1.2.8
LogInit:  - other features:
LogInit:      CURL_VERSION_SSL
LogInit:      CURL_VERSION_LIBZ
LogInit:      CURL_VERSION_IPV6
LogInit:      CURL_VERSION_ASYNCHDNS
LogInit:      CURL_VERSION_LARGEFILE
LogInit:      CURL_VERSION_IDN
LogInit:  CurlRequestOptions (configurable via config and command line):
LogInit:  - bVerifyPeer = false  - Libcurl will NOT verify peer certificate
LogInit:  - bUseHttpProxy = false  - Libcurl will NOT use HTTP proxy
LogInit:  - bDontReuseConnections = false  - Libcurl will reuse connections
LogInit:  - CertBundlePath = nullptr  - Libcurl will use whatever was configured at build time.
LogInit: Build: ++UE4+Release-4.15-CL-3450819
LogInit: Engine Version: 4.15.3-3450819+++UE4+Release-4.15
LogInit: Compatible Engine Version: 4.15.0-3299760+++UE4+Release-4.15
LogInit: Net CL: 3299760
LogDevObjectVersion: Number of dev versions registered: 14
LogDevObjectVersion:   Dev-Blueprints (B0D832E4-1F89-4F0D-ACCF-7EB736FD4AA2): 8
LogDevObjectVersion:   Dev-Build (E1C64328-A22C-4D53-A36C-8E866417BD8C): 0
LogDevObjectVersion:   Dev-Core (375EC13C-06E4-48FB-B500-84F0262A717E): 2
LogDevObjectVersion:   Dev-Editor (E4B068ED-F494-42E9-A231-DA0B2E46BB41): 14
LogDevObjectVersion:   Dev-Framework (CFFC743F-43B0-4480-9391-14DF171D2073): 22
LogDevObjectVersion:   Dev-Mobile (B02B49B5-BB20-44E9-A304-32B752E40360): 0
LogDevObjectVersion:   Dev-Networking (A4E4105C-59A1-49B5-A7C5-40C4547EDFEE): 0
LogDevObjectVersion:   Dev-Online (39C831C9-5AE6-47DC-9A44-9C173E1C8E7C): 0
LogDevObjectVersion:   Dev-Physics (78F01B33-EBEA-4F98-B9B4-84EACCB95AA2): 0
LogDevObjectVersion:   Dev-Platform (6631380F-2D4D-43E0-8009-CF276956A95A): 0
LogDevObjectVersion:   Dev-Rendering (12F88B9F-8875-4AFC-A67C-D90C383ABD29): 12
LogDevObjectVersion:   Dev-Sequencer (7B5AE74C-D270-4C10-A958-57980B212A5A): 3
LogDevObjectVersion:   Dev-VR (D7296918-1DD6-4BDD-9DE2-64A83CC13884): 0
LogDevObjectVersion:   Dev-LoadTimes (C2A15278-BFE7-4AFE-6C17-90FF531DF755): 1
LogInit: Compiled (64-bit): May 21 2017 11:02:34
LogInit: Compiled with Visual C++: 19.00.23026.00
LogInit: Build Configuration: Development
LogInit: Branch Name: ++UE4+Release-4.15
LogInit: Command line:  
LogInit: Base directory: C:/Program Files/Epic Games/UE_4.15/Engine/Binaries/Win64/
LogInit: Installed Engine Build: 1
LogInit: Presizing for max 8388607 objects, including 0 objects not considered by GC, pre-allocating 0 bytes for permanent pool.
LogInit: Object subsystem initialized
[2018.03.02-15.40.37:394][  0]LogInit: Selected Device Profile: [Windows]
[2018.03.02-15.40.37:394][  0]LogInit: Applying CVar settings loaded from the selected device profile: [Windows]
[2018.03.02-15.40.37:409][  0]LogInit: Computer: THAIS
[2018.03.02-15.40.37:409][  0]LogInit: User: Kamil
[2018.03.02-15.40.37:409][  0]LogInit: CPU Page size=65536, Cores=4
[2018.03.02-15.40.37:409][  0]LogInit: High frequency timer resolution =2.046132 MHz
[2018.03.02-15.40.37:409][  0]LogMemory: Memory total: Physical=7.9GB (8GB approx)
[2018.03.02-15.40.37:409][  0]LogMemory: Platform Memory Stats for Windows
[2018.03.02-15.40.37:409][  0]LogMemory: Process Physical Memory: 262.25 MB used, 262.25 MB peak
[2018.03.02-15.40.37:409][  0]LogMemory: Process Virtual Memory: 262.60 MB used, 262.60 MB peak
[2018.03.02-15.40.37:409][  0]LogMemory: Physical Memory: 3256.36 MB used,  4804.91 MB free, 8061.27 MB total
[2018.03.02-15.40.37:409][  0]LogMemory: Virtual Memory: 625.17 MB used,  4804.91 MB free, 134217728.00 MB total
[2018.03.02-15.40.37:575][  0]LogTextLocalizationManager: No translations for ('pl-PL') exist, falling back to 'en' for localization and internationalization data.
[2018.03.02-15.40.38:682][  0]LogD3D11RHI: D3D11 adapters:
[2018.03.02-15.40.38:706][  0]LogD3D11RHI:    0. 'Intel(R) HD Graphics 4000' (Feature Level 11_0)
[2018.03.02-15.40.38:706][  0]LogD3D11RHI:       2059/0/4030 MB DedicatedVideo/DedicatedSystem/SharedSystem, Outputs:1, VendorId:0x8086
[2018.03.02-15.40.38:708][  0]LogD3D11RHI:    1. 'Microsoft Basic Render Driver' (Feature Level 11_0)
[2018.03.02-15.40.38:708][  0]LogD3D11RHI:       0/0/256 MB DedicatedVideo/DedicatedSystem/SharedSystem, Outputs:0, VendorId:0x1414
[2018.03.02-15.40.38:708][  0]LogD3D11RHI: Chosen D3D11 Adapter: 0
[2018.03.02-15.40.38:715][  0]LogD3D11RHI: Creating new Direct3DDevice
[2018.03.02-15.40.38:715][  0]LogD3D11RHI:     GPU DeviceId: 0x166 (for the marketing name, search the web for "GPU Device Id")
[2018.03.02-15.40.38:715][  0]LogWindows: EnumDisplayDevices:
[2018.03.02-15.40.38:715][  0]LogWindows:    0. 'Intel(R) HD Graphics 4000' (P:1 D:1)
[2018.03.02-15.40.38:716][  0]LogWindows:    1. 'Intel(R) HD Graphics 4000' (P:0 D:0)
[2018.03.02-15.40.38:716][  0]LogWindows:    2. 'Intel(R) HD Graphics 4000' (P:0 D:0)
[2018.03.02-15.40.38:716][  0]LogWindows:    3. 'Intel(R) HD Graphics 4000' (P:0 D:0)
[2018.03.02-15.40.38:716][  0]LogWindows: DebugString: FoundDriverCount:4 
[2018.03.02-15.40.38:716][  0]LogD3D11RHI:     Adapter Name: Intel(R) HD Graphics 4000
[2018.03.02-15.40.38:716][  0]LogD3D11RHI:   Driver Version: 10.18.10.4653 (internal:10.18.10.4653, unified:10.18.10.4653)
[2018.03.02-15.40.38:716][  0]LogD3D11RHI:      Driver Date: 4-7-2017
[2018.03.02-15.40.38:716][  0]LogRHI: Texture pool is 1361 MB (70% of 1945 MB)
[2018.03.02-15.40.38:733][  0]LogD3D11RHI: Async texture creation enabled
[2018.03.02-15.40.38:754][  0]LogD3D11RHI: GPU Timing Frequency: 27.000000 (Debug: 2 2)
[2018.03.02-15.40.38:754][  0]LogShaderCompilers: Guid format shader working directory is -1 characters bigger than the processId version (../../../../../../Users/Kamil/Desktop/Repo_Mati/Intermediate/Shaders/WorkingDirectory/6124/).
[2018.03.02-15.40.38:755][  0]LogShaderCompilers: Cleaned the shader compiler working directory 'C:/Users/Kamil/AppData/Local/Temp/UnrealShaderWorkingDir/5986432B4E873E3B10885093042A61AD/'.
[2018.03.02-15.40.38:755][  0]LogShaderCompilers:Display: Using Local Shader Compiler.
[2018.03.02-15.40.40:833][  0]LogTemp:Display: Loaded TP AllDesktopTargetPlatform
[2018.03.02-15.40.40:969][  0]LogTemp:Display: Loaded TP MacClientTargetPlatform
[2018.03.02-15.40.41:104][  0]LogTemp:Display: Loaded TP MacNoEditorTargetPlatform
[2018.03.02-15.40.41:224][  0]LogTemp:Display: Loaded TP MacServerTargetPlatform
[2018.03.02-15.40.41:343][  0]LogTemp:Display: Loaded TP MacTargetPlatform
[2018.03.02-15.40.41:483][  0]LogTemp:Display: Loaded TP WindowsClientTargetPlatform
[2018.03.02-15.40.41:624][  0]LogTemp:Display: Loaded TP WindowsNoEditorTargetPlatform
[2018.03.02-15.40.41:740][  0]LogTemp:Display: Loaded TP WindowsServerTargetPlatform
[2018.03.02-15.40.41:837][  0]LogTemp:Display: Loaded TP WindowsTargetPlatform
[2018.03.02-15.40.41:969][  0]LogTemp:Display: Loaded TP AndroidTargetPlatform
[2018.03.02-15.40.42:093][  0]LogTemp:Display: Loaded TP Android_ASTCTargetPlatform
[2018.03.02-15.40.42:222][  0]LogTemp:Display: Loaded TP Android_ATCTargetPlatform
[2018.03.02-15.40.42:344][  0]LogTemp:Display: Loaded TP Android_DXTTargetPlatform
[2018.03.02-15.40.42:492][  0]LogTemp:Display: Loaded TP Android_ETC1TargetPlatform
[2018.03.02-15.40.42:639][  0]LogTemp:Display: Loaded TP Android_ETC2TargetPlatform
[2018.03.02-15.40.42:896][  0]LogTemp:Display: Loaded TP Android_MultiTargetPlatform
[2018.03.02-15.40.42:897][  0]LogTemp:Display: Loaded TP Android_PVRTCTargetPlatform
[2018.03.02-15.40.42:978][  0]LogTemp:Display: Loaded TP HTML5TargetPlatform
[2018.03.02-15.40.43:165][  0]LogTemp:Display: Loaded TP IOSTargetPlatform
[2018.03.02-15.40.43:248][  0]LogTemp:Display: Loaded TP TVOSTargetPlatform
[2018.03.02-15.40.43:364][  0]LogTemp:Display: Loaded TP LinuxClientTargetPlatform
[2018.03.02-15.40.43:485][  0]LogTemp:Display: Loaded TP LinuxNoEditorTargetPlatform
[2018.03.02-15.40.43:608][  0]LogTemp:Display: Loaded TP LinuxServerTargetPlatform
[2018.03.02-15.40.43:739][  0]LogTemp:Display: Loaded TP LinuxTargetPlatform
[2018.03.02-15.40.43:739][  0]LogTargetPlatformManager:Display: Building Assets For Windows
[2018.03.02-15.40.44:720][  0]LogDerivedDataCache:Display: Max Cache Size: 512 MB
[2018.03.02-15.40.44:815][  0]LogDerivedDataCache: Loaded boot cache 0.09s 50MB C:/Users/Kamil/AppData/Local/UnrealEngine/4.15/DerivedDataCache/Boot.ddc.
[2018.03.02-15.40.44:815][  0]LogDerivedDataCache:Display: Loaded Boot cache: C:/Users/Kamil/AppData/Local/UnrealEngine/4.15/DerivedDataCache/Boot.ddc
[2018.03.02-15.40.44:815][  0]LogDerivedDataCache: FDerivedDataBackendGraph:  Pak pak cache file ../../../../../../Users/Kamil/Desktop/Repo_Mati/DerivedDataCache/DDC.ddp not found, will not use a pak cache.
[2018.03.02-15.40.44:815][  0]LogDerivedDataCache: Unable to find inner node Pak for hierarchical cache Hierarchy.
[2018.03.02-15.40.44:815][  0]LogDerivedDataCache: FDerivedDataBackendGraph:  CompressedPak pak cache file ../../../../../../Users/Kamil/Desktop/Repo_Mati/DerivedDataCache/Compressed.ddp not found, will not use a pak cache.
[2018.03.02-15.40.44:815][  0]LogDerivedDataCache: Unable to find inner node CompressedPak for hierarchical cache Hierarchy.
[2018.03.02-15.40.44:852][  0]LogDerivedDataCache:Display: Pak cache opened for reading ../../../Engine/DerivedDataCache/Compressed.ddp.
[2018.03.02-15.40.44:866][  0]LogDerivedDataCache: Using Local data cache path C:/Users/Kamil/AppData/Local/UnrealEngine/Common/DerivedDataCache: Writable
[2018.03.02-15.40.44:886][  0]LogSlate: Using Freetype 2.6.0
[2018.03.02-15.40.44:886][  0]LogSlate: SlateFontCache - WITH_FREETYPE: 1, WITH_HARFBUZZ: 1
[2018.03.02-15.40.44:887][  0]LogSlate: SlateFontCache - WITH_FREETYPE: 1, WITH_HARFBUZZ: 1
[2018.03.02-15.40.45:526][  0]LogInit: Selected Device Profile: [Windows]
[2018.03.02-15.40.45:533][  0]LogContentStreaming: Texture pool size is 0.00 MB
[2018.03.02-15.40.46:017][  0]LogMeshUtilities: Using QuadricMeshReduction for automatic static mesh reduction
[2018.03.02-15.40.46:114][  0]LogSimplygon: Simplygon DLL not present - disabling.
[2018.03.02-15.40.46:221][  0]LogMeshUtilities: Using SimplygonSwarm for distributed automatic mesh merging
[2018.03.02-15.40.46:221][  0]LogMeshUtilities: No automatic skeletal mesh reduction module available
[2018.03.02-15.40.46:221][  0]LogMeshUtilities: No automatic mesh merging module available
[2018.03.02-15.40.47:317][  0]LogNetVersion: GetLocalNetworkVersion: CL: 3299760, ProjectName: game, ProjectVersion: , EngineNetworkVersion: 2, GameNetworkVersion: 0, NetworkChecksum: 2653008601
[2018.03.02-15.40.47:392][  0]LogAssetRegistry: FAssetRegistry took 0.0227 seconds to start up
[2018.03.02-15.40.47:474][  0]LogPackageLocalizationCache: Processed 3 localized package path(s) for 1 prioritized culture(s) in 0.032761 seconds
[2018.03.02-15.40.47:484][  0]LogUObjectArray: 32493 objects as part of root set at end of initial load.
[2018.03.02-15.40.47:484][  0]LogUObjectAllocator: 7077024 out of 0 bytes used by permanent object pool.
[2018.03.02-15.40.47:484][  0]LogUObjectArray: CloseDisregardForGC: 0/0 objects in disregard for GC pool
[2018.03.02-15.40.47:631][  0]LogInit: WinSock: version 1.1 (2.2), MaxSocks=32767, MaxUdp=65467
[2018.03.02-15.40.51:090][  0]LogTcpMessaging: Initializing TcpMessaging bridge
[2018.03.02-15.40.51:167][  0]LogUdpMessaging: Initializing bridge on interface 0.0.0.0:0 to multicast group 230.0.0.1:6666.
[2018.03.02-15.40.52:129][  0]LogMaterial: Uniform references updated for custom material expression Custom.
[2018.03.02-15.40.52:965][  0]SourceControl: Info Source control is disabled
[2018.03.02-15.40.57:751][  0]LogEngine: Initializing Engine...
[2018.03.02-15.40.57:752][  0]LogHMD: Failed to initialize OpenVR with code 110
[2018.03.02-15.40.57:968][  0]LogStats: UGameplayTagsManager::ConstructGameplayTagTree: Construct from data asset -  0.000 s
[2018.03.02-15.40.57:968][  0]LogStats: UGameplayTagsManager::ConstructGameplayTagTree: GameplayTagTreeChangedEvent.Broadcast -  0.000 s
[2018.03.02-15.40.58:228][  0]LogAIModule: Creating AISystem for world Untitled
[2018.03.02-15.40.58:241][  0]LogInit: XAudio2 using 'Głośniki (Conexant SmartAudio HD)' : 2 channels at 48 kHz using 32 bits per sample (channel mask 0x3)
[2018.03.02-15.40.58:328][  0]LogInit: FAudioDevice initialized.
[2018.03.02-15.40.58:368][  0]LogDerivedDataCache: Saved boot cache 0.04s 50MB C:/Users/Kamil/AppData/Local/UnrealEngine/4.15/DerivedDataCache/Boot.ddc.
[2018.03.02-15.40.58:372][  0]LogInit: Texture streaming: Enabled
[2018.03.02-15.40.58:594][  0]LogEngineSessionManager: EngineSessionManager initialized
[2018.03.02-15.40.58:804][  0]LogInit: Transaction tracking system initialized
[2018.03.02-15.40.59:567][  0]BlueprintLog: New page: Editor Load
[2018.03.02-15.41.01:416][  0]LocalizationService: Info Localization service is disabled
[2018.03.02-15.41.03:113][  0]LogConsoleResponse:Display: 
[2018.03.02-15.41.03:364][  0]LogCook:Display: Max memory allowance for cook 16384mb min free memory 0mb
[2018.03.02-15.41.03:364][  0]LogCook:Display: Mobile HDR setting 0
[2018.03.02-15.41.04:158][  0]LogFileCache: Scanning file cache for directory 'C:/Users/Kamil/Desktop/Repo_Mati/Content/' took 0.07s
[2018.03.02-15.41.06:181][  0]Cmd: MAP LOAD FILE="../../../../../../Users/Kamil/Desktop/Repo_Mati/Content/TopDownBP/Maps/TopDownExampleMap.umap" TEMPLATE=0 SHOWPROGRESS=1 FEATURELEVEL=3
[2018.03.02-15.41.06:182][  0]LightingResults: New page: Lighting Build
[2018.03.02-15.41.06:272][  0]MapCheck: New page: Map Check
[2018.03.02-15.41.06:272][  0]LightingResults: New page: Lighting Build
[2018.03.02-15.41.08:946][  0]LogAIModule: Creating AISystem for world TopDownExampleMap
[2018.03.02-15.41.09:003][  0]LogEditorServer: Finished looking for orphan Actors (0.000 secs)
[2018.03.02-15.41.09:005][  0]Cmd: MAP CHECKDEP NOCLEARLOG
[2018.03.02-15.41.09:141][  0]MapCheck: Info Map check complete: 0 Error(s), 0 Warning(s), took 136.376ms to complete.
[2018.03.02-15.41.09:141][  0]LogFileHelpers: Loading map 'TopDownExampleMap' took 2.961
[2018.03.02-15.41.09:506][  0]LogCollectionManager: Loaded 1 collections in 0.002822 seconds
[2018.03.02-15.41.09:637][  0]LogFileCache: Scanning file cache for directory 'C:/Users/Kamil/Desktop/Repo_Mati/Saved/Collections/' took 0.01s
[2018.03.02-15.41.09:637][  0]LogFileCache: Scanning file cache for directory 'C:/Users/Kamil/Desktop/Repo_Mati/Content/Developers/Kamil/Collections/' took 0.01s
[2018.03.02-15.41.09:637][  0]LogFileCache: Scanning file cache for directory 'C:/Users/Kamil/Desktop/Repo_Mati/Content/Collections/' took 0.01s
[2018.03.02-15.41.09:637][  0]LogCollectionManager: Rebuilt the GUID cache for 1 collections in 0.000007 seconds
[2018.03.02-15.41.09:637][  0]LogCollectionManager: Rebuilt the hierarchy cache for 1 collections in 0.000000 seconds
[2018.03.02-15.41.09:655][  0]LogContentBrowser: Native class hierarchy populated in 0.0175 seconds. Added 2245 classes and 453 folders.
[2018.03.02-15.41.09:790][  0]LogContentBrowser: Native class hierarchy updated for 'WidgetCarousel' in 0.0008 seconds. Added 0 classes and 0 folders.
[2018.03.02-15.41.09:864][  0]LogContentBrowser: Native class hierarchy updated for 'AddContentDialog' in 0.0008 seconds. Added 0 classes and 0 folders.
[2018.03.02-15.41.09:967][  0]LogContentBrowser: Native class hierarchy updated for 'SceneOutliner' in 0.0012 seconds. Added 1 classes and 2 folders.
[2018.03.02-15.41.10:188][  0]LogCrashTracker: Crashtracker disabled due to settings.
[2018.03.02-15.41.10:197][  0]LogUObjectGlobals:Warning: Failed to find object 'Class None.'
[2018.03.02-15.41.10:318][  0]LogContentBrowser: Native class hierarchy updated for 'HierarchicalLODOutliner' in 0.0009 seconds. Added 1 classes and 2 folders.
[2018.03.02-15.41.10:318][  0]LogLoad: (Engine Initialization) Total time: 36.43 seconds
[2018.03.02-15.41.10:318][  0]LogLoad: (Engine Initialization) Total Blueprint compile time: 0.98 seconds
[2018.03.02-15.41.10:318][  0]LogExternalProfiler: Found external profiler: VSPerf
[2018.03.02-15.41.10:318][  0]LogExternalProfiler: Using external profiler: VSPerf
[2018.03.02-15.41.10:658][  0]LogOcInput: OculusInput pre-init called
[2018.03.02-15.41.10:686][  0]SourceControl: Info On branch Kamilimak
[2018.03.02-15.41.10:686][  0]SourceControl: Info Your branch is up to date with 'origin/Kamilimak'.
[2018.03.02-15.41.10:686][  0]SourceControl: Info Changes not staged for commit:
[2018.03.02-15.41.10:686][  0]SourceControl: Info   (use "git add/rm <file>..." to update what will be committed)
[2018.03.02-15.41.10:686][  0]SourceControl: Info   (use "git checkout -- <file>..." to discard changes in working directory)
[2018.03.02-15.41.10:686][  0]SourceControl: Info 	modified:   Intermediate/CachedAssetRegistry.bin
[2018.03.02-15.41.10:686][  0]SourceControl: Info 	modified:   Saved/AutoScreenshot.png
[2018.03.02-15.41.10:686][  0]SourceControl: Info 	modified:   Saved/Config/Windows/Engine.ini
[2018.03.02-15.41.10:686][  0]SourceControl: Info 	deleted:    Saved/Logs/Game-backup-2018.02.20-15.05.34.log
[2018.03.02-15.41.10:686][  0]SourceControl: Info 	modified:   Saved/Logs/Game.log
[2018.03.02-15.41.10:686][  0]SourceControl: Info Untracked files:
[2018.03.02-15.41.10:686][  0]SourceControl: Info   (use "git add <file>..." to include in what will be committed)
[2018.03.02-15.41.10:686][  0]SourceControl: Info 	Content/InfinityBladeAdversaries/Enemy/Elemental_Robot/Materials/
[2018.03.02-15.41.10:686][  0]SourceControl: Info 	Content/InfinityBladeAdversaries/Enemy/Elemental_Robot/Textures/
[2018.03.02-15.41.10:686][  0]SourceControl: Info 	Content/InfinityBladeAdversaries/Enemy/Enemy_Bear/Enemy_Bear_Animations/
[2018.03.02-15.41.10:686][  0]SourceControl: Info 	Content/InfinityBladeAdversaries/Enemy/Enemy_Bear/Materials/
[2018.03.02-15.41.10:686][  0]SourceControl: Info 	Content/InfinityBladeAdversaries/Enemy/Enemy_Bear/Textures/
[2018.03.02-15.41.10:686][  0]SourceControl: Info 	Content/InfinityBladeAdversaries/Enemy/Enemy_Chicken/Materials/
[2018.03.02-15.41.10:687][  0]SourceControl: Info 	Content/InfinityBladeAdversaries/Enemy/Enemy_Chicken/Textures/
[2018.03.02-15.41.10:687][  0]SourceControl: Info 	Content/InfinityBladeAdversaries/Enemy/Enemy_Clot_Worm/Enemy_Clot_Worm_Animation/ExoGame_Clot_Worm_Death_1.uasset
[2018.03.02-15.41.10:687][  0]SourceControl: Info 	Content/InfinityBladeAdversaries/Enemy/Enemy_Clot_Worm/Enemy_Clot_Worm_Animation/ExoGame_Clot_Worm_Idle_1.uasset
[2018.03.02-15.41.10:687][  0]SourceControl: Info 	Content/InfinityBladeAdversaries/Enemy/Enemy_Clot_Worm/Enemy_Clot_Worm_Animation/ExoGame_Clot_Worm_React_Heavy_Front.uasset
[2018.03.02-15.41.10:687][  0]SourceControl: Info 	Content/InfinityBladeAdversaries/Enemy/Enemy_Clot_Worm/Enemy_Clot_Worm_Animation/ExoGame_Clot_Worm_React_KnockBack_Front.uasset
[2018.03.02-15.41.10:687][  0]SourceControl: Info 	Content/InfinityBladeAdversaries/Enemy/Enemy_Clot_Worm/Enemy_Clot_Worm_Animation/ExoGame_Clot_Worm_Slither_Backward.uasset
[2018.03.02-15.41.10:687][  0]SourceControl: Info 	Content/InfinityBladeAdversaries/Enemy/Enemy_Clot_Worm/Enemy_Clot_Worm_Animation/ExoGame_Clot_Worm_Slither_Foreward.uasset
[2018.03.02-15.41.10:687][  0]SourceControl: Info 	Content/InfinityBladeAdversaries/Enemy/Enemy_Clot_Worm/Enemy_Clot_Worm_Animation/ExoGame_Clot_Worm_Slither_Left.uasset
[2018.03.02-15.41.10:687][  0]SourceControl: Info 	Content/InfinityBladeAdversaries/Enemy/Enemy_Clot_Worm/Enemy_Clot_Worm_Animation/ExoGame_Clot_Worm_Slither_Right.uasset
[2018.03.02-15.41.10:687][  0]SourceControl: Info 	Content/InfinityBladeAdversaries/Enemy/Enemy_Clot_Worm/Enemy_Clot_Worm_Animation/ExoGame_Clot_Worm_Turn_Left90.uasset
[2018.03.02-15.41.10:687][  0]SourceControl: Info 	Content/InfinityBladeAdversaries/Enemy/Enemy_Clot_Worm/Enemy_Clot_Worm_Animation/ExoGame_Clot_Worm_Turn_Right90.uasset
[2018.03.02-15.41.10:687][  0]SourceControl: Info 	Content/InfinityBladeAdversaries/Enemy/Enemy_Clot_Worm/Materials/
[2018.03.02-15.41.10:687][  0]SourceControl: Info 	Content/InfinityBladeAdversaries/Enemy/Enemy_Clot_Worm/SK_Enemy_Clot_Worm.uasset
[2018.03.02-15.41.10:687][  0]SourceControl: Info 	Content/InfinityBladeAdversaries/Enemy/Enemy_Clot_Worm/SK_Enemy_Clot_Worm_Skeleton.uasset
[2018.03.02-15.41.10:687][  0]SourceControl: Info 	Content/InfinityBladeAdversaries/Enemy/Enemy_Clot_Worm/Textures/
[2018.03.02-15.41.10:687][  0]SourceControl: Info 	Content/InfinityBladeAdversaries/Enemy/Enemy_Creature_Spider/Enemy_CreatureSpider2_Animation/
[2018.03.02-15.41.10:687][  0]SourceControl: Info 	Content/InfinityBladeAdversaries/Enemy/Enemy_Creature_Spider/Materials/
[2018.03.02-15.41.10:687][  0]SourceControl: Info 	Content/InfinityBladeAdversaries/Enemy/Enemy_Creature_Spider/SK_EXO_Creature_Spider02.uasset
[2018.03.02-15.41.10:687][  0]SourceControl: Info 	Content/InfinityBladeAdversaries/Enemy/Enemy_Creature_Spider/Textures/
[2018.03.02-15.41.10:687][  0]SourceControl: Info 	Content/InfinityBladeAdversaries/Enemy/Enemy_Forge_King/Enemy_Forge_King_Animation/
[2018.03.02-15.41.10:687][  0]SourceControl: Info 	Content/InfinityBladeAdversaries/Enemy/Enemy_Forge_King/Materials/
[2018.03.02-15.41.10:687][  0]SourceControl: Info 	Content/InfinityBladeAdversaries/Enemy/Enemy_Forge_King/Textures/
[2018.03.02-15.41.10:687][  0]SourceControl: Info 	Content/InfinityBladeAdversaries/Enemy/Enemy_Frost_Giant/Materials/
[2018.03.02-15.41.10:687][  0]SourceControl: Info 	Content/InfinityBladeAdversaries/Enemy/Enemy_Frost_Giant/Textures/
[2018.03.02-15.41.10:687][  0]SourceControl: Info 	Content/InfinityBladeAdversaries/Enemy/Enemy_Golem/Enemy_Golem_Animations/
[2018.03.02-15.41.10:687][  0]SourceControl: Info 	Content/InfinityBladeAdversaries/Enemy/Enemy_Golem/Materials/
[2018.03.02-15.41.10:687][  0]SourceControl: Info 	Content/InfinityBladeAdversaries/Enemy/Enemy_Golem/SK_Enemy_Golem01_Weapon.uasset
[2018.03.02-15.41.10:687][  0]SourceControl: Info 	Content/InfinityBladeAdversaries/Enemy/Enemy_Golem/SK_Fire_Golem.uasset
[2018.03.02-15.41.10:687][  0]SourceControl: Info 	Content/InfinityBladeAdversaries/Enemy/Enemy_Golem/Textures/
[2018.03.02-15.41.10:687][  0]SourceControl: Info 	Content/InfinityBladeAdversaries/Enemy/Enemy_Great_Spider/Enemy_SpiderGreater_Animation/
[2018.03.02-15.41.10:687][  0]SourceControl: Info 	Content/InfinityBladeAdversaries/Enemy/Enemy_Great_Spider/Materials/
[2018.03.02-15.41.10:687][  0]SourceControl: Info 	Content/InfinityBladeAdversaries/Enemy/Enemy_Great_Spider/SK_Greater_Spider.uasset
[2018.03.02-15.41.10:687][  0]SourceControl: Info 	Content/InfinityBladeAdversaries/Enemy/Enemy_Great_Spider/Textures/
[2018.03.02-15.41.10:687][  0]SourceControl: Info 	Content/InfinityBladeAdversaries/Enemy/Enemy_Greater_Spider_Boss/Enemy_SpiderBoss_Animation/
[2018.03.02-15.41.10:687][  0]SourceControl: Info 	Content/InfinityBladeAdversaries/Enemy/Enemy_Greater_Spider_Boss/Enemy_SpiderBoss_Cine_Animation/
[2018.03.02-15.41.10:687][  0]SourceControl: Info 	Content/InfinityBladeAdversaries/Enemy/Enemy_Greater_Spider_Boss/Materials/
[2018.03.02-15.41.10:687][  0]SourceControl: Info 	Content/InfinityBladeAdversaries/Enemy/Enemy_Greater_Spider_Boss/SK_Greater_Spider_Boss.uasset
[2018.03.02-15.41.10:688][  0]SourceControl: Info 	Content/InfinityBladeAdversaries/Enemy/Enemy_Greater_Spider_Boss/SK_Greater_Spider_Boss_Cine.uasset
[2018.03.02-15.41.10:688][  0]SourceControl: Info 	Content/InfinityBladeAdversaries/Enemy/Enemy_Greater_Spider_Boss/Textures/
[2018.03.02-15.41.10:688][  0]SourceControl: Info 	Content/InfinityBladeAdversaries/Enemy/Enemy_Gruntling/Enemy_Gruntling_Animation/
[2018.03.02-15.41.10:688][  0]SourceControl: Info 	Content/InfinityBladeAdversaries/Enemy/Enemy_Gruntling/Materials/
[2018.03.02-15.41.10:688][  0]SourceControl: Info 	Content/InfinityBladeAdversaries/Enemy/Enemy_Gruntling/SK_Exodus_Gruntling.uasset
[2018.03.02-15.41.10:688][  0]SourceControl: Info 	Content/InfinityBladeAdversaries/Enemy/Enemy_Gruntling/SK_Exodus_Gruntling_PhysicsAsset.uasset
[2018.03.02-15.41.10:688][  0]SourceControl: Info 	Content/InfinityBladeAdversaries/Enemy/Enemy_Gruntling/Textures/
[2018.03.02-15.41.10:688][  0]SourceControl: Info 	Content/InfinityBladeAdversaries/Enemy/Enemy_Gruntling_Avalanche/Materials/
[2018.03.02-15.41.10:688][  0]SourceControl: Info 	Content/InfinityBladeAdversaries/Enemy/Enemy_Gruntling_Avalanche/Textures/
[2018.03.02-15.41.10:688][  0]SourceControl: Info 	Content/InfinityBladeAdversaries/Enemy/Enemy_Gruntling_Glacer/Enemy_Gruntling_Glacer_Animation/
[2018.03.02-15.41.10:688][  0]SourceControl: Info 	Content/InfinityBladeAdversaries/Enemy/Enemy_Gruntling_Glacer/Materials/
[2018.03.02-15.41.10:688][  0]SourceControl: Info 	Content/InfinityBladeAdversaries/Enemy/Enemy_Gruntling_Glacer/SK_Gruntling_Glacer_Skeleton.uasset
[2018.03.02-15.41.10:688][  0]SourceControl: Info 	Content/InfinityBladeAdversaries/Enemy/Enemy_Gruntling_Glacer/Textures/
[2018.03.02-15.41.10:688][  0]SourceControl: Info 	Content/InfinityBladeAdversaries/Enemy/Enemy_Gruntling_Guardian/Enemy_Gruntling_Guardian_Animation/
[2018.03.02-15.41.10:688][  0]SourceControl: Info 	Content/InfinityBladeAdversaries/Enemy/Enemy_Gruntling_Guardian/Materials/
[2018.03.02-15.41.10:688][  0]SourceControl: Info 	Content/InfinityBladeAdversaries/Enemy/Enemy_Gruntling_Guardian/SK_Gruntling_Guardian_Skeleton.uasset
[2018.03.02-15.41.10:688][  0]SourceControl: Info 	Content/InfinityBladeAdversaries/Enemy/Enemy_Gruntling_Guardian/Textures/
[2018.03.02-15.41.10:688][  0]SourceControl: Info 	Content/InfinityBladeAdversaries/Enemy/Enemy_Gruntling_Scud/Enemy_Gruntling_Scud_Animation/
[2018.03.02-15.41.10:688][  0]SourceControl: Info 	Content/InfinityBladeAdversaries/Enemy/Enemy_Gruntling_Scud/Materials/
[2018.03.02-15.41.10:688][  0]SourceControl: Info 	Content/InfinityBladeAdversaries/Enemy/Enemy_Gruntling_Scud/SK_Gruntling_Scud_Skeleton.uasset
[2018.03.02-15.41.10:688][  0]SourceControl: Info 	Content/InfinityBladeAdversaries/Enemy/Enemy_Gruntling_Scud/Textures/
[2018.03.02-15.41.10:688][  0]SourceControl: Info 	Content/InfinityBladeAdversaries/Enemy/Enemy_Gruntling_Weapons/
[2018.03.02-15.41.10:688][  0]SourceControl: Info 	Content/InfinityBladeAdversaries/Enemy/Enemy_Master_Grunt/Enemy_Master_Grunt_Animation/
[2018.03.02-15.41.10:688][  0]SourceControl: Info 	Content/InfinityBladeAdversaries/Enemy/Enemy_Master_Grunt/Materials/
[2018.03.02-15.41.10:688][  0]SourceControl: Info 	Content/InfinityBladeAdversaries/Enemy/Enemy_Master_Grunt/Textures/
[2018.03.02-15.41.10:688][  0]SourceControl: Info 	Content/InfinityBladeAdversaries/Enemy/Enemy_Robo_Golem/Enemy_Robo_Golem_Animation/
[2018.03.02-15.41.10:688][  0]SourceControl: Info 	Content/InfinityBladeAdversaries/Enemy/Enemy_Robo_Golem/Enemy_Robo_Golem_Melee_Animation/
[2018.03.02-15.41.10:688][  0]SourceControl: Info 	Content/InfinityBladeAdversaries/Enemy/Enemy_Robo_Golem/Materials/
[2018.03.02-15.41.10:688][  0]SourceControl: Info 	Content/InfinityBladeAdversaries/Enemy/Enemy_Robo_Golem/SK_Robo_Golem_Melee_Skeleton.uasset
[2018.03.02-15.41.10:688][  0]SourceControl: Info 	Content/InfinityBladeAdversaries/Enemy/Enemy_Robo_Golem/SK_Robo_Golem_Skeleton.uasset
[2018.03.02-15.41.10:688][  0]SourceControl: Info 	Content/InfinityBladeAdversaries/Enemy/Enemy_Robo_Golem/Textures/
[2018.03.02-15.41.10:688][  0]SourceControl: Info 	Content/InfinityBladeAdversaries/Enemy/Enemy_Spiderling/Materials/
[2018.03.02-15.41.10:688][  0]SourceControl: Info 	Content/InfinityBladeAdversaries/Enemy/Enemy_Spiderling/SK_SpiderlingLOW_Skeleton.uasset
[2018.03.02-15.41.10:688][  0]SourceControl: Info 	Content/InfinityBladeAdversaries/Enemy/Enemy_Spiderling/SK_Spiderling_Skeleton.uasset
[2018.03.02-15.41.10:688][  0]SourceControl: Info 	Content/InfinityBladeAdversaries/Enemy/Enemy_Spiderling/Textures/
[2018.03.02-15.41.10:688][  0]SourceControl: Info 	Content/InfinityBladeAdversaries/Enemy/Enemy_Task_Master/Materials/
[2018.03.02-15.41.10:688][  0]SourceControl: Info 	Content/InfinityBladeAdversaries/Enemy/Enemy_Task_Master/Textures/
[2018.03.02-15.41.10:688][  0]SourceControl: Info 	Content/InfinityBladeAdversaries/Enemy/Enemy_Troll/Meshes/
[2018.03.02-15.41.10:688][  0]SourceControl: Info 	Content/InfinityBladeAdversaries/Enemy/Enemy_Wolf/Enemy_Wolf_Armored_Animation/
[2018.03.02-15.41.10:688][  0]SourceControl: Info 	Content/InfinityBladeAdversaries/Enemy/Enemy_Wolf/Enemy_Wolf_Base_Animation/
[2018.03.02-15.41.10:688][  0]SourceControl: Info 	Content/InfinityBladeAdversaries/Enemy/Enemy_Wolf/Materials/
[2018.03.02-15.41.10:689][  0]SourceControl: Info 	Content/InfinityBladeAdversaries/Enemy/Enemy_Wolf/Textures/
[2018.03.02-15.41.10:689][  0]SourceControl: Info 	Content/InfinityBladeAdversaries/Maps/
[2018.03.02-15.41.10:689][  0]SourceControl: Info 	Content/InfinityBladeEffects/Effects/FX_Combat_Ice/P_Player_Frozen_Exit_01.uasset
[2018.03.02-15.41.10:689][  0]SourceControl: Info 	Content/InfinityBladeEffects/Effects/FX_Combat_Ice/Trap/
[2018.03.02-15.41.10:689][  0]SourceControl: Info 	Content/InfinityBladeEffects/Effects/FX_Forging/P_HammerFail.uasset
[2018.03.02-15.41.10:689][  0]SourceControl: Info 	Content/InfinityBladeEffects/Effects/FX_Forging/P_HammerSparks.uasset
[2018.03.02-15.41.10:689][  0]SourceControl: Info 	Content/InfinityBladeEffects/Effects/FX_Mobile/Fire/combat/P_AuraCircle_Fire_00.uasset
[2018.03.02-15.41.10:689][  0]SourceControl: Info 	Content/InfinityBladeEffects/Effects/FX_Mobile/Fire/combat/P_AuraCircle_Fire_01.uasset
[2018.03.02-15.41.10:689][  0]SourceControl: Info 	Content/InfinityBladeEffects/Effects/FX_Mobile/Fire/combat/P_AuraCircle_Fire_02.uasset
[2018.03.02-15.41.10:689][  0]SourceControl: Info 	Content/InfinityBladeEffects/Effects/FX_Mobile/Fire/combat/P_HeldCharge_Fire_00.uasset
[2018.03.02-15.41.10:689][  0]SourceControl: Info 	Content/InfinityBladeEffects/Effects/FX_Mobile/ICE/combat/P_AuraCircle_Ice_00.uasset
[2018.03.02-15.41.10:689][  0]SourceControl: Info 	Content/InfinityBladeEffects/Effects/FX_Mobile/ICE/combat/P_AuraCircle_Ice_02.uasset
[2018.03.02-15.41.10:689][  0]SourceControl: Info 	Content/InfinityBladeEffects/Effects/FX_Mobile/combat/P_AuraCircle_LeachBeam.uasset
[2018.03.02-15.41.10:689][  0]SourceControl: Info 	Content/InfinityBladeEffects/Effects/FX_Mobile/combat/P_AuraCircle_LeachTarget.uasset
[2018.03.02-15.41.10:689][  0]SourceControl: Info 	Content/InfinityBladeEffects/Effects/FX_Mobile/combat/P_AuraCircle_Untyped.uasset
[2018.03.02-15.41.10:689][  0]SourceControl: Info 	Content/InfinityBladeEffects/Effects/FX_Monsters/FX_Monster_Ausar/P_AU_Sword_Proj_01.uasset
[2018.03.02-15.41.10:689][  0]SourceControl: Info 	Content/InfinityBladeEffects/Effects/FX_Monsters/FX_Monster_Ausar/P_AU_Sword_Proj_Trail_01.uasset
[2018.03.02-15.41.10:689][  0]SourceControl: Info 	Content/InfinityBladeEffects/Effects/FX_Monsters/FX_Monster_Ausar/P_AU_Taunt_sparks.uasset
[2018.03.02-15.41.10:689][  0]SourceControl: Info 	Content/InfinityBladeEffects/Effects/FX_Monsters/FX_Monster_Ausar/P_AU_Trap_Charge_01.uasset
[2018.03.02-15.41.10:689][  0]SourceControl: Info 	Content/InfinityBladeEffects/Effects/FX_Monsters/FX_Monster_FrostGiant/P_Intro_ChestThump_01.uasset
[2018.03.02-15.41.10:689][  0]SourceControl: Info 	Content/InfinityBladeEffects/Effects/FX_Monsters/FX_Monster_FrostGiant/P_Intro_HandSteps_01.uasset
[2018.03.02-15.41.10:689][  0]SourceControl: Info 	Content/InfinityBladeEffects/Effects/FX_Monsters/FX_Monster_FrostGiant/P_Proj_Blast_Ice_01.uasset
[2018.03.02-15.41.10:689][  0]SourceControl: Info 	Content/InfinityBladeEffects/Effects/FX_Monsters/FX_Monster_FrostGiant/P_RageBreath_01.uasset
[2018.03.02-15.41.10:689][  0]SourceControl: Info 	Content/InfinityBladeEffects/Effects/FX_Monsters/FX_Monster_FrostGiant/P_Trap_Blast_Ice_01.uasset
[2018.03.02-15.41.10:689][  0]SourceControl: Info 	Content/InfinityBladeEffects/Effects/FX_Monsters/FX_Monster_Gruntling/Lightning/P_Gruntling_Lightning_Impact_02.uasset
[2018.03.02-15.41.10:689][  0]SourceControl: Info 	Content/InfinityBladeEffects/Effects/FX_Monsters/FX_Monster_Gruntling/Master/P_GruntMaster_FootStep_01.uasset
[2018.03.02-15.41.10:689][  0]SourceControl: Info 	Content/InfinityBladeEffects/Effects/FX_Monsters/FX_Monster_Gruntling/Master/P_GruntMaster_Sparks_Intro_01.uasset
[2018.03.02-15.41.10:689][  0]SourceControl: Info 	Content/InfinityBladeEffects/Effects/FX_Monsters/FX_Monster_Gruntling/Melee/P_GruntlingSwingImpact.uasset
[2018.03.02-15.41.10:689][  0]SourceControl: Info 	Content/InfinityBladeEffects/Effects/FX_Skill_Aura/
[2018.03.02-15.41.10:689][  0]SourceControl: Info 	Content/InfinityBladeEffects/Effects/FX_Skill_RockBurst/P_Health_Absorb_01.uasset
[2018.03.02-15.41.10:689][  0]SourceControl: Info 	Content/TopDownBP/Character/Weapons/Morgensztern/.gitignore
[2018.03.02-15.41.10:689][  0]SourceControl: Info 	Intermediate/Android/
[2018.03.02-15.41.10:689][  0]SourceControl: Info 	Saved/Autosaves/Game/InfinityBladeAdversaries/
[2018.03.02-15.41.10:689][  0]SourceControl: Info 	Saved/Autosaves/Game/MoveJoystick_Auto4.uasset
[2018.03.02-15.41.10:689][  0]SourceControl: Info 	Saved/Autosaves/Game/TopDownBP/Blueprints/Damage_Hit_Auto5.uasset
[2018.03.02-15.41.10:689][  0]SourceControl: Info 	Saved/Autosaves/Game/TopDownBP/Blueprints/Loot_Widget_Auto1.uasset
[2018.03.02-15.41.10:689][  0]SourceControl: Info 	Saved/Autosaves/Game/TopDownBP/Blueprints/RPG_HUD_Auto2.uasset
[2018.03.02-15.41.10:690][  0]SourceControl: Info 	Saved/Autosaves/Game/TopDownBP/Blueprints/RPG_HUD_Auto4.uasset
[2018.03.02-15.41.10:690][  0]SourceControl: Info 	Saved/Autosaves/Game/TopDownBP/Blueprints/RPG_HUD_Auto5.uasset
[2018.03.02-15.41.10:690][  0]SourceControl: Info 	Saved/Autosaves/Game/TopDownBP/Blueprints/SimpleAI_Auto1.uasset
[2018.03.02-15.41.10:690][  0]SourceControl: Info 	Saved/Autosaves/Game/TopDownBP/Blueprints/SimpleAI_Auto2.uasset
[2018.03.02-15.41.10:690][  0]SourceControl: Info 	Saved/Autosaves/Game/TopDownBP/Blueprints/SimpleAI_Auto3.uasset
[2018.03.02-15.41.10:690][  0]SourceControl: Info 	Saved/Autosaves/Game/TopDownBP/Blueprints/SimpleAI_Auto4.uasset
[2018.03.02-15.41.10:690][  0]SourceControl: Info 	Saved/Autosaves/Game/TopDownBP/Blueprints/SimpleAI_Auto5.uasset
[2018.03.02-15.41.10:690][  0]SourceControl: Info 	Saved/Autosaves/Game/TopDownBP/Blueprints/Spawnpoint1_Auto2.uasset
[2018.03.02-15.41.10:690][  0]SourceControl: Info 	Saved/Autosaves/Game/TopDownBP/Blueprints/Spawnpoint1_Auto4.uasset
[2018.03.02-15.41.10:690][  0]SourceControl: Info 	Saved/Autosaves/Game/TopDownBP/Blueprints/TopDownCharacter_Auto0.uasset
[2018.03.02-15.41.10:690][  0]SourceControl: Info 	Saved/Autosaves/Game/TopDownBP/Blueprints/TopDownCharacter_Auto2.uasset
[2018.03.02-15.41.10:690][  0]SourceControl: Info 	Saved/Autosaves/Game/TopDownBP/Blueprints/TopDownCharacter_Auto3.uasset
[2018.03.02-15.41.10:690][  0]SourceControl: Info 	Saved/Autosaves/Game/TopDownBP/Blueprints/TopDownCharacter_Auto4.uasset
[2018.03.02-15.41.10:690][  0]SourceControl: Info 	Saved/Autosaves/Game/TopDownBP/Blueprints/TopDownCharacter_Auto5.uasset
[2018.03.02-15.41.10:690][  0]SourceControl: Info 	Saved/Autosaves/Game/TopDownBP/Blueprints/TopDownCharacter_Auto6.uasset
[2018.03.02-15.41.10:690][  0]SourceControl: Info 	Saved/Autosaves/Game/TopDownBP/Blueprints/TopDownCharacter_Auto8.uasset
[2018.03.02-15.41.10:690][  0]SourceControl: Info 	Saved/Autosaves/Game/TopDownBP/Blueprints/TopDownCharacter_Auto9.uasset
[2018.03.02-15.41.10:690][  0]SourceControl: Info 	Saved/Autosaves/Game/TopDownBP/Blueprints/TopDownController_Auto5.uasset
[2018.03.02-15.41.10:690][  0]SourceControl: Info 	Saved/Autosaves/Game/TopDownBP/Blueprints/TopDownGameMode_Auto4.uasset
[2018.03.02-15.41.10:690][  0]SourceControl: Info 	Saved/Autosaves/Game/TopDownBP/Character/Animations/Combo_1_Montage_Auto3.uasset
[2018.03.02-15.41.10:690][  0]SourceControl: Info 	Saved/Autosaves/Game/TopDownBP/Character/Animations/Combo_1_Montage_Auto4.uasset
[2018.03.02-15.41.10:690][  0]SourceControl: Info 	Saved/Autosaves/Game/TopDownBP/Character/Animations/Combo_2_Montage_Auto4.uasset
[2018.03.02-15.41.10:690][  0]SourceControl: Info 	Saved/Autosaves/Game/TopDownBP/Character/Animations/Combo_3_Montage_Auto2.uasset
[2018.03.02-15.41.10:690][  0]SourceControl: Info 	Saved/Autosaves/Game/TopDownBP/Character/Animations/Combo_3_Montage_Auto3.uasset
[2018.03.02-15.41.10:690][  0]SourceControl: Info 	Saved/Autosaves/Game/TopDownBP/Character/Animations/Combo_3_Montage_Auto4.uasset
[2018.03.02-15.41.10:690][  0]SourceControl: Info 	Saved/Autosaves/Game/TopDownBP/Character/Animations/sword_and_shield_attack_Auto6.uasset
[2018.03.02-15.41.10:690][  0]SourceControl: Info 	Saved/Autosaves/Game/TopDownBP/Character/Animations/sword_and_shield_attack__2__Auto6.uasset
[2018.03.02-15.41.10:690][  0]SourceControl: Info 	Saved/Autosaves/Game/TopDownBP/Character/Animations/sword_and_shield_attack__2__Auto7.uasset
[2018.03.02-15.41.10:690][  0]SourceControl: Info 	Saved/Autosaves/Game/TopDownBP/Character/Weapons/
[2018.03.02-15.41.10:690][  0]SourceControl: Info 	Saved/Autosaves/Game/TopDownBP/Character/paladin_j_nordstrom_Skeleton_Auto7.uasset
[2018.03.02-15.41.10:690][  0]SourceControl: Info 	Saved/Autosaves/Game/TopDownBP/Maps/TopDownExampleMap_Auto3.umap
[2018.03.02-15.41.10:690][  0]SourceControl: Info 	Saved/Autosaves/Game/TopDownBP/Maps/UEDPCTopDownExampleMap.umap
[2018.03.02-15.41.10:690][  0]SourceControl: Info 	Saved/Backup/Combo_3_Montage_2018-03-01-17-09-21.uasset
[2018.03.02-15.41.10:690][  0]SourceControl: Info 	Saved/Backup/Combo_3_Montage_2018-03-01-18-33-39.uasset
[2018.03.02-15.41.10:690][  0]SourceControl: Info 	Saved/Backup/Damage_Hit_2018-02-28-16-04-50.uasset
[2018.03.02-15.41.10:690][  0]SourceControl: Info 	Saved/Backup/Damage_Hit_2018-02-28-16-14-12.uasset
[2018.03.02-15.41.10:690][  0]SourceControl: Info 	Saved/Backup/Damage_Hit_2018-03-02-15-45-25.uasset
[2018.03.02-15.41.10:690][  0]SourceControl: Info 	Saved/Backup/Death_1_Montage_2018-03-01-17-55-24.uasset
[2018.03.02-15.41.10:690][  0]SourceControl: Info 	Saved/Backup/PaladinAnimBP_2018-02-28-17-26-13.uasset
[2018.03.02-15.41.10:690][  0]SourceControl: Info 	Saved/Backup/PaladinAnimBP_2018-02-28-17-34-50.uasset
[2018.03.02-15.41.10:690][  0]SourceControl: Info 	Saved/Backup/PaladinAnimBP_2018-02-28-18-57-16.uasset
[2018.03.02-15.41.10:691][  0]SourceControl: Info 	Saved/Backup/PaladinAnimBP_2018-02-28-21-14-03.uasset
[2018.03.02-15.41.10:691][  0]SourceControl: Info 	Saved/Backup/PaladinAnimBP_2018-03-01-17-22-46.uasset
[2018.03.02-15.41.10:691][  0]SourceControl: Info 	Saved/Backup/PaladinAnimBP_2018-03-01-17-36-01.uasset
[2018.03.02-15.41.10:691][  0]SourceControl: Info 	Saved/Backup/PaladinAnimBP_2018-03-01-17-43-05.uasset
[2018.03.02-15.41.10:691][  0]SourceControl: Info 	Saved/Backup/PaladinAnimBP_2018-03-01-17-53-46.uasset
[2018.03.02-15.41.10:691][  0]SourceControl: Info 	Saved/Backup/TopDownCharacter_2018-02-28-15-36-34.uasset
[2018.03.02-15.41.10:691][  0]SourceControl: Info 	Saved/Backup/TopDownCharacter_2018-02-28-16-04-26.uasset
[2018.03.02-15.41.10:691][  0]SourceControl: Info 	Saved/Backup/TopDownCharacter_2018-02-28-16-17-37.uasset
[2018.03.02-15.41.10:691][  0]SourceControl: Info 	Saved/Backup/TopDownCharacter_2018-02-28-16-27-39.uasset
[2018.03.02-15.41.10:691][  0]SourceControl: Info 	Saved/Backup/TopDownCharacter_2018-02-28-17-01-20.uasset
[2018.03.02-15.41.10:691][  0]SourceControl: Info 	Saved/Backup/TopDownCharacter_2018-02-28-17-11-21.uasset
[2018.03.02-15.41.10:691][  0]SourceControl: Info 	Saved/Backup/TopDownCharacter_2018-02-28-17-34-50.uasset
[2018.03.02-15.41.10:691][  0]SourceControl: Info 	Saved/Backup/TopDownCharacter_2018-02-28-19-02-32.uasset
[2018.03.02-15.41.10:691][  0]SourceControl: Info 	Saved/Backup/TopDownCharacter_2018-02-28-19-23-06.uasset
[2018.03.02-15.41.10:691][  0]SourceControl: Info 	Saved/Backup/TopDownCharacter_2018-02-28-20-32-04.uasset
[2018.03.02-15.41.10:691][  0]SourceControl: Info 	Saved/Backup/TopDownCharacter_2018-02-28-20-39-17.uasset
[2018.03.02-15.41.10:691][  0]SourceControl: Info 	Saved/Backup/TopDownCharacter_2018-02-28-21-06-21.uasset
[2018.03.02-15.41.10:691][  0]SourceControl: Info 	Saved/Backup/TopDownCharacter_2018-02-28-21-12-42.uasset
[2018.03.02-15.41.10:691][  0]SourceControl: Info 	Saved/Backup/TopDownCharacter_2018-03-01-15-35-43.uasset
[2018.03.02-15.41.10:691][  0]SourceControl: Info 	Saved/Backup/TopDownCharacter_2018-03-01-17-23-19.uasset
[2018.03.02-15.41.10:691][  0]SourceControl: Info 	Saved/Backup/TopDownCharacter_2018-03-01-17-33-32.uasset
[2018.03.02-15.41.10:691][  0]SourceControl: Info 	Saved/Backup/TopDownCharacter_2018-03-01-17-39-22.uasset
[2018.03.02-15.41.10:691][  0]SourceControl: Info 	Saved/Backup/TopDownCharacter_2018-03-01-17-45-15.uasset
[2018.03.02-15.41.10:691][  0]SourceControl: Info 	Saved/Backup/TopDownCharacter_2018-03-01-17-54-24.uasset
[2018.03.02-15.41.10:691][  0]SourceControl: Info 	Saved/Backup/TopDownCharacter_2018-03-01-17-59-51.uasset
[2018.03.02-15.41.10:691][  0]SourceControl: Info 	Saved/Backup/TopDownCharacter_2018-03-01-18-07-05.uasset
[2018.03.02-15.41.10:691][  0]SourceControl: Info 	Saved/Backup/TopDownCharacter_2018-03-01-18-12-45.uasset
[2018.03.02-15.41.10:691][  0]SourceControl: Info 	Saved/Backup/TopDownCharacter_2018-03-01-18-23-51.uasset
[2018.03.02-15.41.10:691][  0]SourceControl: Info 	Saved/Backup/TopDownCharacter_2018-03-01-18-31-46.uasset
[2018.03.02-15.41.10:691][  0]SourceControl: Info 	Saved/Backup/TopDownCharacter_2018-03-02-16-12-35.uasset
[2018.03.02-15.41.10:691][  0]SourceControl: Info 	Saved/Backup/TopDownExampleMap_2018-02-28-16-04-25.umap
[2018.03.02-15.41.10:691][  0]SourceControl: Info 	Saved/Backup/TopDownExampleMap_2018-02-28-16-17-37.umap
[2018.03.02-15.41.10:691][  0]SourceControl: Info 	Saved/Backup/TopDownExampleMap_2018-02-28-16-27-38.umap
[2018.03.02-15.41.10:691][  0]SourceControl: Info 	Saved/Backup/TopDownExampleMap_2018-02-28-17-01-20.umap
[2018.03.02-15.41.10:691][  0]SourceControl: Info 	Saved/Backup/TopDownExampleMap_2018-02-28-17-34-49.umap
[2018.03.02-15.41.10:691][  0]SourceControl: Info 	Saved/Backup/TopDownExampleMap_2018-02-28-19-07-11.umap
[2018.03.02-15.41.10:691][  0]SourceControl: Info 	Saved/Backup/TopDownExampleMap_2018-02-28-19-23-18.umap
[2018.03.02-15.41.10:691][  0]SourceControl: Info 	Saved/Backup/TopDownExampleMap_2018-02-28-20-40-48.umap
[2018.03.02-15.41.10:691][  0]SourceControl: Info 	Saved/Backup/TopDownExampleMap_2018-02-28-21-08-16.umap
[2018.03.02-15.41.10:691][  0]SourceControl: Info 	Saved/Backup/TopDownExampleMap_2018-02-28-21-23-33.umap
[2018.03.02-15.41.10:691][  0]SourceControl: Info 	Saved/Backup/TopDownExampleMap_2018-03-01-15-48-31.umap
[2018.03.02-15.41.10:692][  0]SourceControl: Info 	Saved/Backup/TopDownExampleMap_2018-03-01-17-28-12.umap
[2018.03.02-15.41.10:692][  0]SourceControl: Info 	Saved/Backup/TopDownExampleMap_2018-03-01-17-48-07.umap
[2018.03.02-15.41.10:692][  0]SourceControl: Info 	Saved/Backup/TopDownExampleMap_2018-03-01-17-59-09.umap
[2018.03.02-15.41.10:692][  0]SourceControl: Info 	Saved/Backup/TopDownExampleMap_2018-03-01-18-09-37.umap
[2018.03.02-15.41.10:692][  0]SourceControl: Info 	Saved/Backup/TopDownExampleMap_2018-03-01-18-19-59.umap
[2018.03.02-15.41.10:692][  0]SourceControl: Info 	Saved/Backup/TopDownExampleMap_2018-03-01-18-33-38.umap
[2018.03.02-15.41.10:692][  0]SourceControl: Info 	Saved/Backup/TopDownExampleMap_2018-03-02-15-47-35.umap
[2018.03.02-15.41.10:692][  0]SourceControl: Info 	Saved/Backup/TopDownExampleMap_BuiltData_2018-02-28-21-09-38.uasset
[2018.03.02-15.41.10:692][  0]SourceControl: Info 	Saved/Backup/TopDownExampleMap_BuiltData_2018-03-02-15-47-36.uasset
[2018.03.02-15.41.10:692][  0]SourceControl: Info 	Saved/Backup/Troll_Poison_Actor_2018-02-28-19-07-11.uasset
[2018.03.02-15.41.10:692][  0]SourceControl: Info 	Saved/Backup/Troll_Poison_Actor_2018-02-28-19-12-48.uasset
[2018.03.02-15.41.10:692][  0]SourceControl: Info 	Saved/Backup/Troll_Poison_Actor_2018-02-28-19-22-22.uasset
[2018.03.02-15.41.10:692][  0]SourceControl: Info 	Saved/Backup/Troll_Poison_Actor_2018-02-28-20-20-10.uasset
[2018.03.02-15.41.10:692][  0]SourceControl: Info 	Saved/Backup/Troll_Poison_Actor_2018-02-28-20-31-29.uasset
[2018.03.02-15.41.10:692][  0]SourceControl: Info 	Saved/Backup/Troll_Poison_Actor_2018-02-28-20-36-42.uasset
[2018.03.02-15.41.10:692][  0]SourceControl: Info 	Saved/Backup/Troll_Poison_Actor_2018-02-28-20-45-23.uasset
[2018.03.02-15.41.10:692][  0]SourceControl: Info 	Saved/Backup/Troll_Poison_Actor_2018-02-28-20-51-29.uasset
[2018.03.02-15.41.10:692][  0]SourceControl: Info 	Saved/Backup/Troll_Poison_Actor_2018-02-28-20-57-08.uasset
[2018.03.02-15.41.10:692][  0]SourceControl: Info 	Saved/Backup/Troll_Poison_Actor_2018-02-28-21-02-27.uasset
[2018.03.02-15.41.10:692][  0]SourceControl: Info 	Saved/Backup/Troll_Poison_Actor_2018-02-28-21-08-17.uasset
[2018.03.02-15.41.10:692][  0]SourceControl: Info 	Saved/Backup/Troll_Poison_Actor_2018-02-28-21-15-41.uasset
[2018.03.02-15.41.10:692][  0]SourceControl: Info 	Saved/Backup/Troll_Poison_Actor_2018-02-28-21-20-47.uasset
[2018.03.02-15.41.10:692][  0]SourceControl: Info 	Saved/Backup/Troll_Poison_Actor_2018-03-01-15-37-19.uasset
[2018.03.02-15.41.10:692][  0]SourceControl: Info 	Saved/Backup/Troll_Poison_Actor_2018-03-01-15-45-28.uasset
[2018.03.02-15.41.10:692][  0]SourceControl: Info 	Saved/Backup/Troll_Poison_Actor_2018-03-01-15-50-56.uasset
[2018.03.02-15.41.10:692][  0]SourceControl: Info 	Saved/Backup/Troll_Poison_Actor_2018-03-01-15-57-00.uasset
[2018.03.02-15.41.10:692][  0]SourceControl: Info 	Saved/Backup/Troll_Poison_Actor_2018-03-01-16-04-54.uasset
[2018.03.02-15.41.10:692][  0]SourceControl: Info 	Saved/Backup/Troll_Poison_Actor_2018-03-01-16-15-41.uasset
[2018.03.02-15.41.10:692][  0]SourceControl: Info 	Saved/Backup/Troll_Poison_Actor_2018-03-01-16-21-53.uasset
[2018.03.02-15.41.10:692][  0]SourceControl: Info 	Saved/Backup/Troll_Poison_Actor_2018-03-01-16-45-00.uasset
[2018.03.02-15.41.10:692][  0]SourceControl: Info 	Saved/Backup/Troll_Poison_Actor_2018-03-01-16-50-17.uasset
[2018.03.02-15.41.10:692][  0]SourceControl: Info 	Saved/Backup/Troll_Poison_Actor_2018-03-01-16-57-04.uasset
[2018.03.02-15.41.10:692][  0]SourceControl: Info 	Saved/Backup/Troll_Poison_Actor_2018-03-01-17-02-21.uasset
[2018.03.02-15.41.10:692][  0]SourceControl: Info 	Saved/Backup/Troll_Poison_Actor_2018-03-01-17-08-44.uasset
[2018.03.02-15.41.10:692][  0]SourceControl: Info 	Saved/Backup/Troll_Poison_Actor_2018-03-01-17-14-04.uasset
[2018.03.02-15.41.10:692][  0]SourceControl: Info 	Saved/Backup/Troll_Poison_Anim_BP_2018-02-28-15-36-34.uasset
[2018.03.02-15.41.10:692][  0]SourceControl: Info 	Saved/Backup/Troll_Poison_Anim_BP_2018-02-28-16-17-37.uasset
[2018.03.02-15.41.10:692][  0]SourceControl: Info 	Saved/Backup/Troll_Poison_Anim_BP_2018-02-28-16-27-40.uasset
[2018.03.02-15.41.10:692][  0]SourceControl: Info 	Saved/Backup/Troll_Poison_Anim_BP_2018-02-28-17-01-20.uasset
[2018.03.02-15.41.10:692][  0]SourceControl: Info 	Saved/Backup/Troll_Poison_Anim_BP_2018-02-28-17-34-50.uasset
[2018.03.02-15.41.10:692][  0]SourceControl: Info 	Saved/Backup/Troll_Poison_Anim_BP_2018-02-28-19-07-12.uasset
[2018.03.02-15.41.10:693][  0]SourceControl: Info 	Saved/Backup/Troll_Poison_Anim_BP_2018-02-28-19-23-22.uasset
[2018.03.02-15.41.10:693][  0]SourceControl: Info 	Saved/Backup/Troll_Poison_Fist_2018-02-28-16-03-28.uasset
[2018.03.02-15.41.10:693][  0]SourceControl: Info 	Saved/Backup/Troll_Poison_Fist_2018-02-28-16-17-37.uasset
[2018.03.02-15.41.10:693][  0]SourceControl: Info 	Saved/Backup/Troll_Poison_Fist_2018-02-28-19-23-22.uasset
[2018.03.02-15.41.10:693][  0]SourceControl: Info 	Saved/Backup/Troll_Poison_Fist_2018-02-28-21-08-17.uasset
[2018.03.02-15.41.10:693][  0]SourceControl: Info 	Saved/Backup/Troll_Poison_Fist_2018-03-02-16-10-44.uasset
[2018.03.02-15.41.10:693][  0]SourceControl: Info 	Saved/Logs/Game-backup-2018.03.02-16.25.32.log
[2018.03.02-15.41.10:693][  0]SourceControl: Info 	Saved/Logs/Game-backup-2018.03.02-16.28.30.log
[2018.03.02-15.41.10:693][  0]SourceControl: Info 	Saved/Logs/Game-backup-2018.03.02-16.30.57.log
[2018.03.02-15.41.10:693][  0]SourceControl: Info 	Saved/Logs/Game-backup-2018.03.02-16.40.35.log
[2018.03.02-15.41.10:693][  0]SourceControl: Info 	Saved/Logs/Game_2.log
[2018.03.02-15.41.10:693][  0]SourceControl: Info 	Saved/Logs/UE4CC-Windows-052677864A1B634F5E0CDE8D86B5B030/
[2018.03.02-15.41.10:693][  0]SourceControl: Info 	Saved/Logs/UE4CC-Windows-06C47DF945DFE34AAEB8ABA20298043B/
[2018.03.02-15.41.10:693][  0]SourceControl: Info 	Saved/Logs/UE4CC-Windows-156E43CB40D5076DD2EF95B7284158AD/
[2018.03.02-15.41.10:693][  0]SourceControl: Info 	Saved/Logs/UE4CC-Windows-1B615A324E3A6C5C632F41997D7B4D9B/
[2018.03.02-15.41.10:693][  0]SourceControl: Info 	Saved/Logs/UE4CC-Windows-22CA2ADD45A0721106AFA08EF7CFC512/
[2018.03.02-15.41.10:693][  0]SourceControl: Info 	Saved/Logs/UE4CC-Windows-22CA2ADD45A0721106AFA08EF7CFC512_0000/
[2018.03.02-15.41.10:693][  0]SourceControl: Info 	Saved/Logs/UE4CC-Windows-298FCB1C4E2231BDDADBBC9A3671E5B4/
[2018.03.02-15.41.10:693][  0]SourceControl: Info 	Saved/Logs/UE4CC-Windows-2EDE7A724D84316FDD804798C2183706/
[2018.03.02-15.41.10:693][  0]SourceControl: Info 	Saved/Logs/UE4CC-Windows-3ECDFD0D44F449994F10E09D11EAC44A/
[2018.03.02-15.41.10:693][  0]SourceControl: Info 	Saved/Logs/UE4CC-Windows-3ECDFD0D44F449994F10E09D11EAC44A_0000/
[2018.03.02-15.41.10:693][  0]SourceControl: Info 	Saved/Logs/UE4CC-Windows-61FE397F4C94F6B684256D903E9C70FE/
[2018.03.02-15.41.10:693][  0]SourceControl: Info 	Saved/Logs/UE4CC-Windows-622D9B10413BA85278D639AF6FE8526E/
[2018.03.02-15.41.10:693][  0]SourceControl: Info 	Saved/Logs/UE4CC-Windows-62A159004FBCCF636DAD9184F3879FEB/
[2018.03.02-15.41.10:693][  0]SourceControl: Info 	Saved/Logs/UE4CC-Windows-62A159004FBCCF636DAD9184F3879FEB_0000/
[2018.03.02-15.41.10:693][  0]SourceControl: Info 	Saved/Logs/UE4CC-Windows-7293E1D3450596B64F0518BB1E0959CA/
[2018.03.02-15.41.10:693][  0]SourceControl: Info 	Saved/Logs/UE4CC-Windows-7293E1D3450596B64F0518BB1E0959CA_0000/
[2018.03.02-15.41.10:693][  0]SourceControl: Info 	Saved/Logs/UE4CC-Windows-72C129AD463118FECAD92A8E7311ACAB/
[2018.03.02-15.41.10:693][  0]SourceControl: Info 	Saved/Logs/UE4CC-Windows-7694725A4DDC131FBD40A293D0AFBC70/
[2018.03.02-15.41.10:693][  0]SourceControl: Info 	Saved/Logs/UE4CC-Windows-7EF74DA44F90FBCE8DF099BB88253DA0/
[2018.03.02-15.41.10:693][  0]SourceControl: Info 	Saved/Logs/UE4CC-Windows-9786653A47CADDB5CE4A6BAA2D2EC435/
[2018.03.02-15.41.10:693][  0]SourceControl: Info 	Saved/Logs/UE4CC-Windows-98C327664A8B36F8584A4BB44BFABD27/
[2018.03.02-15.41.10:693][  0]SourceControl: Info 	Saved/Logs/UE4CC-Windows-AE44BA2648874FD38058C6A3BF7C8F80/
[2018.03.02-15.41.10:693][  0]SourceControl: Info 	Saved/Logs/UE4CC-Windows-AE44BA2648874FD38058C6A3BF7C8F80_0000/
[2018.03.02-15.41.10:693][  0]SourceControl: Info 	Saved/Logs/UE4CC-Windows-B1123529433AF6A87429B0B735B4F9DD/
[2018.03.02-15.41.10:693][  0]SourceControl: Info 	Saved/Logs/UE4CC-Windows-B6F86B3E4F111CE1DF48A8A8C96CBE83/
[2018.03.02-15.41.10:693][  0]SourceControl: Info 	Saved/Logs/UE4CC-Windows-DD8DBDF24A6290D253E2E090A54BFB28/
[2018.03.02-15.41.10:693][  0]SourceControl: Info 	Saved/Logs/UE4CC-Windows-DDEF68E94B3FA4CDE5DAEE812AD8BBD8/
[2018.03.02-15.41.10:693][  0]SourceControl: Info 	Saved/Logs/UE4CC-Windows-DDEF68E94B3FA4CDE5DAEE812AD8BBD8_0000/
[2018.03.02-15.41.10:693][  0]SourceControl: Info 	Saved/Logs/UE4CC-Windows-DDEF68E94B3FA4CDE5DAEE812AD8BBD8_0001/
[2018.03.02-15.41.10:693][  0]SourceControl: Info 	Saved/Logs/UE4CC-Windows-DDEF68E94B3FA4CDE5DAEE812AD8BBD8_0002/
[2018.03.02-15.41.10:693][  0]SourceControl: Info 	Saved/Logs/UE4CC-Windows-E65799E444774D37254FDAB55269E16D/
[2018.03.02-15.41.10:694][  0]SourceControl: Info 	Saved/Logs/UE4CC-Windows-E91C146948017A657D82F0B7479F294C/
[2018.03.02-15.41.10:694][  0]SourceControl: Info 	Saved/Logs/UE4CC-Windows-F2AFC5224ACC5D64459A5BB90D888EC8/
[2018.03.02-15.41.10:694][  0]SourceControl: Info 	Saved/Logs/UE4CC-Windows-F5B23BFD44763475FCED08B803E73F73/
[2018.03.02-15.41.10:694][  0]SourceControl: Info 	Saved/Logs/UE4CC-Windows-F5CE685347FAA3DA21F4D88813DD9867/
[2018.03.02-15.41.10:694][  0]SourceControl: Info no changes added to commit (use "git add" and/or "git commit -a")
[2018.03.02-15.41.10:694][  0]LogContentStreaming: Texture pool size now 400 MB
[2018.03.02-15.41.10:696][  0]LogSlate: Took 0.000433 seconds to synchronously load lazily loaded font '../../../Engine/Content/Slate/Fonts/Roboto-Regular.ttf' (155K)
[2018.03.02-15.41.10:703][  0]LogSlate: Took 0.000447 seconds to synchronously load lazily loaded font '../../../Engine/Content/Slate/Fonts/Roboto-Bold.ttf' (160K)
[2018.03.02-15.41.10:713][  0]LogSlate: Took 0.000337 seconds to synchronously load lazily loaded font '../../../Engine/Content/Editor/Slate/Fonts/FontAwesome.ttf' (139K)
[2018.03.02-15.41.10:937][  0]LogSlate: Took 0.000459 seconds to synchronously load lazily loaded font '../../../Engine/Content/Slate/Fonts/Roboto-Light.ttf' (159K)
[2018.03.02-15.41.11:068][  0]LogRenderer: Reallocating scene render targets to support 892x340 NumSamples 1 (Frame:2).
[2018.03.02-15.41.12:431][  4]LogCollectionManager: Rebuilt the object cache for 1 collections in 0.000013 seconds (found 0 objects)
[2018.03.02-15.41.14:444][ 10]LogAssetRegistry: Asset discovery search completed in 27.0748 seconds
[2018.03.02-15.41.14:444][ 10]LogCollectionManager: Fixed up redirectors for 1 collections in 0.000001 seconds (updated 0 objects)
[2018.03.02-15.41.17:786][145]LogTemp: Repeting last play command: Selected Viewport
[2018.03.02-15.41.17:810][145]LogBlueprintUserMessages: Early PlayInEditor Detection: Level '/Game/TopDownBP/Maps/TopDownExampleMap.TopDownExampleMap:PersistentLevel' has LevelScriptBlueprint '/Game/TopDownBP/Maps/TopDownExampleMap.TopDownExampleMap:PersistentLevel.TopDownExampleMap' with GeneratedClass '/Game/TopDownBP/Maps/TopDownExampleMap.TopDownExampleMap_C' with ClassGeneratedBy '/Game/TopDownBP/Maps/TopDownExampleMap.TopDownExampleMap:PersistentLevel.TopDownExampleMap'
[2018.03.02-15.41.17:810][145]LogPlayLevel: PlayLevel: No blueprints needed recompiling
[2018.03.02-15.41.17:810][145]PIE: New page: PIE session: TopDownExampleMap (Mar 2, 2018, 5:41:17 PM)
[2018.03.02-15.41.17:811][145]LogPlayLevel: Creating play world package: /Game/TopDownBP/Maps/UEDPIE_0_TopDownExampleMap
[2018.03.02-15.41.17:863][145]LogPlayLevel: PIE: StaticDuplicateObject took: (0.052108s)
[2018.03.02-15.41.17:864][145]LogAIModule: Creating AISystem for world TopDownExampleMap
[2018.03.02-15.41.17:864][145]LogPlayLevel: PIE: World Init took: (0.001367s)
[2018.03.02-15.41.17:864][145]LogPlayLevel: PIE: Created PIE world by copying editor world from /Game/TopDownBP/Maps/TopDownExampleMap.TopDownExampleMap to /Game/TopDownBP/Maps/UEDPIE_0_TopDownExampleMap.TopDownExampleMap (0.053881s)
[2018.03.02-15.41.17:914][145]LogInit: XAudio2 using 'Głośniki (Conexant SmartAudio HD)' : 2 channels at 48 kHz using 32 bits per sample (channel mask 0x3)
[2018.03.02-15.41.17:925][145]LogInit: FAudioDevice initialized.
[2018.03.02-15.41.17:974][145]LogLoad: Game class is 'TopDownGameMode_C'
[2018.03.02-15.41.17:981][145]LogWorld: Bringing World /Game/TopDownBP/Maps/UEDPIE_0_TopDownExampleMap.TopDownExampleMap up for play (max tick rate 60) at 2018.03.02-16.41.17
[2018.03.02-15.41.17:982][145]LogWorld: Bringing up level for play took: 0.005505
[2018.03.02-15.41.18:065][145]LogContentBrowser: Native class hierarchy updated for 'MovieSceneCapture' in 0.0009 seconds. Added 11 classes and 0 folders.
[2018.03.02-15.41.18:075][145]PIE: Info Play in editor start time for /Game/TopDownBP/Maps/UEDPIE_0_TopDownExampleMap 0.76
[2018.03.02-15.41.18:076][145]LogBlueprintUserMessages: Late PlayInEditor Detection: Level '/Game/TopDownBP/Maps/TopDownExampleMap.TopDownExampleMap:PersistentLevel' has LevelScriptBlueprint '/Game/TopDownBP/Maps/TopDownExampleMap.TopDownExampleMap:PersistentLevel.TopDownExampleMap' with GeneratedClass '/Game/TopDownBP/Maps/TopDownExampleMap.TopDownExampleMap_C' with ClassGeneratedBy '/Game/TopDownBP/Maps/TopDownExampleMap.TopDownExampleMap:PersistentLevel.TopDownExampleMap'
[2018.03.02-15.41.23:006][435]LogBlueprintUserMessages: Early EndPlayMap Detection: Level '/Game/TopDownBP/Maps/TopDownExampleMap.TopDownExampleMap:PersistentLevel' has LevelScriptBlueprint '/Game/TopDownBP/Maps/TopDownExampleMap.TopDownExampleMap:PersistentLevel.TopDownExampleMap' with GeneratedClass '/Game/TopDownBP/Maps/TopDownExampleMap.TopDownExampleMap_C' with ClassGeneratedBy '/Game/TopDownBP/Maps/TopDownExampleMap.TopDownExampleMap:PersistentLevel.TopDownExampleMap'
[2018.03.02-15.41.23:048][435]LogBlueprintUserMessages: Late EndPlayMap Detection: Level '/Game/TopDownBP/Maps/TopDownExampleMap.TopDownExampleMap:PersistentLevel' has LevelScriptBlueprint '/Game/TopDownBP/Maps/TopDownExampleMap.TopDownExampleMap:PersistentLevel.TopDownExampleMap' with GeneratedClass '/Game/TopDownBP/Maps/TopDownExampleMap.TopDownExampleMap_C' with ClassGeneratedBy '/Game/TopDownBP/Maps/TopDownExampleMap.TopDownExampleMap:PersistentLevel.TopDownExampleMap'
[2018.03.02-15.42.15:565][739]LogWindowsTextInputMethodSystem:Display: IME system now deactivated.
[2018.03.02-15.42.15:789][740]Cmd: QUIT_EDITOR
[2018.03.02-15.42.16:850][740]LogExit: Preparing to exit.
[2018.03.02-15.42.17:358][740]LogDirectoryWatcher: A directory notification for 'C:/Users/Kamil/Desktop/Repo_Mati/Content/' was aborted.
[2018.03.02-15.42.17:395][740]LogExit: Editor shut down
[2018.03.02-15.42.17:395][740]LogExit: Transaction tracking system shut down
[2018.03.02-15.42.17:489][740]LogObj: Freed 0b from 0 cluster array pools.
[2018.03.02-15.42.17:489][740]LogExit: Object subsystem successfully closed.
[2018.03.02-15.42.17:515][740]LogD3D11RHI: Shutdown
[2018.03.02-15.42.17:515][740]LogD3D11RHI: CleanupD3DDevice
[2018.03.02-15.42.17:575][740]LogD3D11RHI: ~FD3D11DynamicRHI
[2018.03.02-15.42.17:603][740]LogModuleManager: Shutting down and abandoning module MovieSceneCapture (500)
[2018.03.02-15.42.17:603][740]LogModuleManager: Shutting down and abandoning module HierarchicalLODOutliner (498)
[2018.03.02-15.42.17:603][740]LogModuleManager: Shutting down and abandoning module CrashTracker (496)
[2018.03.02-15.42.17:603][740]LogModuleManager: Shutting down and abandoning module SceneOutliner (494)
[2018.03.02-15.42.17:603][740]LogModuleManager: Shutting down and abandoning module AddContentDialog (492)
[2018.03.02-15.42.17:603][740]LogDirectoryWatcher: A directory notification for 'C:/Program Files/Epic Games/UE_4.15/FeaturePacks/' was aborted.
[2018.03.02-15.42.17:605][740]LogModuleManager: Shutting down and abandoning module WidgetCarousel (491)
[2018.03.02-15.42.17:605][740]LogModuleManager: Shutting down and abandoning module EditorWidgets (488)
[2018.03.02-15.42.17:605][740]LogModuleManager: Shutting down and abandoning module CollectionManager (486)
[2018.03.02-15.42.17:605][740]LogDirectoryWatcher: A directory notification for 'C:/Users/Kamil/Desktop/Repo_Mati/Content/Collections/' was aborted.
[2018.03.02-15.42.17:605][740]LogDirectoryWatcher: A directory notification for 'C:/Users/Kamil/Desktop/Repo_Mati/Content/Developers/Kamil/Collections/' was aborted.
[2018.03.02-15.42.17:605][740]LogDirectoryWatcher: A directory notification for 'C:/Users/Kamil/Desktop/Repo_Mati/Saved/Collections/' was aborted.
[2018.03.02-15.42.17:605][740]LogModuleManager: Shutting down and abandoning module StatsViewer (484)
[2018.03.02-15.42.17:605][740]LogModuleManager: Shutting down and abandoning module FoliageEdit (482)
[2018.03.02-15.42.17:605][740]LogModuleManager: Shutting down and abandoning module LandscapeEditor (480)
[2018.03.02-15.42.17:605][740]LogModuleManager: Shutting down and abandoning module SceneDepthPickerMode (478)
[2018.03.02-15.42.17:605][740]LogModuleManager: Shutting down and abandoning module ActorPickerMode (476)
[2018.03.02-15.42.17:605][740]LogModuleManager: Shutting down and abandoning module GeometryMode (474)
[2018.03.02-15.42.17:605][740]LogModuleManager: Shutting down and abandoning module TextureAlignMode (472)
[2018.03.02-15.42.17:605][740]LogModuleManager: Shutting down and abandoning module BspMode (470)
[2018.03.02-15.42.17:605][740]LogModuleManager: Shutting down and abandoning module HardwareSurvey (468)
[2018.03.02-15.42.17:605][740]LogModuleManager: Shutting down and abandoning module SequenceRecorderSections (466)
[2018.03.02-15.42.17:605][740]LogModuleManager: Shutting down and abandoning module AutomationWorker (464)
[2018.03.02-15.42.17:605][740]LogModuleManager: Shutting down and abandoning module MatineeToLevelSequence (462)
[2018.03.02-15.42.17:605][740]LogModuleManager: Shutting down and abandoning module LevelSequenceEditor (460)
[2018.03.02-15.42.17:606][740]LogModuleManager: Shutting down and abandoning module PlacementMode (459)
[2018.03.02-15.42.17:606][740]LogModuleManager: Shutting down and abandoning module WmfMediaFactory (456)
[2018.03.02-15.42.17:606][740]LogModuleManager: Shutting down and abandoning module WmfMediaEditor (454)
[2018.03.02-15.42.17:606][740]LogModuleManager: Shutting down and abandoning module MfMediaFactory (452)
[2018.03.02-15.42.17:606][740]LogModuleManager: Shutting down and abandoning module MfMediaEditor (450)
[2018.03.02-15.42.17:606][740]LogModuleManager: Shutting down and abandoning module AvfMediaFactory (448)
[2018.03.02-15.42.17:606][740]LogModuleManager: Shutting down and abandoning module AvfMediaEditor (446)
[2018.03.02-15.42.17:606][740]LogModuleManager: Shutting down and abandoning module AndroidMediaFactory (444)
[2018.03.02-15.42.17:606][740]LogModuleManager: Shutting down and abandoning module Media (443)
[2018.03.02-15.42.17:606][740]LogModuleManager: Shutting down and abandoning module AndroidMediaEditor (440)
[2018.03.02-15.42.17:606][740]LogModuleManager: Shutting down and abandoning module CharacterAI (438)
[2018.03.02-15.42.17:606][740]LogModuleManager: Shutting down and abandoning module AudioCapture (436)
[2018.03.02-15.42.17:606][740]LogModuleManager: Shutting down and abandoning module SequenceRecorder (435)
[2018.03.02-15.42.17:606][740]LogModuleManager: Shutting down and abandoning module SmartSnapping (432)
[2018.03.02-15.42.17:606][740]LogModuleManager: Shutting down and abandoning module SessionServices (430)
[2018.03.02-15.42.17:606][740]LogModuleManager: Shutting down and abandoning module ViewportSnapping (428)
[2018.03.02-15.42.17:606][740]LogModuleManager: Shutting down and abandoning module ViewportInteraction (426)
[2018.03.02-15.42.17:606][740]LogModuleManager: Shutting down and abandoning module LogVisualizer (424)
[2018.03.02-15.42.17:606][740]LogModuleManager: Shutting down and abandoning module IntroTutorials (422)
[2018.03.02-15.42.17:606][740]LogModuleManager: Shutting down and abandoning module GameProjectGeneration (421)
[2018.03.02-15.42.17:606][740]LogModuleManager: Shutting down and abandoning module EditorLiveStreaming (418)
[2018.03.02-15.42.17:606][740]LogModuleManager: Shutting down and abandoning module IOSPlatformEditor (416)
[2018.03.02-15.42.17:606][740]LogModuleManager: Shutting down and abandoning module HTML5PlatformEditor (414)
[2018.03.02-15.42.17:606][740]LogModuleManager: Shutting down and abandoning module AndroidPlatformEditor (412)
[2018.03.02-15.42.17:606][740]LogModuleManager: Shutting down and abandoning module AndroidDeviceDetection (411)
[2018.03.02-15.42.17:844][740]LogModuleManager: Shutting down and abandoning module IOSRuntimeSettings (408)
[2018.03.02-15.42.17:844][740]LogModuleManager: Shutting down and abandoning module AndroidRuntimeSettings (406)
[2018.03.02-15.42.17:844][740]LogModuleManager: Shutting down and abandoning module InputBindingEditor (404)
[2018.03.02-15.42.17:844][740]LogModuleManager: Shutting down and abandoning module NiagaraEditor (402)
[2018.03.02-15.42.17:844][740]LogModuleManager: Shutting down and abandoning module MergeActors (400)
[2018.03.02-15.42.17:844][740]LogModuleManager: Shutting down and abandoning module SizeMap (398)
[2018.03.02-15.42.17:844][740]LogModuleManager: Shutting down and abandoning module TreeMap (396)
[2018.03.02-15.42.17:844][740]LogModuleManager: Shutting down and abandoning module ReferenceViewer (394)
[2018.03.02-15.42.17:844][740]LogModuleManager: Shutting down and abandoning module LocalizationDashboard (392)
[2018.03.02-15.42.17:844][740]LogModuleManager: Shutting down and abandoning module LocalizationService (391)
[2018.03.02-15.42.17:844][740]LogModuleManager: Shutting down and abandoning module HardwareTargeting (388)
[2018.03.02-15.42.17:844][740]LogModuleManager: Shutting down and abandoning module DeviceProfileEditor (386)
[2018.03.02-15.42.17:844][740]LogModuleManager: Shutting down and abandoning module UndoHistory (384)
[2018.03.02-15.42.17:844][740]LogModuleManager: Shutting down and abandoning module UserFeedback (382)
[2018.03.02-15.42.17:844][740]LogModuleManager: Shutting down and abandoning module XmlParser (380)
[2018.03.02-15.42.17:844][740]LogModuleManager: Shutting down and abandoning module Blutility (378)
[2018.03.02-15.42.17:844][740]LogModuleManager: Shutting down and abandoning module ProjectSettingsViewer (376)
[2018.03.02-15.42.17:844][740]LogModuleManager: Shutting down and abandoning module ProjectTargetPlatformEditor (375)
[2018.03.02-15.42.17:844][740]LogModuleManager: Shutting down and abandoning module EditorSettingsViewer (372)
[2018.03.02-15.42.17:844][740]LogModuleManager: Shutting down and abandoning module SettingsEditor (370)
[2018.03.02-15.42.17:844][740]LogModuleManager: Shutting down and abandoning module ProjectLauncher (368)
[2018.03.02-15.42.17:844][740]LogModuleManager: Shutting down and abandoning module SessionFrontend (366)
[2018.03.02-15.42.17:844][740]LogModuleManager: Shutting down and abandoning module ProfilerClient (364)
[2018.03.02-15.42.17:844][740]LogModuleManager: Shutting down and abandoning module DeviceManager (362)
[2018.03.02-15.42.17:844][740]LogModuleManager: Shutting down and abandoning module TargetDeviceServices (361)
[2018.03.02-15.42.17:909][740]LogModuleManager: Shutting down and abandoning module AutomationController (358)
[2018.03.02-15.42.17:909][740]LogModuleManager: Shutting down and abandoning module AutomationWindow (356)
[2018.03.02-15.42.17:909][740]LogModuleManager: Shutting down and abandoning module Layers (354)
[2018.03.02-15.42.17:909][740]LogModuleManager: Shutting down and abandoning module ComponentVisualizers (352)
[2018.03.02-15.42.17:909][740]LogModuleManager: Shutting down and abandoning module DetailCustomizations (350)
[2018.03.02-15.42.17:909][740]LogModuleManager: Shutting down and abandoning module PackagesDialog (348)
[2018.03.02-15.42.17:909][740]LogModuleManager: Shutting down and abandoning module Persona (346)
[2018.03.02-15.42.17:909][740]LogModuleManager: Shutting down and abandoning module AnimGraph (345)
[2018.03.02-15.42.17:909][740]LogModuleManager: Shutting down and abandoning module Kismet (342)
[2018.03.02-15.42.17:911][740]LogModuleManager: Shutting down and abandoning module GraphEditor (340)
[2018.03.02-15.42.17:912][740]LogModuleManager: Shutting down and abandoning module ClassViewer (338)
[2018.03.02-15.42.17:912][740]LogModuleManager: Shutting down and abandoning module Toolbox (336)
[2018.03.02-15.42.17:912][740]LogModuleManager: Shutting down and abandoning module ModuleUI (334)
[2018.03.02-15.42.17:912][740]LogModuleManager: Shutting down and abandoning module MovieSceneTools (332)
[2018.03.02-15.42.17:912][740]LogModuleManager: Shutting down and abandoning module OutputLog (330)
[2018.03.02-15.42.17:912][740]LogModuleManager: Shutting down and abandoning module GammaUI (328)
[2018.03.02-15.42.17:912][740]LogModuleManager: Shutting down and abandoning module Documentation (326)
[2018.03.02-15.42.17:912][740]LogModuleManager: Shutting down and abandoning module Niagara (324)
[2018.03.02-15.42.17:912][740]LogModuleManager: Shutting down and abandoning module StreamingPauseRendering (322)
[2018.03.02-15.42.17:912][740]LogModuleManager: Shutting down and abandoning module AnalyticsET (320)
[2018.03.02-15.42.17:912][740]LogModuleManager: Shutting down and abandoning module PortalServices (318)
[2018.03.02-15.42.17:912][740]LogModuleManager: Shutting down and abandoning module PortalRpc (316)
[2018.03.02-15.42.17:912][740]LogModuleManager: Shutting down and abandoning module MessagingRpc (314)
[2018.03.02-15.42.17:912][740]LogModuleManager: Shutting down and abandoning module AIModule (312)
[2018.03.02-15.42.17:912][740]LogModuleManager: Shutting down and abandoning module GameplayDebugger (311)
[2018.03.02-15.42.17:912][740]LogModuleManager: Shutting down and abandoning module AITestSuite (309)
[2018.03.02-15.42.17:912][740]LogModuleManager: Shutting down and abandoning module ProfilerService (306)
[2018.03.02-15.42.17:995][740]LogModuleManager: Shutting down and abandoning module TaskGraph (304)
[2018.03.02-15.42.17:995][740]LogModuleManager: Shutting down and abandoning module SteamVRController (302)
[2018.03.02-15.42.17:995][740]LogModuleManager: Shutting down and abandoning module SteamVR (300)
[2018.03.02-15.42.17:995][740]LogModuleManager: Shutting down and abandoning module ProceduralMeshComponentEditor (298)
[2018.03.02-15.42.17:995][740]LogModuleManager: Shutting down and abandoning module ProceduralMeshComponent (296)
[2018.03.02-15.42.17:995][740]LogModuleManager: Shutting down and abandoning module OculusLibrary (294)
[2018.03.02-15.42.17:995][740]LogModuleManager: Shutting down and abandoning module OculusInput (292)
[2018.03.02-15.42.17:995][740]LogModuleManager: Shutting down and abandoning module MobilePatchingUtils (290)
[2018.03.02-15.42.17:995][740]LogModuleManager: Shutting down and abandoning module CustomMeshComponent (288)
[2018.03.02-15.42.17:995][740]LogModuleManager: Shutting down and abandoning module CableComponent (286)
[2018.03.02-15.42.17:995][740]LogModuleManager: Shutting down and abandoning module ArchVisCharacter (284)
[2018.03.02-15.42.17:995][740]LogModuleManager: Shutting down and abandoning module MediaPlayerEditor (280)
[2018.03.02-15.42.17:995][740]LogModuleManager: Shutting down and abandoning module HTML5Networking (278)
[2018.03.02-15.42.17:995][740]LogModuleManager: Shutting down and abandoning module AlembicImporter (276)
[2018.03.02-15.42.17:995][740]LogModuleManager: Shutting down and abandoning module AlembicLibrary (275)
[2018.03.02-15.42.17:995][740]LogModuleManager: Shutting down and abandoning module GeometryCache (274)
[2018.03.02-15.42.17:995][740]LogModuleManager: Shutting down and abandoning module GeometryCacheEd (273)
[2018.03.02-15.42.17:995][740]LogModuleManager: Shutting down and abandoning module SuperSearchEditor (268)
[2018.03.02-15.42.17:995][740]LogModuleManager: Shutting down and abandoning module SuperSearch (267)
[2018.03.02-15.42.17:995][740]LogModuleManager: Shutting down and abandoning module SpeedTreeImporter (264)
[2018.03.02-15.42.17:995][740]LogModuleManager: Shutting down and abandoning module PluginBrowser (262)
[2018.03.02-15.42.17:995][740]LogModuleManager: Shutting down and abandoning module MobileLauncherProfileWizard (260)
[2018.03.02-15.42.17:995][740]LogModuleManager: Shutting down and abandoning module EpicSurvey (258)
[2018.03.02-15.42.17:995][740]LogModuleManager: Shutting down and abandoning module VisualStudioSourceCodeAccess (256)
[2018.03.02-15.42.17:995][740]LogModuleManager: Shutting down and abandoning module DesktopPlatform (255)
[2018.03.02-15.42.17:995][740]LogModuleManager: Shutting down and abandoning module UObjectPlugin (252)
[2018.03.02-15.42.17:996][740]LogModuleManager: Shutting down and abandoning module SubversionSourceControl (250)
[2018.03.02-15.42.17:996][740]LogModuleManager: Shutting down and abandoning module PerforceSourceControl (248)
[2018.03.02-15.42.17:996][740]LogModuleManager: Shutting down and abandoning module GitSourceControl (246)
[2018.03.02-15.42.17:996][740]LogModuleManager: Shutting down and abandoning module SourceControl (245)
[2018.03.02-15.42.17:996][740]LogModuleManager: Shutting down and abandoning module LightPropagationVolumeEditor (242)
[2018.03.02-15.42.17:996][740]LogModuleManager: Shutting down and abandoning module PaperTiledImporter (240)
[2018.03.02-15.42.17:996][740]LogModuleManager: Shutting down and abandoning module PaperSpriteSheetImporter (238)
[2018.03.02-15.42.17:996][740]LogModuleManager: Shutting down and abandoning module Paper2DEditor (236)
[2018.03.02-15.42.17:996][740]LogModuleManager: Shutting down and abandoning module MeshPaint (235)
[2018.03.02-15.42.17:996][740]LogModuleManager: Shutting down and abandoning module LevelEditor (233)
[2018.03.02-15.42.17:997][740]LogModuleManager: Shutting down and abandoning module PixelInspectorModule (232)
[2018.03.02-15.42.17:997][740]LogModuleManager: Shutting down and abandoning module MainFrame (230)
[2018.03.02-15.42.17:997][740]LogModuleManager: Shutting down and abandoning module HotReload (229)
[2018.03.02-15.42.17:997][740]LogModuleManager: Shutting down and abandoning module ContentBrowser (225)
[2018.03.02-15.42.17:999][740]LogModuleManager: Shutting down and abandoning module PhysXVehiclesEditor (222)
[2018.03.02-15.42.17:999][740]LogModuleManager: Shutting down and abandoning module PhysXVehicles (220)
[2018.03.02-15.42.17:999][740]LogModuleManager: Shutting down and abandoning module LocationServicesBPLibrary (218)
[2018.03.02-15.42.17:999][740]LogModuleManager: Shutting down and abandoning module UdpMessaging (216)
[2018.03.02-15.42.18:100][740]LogModuleManager: Shutting down and abandoning module TcpMessaging (214)
[2018.03.02-15.42.18:200][740]LogModuleManager: Shutting down and abandoning module GameplayTagsEditor (212)
[2018.03.02-15.42.18:200][740]LogModuleManager: Shutting down and abandoning module FacialAnimationEditor (210)
[2018.03.02-15.42.18:200][740]LogModuleManager: Shutting down and abandoning module FacialAnimation (208)
[2018.03.02-15.42.18:200][740]LogModuleManager: Shutting down and abandoning module LightPropagationVolumeRuntime (206)
[2018.03.02-15.42.18:200][740]LogModuleManager: Shutting down and abandoning module Paper2D (204)
[2018.03.02-15.42.18:200][740]LogModuleManager: Shutting down and abandoning module WindowsMoviePlayer (202)
[2018.03.02-15.42.18:200][740]LogModuleManager: Shutting down and abandoning module WmfMedia (200)
[2018.03.02-15.42.18:200][740]LogModuleManager: Shutting down and abandoning module MfMedia (198)
[2018.03.02-15.42.18:200][740]LogModuleManager: Shutting down and abandoning module MediaAssets (196)
[2018.03.02-15.42.18:200][740]LogModuleManager: Shutting down and abandoning module GameLiveStreaming (194)
[2018.03.02-15.42.18:200][740]LogModuleManager: Shutting down and abandoning module VREditor (192)
[2018.03.02-15.42.18:200][740]LogModuleManager: Shutting down and abandoning module GameplayTasksEditor (190)
[2018.03.02-15.42.18:200][740]LogModuleManager: Shutting down and abandoning module BehaviorTreeEditor (188)
[2018.03.02-15.42.18:200][740]LogModuleManager: Shutting down and abandoning module FunctionalTesting (186)
[2018.03.02-15.42.18:200][740]LogModuleManager: Shutting down and abandoning module CollisionAnalyzer (184)
[2018.03.02-15.42.18:200][740]LogModuleManager: Shutting down and abandoning module UMG (182)
[2018.03.02-15.42.18:200][740]LogModuleManager: Shutting down and abandoning module UMGEditor (181)
[2018.03.02-15.42.18:200][740]LogModuleManager: Shutting down and abandoning module Sequencer (180)
[2018.03.02-15.42.18:201][740]LogModuleManager: Shutting down and abandoning module AssetTools (178)
[2018.03.02-15.42.18:201][740]LogModuleManager: Shutting down and abandoning module MessageLog (177)
[2018.03.02-15.42.18:201][740]LogModuleManager: Shutting down and abandoning module WorkspaceMenuStructure (176)
[2018.03.02-15.42.18:201][740]LogModuleManager: Shutting down and abandoning module SlateReflector (170)
[2018.03.02-15.42.18:201][740]LogModuleManager: Shutting down and abandoning module Slate (168)
[2018.03.02-15.42.18:201][740]LogModuleManager: Shutting down and abandoning module EditorStyle (166)
[2018.03.02-15.42.18:205][740]LogModuleManager: Shutting down and abandoning module SourceCodeAccess (164)
[2018.03.02-15.42.18:205][740]LogModuleManager: Shutting down and abandoning module HeadMountedDisplay (162)
[2018.03.02-15.42.18:205][740]LogModuleManager: Shutting down and abandoning module XAudio2 (160)
[2018.03.02-15.42.18:205][740]LogModuleManager: Shutting down and abandoning module Networking (158)
[2018.03.02-15.42.18:205][740]LogModuleManager: Shutting down and abandoning module Core (154)
[2018.03.02-15.42.18:205][740]LogModuleManager: Shutting down and abandoning module AssetRegistry (152)
[2018.03.02-15.42.18:428][740]LogDirectoryWatcher: A directory notification for '../../../Engine/Content/' was aborted.
[2018.03.02-15.42.18:428][740]LogDirectoryWatcher: A directory notification for '../../../../../../Users/Kamil/Desktop/Repo_Mati/Content/' was aborted.
[2018.03.02-15.42.18:428][740]LogDirectoryWatcher: A directory notification for '../../../Engine/Plugins/2D/Paper2D/Content/' was aborted.
[2018.03.02-15.42.18:428][740]LogModuleManager: Shutting down and abandoning module DirectoryWatcher (151)
[2018.03.02-15.42.18:429][740]LogModuleManager: Shutting down and abandoning module KismetCompiler (148)
[2018.03.02-15.42.18:429][740]LogModuleManager: Shutting down and abandoning module PhysXFormats (146)
[2018.03.02-15.42.18:429][740]LogModuleManager: Shutting down and abandoning module MeshUtilities (144)
[2018.03.02-15.42.18:429][740]LogModuleManager: Shutting down and abandoning module SimplygonSwarm (143)
[2018.03.02-15.42.18:429][740]LogModuleManager: Shutting down and abandoning module SimplygonMeshReduction (141)
[2018.03.02-15.42.18:429][740]LogModuleManager: Shutting down and abandoning module QuadricMeshReduction (139)
[2018.03.02-15.42.18:429][740]LogModuleManager: Shutting down and abandoning module PropertyEditor (137)
[2018.03.02-15.42.18:429][740]LogModuleManager: Shutting down and abandoning module DerivedDataCache (134)
[2018.03.02-15.42.18:922][740]LogDerivedDataCache: Shutdown
[2018.03.02-15.42.18:922][740]LogModuleManager: Shutting down and abandoning module TargetPlatform (132)
[2018.03.02-15.42.18:922][740]LogModuleManager: Shutting down and abandoning module VulkanShaderFormat (131)
[2018.03.02-15.42.18:922][740]LogModuleManager: Shutting down and abandoning module ShaderFormatOpenGL (129)
[2018.03.02-15.42.18:922][740]LogModuleManager: Shutting down and abandoning module ShaderFormatD3D (127)
[2018.03.02-15.42.18:922][740]LogModuleManager: Shutting down and abandoning module MetalShaderFormat (125)
[2018.03.02-15.42.18:922][740]LogModuleManager: Shutting down and abandoning module TextureFormatUncompressed (123)
[2018.03.02-15.42.18:922][740]LogModuleManager: Shutting down and abandoning module TextureFormatPVR (121)
[2018.03.02-15.42.18:922][740]LogModuleManager: Shutting down and abandoning module TextureFormatDXT (119)
[2018.03.02-15.42.18:922][740]LogModuleManager: Shutting down and abandoning module TextureFormatIntelISPCTexComp (117)
[2018.03.02-15.42.18:922][740]LogModuleManager: Shutting down and abandoning module TextureFormatASTC (115)
[2018.03.02-15.42.18:922][740]LogModuleManager: Shutting down and abandoning module ImageWrapper (114)
[2018.03.02-15.42.18:922][740]LogModuleManager: Shutting down and abandoning module TextureFormatAndroid (111)
[2018.03.02-15.42.18:922][740]LogModuleManager: Shutting down and abandoning module AudioFormatOpus (109)
[2018.03.02-15.42.18:922][740]LogModuleManager: Shutting down and abandoning module AudioFormatOgg (107)
[2018.03.02-15.42.18:922][740]LogModuleManager: Shutting down and abandoning module AudioFormatADPCM (105)
[2018.03.02-15.42.18:922][740]LogModuleManager: Shutting down and abandoning module LinuxTargetPlatform (103)
[2018.03.02-15.42.18:923][740]LogModuleManager: Shutting down and abandoning module LinuxServerTargetPlatform (101)
[2018.03.02-15.42.18:923][740]LogModuleManager: Shutting down and abandoning module LinuxNoEditorTargetPlatform (99)
[2018.03.02-15.42.18:923][740]LogModuleManager: Shutting down and abandoning module LinuxClientTargetPlatform (97)
[2018.03.02-15.42.18:923][740]LogModuleManager: Shutting down and abandoning module TVOSTargetPlatform (95)
[2018.03.02-15.42.18:923][740]LogModuleManager: Shutting down and abandoning module Messaging (93)
[2018.03.02-15.42.18:923][740]LogModuleManager: Shutting down and abandoning module IOSTargetPlatform (91)
[2018.03.02-15.42.18:923][740]LogModuleManager: Shutting down and abandoning module HTML5TargetPlatform (89)
[2018.03.02-15.42.18:923][740]LogModuleManager: Shutting down and abandoning module Android_PVRTCTargetPlatform (87)
[2018.03.02-15.42.18:923][740]LogModuleManager: Shutting down and abandoning module Android_MultiTargetPlatform (85)
[2018.03.02-15.42.18:923][740]LogModuleManager: Shutting down and abandoning module Android_ETC2TargetPlatform (83)
[2018.03.02-15.42.18:923][740]LogModuleManager: Shutting down and abandoning module Android_ETC1TargetPlatform (81)
[2018.03.02-15.42.18:923][740]LogModuleManager: Shutting down and abandoning module Android_DXTTargetPlatform (79)
[2018.03.02-15.42.18:923][740]LogModuleManager: Shutting down and abandoning module Android_ATCTargetPlatform (77)
[2018.03.02-15.42.18:923][740]LogModuleManager: Shutting down and abandoning module Android_ASTCTargetPlatform (75)
[2018.03.02-15.42.18:923][740]LogModuleManager: Shutting down and abandoning module AndroidTargetPlatform (73)
[2018.03.02-15.42.18:923][740]LogModuleManager: Shutting down and abandoning module WindowsTargetPlatform (71)
[2018.03.02-15.42.18:923][740]LogModuleManager: Shutting down and abandoning module WindowsServerTargetPlatform (69)
[2018.03.02-15.42.18:923][740]LogModuleManager: Shutting down and abandoning module WindowsNoEditorTargetPlatform (67)
[2018.03.02-15.42.18:923][740]LogModuleManager: Shutting down and abandoning module WindowsClientTargetPlatform (65)
[2018.03.02-15.42.18:923][740]LogModuleManager: Shutting down and abandoning module MacTargetPlatform (63)
[2018.03.02-15.42.18:923][740]LogModuleManager: Shutting down and abandoning module MacServerTargetPlatform (61)
[2018.03.02-15.42.18:923][740]LogModuleManager: Shutting down and abandoning module MacNoEditorTargetPlatform (59)
[2018.03.02-15.42.18:923][740]LogModuleManager: Shutting down and abandoning module MacClientTargetPlatform (57)
[2018.03.02-15.42.18:923][740]LogModuleManager: Shutting down and abandoning module AllDesktopTargetPlatform (55)
[2018.03.02-15.42.18:923][740]LogModuleManager: Shutting down and abandoning module InputCore (52)
[2018.03.02-15.42.18:923][740]LogModuleManager: Shutting down and abandoning module Settings (50)
[2018.03.02-15.42.18:923][740]LogModuleManager: Shutting down and abandoning module OculusRift (48)
[2018.03.02-15.42.18:923][740]LogModuleManager: Shutting down and abandoning module GearVR (46)
[2018.03.02-15.42.18:923][740]LogModuleManager: Shutting down and abandoning module ExampleDeviceProfileSelector (44)
[2018.03.02-15.42.18:923][740]LogModuleManager: Shutting down and abandoning module OnlineBlueprintSupport (42)
[2018.03.02-15.42.18:923][740]LogModuleManager: Shutting down and abandoning module OnlineSubsystem (38)
[2018.03.02-15.42.18:923][740]LogOnline:Display: Unloading online subsystem: NULL
[2018.03.02-15.42.18:923][740]LogModuleManager: Shutting down and abandoning module XMPP (37)
[2018.03.02-15.42.18:923][740]LogModuleManager: Shutting down and abandoning module HTTP (35)
[2018.03.02-15.42.18:923][740]LogHttp:Display: Http module shutting down, but needs to wait on 1 outstanding Http requests:
[2018.03.02-15.42.18:923][740]LogHttp:Display: 	verb=[POST] url=[https://datarouter.ol.epicgames.com/datarouter/api/v1/public/data?SessionID=%7B825D66B4-4310-0930-D279-8CB47A5C66E6%7D&AppID=UEEditor.Rocket.Release&AppVersion=4.15.3-3450819%2B%2B%2BUE4%2BRelease-4.15&UserID=0452566f404a96ca03ce7fac209949c5%7Cce2cffd2e5434ee79ff8d35c95984f95%7C5f340f8a-f1ef-4b72-af83-3116683e5caf&AppEnvironment=datacollector-binary&UploadType=eteventstream] status=Processing
[2018.03.02-15.42.18:933][740]LogModuleManager: Shutting down and abandoning module SSL (34)
[2018.03.02-15.42.18:935][740]LogModuleManager: Shutting down and abandoning module AudioEditor (30)
[2018.03.02-15.42.18:936][740]LogModuleManager: Shutting down and abandoning module TextureCompressor (28)
[2018.03.02-15.42.18:936][740]LogModuleManager: Shutting down and abandoning module ShaderCore (26)
[2018.03.02-15.42.18:936][740]LogModuleManager: Shutting down and abandoning module Landscape (24)
[2018.03.02-15.42.18:936][740]LogModuleManager: Shutting down and abandoning module SlateRHIRenderer (22)
[2018.03.02-15.42.18:937][740]LogModuleManager: Shutting down and abandoning module OpenGLDrv (20)
[2018.03.02-15.42.18:937][740]LogModuleManager: Shutting down and abandoning module D3D11RHI (18)
[2018.03.02-15.42.18:937][740]LogModuleManager: Shutting down and abandoning module AnimGraphRuntime (16)
[2018.03.02-15.42.18:937][740]LogModuleManager: Shutting down and abandoning module Renderer (14)
[2018.03.02-15.42.18:937][740]LogModuleManager: Shutting down and abandoning module Engine (12)
[2018.03.02-15.42.18:937][740]LogModuleManager: Shutting down and abandoning module CoreUObject (10)
[2018.03.02-15.42.18:937][740]LogModuleManager: Shutting down and abandoning module NetworkFile (8)
[2018.03.02-15.42.18:937][740]LogModuleManager: Shutting down and abandoning module StreamingFile (6)
[2018.03.02-15.42.18:937][740]LogModuleManager: Shutting down and abandoning module SandboxFile (4)
[2018.03.02-15.42.18:937][740]LogModuleManager: Shutting down and abandoning module PakFile (2)
[2018.03.02-15.42.18:939][740]LogExit: Exiting.
[2018.03.02-15.42.18:942][740]Log file closed, 03/02/18 16:42:18
