Log file open, 02/20/18 14:42:09
LogInit:Display: Running engine for game: Game
LogPlatformFile: Not using cached read wrapper
LogInit:Display: RandInit(-690715777) SRandInit(-690715777).
LogTaskGraph: Started task graph with 5 named threads and 8 total threads with 1 sets of task threads.
LogStats: Stats thread started at 0.094411
LogInit: Using libcurl 7.47.1
LogInit:  - built for x86_64-pc-win32
LogInit:  - supports SSL with OpenSSL/1.0.2g
LogInit:  - supports HTTP deflate (compression) using libz 1.2.8
LogInit:  - other features:
LogInit:      CURL_VERSION_SSL
LogInit:      CURL_VERSION_LIBZ
LogInit:      CURL_VERSION_IPV6
LogInit:      CURL_VERSION_ASYNCHDNS
LogInit:      CURL_VERSION_LARGEFILE
LogInit:      CURL_VERSION_IDN
LogInit:  CurlRequestOptions (configurable via config and command line):
LogInit:  - bVerifyPeer = false  - Libcurl will NOT verify peer certificate
LogInit:  - bUseHttpProxy = false  - Libcurl will NOT use HTTP proxy
LogInit:  - bDontReuseConnections = false  - Libcurl will reuse connections
LogInit:  - CertBundlePath = nullptr  - Libcurl will use whatever was configured at build time.
LogInit: Build: ++UE4+Release-4.15-CL-3450819
LogInit: Engine Version: 4.15.3-3450819+++UE4+Release-4.15
LogInit: Compatible Engine Version: 4.15.0-3299760+++UE4+Release-4.15
LogInit: Net CL: 3299760
LogDevObjectVersion: Number of dev versions registered: 14
LogDevObjectVersion:   Dev-Blueprints (B0D832E4-1F89-4F0D-ACCF-7EB736FD4AA2): 8
LogDevObjectVersion:   Dev-Build (E1C64328-A22C-4D53-A36C-8E866417BD8C): 0
LogDevObjectVersion:   Dev-Core (375EC13C-06E4-48FB-B500-84F0262A717E): 2
LogDevObjectVersion:   Dev-Editor (E4B068ED-F494-42E9-A231-DA0B2E46BB41): 14
LogDevObjectVersion:   Dev-Framework (CFFC743F-43B0-4480-9391-14DF171D2073): 22
LogDevObjectVersion:   Dev-Mobile (B02B49B5-BB20-44E9-A304-32B752E40360): 0
LogDevObjectVersion:   Dev-Networking (A4E4105C-59A1-49B5-A7C5-40C4547EDFEE): 0
LogDevObjectVersion:   Dev-Online (39C831C9-5AE6-47DC-9A44-9C173E1C8E7C): 0
LogDevObjectVersion:   Dev-Physics (78F01B33-EBEA-4F98-B9B4-84EACCB95AA2): 0
LogDevObjectVersion:   Dev-Platform (6631380F-2D4D-43E0-8009-CF276956A95A): 0
LogDevObjectVersion:   Dev-Rendering (12F88B9F-8875-4AFC-A67C-D90C383ABD29): 12
LogDevObjectVersion:   Dev-Sequencer (7B5AE74C-D270-4C10-A958-57980B212A5A): 3
LogDevObjectVersion:   Dev-VR (D7296918-1DD6-4BDD-9DE2-64A83CC13884): 0
LogDevObjectVersion:   Dev-LoadTimes (C2A15278-BFE7-4AFE-6C17-90FF531DF755): 1
LogInit: Compiled (64-bit): May 21 2017 11:02:34
LogInit: Compiled with Visual C++: 19.00.23026.00
LogInit: Build Configuration: Development
LogInit: Branch Name: ++UE4+Release-4.15
LogInit: Command line: -EpicPortal 
LogInit: Base directory: C:/Program Files/Epic Games/UE_4.15/Engine/Binaries/Win64/
LogInit: Installed Engine Build: 1
LogInit: Presizing for max 8388607 objects, including 0 objects not considered by GC, pre-allocating 0 bytes for permanent pool.
LogInit: Object subsystem initialized
[2018.02.20-13.42.11:372][  0]LogInit: Selected Device Profile: [Windows]
[2018.02.20-13.42.11:372][  0]LogInit: Applying CVar settings loaded from the selected device profile: [Windows]
[2018.02.20-13.42.11:383][  0]LogInit: Computer: ADMIN
[2018.02.20-13.42.11:383][  0]LogInit: User: Mateusz
[2018.02.20-13.42.11:383][  0]LogInit: CPU Page size=65536, Cores=4
[2018.02.20-13.42.11:383][  0]LogInit: High frequency timer resolution =3.919344 MHz
[2018.02.20-13.42.11:383][  0]LogMemory: Memory total: Physical=15.9GB (16GB approx)
[2018.02.20-13.42.11:383][  0]LogMemory: Platform Memory Stats for Windows
[2018.02.20-13.42.11:383][  0]LogMemory: Process Physical Memory: 261.84 MB used, 261.84 MB peak
[2018.02.20-13.42.11:383][  0]LogMemory: Process Virtual Memory: 262.55 MB used, 262.55 MB peak
[2018.02.20-13.42.11:383][  0]LogMemory: Physical Memory: 7643.22 MB used,  8640.27 MB free, 16283.50 MB total
[2018.02.20-13.42.11:383][  0]LogMemory: Virtual Memory: 628.65 MB used,  8640.27 MB free, 134217728.00 MB total
[2018.02.20-13.42.11:514][  0]LogTextLocalizationManager: No translations for ('pl-PL') exist, falling back to 'en' for localization and internationalization data.
[2018.02.20-13.42.12:327][  0]LogD3D11RHI: D3D11 adapters:
[2018.02.20-13.42.12:366][  0]LogD3D11RHI:    0. 'NVIDIA GeForce GTX 960' (Feature Level 11_0)
[2018.02.20-13.42.12:366][  0]LogD3D11RHI:       1937/0/8141 MB DedicatedVideo/DedicatedSystem/SharedSystem, Outputs:1, VendorId:0x10de
[2018.02.20-13.42.12:367][  0]LogD3D11RHI:    1. 'Microsoft Basic Render Driver' (Feature Level 11_0)
[2018.02.20-13.42.12:367][  0]LogD3D11RHI:       0/0/256 MB DedicatedVideo/DedicatedSystem/SharedSystem, Outputs:0, VendorId:0x1414
[2018.02.20-13.42.12:367][  0]LogD3D11RHI: Chosen D3D11 Adapter: 0
[2018.02.20-13.42.12:373][  0]LogD3D11RHI: Creating new Direct3DDevice
[2018.02.20-13.42.12:374][  0]LogD3D11RHI:     GPU DeviceId: 0x1401 (for the marketing name, search the web for "GPU Device Id")
[2018.02.20-13.42.12:374][  0]LogWindows: EnumDisplayDevices:
[2018.02.20-13.42.12:374][  0]LogWindows:    0. 'NVIDIA GeForce GTX 960' (P:1 D:1)
[2018.02.20-13.42.12:374][  0]LogWindows:    1. 'NVIDIA GeForce GTX 960' (P:0 D:0)
[2018.02.20-13.42.12:374][  0]LogWindows:    2. 'NVIDIA GeForce GTX 960' (P:0 D:0)
[2018.02.20-13.42.12:374][  0]LogWindows:    3. 'NVIDIA GeForce GTX 960' (P:0 D:0)
[2018.02.20-13.42.12:375][  0]LogWindows: DebugString: FoundDriverCount:4 
[2018.02.20-13.42.12:375][  0]LogD3D11RHI:     Adapter Name: NVIDIA GeForce GTX 960
[2018.02.20-13.42.12:375][  0]LogD3D11RHI:   Driver Version: 388.71 (internal:23.21.13.8871, unified:388.71)
[2018.02.20-13.42.12:375][  0]LogD3D11RHI:      Driver Date: 12-15-2017
[2018.02.20-13.42.12:375][  0]LogRHI: Texture pool is 1356 MB (70% of 1937 MB)
[2018.02.20-13.42.12:394][  0]LogD3D11RHI: Async texture creation enabled
[2018.02.20-13.42.12:419][  0]LogD3D11RHI: GPU Timing Frequency: 1000.000000 (Debug: 2 2)
[2018.02.20-13.42.12:422][  0]LogShaderCompilers: Guid format shader working directory is 7 characters bigger than the processId version (D:/Unreal Engine Projects/AndroGame-moje/Intermediate/Shaders/WorkingDirectory/10368/).
[2018.02.20-13.42.12:423][  0]LogShaderCompilers: Cleaned the shader compiler working directory 'C:/Users/Mateusz/AppData/Local/Temp/UnrealShaderWorkingDir/C89AC3A64ACC68CA6AE2FA85896D09B8/'.
[2018.02.20-13.42.12:423][  0]LogShaderCompilers:Display: Using Local Shader Compiler.
[2018.02.20-13.42.13:978][  0]LogTemp:Display: Loaded TP AllDesktopTargetPlatform
[2018.02.20-13.42.14:069][  0]LogTemp:Display: Loaded TP MacClientTargetPlatform
[2018.02.20-13.42.14:160][  0]LogTemp:Display: Loaded TP MacNoEditorTargetPlatform
[2018.02.20-13.42.14:252][  0]LogTemp:Display: Loaded TP MacServerTargetPlatform
[2018.02.20-13.42.14:349][  0]LogTemp:Display: Loaded TP MacTargetPlatform
[2018.02.20-13.42.14:441][  0]LogTemp:Display: Loaded TP WindowsClientTargetPlatform
[2018.02.20-13.42.14:533][  0]LogTemp:Display: Loaded TP WindowsNoEditorTargetPlatform
[2018.02.20-13.42.14:624][  0]LogTemp:Display: Loaded TP WindowsServerTargetPlatform
[2018.02.20-13.42.14:698][  0]LogTemp:Display: Loaded TP WindowsTargetPlatform
[2018.02.20-13.42.14:788][  0]LogTemp:Display: Loaded TP AndroidTargetPlatform
[2018.02.20-13.42.14:877][  0]LogTemp:Display: Loaded TP Android_ASTCTargetPlatform
[2018.02.20-13.42.14:966][  0]LogTemp:Display: Loaded TP Android_ATCTargetPlatform
[2018.02.20-13.42.15:055][  0]LogTemp:Display: Loaded TP Android_DXTTargetPlatform
[2018.02.20-13.42.15:144][  0]LogTemp:Display: Loaded TP Android_ETC1TargetPlatform
[2018.02.20-13.42.15:232][  0]LogTemp:Display: Loaded TP Android_ETC2TargetPlatform
[2018.02.20-13.42.15:411][  0]LogTemp:Display: Loaded TP Android_MultiTargetPlatform
[2018.02.20-13.42.15:411][  0]LogTemp:Display: Loaded TP Android_PVRTCTargetPlatform
[2018.02.20-13.42.15:475][  0]LogTemp:Display: Loaded TP HTML5TargetPlatform
[2018.02.20-13.42.15:622][  0]LogTemp:Display: Loaded TP IOSTargetPlatform
[2018.02.20-13.42.15:680][  0]LogTemp:Display: Loaded TP TVOSTargetPlatform
[2018.02.20-13.42.15:768][  0]LogTemp:Display: Loaded TP LinuxClientTargetPlatform
[2018.02.20-13.42.15:855][  0]LogTemp:Display: Loaded TP LinuxNoEditorTargetPlatform
[2018.02.20-13.42.15:942][  0]LogTemp:Display: Loaded TP LinuxServerTargetPlatform
[2018.02.20-13.42.16:030][  0]LogTemp:Display: Loaded TP LinuxTargetPlatform
[2018.02.20-13.42.16:030][  0]LogTargetPlatformManager:Display: Building Assets For Windows
[2018.02.20-13.42.16:776][  0]LogDerivedDataCache:Display: Max Cache Size: 512 MB
[2018.02.20-13.42.16:866][  0]LogDerivedDataCache: Loaded boot cache 0.09s 50MB C:/Users/Mateusz/AppData/Local/UnrealEngine/4.15/DerivedDataCache/Boot.ddc.
[2018.02.20-13.42.16:866][  0]LogDerivedDataCache:Display: Loaded Boot cache: C:/Users/Mateusz/AppData/Local/UnrealEngine/4.15/DerivedDataCache/Boot.ddc
[2018.02.20-13.42.16:866][  0]LogDerivedDataCache: FDerivedDataBackendGraph:  Pak pak cache file D:/Unreal Engine Projects/AndroGame-moje/DerivedDataCache/DDC.ddp not found, will not use a pak cache.
[2018.02.20-13.42.16:866][  0]LogDerivedDataCache: Unable to find inner node Pak for hierarchical cache Hierarchy.
[2018.02.20-13.42.16:867][  0]LogDerivedDataCache: FDerivedDataBackendGraph:  CompressedPak pak cache file D:/Unreal Engine Projects/AndroGame-moje/DerivedDataCache/Compressed.ddp not found, will not use a pak cache.
[2018.02.20-13.42.16:867][  0]LogDerivedDataCache: Unable to find inner node CompressedPak for hierarchical cache Hierarchy.
[2018.02.20-13.42.16:891][  0]LogDerivedDataCache:Display: Pak cache opened for reading ../../../Engine/DerivedDataCache/Compressed.ddp.
[2018.02.20-13.42.16:904][  0]LogDerivedDataCache: Using Local data cache path C:/Users/Mateusz/AppData/Local/UnrealEngine/Common/DerivedDataCache: Writable
[2018.02.20-13.42.16:918][  0]LogSlate: Using Freetype 2.6.0
[2018.02.20-13.42.16:919][  0]LogSlate: SlateFontCache - WITH_FREETYPE: 1, WITH_HARFBUZZ: 1
[2018.02.20-13.42.16:919][  0]LogSlate: SlateFontCache - WITH_FREETYPE: 1, WITH_HARFBUZZ: 1
[2018.02.20-13.42.17:334][  0]LogInit: Selected Device Profile: [Windows]
[2018.02.20-13.42.17:338][  0]LogContentStreaming: Texture pool size is 0.00 MB
[2018.02.20-13.42.17:653][  0]LogMeshUtilities: Using QuadricMeshReduction for automatic static mesh reduction
[2018.02.20-13.42.17:725][  0]LogSimplygon: Simplygon DLL not present - disabling.
[2018.02.20-13.42.17:805][  0]LogMeshUtilities: Using SimplygonSwarm for distributed automatic mesh merging
[2018.02.20-13.42.17:805][  0]LogMeshUtilities: No automatic skeletal mesh reduction module available
[2018.02.20-13.42.17:805][  0]LogMeshUtilities: No automatic mesh merging module available
[2018.02.20-13.42.18:576][  0]LogNetVersion: GetLocalNetworkVersion: CL: 3299760, ProjectName: game, ProjectVersion: , EngineNetworkVersion: 2, GameNetworkVersion: 0, NetworkChecksum: 2653008601
[2018.02.20-13.42.18:639][  0]LogAssetRegistry: FAssetRegistry took 0.0218 seconds to start up
[2018.02.20-13.42.18:693][  0]LogPackageLocalizationCache: Processed 3 localized package path(s) for 1 prioritized culture(s) in 0.014684 seconds
[2018.02.20-13.42.18:700][  0]LogUObjectArray: 32493 objects as part of root set at end of initial load.
[2018.02.20-13.42.18:700][  0]LogUObjectAllocator: 7077024 out of 0 bytes used by permanent object pool.
[2018.02.20-13.42.18:700][  0]LogUObjectArray: CloseDisregardForGC: 0/0 objects in disregard for GC pool
[2018.02.20-13.42.18:815][  0]LogInit: WinSock: version 1.1 (2.2), MaxSocks=32767, MaxUdp=65467
[2018.02.20-13.42.21:360][  0]LogTcpMessaging: Initializing TcpMessaging bridge
[2018.02.20-13.42.21:421][  0]LogUdpMessaging: Initializing bridge on interface 0.0.0.0:0 to multicast group 230.0.0.1:6666.
[2018.02.20-13.42.22:134][  0]LogMaterial: Uniform references updated for custom material expression Custom.
[2018.02.20-13.42.22:753][  0]SourceControl: Info Source control is disabled
[2018.02.20-13.42.25:055][  0]LogEngine: Initializing Engine...
[2018.02.20-13.42.25:056][  0]LogHMD: Failed to initialize OpenVR with code 110
[2018.02.20-13.42.25:186][  0]LogStats: UGameplayTagsManager::ConstructGameplayTagTree: Construct from data asset -  0.000 s
[2018.02.20-13.42.25:186][  0]LogStats: UGameplayTagsManager::ConstructGameplayTagTree: GameplayTagTreeChangedEvent.Broadcast -  0.000 s
[2018.02.20-13.42.25:418][  0]LogAIModule: Creating AISystem for world Untitled
[2018.02.20-13.42.25:450][  0]LogInit: XAudio2 using 'Głośniki (Realtek High Definition Audio)' : 2 channels at 48 kHz using 32 bits per sample (channel mask 0x3)
[2018.02.20-13.42.25:467][  0]LogInit: FAudioDevice initialized.
[2018.02.20-13.42.25:514][  0]LogDerivedDataCache: Saved boot cache 0.05s 50MB C:/Users/Mateusz/AppData/Local/UnrealEngine/4.15/DerivedDataCache/Boot.ddc.
[2018.02.20-13.42.25:531][  0]LogInit: Texture streaming: Enabled
[2018.02.20-13.42.25:741][  0]LogEngineSessionManager: EngineSessionManager initialized
[2018.02.20-13.42.25:931][  0]LogInit: Transaction tracking system initialized
[2018.02.20-13.42.26:726][  0]BlueprintLog: New page: Editor Load
[2018.02.20-13.42.28:305][  0]LocalizationService: Info Localization service is disabled
[2018.02.20-13.42.29:421][  0]LogConsoleResponse:Display: 
[2018.02.20-13.42.29:577][  0]LogCook:Display: Max memory allowance for cook 16384mb min free memory 0mb
[2018.02.20-13.42.29:577][  0]LogCook:Display: Mobile HDR setting 0
[2018.02.20-13.42.30:575][  0]LogFileCache: Scanning file cache for directory 'D:/Unreal Engine Projects/AndroGame-moje/Content/' took 0.03s
[2018.02.20-13.42.31:329][  0]Cmd: MAP LOAD FILE="D:/Unreal Engine Projects/AndroGame-moje/Content/TopDownBP/Maps/TopDownExampleMap.umap" TEMPLATE=0 SHOWPROGRESS=1 FEATURELEVEL=3
[2018.02.20-13.42.31:329][  0]LightingResults: New page: Lighting Build
[2018.02.20-13.42.31:396][  0]MapCheck: New page: Map Check
[2018.02.20-13.42.31:396][  0]LightingResults: New page: Lighting Build
[2018.02.20-13.42.32:268][  0]LogAIModule: Creating AISystem for world TopDownExampleMap
[2018.02.20-13.42.32:316][  0]LogEditorServer: Finished looking for orphan Actors (0.000 secs)
[2018.02.20-13.42.32:317][  0]Cmd: MAP CHECKDEP NOCLEARLOG
[2018.02.20-13.42.32:405][  0]MapCheck: Info Map check complete: 0 Error(s), 0 Warning(s), took 87.519ms to complete.
[2018.02.20-13.42.32:405][  0]LogFileHelpers: Loading map 'TopDownExampleMap' took 1.076
[2018.02.20-13.42.32:637][  0]LogCollectionManager: Loaded 1 collections in 0.002783 seconds
[2018.02.20-13.42.32:755][  0]LogFileCache: Scanning file cache for directory 'D:/Unreal Engine Projects/AndroGame-moje/Saved/Collections/' took 0.01s
[2018.02.20-13.42.32:755][  0]LogFileCache: Scanning file cache for directory 'D:/Unreal Engine Projects/AndroGame-moje/Content/Developers/Mateusz/Collections/' took 0.01s
[2018.02.20-13.42.32:755][  0]LogFileCache: Scanning file cache for directory 'D:/Unreal Engine Projects/AndroGame-moje/Content/Collections/' took 0.01s
[2018.02.20-13.42.32:755][  0]LogCollectionManager: Rebuilt the GUID cache for 1 collections in 0.000004 seconds
[2018.02.20-13.42.32:755][  0]LogCollectionManager: Rebuilt the hierarchy cache for 1 collections in 0.000000 seconds
[2018.02.20-13.42.32:771][  0]LogContentBrowser: Native class hierarchy populated in 0.0155 seconds. Added 2245 classes and 453 folders.
[2018.02.20-13.42.32:894][  0]LogContentBrowser: Native class hierarchy updated for 'WidgetCarousel' in 0.0007 seconds. Added 0 classes and 0 folders.
[2018.02.20-13.42.32:962][  0]LogContentBrowser: Native class hierarchy updated for 'AddContentDialog' in 0.0007 seconds. Added 0 classes and 0 folders.
[2018.02.20-13.42.33:035][  0]LogContentBrowser: Native class hierarchy updated for 'SceneOutliner' in 0.0007 seconds. Added 1 classes and 2 folders.
[2018.02.20-13.42.33:104][  0]LogCrashTracker: Crashtracker disabled due to settings.
[2018.02.20-13.42.33:111][  0]LogUObjectGlobals:Warning: Failed to find object 'Class None.'
[2018.02.20-13.42.33:205][  0]LogContentBrowser: Native class hierarchy updated for 'HierarchicalLODOutliner' in 0.0006 seconds. Added 1 classes and 2 folders.
[2018.02.20-13.42.33:206][  0]LogLoad: (Engine Initialization) Total time: 24.93 seconds
[2018.02.20-13.42.33:206][  0]LogLoad: (Engine Initialization) Total Blueprint compile time: 0.32 seconds
[2018.02.20-13.42.33:206][  0]LogExternalProfiler: Found external profiler: VSPerf
[2018.02.20-13.42.33:206][  0]LogExternalProfiler: Using external profiler: VSPerf
[2018.02.20-13.42.33:215][  0]LogOcInput: OculusInput pre-init called
[2018.02.20-13.42.33:237][  0]LogContentStreaming: Texture pool size now 1000 MB
[2018.02.20-13.42.33:238][  0]LogSlate: Took 0.000292 seconds to synchronously load lazily loaded font '../../../Engine/Content/Slate/Fonts/Roboto-Regular.ttf' (155K)
[2018.02.20-13.42.33:244][  0]LogSlate: Took 0.000284 seconds to synchronously load lazily loaded font '../../../Engine/Content/Slate/Fonts/Roboto-Bold.ttf' (160K)
[2018.02.20-13.42.33:250][  0]LogSlate: Took 0.000260 seconds to synchronously load lazily loaded font '../../../Engine/Content/Editor/Slate/Fonts/FontAwesome.ttf' (139K)
[2018.02.20-13.42.33:388][  0]LogSlate: Took 0.000315 seconds to synchronously load lazily loaded font '../../../Engine/Content/Slate/Fonts/Roboto-Light.ttf' (159K)
[2018.02.20-13.42.33:453][  0]LogRenderer: Reallocating scene render targets to support 1000x576 NumSamples 1 (Frame:2).
[2018.02.20-13.42.33:616][  3]LogAssetRegistry: Asset discovery search completed in 14.9988 seconds
[2018.02.20-13.42.33:617][  3]LogCollectionManager: Rebuilt the object cache for 1 collections in 0.000008 seconds (found 0 objects)
[2018.02.20-13.42.33:617][  3]LogCollectionManager: Fixed up redirectors for 1 collections in 0.000023 seconds (updated 0 objects)
[2018.02.20-13.43.07:952][553]SourceControl: Info On branch Walkingbeer
[2018.02.20-13.43.07:952][553]SourceControl: Info Your branch is up to date with 'origin/Walkingbeer'.
[2018.02.20-13.43.07:952][553]SourceControl: Info Changes not staged for commit:
[2018.02.20-13.43.07:952][553]SourceControl: Info   (use "git add <file>..." to update what will be committed)
[2018.02.20-13.43.07:952][553]SourceControl: Info   (use "git checkout -- <file>..." to discard changes in working directory)
[2018.02.20-13.43.07:952][553]SourceControl: Info 	modified:   Content/TopDownBP/Blueprints/TopDownCharacter.uasset
[2018.02.20-13.43.07:952][553]SourceControl: Info 	modified:   Content/TopDownBP/Maps/TopDownExampleMap.umap
[2018.02.20-13.43.07:952][553]SourceControl: Info 	modified:   Content/TopDownBP/Maps/TopDownExampleMap_BuiltData.uasset
[2018.02.20-13.43.07:952][553]SourceControl: Info 	modified:   Intermediate/CachedAssetRegistry.bin
[2018.02.20-13.43.07:952][553]SourceControl: Info 	modified:   Saved/AutoScreenshot.png
[2018.02.20-13.43.07:952][553]SourceControl: Info 	modified:   Saved/Autosaves/PackageRestoreData.json
[2018.02.20-13.43.07:952][553]SourceControl: Info 	modified:   Saved/Config/Windows/EditorPerProjectUserSettings.ini
[2018.02.20-13.43.07:952][553]SourceControl: Info 	modified:   Saved/Logs/Game.log
[2018.02.20-13.43.07:952][553]SourceControl: Info Untracked files:
[2018.02.20-13.43.07:952][553]SourceControl: Info   (use "git add <file>..." to include in what will be committed)
[2018.02.20-13.43.07:952][553]SourceControl: Info 	Content/TopDownBP/Blueprints/RPG_HUD.uasset
[2018.02.20-13.43.07:952][553]SourceControl: Info 	Saved/Backup/TopDownExampleMap_2018-02-20-13-08-05.umap
[2018.02.20-13.43.07:952][553]SourceControl: Info 	Saved/Backup/TopDownExampleMap_2018-02-20-13-13-12.umap
[2018.02.20-13.43.07:952][553]SourceControl: Info 	Saved/Backup/TopDownExampleMap_2018-02-20-13-20-47.umap
[2018.02.20-13.43.07:952][553]SourceControl: Info 	Saved/Backup/TopDownExampleMap_2018-02-20-13-29-19.umap
[2018.02.20-13.43.07:952][553]SourceControl: Info 	Saved/Backup/TopDownExampleMap_2018-02-20-13-37-10.umap
[2018.02.20-13.43.07:952][553]SourceControl: Info 	Saved/Backup/TopDownExampleMap_2018-02-20-14-26-38.umap
[2018.02.20-13.43.07:952][553]SourceControl: Info 	Saved/Backup/TopDownExampleMap_BuiltData_2018-02-20-13-08-05.uasset
[2018.02.20-13.43.07:952][553]SourceControl: Info 	Saved/Backup/TopDownExampleMap_BuiltData_2018-02-20-13-13-13.uasset
[2018.02.20-13.43.07:952][553]SourceControl: Info 	Saved/Backup/TopDownExampleMap_BuiltData_2018-02-20-13-20-47.uasset
[2018.02.20-13.43.07:952][553]SourceControl: Info 	Saved/Backup/TopDownExampleMap_BuiltData_2018-02-20-13-29-19.uasset
[2018.02.20-13.43.07:952][553]SourceControl: Info 	Saved/Backup/TopDownExampleMap_BuiltData_2018-02-20-13-37-10.uasset
[2018.02.20-13.43.07:952][553]SourceControl: Info 	Saved/Backup/TopDownExampleMap_BuiltData_2018-02-20-14-26-38.uasset
[2018.02.20-13.43.07:952][553]SourceControl: Info 	Saved/Logs/Game-backup-2018.02.20-14.42.09.log
[2018.02.20-13.43.07:952][553]SourceControl: Info 	Saved/Logs/UE4CC-Windows-38C0E8B54BECE6BC868E73A16A6E4F9B/
[2018.02.20-13.43.07:952][553]SourceControl: Info 	Saved/Logs/UE4CC-Windows-38C0E8B54BECE6BC868E73A16A6E4F9B_0000/
[2018.02.20-13.43.07:952][553]SourceControl: Info 	Saved/Logs/UE4CC-Windows-51C18FB2443F2EA2193A8C9166E4E7D4/
[2018.02.20-13.43.07:952][553]SourceControl: Info 	Saved/Logs/UE4CC-Windows-765DF2D243EC325A9FEDE0A0374DC1B1/
[2018.02.20-13.43.07:952][553]SourceControl: Info 	Saved/Logs/UE4CC-Windows-765DF2D243EC325A9FEDE0A0374DC1B1_0000/
[2018.02.20-13.43.07:952][553]SourceControl: Info 	Saved/Logs/UE4CC-Windows-785E8F51433B8E0E225601AD359AED2E/
[2018.02.20-13.43.07:952][553]SourceControl: Info 	Saved/Logs/UE4CC-Windows-8C5AE5CB4DD624897BA894AC8894D4B9/
[2018.02.20-13.43.07:952][553]SourceControl: Info 	Saved/Logs/UE4CC-Windows-8C5AE5CB4DD624897BA894AC8894D4B9_0000/
[2018.02.20-13.43.07:952][553]SourceControl: Info 	Saved/Logs/UE4CC-Windows-D69D7556421AD67315DE92AA17B56104/
[2018.02.20-13.43.07:952][553]SourceControl: Info 	Saved/Logs/UE4CC-Windows-E4B6ECA14A12951A1E1154A58AAB3CE6/
[2018.02.20-13.43.07:952][553]SourceControl: Info 	Saved/Logs/UE4CC-Windows-F3E3D55C42869EFB8B7A0A8D14A928B0/
[2018.02.20-13.43.07:952][553]SourceControl: Info 	Saved/Logs/UE4CC-Windows-F72265A54695AAE2F294E28B124939FB/
[2018.02.20-13.43.07:952][553]SourceControl: Info no changes added to commit (use "git add" and/or "git commit -a")
[2018.02.20-13.43.11:326][933]LogEditorViewport: Clicking on Actor (LMB): StaticMeshActor (Cube36)
[2018.02.20-13.43.21:657][122]LogSlate: Took 0.000268 seconds to synchronously load lazily loaded font '../../../Engine/Content/Slate/Fonts/Roboto-Light.ttf' (159K)
[2018.02.20-13.43.21:902][122]LogSavePackage: Save=172.08ms
[2018.02.20-13.43.21:902][122]LogSavePackage: Moving 'D:/Unreal Engine Projects/AndroGame-moje/Saved/TopDownExampleMap354D324147F5787599AF58AA95E43DC3.tmp' to 'D:/Unreal Engine Projects/AndroGame-moje/Content/TopDownBP/Maps/TopDownExampleMap.umap'
[2018.02.20-13.43.21:907][122]LogSavePackage:Display: Finished SavePackage D:/Unreal Engine Projects/AndroGame-moje/Content/TopDownBP/Maps/TopDownExampleMap.umap
[2018.02.20-13.43.22:017][122]Cmd: OBJ SAVEPACKAGE PACKAGE="/Game/TopDownBP/Maps/TopDownExampleMap_BuiltData" FILE="D:/Unreal Engine Projects/AndroGame-moje/Content/TopDownBP/Maps/TopDownExampleMap_BuiltData.uasset" SILENT=true
[2018.02.20-13.43.22:200][122]LogSavePackage: Save=173.68ms
[2018.02.20-13.43.22:200][122]LogSavePackage: Moving 'D:/Unreal Engine Projects/AndroGame-moje/Saved/TopDownExampleMap_BuiltDataA292EF8E44DB1F3B83A99E8EF69B9FB5.tmp' to 'D:/Unreal Engine Projects/AndroGame-moje/Content/TopDownBP/Maps/TopDownExampleMap_BuiltData.uasset'
[2018.02.20-13.43.22:202][122]LogSavePackage:Display: Finished SavePackage D:/Unreal Engine Projects/AndroGame-moje/Content/TopDownBP/Maps/TopDownExampleMap_BuiltData.uasset
[2018.02.20-13.43.25:433][461]MapCheck: New page: Map Check
[2018.02.20-13.43.25:456][461]LightingResults: New page: Lighting Build - Feb 20, 2018, 3:43:25 PM
[2018.02.20-13.43.25:521][461]LogSwarmInterface: [OpenConnection] Registering TCP channel ...
[2018.02.20-13.43.25:638][461]LogSwarmInterface: [OpenConnection] Connecting to agent ...
[2018.02.20-13.43.25:654][461]LogSwarmInterface: [TryOpenConnection] Testing the Agent
[2018.02.20-13.43.26:671][461]LogSwarmInterface: [TryOpenConnection] Opening Connection to Agent
[2018.02.20-13.43.26:671][461]LogSwarmInterface: [TryOpenConnection] Local Process ID is 10368
[2018.02.20-13.43.28:724][461]LogStaticLightingSystem: Running Lightmass w/ ImmediateImport mode ENABLED
[2018.02.20-13.43.28:724][461]LogStaticLightingSystem: Running Lightmass w/ ImmediateProcess mode ENABLED
[2018.02.20-13.43.28:724][461]LogStaticLightingSystem: Running Lightmass w/ Sorting mode ENABLED
[2018.02.20-13.43.28:724][461]LogStaticLightingSystem: Running Lightmass w/ Mapping paddings ENABLED
[2018.02.20-13.43.28:724][461]LogStaticLightingSystem: Running Lightmass w/ Mapping debug paddings DISABLED
[2018.02.20-13.43.28:899][461]LogEditorBuildUtils: Build time 0:03
[2018.02.20-13.43.31:414][589]LogSavePackage: Save=166.47ms
[2018.02.20-13.43.31:414][589]LogSavePackage: Moving 'D:/Unreal Engine Projects/AndroGame-moje/Saved/TopDownExampleMap405AB5364260C178651133A2EAC79F46.tmp' to 'D:/Unreal Engine Projects/AndroGame-moje/Content/TopDownBP/Maps/TopDownExampleMap.umap'
[2018.02.20-13.43.31:419][589]LogSavePackage:Display: Finished SavePackage D:/Unreal Engine Projects/AndroGame-moje/Content/TopDownBP/Maps/TopDownExampleMap.umap
[2018.02.20-13.43.31:435][589]LogFileHelpers: Saving map 'TopDownExampleMap' took 0.300
[2018.02.20-13.43.36:508][997]Job is a success!
[2018.02.20-13.43.37:195][999]LogTexture:Display: Building textures: SkyOcclusion1_1 (AutoDXT, 1024X512) - 161 MB total VRAM
[2018.02.20-13.43.37:195][999]LogTexture:Display: Building textures: HQ_Lightmap1_1 (AutoDXT, 1024X1024) - 161 MB total VRAM
[2018.02.20-13.43.37:195][999]LogTexture:Display: Building textures: LQ_Lightmap_1_1 (DXT1, 1024X1024) - 161 MB total VRAM
[2018.02.20-13.43.37:195][999]LogTexture:Display: Building textures: SkyOcclusion1_2 (AutoDXT, 512X256) - 161 MB total VRAM
[2018.02.20-13.43.37:195][999]LogTexture:Display: Building textures: HQ_Lightmap1_2 (AutoDXT, 512X512) - 161 MB total VRAM
[2018.02.20-13.43.37:195][999]LogTexture:Display: Building textures: LQ_Lightmap_1_2 (DXT1, 512X512) - 161 MB total VRAM
[2018.02.20-13.43.37:195][999]LogTexture:Display: Building textures: SkyOcclusion1_3 (AutoDXT, 64X32) - 161 MB total VRAM
[2018.02.20-13.43.37:195][999]LogTexture:Display: Building textures: HQ_Lightmap1_3 (AutoDXT, 64X64) - 161 MB total VRAM
[2018.02.20-13.43.37:195][999]LogTexture:Display: Building textures: LQ_Lightmap_1_3 (DXT1, 64X64) - 161 MB total VRAM
[2018.02.20-13.43.37:395][999]LogTexture:Display: Building textures: ShadowMapTexture2D_1 (G8, 32X32) - 161 MB total VRAM
[2018.02.20-13.43.37:648][999]LogTexture:Display: Building textures: ShadowMapTexture2D_0 (G8, 1024X1024) - 161 MB total VRAM
[2018.02.20-13.43.37:668][999]Lightmass on ADMIN: 7.82 sec total, 83 ms importing, 17 ms setup, 1.83 sec photons, 5.87 sec processing, 0 ms extra exporting [30/30 mappings]. Threads: 40.9 sec total, 18.5 sec processing.
[2018.02.20-13.43.37:696][999]LogStaticLightingSystem: Illumination: 12.2 sec (573 ms encoding lightmaps, 443 ms encoding shadowmaps)
[2018.02.20-13.43.37:696][999]LogStaticLightingSystem: Lightmap texture memory:  3.3 MB (3.3 MB streaming, 0.0 MB non-streaming), 6 textures
[2018.02.20-13.43.37:696][999]LogStaticLightingSystem: Shadowmap texture memory: 1.3 MB (1.3 MB streaming, 0.0 MB non-streaming), 2 textures
[2018.02.20-13.43.37:734][999]DumpUnbuiltLightIteractions
[2018.02.20-13.43.37:734][999]Lights with unbuilt interactions: 0
[2018.02.20-13.43.37:734][999]
[2018.02.20-13.43.37:734][999]Primitives with unbuilt interactions: 0
[2018.02.20-13.43.37:743][  0]Cmd: MAP CHECK NOTIFYRESULTS
[2018.02.20-13.43.37:743][  0]MapCheck: New page: TopDownExampleMap - Feb 20, 2018, 3:43:37 PM
[2018.02.20-13.43.37:744][  0]MapCheck:Warning: Warning Mieczyk_Bryła1_2 Static mesh actor has NULL StaticMesh property 
[2018.02.20-13.43.37:744][  0]MapCheck:Warning: Warning Mieczyk_Bryła1_2 Static mesh actor has NULL StaticMesh property 
[2018.02.20-13.43.37:744][  0]MapCheck:Warning: Warning Mieczyk_Bryła2_5 Static mesh actor has NULL StaticMesh property 
[2018.02.20-13.43.37:744][  0]MapCheck:Warning: Warning Mieczyk_Bryła2_5 Static mesh actor has NULL StaticMesh property 
[2018.02.20-13.43.37:744][  0]MapCheck:Warning: Warning tarczav2_11 Static mesh actor has NULL StaticMesh property 
[2018.02.20-13.43.37:744][  0]MapCheck:Warning: Warning tarczav2_11 Static mesh actor has NULL StaticMesh property 
[2018.02.20-13.43.37:744][  0]MapCheck:Warning: Warning tarczav3_14 Static mesh actor has NULL StaticMesh property 
[2018.02.20-13.43.37:744][  0]MapCheck:Warning: Warning tarczav3_14 Static mesh actor has NULL StaticMesh property 
[2018.02.20-13.43.37:744][  0]MapCheck:Warning: Warning tarczav4_17 Static mesh actor has NULL StaticMesh property 
[2018.02.20-13.43.37:744][  0]MapCheck:Warning: Warning tarczav4_17 Static mesh actor has NULL StaticMesh property 
[2018.02.20-13.43.37:833][  0]MapCheck: Info Map check complete: 0 Error(s), 10 Warning(s), took 90.028ms to complete.
[2018.02.20-13.43.41:839][373]LogSavePackage: Save=214.59ms
[2018.02.20-13.43.41:839][373]LogSavePackage: Moving 'D:/Unreal Engine Projects/AndroGame-moje/Saved/TopDownExampleMap2A1B9E414329B2F3EBC8E382C3FC5BA9.tmp' to 'D:/Unreal Engine Projects/AndroGame-moje/Content/TopDownBP/Maps/TopDownExampleMap.umap'
[2018.02.20-13.43.41:843][373]LogSavePackage:Display: Finished SavePackage D:/Unreal Engine Projects/AndroGame-moje/Content/TopDownBP/Maps/TopDownExampleMap.umap
[2018.02.20-13.43.41:860][373]LogFileHelpers: Saving map 'TopDownExampleMap' took 0.347
[2018.02.20-13.43.41:866][373]Cmd: OBJ SAVEPACKAGE PACKAGE="/Game/TopDownBP/Maps/TopDownExampleMap_BuiltData" FILE="D:/Unreal Engine Projects/AndroGame-moje/Content/TopDownBP/Maps/TopDownExampleMap_BuiltData.uasset" SILENT=true
[2018.02.20-13.43.41:994][373]LogSavePackage: Save=124.10ms
[2018.02.20-13.43.41:994][373]LogSavePackage: Moving 'D:/Unreal Engine Projects/AndroGame-moje/Saved/TopDownExampleMap_BuiltData850699D9485A6989EA8011A25CD4CE96.tmp' to 'D:/Unreal Engine Projects/AndroGame-moje/Content/TopDownBP/Maps/TopDownExampleMap_BuiltData.uasset'
[2018.02.20-13.43.41:998][373]LogSavePackage:Display: Finished SavePackage D:/Unreal Engine Projects/AndroGame-moje/Content/TopDownBP/Maps/TopDownExampleMap_BuiltData.uasset
[2018.02.20-13.43.44:319][618]SourceControl: Info fatal: C:/Program Files/Epic Games/UE_4.15/Engine/Content/: 'C:/Program Files/Epic Games/UE_4.15/Engine/Content/' is outside repository
[2018.02.20-13.43.44:517][618]LogPackageName:Error: Illegal call to DoesPackageExist: 'D:/Unreal Engine Projects/AndroGame-moje/Game.uproject' is not a standard unreal filename or a long path name. Reason: Path should be no less than 4 characters long.
[2018.02.20-13.43.44:704][618]LogStats: FPlatformStackWalk::StackWalkAndDump -  0.187 s
[2018.02.20-13.43.44:704][618]LogOutputDevice:Error: === Handled ensure: ===
[2018.02.20-13.43.44:704][618]LogOutputDevice:Error: 
[2018.02.20-13.43.44:704][618]LogOutputDevice:Error: Ensure condition failed: false [File:D:\Build\++UE4+Release-4.15+Compile\Sync\Engine\Source\Runtime\CoreUObject\Private\Misc\PackageName.cpp] [Line: 650]
[2018.02.20-13.43.44:704][618]LogOutputDevice:Error: Illegal call to DoesPackageExist: 'D:/Unreal Engine Projects/AndroGame-moje/Game.uproject' is not a standard unreal filename or a long path name. Reason: Path should be no less than 4 characters long.
[2018.02.20-13.43.44:704][618]LogOutputDevice:Error: Stack: 
[2018.02.20-13.43.44:704][618]LogOutputDevice:Error: UE4Editor-Core.dll!0x00000000F39B95E6
[2018.02.20-13.43.44:704][618]LogOutputDevice:Error: UE4Editor-Core.dll!0x00000000F3769B82
[2018.02.20-13.43.44:704][618]LogOutputDevice:Error: UE4Editor-Core.dll!0x00000000F377B666
[2018.02.20-13.43.44:704][618]LogOutputDevice:Error: UE4Editor-CoreUObject.dll!0x00000000F314A6E8
[2018.02.20-13.43.44:704][618]LogOutputDevice:Error: UE4Editor-SourceControl.dll!0x00000000E9513D22
[2018.02.20-13.43.44:704][618]LogOutputDevice:Error: UE4Editor-SourceControl.dll!0x00000000E9513EB9
[2018.02.20-13.43.44:704][618]LogOutputDevice:Error: UE4Editor-SourceControlWindows.dll!0x00000000E6261D2E
[2018.02.20-13.43.44:704][618]LogOutputDevice:Error: UE4Editor-SourceControlWindows.dll!0x00000000E621B4B5
[2018.02.20-13.43.44:704][618]LogOutputDevice:Error: UE4Editor-SourceControlWindows.dll!0x00000000E621AA8D
[2018.02.20-13.43.44:704][618]LogOutputDevice:Error: UE4Editor-SourceControlWindows.dll!0x00000000E622F274
[2018.02.20-13.43.44:704][618]LogOutputDevice:Error: UE4Editor-GitSourceControl.dll!0x00000000DD78B851
[2018.02.20-13.43.44:704][618]LogOutputDevice:Error: UE4Editor-GitSourceControl.dll!0x00000000DD79D1ED
[2018.02.20-13.43.44:704][618]LogOutputDevice:Error: UE4Editor-SourceControl.dll!0x00000000E9519C5C
[2018.02.20-13.43.44:704][618]LogOutputDevice:Error: UE4Editor-UnrealEd.dll!0x00000000EDE67517
[2018.02.20-13.43.44:704][618]LogOutputDevice:Error: UE4Editor-UnrealEd.dll!0x00000000EE672196
[2018.02.20-13.43.44:704][618]LogOutputDevice:Error: UE4Editor.exe!0x00000000DAAEDEE3
[2018.02.20-13.43.44:704][618]LogOutputDevice:Error: UE4Editor.exe!0x00000000DAADEB40
[2018.02.20-13.43.44:704][618]LogOutputDevice:Error: UE4Editor.exe!0x00000000DAADEBBA
[2018.02.20-13.43.44:704][618]LogOutputDevice:Error: UE4Editor.exe!0x00000000DAAF0A29
[2018.02.20-13.43.44:704][618]LogOutputDevice:Error: UE4Editor.exe!0x00000000DAAF22B6
[2018.02.20-13.43.44:704][618]LogOutputDevice:Error: KERNEL32.DLL!0x000000002C2D13D2
[2018.02.20-13.43.44:704][618]LogOutputDevice:Error: ntdll.dll!0x000000002C6754F4
[2018.02.20-13.43.44:704][618]LogOutputDevice:Error: 
[2018.02.20-13.43.44:715][618]LogStats:                SubmitErrorReport -  0.000 s
[2018.02.20-13.43.45:108][618]LogStats:                    SendNewReport -  0.394 s
[2018.02.20-13.43.45:108][618]LogStats:             FDebug::EnsureFailed -  0.592 s
[2018.02.20-13.43.51:793][618]LogSourceControl: FGitCheckInWorker: commit successful
[2018.02.20-13.43.51:848][618]SourceControl: Info [Walkingbeer 64226a1] lol
[2018.02.20-13.43.51:848][618]SourceControl: Info  2 files changed, 0 insertions(+), 0 deletions(-)
[2018.02.20-13.43.51:848][618]SourceControl: Info  rewrite Content/TopDownBP/Maps/TopDownExampleMap_BuiltData.uasset (71%)
[2018.02.20-13.43.51:853][618]SourceControl: Info Commited [Walkingbeer 64226a1] lol.
[2018.02.20-13.48.58:703][364]LogSlate: Took 0.000327 seconds to synchronously load lazily loaded font '../../../Engine/Content/Editor/Slate/Fonts/Roboto-Italic.ttf' (157K)
[2018.02.20-13.55.32:344][703]LogWindowsTextInputMethodSystem:Display: IME system now deactivated.
[2018.02.20-13.55.32:533][704]Cmd: QUIT_EDITOR
[2018.02.20-13.55.32:594][704]LogExit: Preparing to exit.
[2018.02.20-13.55.32:894][704]LogExit: Editor shut down
[2018.02.20-13.55.32:895][704]LogExit: Transaction tracking system shut down
[2018.02.20-13.55.32:988][704]LogObj: Freed 0b from 0 cluster array pools.
[2018.02.20-13.55.32:988][704]LogExit: Object subsystem successfully closed.
[2018.02.20-13.55.33:005][704]LogD3D11RHI: Shutdown
[2018.02.20-13.55.33:005][704]LogD3D11RHI: CleanupD3DDevice
[2018.02.20-13.55.33:083][704]LogD3D11RHI: ~FD3D11DynamicRHI
[2018.02.20-13.55.33:113][704]LogModuleManager: Shutting down and abandoning module HierarchicalLODOutliner (498)
[2018.02.20-13.55.33:113][704]LogModuleManager: Shutting down and abandoning module CrashTracker (496)
[2018.02.20-13.55.33:113][704]LogModuleManager: Shutting down and abandoning module SceneOutliner (494)
[2018.02.20-13.55.33:113][704]LogModuleManager: Shutting down and abandoning module AddContentDialog (492)
[2018.02.20-13.55.33:113][704]LogDirectoryWatcher: A directory notification for 'C:/Program Files/Epic Games/UE_4.15/FeaturePacks/' was aborted.
[2018.02.20-13.55.33:114][704]LogModuleManager: Shutting down and abandoning module WidgetCarousel (491)
[2018.02.20-13.55.33:114][704]LogModuleManager: Shutting down and abandoning module EditorWidgets (488)
[2018.02.20-13.55.33:114][704]LogModuleManager: Shutting down and abandoning module CollectionManager (486)
[2018.02.20-13.55.33:115][704]LogDirectoryWatcher: A directory notification for 'D:/Unreal Engine Projects/AndroGame-moje/Content/Collections/' was aborted.
[2018.02.20-13.55.33:115][704]LogDirectoryWatcher: A directory notification for 'D:/Unreal Engine Projects/AndroGame-moje/Content/Developers/Mateusz/Collections/' was aborted.
[2018.02.20-13.55.33:115][704]LogDirectoryWatcher: A directory notification for 'D:/Unreal Engine Projects/AndroGame-moje/Saved/Collections/' was aborted.
[2018.02.20-13.55.33:115][704]LogModuleManager: Shutting down and abandoning module StatsViewer (484)
[2018.02.20-13.55.33:115][704]LogModuleManager: Shutting down and abandoning module FoliageEdit (482)
[2018.02.20-13.55.33:115][704]LogModuleManager: Shutting down and abandoning module LandscapeEditor (480)
[2018.02.20-13.55.33:115][704]LogModuleManager: Shutting down and abandoning module SceneDepthPickerMode (478)
[2018.02.20-13.55.33:115][704]LogModuleManager: Shutting down and abandoning module ActorPickerMode (476)
[2018.02.20-13.55.33:115][704]LogModuleManager: Shutting down and abandoning module GeometryMode (474)
[2018.02.20-13.55.33:115][704]LogModuleManager: Shutting down and abandoning module TextureAlignMode (472)
[2018.02.20-13.55.33:115][704]LogModuleManager: Shutting down and abandoning module BspMode (470)
[2018.02.20-13.55.33:115][704]LogModuleManager: Shutting down and abandoning module HardwareSurvey (468)
[2018.02.20-13.55.33:115][704]LogModuleManager: Shutting down and abandoning module SequenceRecorderSections (466)
[2018.02.20-13.55.33:115][704]LogModuleManager: Shutting down and abandoning module AutomationWorker (464)
[2018.02.20-13.55.33:115][704]LogModuleManager: Shutting down and abandoning module MatineeToLevelSequence (462)
[2018.02.20-13.55.33:115][704]LogModuleManager: Shutting down and abandoning module LevelSequenceEditor (460)
[2018.02.20-13.55.33:115][704]LogModuleManager: Shutting down and abandoning module PlacementMode (459)
[2018.02.20-13.55.33:115][704]LogModuleManager: Shutting down and abandoning module WmfMediaFactory (456)
[2018.02.20-13.55.33:115][704]LogModuleManager: Shutting down and abandoning module WmfMediaEditor (454)
[2018.02.20-13.55.33:115][704]LogModuleManager: Shutting down and abandoning module MfMediaFactory (452)
[2018.02.20-13.55.33:115][704]LogModuleManager: Shutting down and abandoning module MfMediaEditor (450)
[2018.02.20-13.55.33:115][704]LogModuleManager: Shutting down and abandoning module AvfMediaFactory (448)
[2018.02.20-13.55.33:115][704]LogModuleManager: Shutting down and abandoning module AvfMediaEditor (446)
[2018.02.20-13.55.33:115][704]LogModuleManager: Shutting down and abandoning module AndroidMediaFactory (444)
[2018.02.20-13.55.33:115][704]LogModuleManager: Shutting down and abandoning module Media (443)
[2018.02.20-13.55.33:115][704]LogModuleManager: Shutting down and abandoning module AndroidMediaEditor (440)
[2018.02.20-13.55.33:115][704]LogModuleManager: Shutting down and abandoning module CharacterAI (438)
[2018.02.20-13.55.33:115][704]LogModuleManager: Shutting down and abandoning module AudioCapture (436)
[2018.02.20-13.55.33:115][704]LogModuleManager: Shutting down and abandoning module SequenceRecorder (435)
[2018.02.20-13.55.33:115][704]LogModuleManager: Shutting down and abandoning module SmartSnapping (432)
[2018.02.20-13.55.33:115][704]LogModuleManager: Shutting down and abandoning module SessionServices (430)
[2018.02.20-13.55.33:115][704]LogModuleManager: Shutting down and abandoning module ViewportSnapping (428)
[2018.02.20-13.55.33:115][704]LogModuleManager: Shutting down and abandoning module ViewportInteraction (426)
[2018.02.20-13.55.33:115][704]LogModuleManager: Shutting down and abandoning module LogVisualizer (424)
[2018.02.20-13.55.33:115][704]LogModuleManager: Shutting down and abandoning module IntroTutorials (422)
[2018.02.20-13.55.33:115][704]LogModuleManager: Shutting down and abandoning module GameProjectGeneration (421)
[2018.02.20-13.55.33:115][704]LogModuleManager: Shutting down and abandoning module EditorLiveStreaming (418)
[2018.02.20-13.55.33:115][704]LogModuleManager: Shutting down and abandoning module IOSPlatformEditor (416)
[2018.02.20-13.55.33:115][704]LogModuleManager: Shutting down and abandoning module HTML5PlatformEditor (414)
[2018.02.20-13.55.33:115][704]LogModuleManager: Shutting down and abandoning module AndroidPlatformEditor (412)
[2018.02.20-13.55.33:115][704]LogModuleManager: Shutting down and abandoning module AndroidDeviceDetection (411)
[2018.02.20-13.55.33:454][704]LogModuleManager: Shutting down and abandoning module IOSRuntimeSettings (408)
[2018.02.20-13.55.33:454][704]LogModuleManager: Shutting down and abandoning module AndroidRuntimeSettings (406)
[2018.02.20-13.55.33:454][704]LogModuleManager: Shutting down and abandoning module InputBindingEditor (404)
[2018.02.20-13.55.33:454][704]LogModuleManager: Shutting down and abandoning module NiagaraEditor (402)
[2018.02.20-13.55.33:454][704]LogModuleManager: Shutting down and abandoning module MergeActors (400)
[2018.02.20-13.55.33:454][704]LogModuleManager: Shutting down and abandoning module SizeMap (398)
[2018.02.20-13.55.33:454][704]LogModuleManager: Shutting down and abandoning module TreeMap (396)
[2018.02.20-13.55.33:454][704]LogModuleManager: Shutting down and abandoning module ReferenceViewer (394)
[2018.02.20-13.55.33:454][704]LogModuleManager: Shutting down and abandoning module LocalizationDashboard (392)
[2018.02.20-13.55.33:454][704]LogModuleManager: Shutting down and abandoning module LocalizationService (391)
[2018.02.20-13.55.33:454][704]LogModuleManager: Shutting down and abandoning module HardwareTargeting (388)
[2018.02.20-13.55.33:454][704]LogModuleManager: Shutting down and abandoning module DeviceProfileEditor (386)
[2018.02.20-13.55.33:454][704]LogModuleManager: Shutting down and abandoning module UndoHistory (384)
[2018.02.20-13.55.33:454][704]LogModuleManager: Shutting down and abandoning module UserFeedback (382)
[2018.02.20-13.55.33:454][704]LogModuleManager: Shutting down and abandoning module XmlParser (380)
[2018.02.20-13.55.33:454][704]LogModuleManager: Shutting down and abandoning module Blutility (378)
[2018.02.20-13.55.33:454][704]LogModuleManager: Shutting down and abandoning module ProjectSettingsViewer (376)
[2018.02.20-13.55.33:454][704]LogModuleManager: Shutting down and abandoning module ProjectTargetPlatformEditor (375)
[2018.02.20-13.55.33:454][704]LogModuleManager: Shutting down and abandoning module EditorSettingsViewer (372)
[2018.02.20-13.55.33:454][704]LogModuleManager: Shutting down and abandoning module SettingsEditor (370)
[2018.02.20-13.55.33:454][704]LogModuleManager: Shutting down and abandoning module ProjectLauncher (368)
[2018.02.20-13.55.33:454][704]LogModuleManager: Shutting down and abandoning module SessionFrontend (366)
[2018.02.20-13.55.33:454][704]LogModuleManager: Shutting down and abandoning module ProfilerClient (364)
[2018.02.20-13.55.33:454][704]LogModuleManager: Shutting down and abandoning module DeviceManager (362)
[2018.02.20-13.55.33:454][704]LogModuleManager: Shutting down and abandoning module TargetDeviceServices (361)
[2018.02.20-13.55.33:507][704]LogModuleManager: Shutting down and abandoning module AutomationController (358)
[2018.02.20-13.55.33:507][704]LogModuleManager: Shutting down and abandoning module AutomationWindow (356)
[2018.02.20-13.55.33:507][704]LogModuleManager: Shutting down and abandoning module Layers (354)
[2018.02.20-13.55.33:507][704]LogModuleManager: Shutting down and abandoning module ComponentVisualizers (352)
[2018.02.20-13.55.33:507][704]LogModuleManager: Shutting down and abandoning module DetailCustomizations (350)
[2018.02.20-13.55.33:507][704]LogModuleManager: Shutting down and abandoning module PackagesDialog (348)
[2018.02.20-13.55.33:507][704]LogModuleManager: Shutting down and abandoning module Persona (346)
[2018.02.20-13.55.33:507][704]LogModuleManager: Shutting down and abandoning module AnimGraph (345)
[2018.02.20-13.55.33:507][704]LogModuleManager: Shutting down and abandoning module Kismet (342)
[2018.02.20-13.55.33:508][704]LogModuleManager: Shutting down and abandoning module GraphEditor (340)
[2018.02.20-13.55.33:508][704]LogModuleManager: Shutting down and abandoning module ClassViewer (338)
[2018.02.20-13.55.33:508][704]LogModuleManager: Shutting down and abandoning module Toolbox (336)
[2018.02.20-13.55.33:508][704]LogModuleManager: Shutting down and abandoning module ModuleUI (334)
[2018.02.20-13.55.33:508][704]LogModuleManager: Shutting down and abandoning module MovieSceneTools (332)
[2018.02.20-13.55.33:508][704]LogModuleManager: Shutting down and abandoning module OutputLog (330)
[2018.02.20-13.55.33:508][704]LogModuleManager: Shutting down and abandoning module GammaUI (328)
[2018.02.20-13.55.33:508][704]LogModuleManager: Shutting down and abandoning module Documentation (326)
[2018.02.20-13.55.33:508][704]LogModuleManager: Shutting down and abandoning module Niagara (324)
[2018.02.20-13.55.33:508][704]LogModuleManager: Shutting down and abandoning module StreamingPauseRendering (322)
[2018.02.20-13.55.33:508][704]LogModuleManager: Shutting down and abandoning module AnalyticsET (320)
[2018.02.20-13.55.33:508][704]LogModuleManager: Shutting down and abandoning module PortalServices (318)
[2018.02.20-13.55.33:508][704]LogModuleManager: Shutting down and abandoning module PortalRpc (316)
[2018.02.20-13.55.33:508][704]LogModuleManager: Shutting down and abandoning module MessagingRpc (314)
[2018.02.20-13.55.33:508][704]LogModuleManager: Shutting down and abandoning module AIModule (312)
[2018.02.20-13.55.33:508][704]LogModuleManager: Shutting down and abandoning module GameplayDebugger (311)
[2018.02.20-13.55.33:508][704]LogModuleManager: Shutting down and abandoning module AITestSuite (309)
[2018.02.20-13.55.33:508][704]LogModuleManager: Shutting down and abandoning module ProfilerService (306)
[2018.02.20-13.55.33:686][704]LogModuleManager: Shutting down and abandoning module TaskGraph (304)
[2018.02.20-13.55.33:686][704]LogModuleManager: Shutting down and abandoning module SteamVRController (302)
[2018.02.20-13.55.33:686][704]LogModuleManager: Shutting down and abandoning module SteamVR (300)
[2018.02.20-13.55.33:686][704]LogModuleManager: Shutting down and abandoning module ProceduralMeshComponentEditor (298)
[2018.02.20-13.55.33:686][704]LogModuleManager: Shutting down and abandoning module ProceduralMeshComponent (296)
[2018.02.20-13.55.33:686][704]LogModuleManager: Shutting down and abandoning module OculusLibrary (294)
[2018.02.20-13.55.33:686][704]LogModuleManager: Shutting down and abandoning module OculusInput (292)
[2018.02.20-13.55.33:686][704]LogModuleManager: Shutting down and abandoning module MobilePatchingUtils (290)
[2018.02.20-13.55.33:686][704]LogModuleManager: Shutting down and abandoning module CustomMeshComponent (288)
[2018.02.20-13.55.33:686][704]LogModuleManager: Shutting down and abandoning module CableComponent (286)
[2018.02.20-13.55.33:686][704]LogModuleManager: Shutting down and abandoning module ArchVisCharacter (284)
[2018.02.20-13.55.33:686][704]LogModuleManager: Shutting down and abandoning module MediaPlayerEditor (280)
[2018.02.20-13.55.33:686][704]LogModuleManager: Shutting down and abandoning module HTML5Networking (278)
[2018.02.20-13.55.33:686][704]LogModuleManager: Shutting down and abandoning module AlembicImporter (276)
[2018.02.20-13.55.33:686][704]LogModuleManager: Shutting down and abandoning module AlembicLibrary (275)
[2018.02.20-13.55.33:687][704]LogModuleManager: Shutting down and abandoning module GeometryCache (274)
[2018.02.20-13.55.33:687][704]LogModuleManager: Shutting down and abandoning module GeometryCacheEd (273)
[2018.02.20-13.55.33:687][704]LogModuleManager: Shutting down and abandoning module SuperSearchEditor (268)
[2018.02.20-13.55.33:687][704]LogModuleManager: Shutting down and abandoning module SuperSearch (267)
[2018.02.20-13.55.33:687][704]LogModuleManager: Shutting down and abandoning module SpeedTreeImporter (264)
[2018.02.20-13.55.33:687][704]LogModuleManager: Shutting down and abandoning module PluginBrowser (262)
[2018.02.20-13.55.33:687][704]LogModuleManager: Shutting down and abandoning module MobileLauncherProfileWizard (260)
[2018.02.20-13.55.33:687][704]LogModuleManager: Shutting down and abandoning module EpicSurvey (258)
[2018.02.20-13.55.33:687][704]LogModuleManager: Shutting down and abandoning module VisualStudioSourceCodeAccess (256)
[2018.02.20-13.55.33:687][704]LogModuleManager: Shutting down and abandoning module DesktopPlatform (255)
[2018.02.20-13.55.33:687][704]LogModuleManager: Shutting down and abandoning module UObjectPlugin (252)
[2018.02.20-13.55.33:687][704]LogModuleManager: Shutting down and abandoning module SubversionSourceControl (250)
[2018.02.20-13.55.33:687][704]LogModuleManager: Shutting down and abandoning module PerforceSourceControl (248)
[2018.02.20-13.55.33:687][704]LogModuleManager: Shutting down and abandoning module GitSourceControl (246)
[2018.02.20-13.55.33:687][704]LogModuleManager: Shutting down and abandoning module SourceControl (245)
[2018.02.20-13.55.33:687][704]LogModuleManager: Shutting down and abandoning module LightPropagationVolumeEditor (242)
[2018.02.20-13.55.33:687][704]LogModuleManager: Shutting down and abandoning module PaperTiledImporter (240)
[2018.02.20-13.55.33:687][704]LogModuleManager: Shutting down and abandoning module PaperSpriteSheetImporter (238)
[2018.02.20-13.55.33:687][704]LogModuleManager: Shutting down and abandoning module Paper2DEditor (236)
[2018.02.20-13.55.33:687][704]LogModuleManager: Shutting down and abandoning module MeshPaint (235)
[2018.02.20-13.55.33:687][704]LogModuleManager: Shutting down and abandoning module LevelEditor (233)
[2018.02.20-13.55.33:688][704]LogModuleManager: Shutting down and abandoning module PixelInspectorModule (232)
[2018.02.20-13.55.33:688][704]LogModuleManager: Shutting down and abandoning module MainFrame (230)
[2018.02.20-13.55.33:688][704]LogModuleManager: Shutting down and abandoning module HotReload (229)
[2018.02.20-13.55.33:688][704]LogModuleManager: Shutting down and abandoning module ContentBrowser (225)
[2018.02.20-13.55.33:689][704]LogModuleManager: Shutting down and abandoning module PhysXVehiclesEditor (222)
[2018.02.20-13.55.33:689][704]LogModuleManager: Shutting down and abandoning module PhysXVehicles (220)
[2018.02.20-13.55.33:689][704]LogModuleManager: Shutting down and abandoning module LocationServicesBPLibrary (218)
[2018.02.20-13.55.33:689][704]LogModuleManager: Shutting down and abandoning module UdpMessaging (216)
[2018.02.20-13.55.33:790][704]LogModuleManager: Shutting down and abandoning module TcpMessaging (214)
[2018.02.20-13.55.33:891][704]LogModuleManager: Shutting down and abandoning module GameplayTagsEditor (212)
[2018.02.20-13.55.33:891][704]LogModuleManager: Shutting down and abandoning module FacialAnimationEditor (210)
[2018.02.20-13.55.33:891][704]LogModuleManager: Shutting down and abandoning module FacialAnimation (208)
[2018.02.20-13.55.33:891][704]LogModuleManager: Shutting down and abandoning module LightPropagationVolumeRuntime (206)
[2018.02.20-13.55.33:891][704]LogModuleManager: Shutting down and abandoning module Paper2D (204)
[2018.02.20-13.55.33:891][704]LogModuleManager: Shutting down and abandoning module WindowsMoviePlayer (202)
[2018.02.20-13.55.33:891][704]LogModuleManager: Shutting down and abandoning module WmfMedia (200)
[2018.02.20-13.55.33:891][704]LogModuleManager: Shutting down and abandoning module MfMedia (198)
[2018.02.20-13.55.33:891][704]LogModuleManager: Shutting down and abandoning module MediaAssets (196)
[2018.02.20-13.55.33:891][704]LogModuleManager: Shutting down and abandoning module GameLiveStreaming (194)
[2018.02.20-13.55.33:891][704]LogModuleManager: Shutting down and abandoning module VREditor (192)
[2018.02.20-13.55.33:891][704]LogModuleManager: Shutting down and abandoning module GameplayTasksEditor (190)
[2018.02.20-13.55.33:891][704]LogModuleManager: Shutting down and abandoning module BehaviorTreeEditor (188)
[2018.02.20-13.55.33:891][704]LogModuleManager: Shutting down and abandoning module FunctionalTesting (186)
[2018.02.20-13.55.33:891][704]LogModuleManager: Shutting down and abandoning module CollisionAnalyzer (184)
[2018.02.20-13.55.33:891][704]LogModuleManager: Shutting down and abandoning module UMG (182)
[2018.02.20-13.55.33:891][704]LogModuleManager: Shutting down and abandoning module UMGEditor (181)
[2018.02.20-13.55.33:891][704]LogModuleManager: Shutting down and abandoning module Sequencer (180)
[2018.02.20-13.55.33:891][704]LogModuleManager: Shutting down and abandoning module AssetTools (178)
[2018.02.20-13.55.33:891][704]LogModuleManager: Shutting down and abandoning module MessageLog (177)
[2018.02.20-13.55.33:891][704]LogModuleManager: Shutting down and abandoning module WorkspaceMenuStructure (176)
[2018.02.20-13.55.33:891][704]LogModuleManager: Shutting down and abandoning module SlateReflector (170)
[2018.02.20-13.55.33:891][704]LogModuleManager: Shutting down and abandoning module Slate (168)
[2018.02.20-13.55.33:891][704]LogModuleManager: Shutting down and abandoning module EditorStyle (166)
[2018.02.20-13.55.33:895][704]LogModuleManager: Shutting down and abandoning module SourceCodeAccess (164)
[2018.02.20-13.55.33:895][704]LogModuleManager: Shutting down and abandoning module HeadMountedDisplay (162)
[2018.02.20-13.55.33:895][704]LogModuleManager: Shutting down and abandoning module XAudio2 (160)
[2018.02.20-13.55.33:895][704]LogModuleManager: Shutting down and abandoning module Networking (158)
[2018.02.20-13.55.33:895][704]LogModuleManager: Shutting down and abandoning module Core (154)
[2018.02.20-13.55.33:895][704]LogModuleManager: Shutting down and abandoning module AssetRegistry (152)
[2018.02.20-13.55.34:053][704]LogDirectoryWatcher: A directory notification for '../../../Engine/Content/' was aborted.
[2018.02.20-13.55.34:053][704]LogDirectoryWatcher: A directory notification for 'D:/Unreal Engine Projects/AndroGame-moje/Content/' was aborted.
[2018.02.20-13.55.34:053][704]LogDirectoryWatcher: A directory notification for '../../../Engine/Plugins/2D/Paper2D/Content/' was aborted.
[2018.02.20-13.55.34:053][704]LogModuleManager: Shutting down and abandoning module DirectoryWatcher (151)
[2018.02.20-13.55.34:054][704]LogModuleManager: Shutting down and abandoning module KismetCompiler (148)
[2018.02.20-13.55.34:054][704]LogModuleManager: Shutting down and abandoning module PhysXFormats (146)
[2018.02.20-13.55.34:054][704]LogModuleManager: Shutting down and abandoning module MeshUtilities (144)
[2018.02.20-13.55.34:054][704]LogModuleManager: Shutting down and abandoning module SimplygonSwarm (143)
[2018.02.20-13.55.34:054][704]LogModuleManager: Shutting down and abandoning module SimplygonMeshReduction (141)
[2018.02.20-13.55.34:054][704]LogModuleManager: Shutting down and abandoning module QuadricMeshReduction (139)
[2018.02.20-13.55.34:054][704]LogModuleManager: Shutting down and abandoning module PropertyEditor (137)
[2018.02.20-13.55.34:054][704]LogModuleManager: Shutting down and abandoning module DerivedDataCache (134)
[2018.02.20-13.55.34:059][704]LogDerivedDataCache: Shutdown
[2018.02.20-13.55.34:059][704]LogModuleManager: Shutting down and abandoning module TargetPlatform (132)
[2018.02.20-13.55.34:059][704]LogModuleManager: Shutting down and abandoning module VulkanShaderFormat (131)
[2018.02.20-13.55.34:059][704]LogModuleManager: Shutting down and abandoning module ShaderFormatOpenGL (129)
[2018.02.20-13.55.34:059][704]LogModuleManager: Shutting down and abandoning module ShaderFormatD3D (127)
[2018.02.20-13.55.34:059][704]LogModuleManager: Shutting down and abandoning module MetalShaderFormat (125)
[2018.02.20-13.55.34:059][704]LogModuleManager: Shutting down and abandoning module TextureFormatUncompressed (123)
[2018.02.20-13.55.34:059][704]LogModuleManager: Shutting down and abandoning module TextureFormatPVR (121)
[2018.02.20-13.55.34:059][704]LogModuleManager: Shutting down and abandoning module TextureFormatDXT (119)
[2018.02.20-13.55.34:059][704]LogModuleManager: Shutting down and abandoning module TextureFormatIntelISPCTexComp (117)
[2018.02.20-13.55.34:059][704]LogModuleManager: Shutting down and abandoning module TextureFormatASTC (115)
[2018.02.20-13.55.34:059][704]LogModuleManager: Shutting down and abandoning module ImageWrapper (114)
[2018.02.20-13.55.34:059][704]LogModuleManager: Shutting down and abandoning module TextureFormatAndroid (111)
[2018.02.20-13.55.34:059][704]LogModuleManager: Shutting down and abandoning module AudioFormatOpus (109)
[2018.02.20-13.55.34:060][704]LogModuleManager: Shutting down and abandoning module AudioFormatOgg (107)
[2018.02.20-13.55.34:060][704]LogModuleManager: Shutting down and abandoning module AudioFormatADPCM (105)
[2018.02.20-13.55.34:060][704]LogModuleManager: Shutting down and abandoning module LinuxTargetPlatform (103)
[2018.02.20-13.55.34:060][704]LogModuleManager: Shutting down and abandoning module LinuxServerTargetPlatform (101)
[2018.02.20-13.55.34:060][704]LogModuleManager: Shutting down and abandoning module LinuxNoEditorTargetPlatform (99)
[2018.02.20-13.55.34:060][704]LogModuleManager: Shutting down and abandoning module LinuxClientTargetPlatform (97)
[2018.02.20-13.55.34:060][704]LogModuleManager: Shutting down and abandoning module TVOSTargetPlatform (95)
[2018.02.20-13.55.34:060][704]LogModuleManager: Shutting down and abandoning module Messaging (93)
[2018.02.20-13.55.34:060][704]LogModuleManager: Shutting down and abandoning module IOSTargetPlatform (91)
[2018.02.20-13.55.34:060][704]LogModuleManager: Shutting down and abandoning module HTML5TargetPlatform (89)
[2018.02.20-13.55.34:060][704]LogModuleManager: Shutting down and abandoning module Android_PVRTCTargetPlatform (87)
[2018.02.20-13.55.34:060][704]LogModuleManager: Shutting down and abandoning module Android_MultiTargetPlatform (85)
[2018.02.20-13.55.34:060][704]LogModuleManager: Shutting down and abandoning module Android_ETC2TargetPlatform (83)
[2018.02.20-13.55.34:060][704]LogModuleManager: Shutting down and abandoning module Android_ETC1TargetPlatform (81)
[2018.02.20-13.55.34:060][704]LogModuleManager: Shutting down and abandoning module Android_DXTTargetPlatform (79)
[2018.02.20-13.55.34:060][704]LogModuleManager: Shutting down and abandoning module Android_ATCTargetPlatform (77)
[2018.02.20-13.55.34:060][704]LogModuleManager: Shutting down and abandoning module Android_ASTCTargetPlatform (75)
[2018.02.20-13.55.34:060][704]LogModuleManager: Shutting down and abandoning module AndroidTargetPlatform (73)
[2018.02.20-13.55.34:060][704]LogModuleManager: Shutting down and abandoning module WindowsTargetPlatform (71)
[2018.02.20-13.55.34:060][704]LogModuleManager: Shutting down and abandoning module WindowsServerTargetPlatform (69)
[2018.02.20-13.55.34:060][704]LogModuleManager: Shutting down and abandoning module WindowsNoEditorTargetPlatform (67)
[2018.02.20-13.55.34:060][704]LogModuleManager: Shutting down and abandoning module WindowsClientTargetPlatform (65)
[2018.02.20-13.55.34:060][704]LogModuleManager: Shutting down and abandoning module MacTargetPlatform (63)
[2018.02.20-13.55.34:060][704]LogModuleManager: Shutting down and abandoning module MacServerTargetPlatform (61)
[2018.02.20-13.55.34:060][704]LogModuleManager: Shutting down and abandoning module MacNoEditorTargetPlatform (59)
[2018.02.20-13.55.34:060][704]LogModuleManager: Shutting down and abandoning module MacClientTargetPlatform (57)
[2018.02.20-13.55.34:060][704]LogModuleManager: Shutting down and abandoning module AllDesktopTargetPlatform (55)
[2018.02.20-13.55.34:060][704]LogModuleManager: Shutting down and abandoning module InputCore (52)
[2018.02.20-13.55.34:060][704]LogModuleManager: Shutting down and abandoning module Settings (50)
[2018.02.20-13.55.34:060][704]LogModuleManager: Shutting down and abandoning module OculusRift (48)
[2018.02.20-13.55.34:060][704]LogModuleManager: Shutting down and abandoning module GearVR (46)
[2018.02.20-13.55.34:060][704]LogModuleManager: Shutting down and abandoning module ExampleDeviceProfileSelector (44)
[2018.02.20-13.55.34:060][704]LogModuleManager: Shutting down and abandoning module OnlineBlueprintSupport (42)
[2018.02.20-13.55.34:060][704]LogModuleManager: Shutting down and abandoning module OnlineSubsystem (38)
[2018.02.20-13.55.34:060][704]LogOnline:Display: Unloading online subsystem: NULL
[2018.02.20-13.55.34:060][704]LogModuleManager: Shutting down and abandoning module XMPP (37)
[2018.02.20-13.55.34:060][704]LogModuleManager: Shutting down and abandoning module HTTP (35)
[2018.02.20-13.55.34:060][704]LogHttp:Display: Http module shutting down, but needs to wait on 1 outstanding Http requests:
[2018.02.20-13.55.34:060][704]LogHttp:Display: 	verb=[POST] url=[https://datarouter.ol.epicgames.com/datarouter/api/v1/public/data?SessionID=%7B81ECA7BD-4DCA-E1D0-17C5-3AA8A60634A3%7D&AppID=UEEditor.Rocket.Release&AppVersion=4.15.3-3450819%2B%2B%2BUE4%2BRelease-4.15&UserID=c1c6b71f4d7d28145103fe8f5c40742b%7C8fd80799adf14e9e8ae04903cadb4658%7C97b6244a-29c4-4d7d-833e-0541cff54c73&AppEnvironment=datacollector-binary&UploadType=eteventstream] status=Processing
[2018.02.20-13.55.34:084][704]LogModuleManager: Shutting down and abandoning module SSL (34)
[2018.02.20-13.55.34:085][704]LogModuleManager: Shutting down and abandoning module AudioEditor (30)
[2018.02.20-13.55.34:086][704]LogModuleManager: Shutting down and abandoning module TextureCompressor (28)
[2018.02.20-13.55.34:086][704]LogModuleManager: Shutting down and abandoning module ShaderCore (26)
[2018.02.20-13.55.34:086][704]LogModuleManager: Shutting down and abandoning module Landscape (24)
[2018.02.20-13.55.34:086][704]LogModuleManager: Shutting down and abandoning module SlateRHIRenderer (22)
[2018.02.20-13.55.34:087][704]LogModuleManager: Shutting down and abandoning module OpenGLDrv (20)
[2018.02.20-13.55.34:087][704]LogModuleManager: Shutting down and abandoning module D3D11RHI (18)
[2018.02.20-13.55.34:087][704]LogModuleManager: Shutting down and abandoning module AnimGraphRuntime (16)
[2018.02.20-13.55.34:087][704]LogModuleManager: Shutting down and abandoning module Renderer (14)
[2018.02.20-13.55.34:087][704]LogModuleManager: Shutting down and abandoning module Engine (12)
[2018.02.20-13.55.34:087][704]LogModuleManager: Shutting down and abandoning module CoreUObject (10)
[2018.02.20-13.55.34:087][704]LogModuleManager: Shutting down and abandoning module NetworkFile (8)
[2018.02.20-13.55.34:087][704]LogModuleManager: Shutting down and abandoning module StreamingFile (6)
[2018.02.20-13.55.34:087][704]LogModuleManager: Shutting down and abandoning module SandboxFile (4)
[2018.02.20-13.55.34:087][704]LogModuleManager: Shutting down and abandoning module PakFile (2)
[2018.02.20-13.55.34:090][704]LogExit: Exiting.
[2018.02.20-13.55.34:098][704]Log file closed, 02/20/18 14:55:34
