Log file open, 02/18/18 14:23:07
LogInit:Display: Running engine for game: Game
LogPlatformFile: Not using cached read wrapper
LogInit:Display: RandInit(1247006072) SRandInit(1247006073).
LogTaskGraph: Started task graph with 5 named threads and 6 total threads with 1 sets of task threads.
LogStats: Stats thread started at 0.079460
LogInit: Using libcurl 7.47.1
LogInit:  - built for x86_64-pc-win32
LogInit:  - supports SSL with OpenSSL/1.0.2g
LogInit:  - supports HTTP deflate (compression) using libz 1.2.8
LogInit:  - other features:
LogInit:      CURL_VERSION_SSL
LogInit:      CURL_VERSION_LIBZ
LogInit:      CURL_VERSION_IPV6
LogInit:      CURL_VERSION_ASYNCHDNS
LogInit:      CURL_VERSION_LARGEFILE
LogInit:      CURL_VERSION_IDN
LogInit:  CurlRequestOptions (configurable via config and command line):
LogInit:  - bVerifyPeer = false  - Libcurl will NOT verify peer certificate
LogInit:  - bUseHttpProxy = false  - Libcurl will NOT use HTTP proxy
LogInit:  - bDontReuseConnections = false  - Libcurl will reuse connections
LogInit:  - CertBundlePath = nullptr  - Libcurl will use whatever was configured at build time.
LogInit: Build: ++UE4+Release-4.15-CL-3450819
LogInit: Engine Version: 4.15.3-3450819+++UE4+Release-4.15
LogInit: Compatible Engine Version: 4.15.0-3299760+++UE4+Release-4.15
LogInit: Net CL: 3299760
LogDevObjectVersion: Number of dev versions registered: 14
LogDevObjectVersion:   Dev-Blueprints (B0D832E4-1F89-4F0D-ACCF-7EB736FD4AA2): 8
LogDevObjectVersion:   Dev-Build (E1C64328-A22C-4D53-A36C-8E866417BD8C): 0
LogDevObjectVersion:   Dev-Core (375EC13C-06E4-48FB-B500-84F0262A717E): 2
LogDevObjectVersion:   Dev-Editor (E4B068ED-F494-42E9-A231-DA0B2E46BB41): 14
LogDevObjectVersion:   Dev-Framework (CFFC743F-43B0-4480-9391-14DF171D2073): 22
LogDevObjectVersion:   Dev-Mobile (B02B49B5-BB20-44E9-A304-32B752E40360): 0
LogDevObjectVersion:   Dev-Networking (A4E4105C-59A1-49B5-A7C5-40C4547EDFEE): 0
LogDevObjectVersion:   Dev-Online (39C831C9-5AE6-47DC-9A44-9C173E1C8E7C): 0
LogDevObjectVersion:   Dev-Physics (78F01B33-EBEA-4F98-B9B4-84EACCB95AA2): 0
LogDevObjectVersion:   Dev-Platform (6631380F-2D4D-43E0-8009-CF276956A95A): 0
LogDevObjectVersion:   Dev-Rendering (12F88B9F-8875-4AFC-A67C-D90C383ABD29): 12
LogDevObjectVersion:   Dev-Sequencer (7B5AE74C-D270-4C10-A958-57980B212A5A): 3
LogDevObjectVersion:   Dev-VR (D7296918-1DD6-4BDD-9DE2-64A83CC13884): 0
LogDevObjectVersion:   Dev-LoadTimes (C2A15278-BFE7-4AFE-6C17-90FF531DF755): 1
LogInit: Compiled (64-bit): May 21 2017 11:02:34
LogInit: Compiled with Visual C++: 19.00.23026.00
LogInit: Build Configuration: Development
LogInit: Branch Name: ++UE4+Release-4.15
LogInit: Command line: -EpicPortal 
LogInit: Base directory: C:/Program Files/Epic Games/UE_4.15/Engine/Binaries/Win64/
LogInit: Installed Engine Build: 1
LogInit: Presizing for max 8388607 objects, including 0 objects not considered by GC, pre-allocating 0 bytes for permanent pool.
LogInit: Object subsystem initialized
[2018.02.18-13.23.09:238][  0]LogInit: Selected Device Profile: [Windows]
[2018.02.18-13.23.09:238][  0]LogInit: Applying CVar settings loaded from the selected device profile: [Windows]
[2018.02.18-13.23.09:277][  0]LogInit: Computer: P
[2018.02.18-13.23.09:277][  0]LogInit: User: Patrycja
[2018.02.18-13.23.09:277][  0]LogInit: CPU Page size=65536, Cores=2
[2018.02.18-13.23.09:278][  0]LogInit: High frequency timer resolution =3.515742 MHz
[2018.02.18-13.23.09:278][  0]LogMemory: Memory total: Physical=7.9GB (8GB approx)
[2018.02.18-13.23.09:278][  0]LogMemory: Platform Memory Stats for Windows
[2018.02.18-13.23.09:278][  0]LogMemory: Process Physical Memory: 263.81 MB used, 263.81 MB peak
[2018.02.18-13.23.09:278][  0]LogMemory: Process Virtual Memory: 264.65 MB used, 264.65 MB peak
[2018.02.18-13.23.09:278][  0]LogMemory: Physical Memory: 3475.96 MB used,  4664.11 MB free, 8140.07 MB total
[2018.02.18-13.23.09:278][  0]LogMemory: Virtual Memory: 632.10 MB used,  4664.11 MB free, 8388608.00 MB total
[2018.02.18-13.23.09:440][  0]LogTextLocalizationManager: No translations for ('pl-PL') exist, falling back to 'en' for localization and internationalization data.
[2018.02.18-13.23.10:432][  0]LogD3D11RHI: D3D11 adapters:
[2018.02.18-13.23.10:463][  0]LogD3D11RHI:    0. 'NVIDIA GeForce GT 640' (Feature Level 11_0)
[2018.02.18-13.23.10:463][  0]LogD3D11RHI:       4027/0/3814 MB DedicatedVideo/DedicatedSystem/SharedSystem, Outputs:1, VendorId:0x10de
[2018.02.18-13.23.10:463][  0]LogD3D11RHI: Chosen D3D11 Adapter: 0
[2018.02.18-13.23.10:472][  0]LogD3D11RHI: Creating new Direct3DDevice
[2018.02.18-13.23.10:472][  0]LogD3D11RHI:     GPU DeviceId: 0xfc1 (for the marketing name, search the web for "GPU Device Id")
[2018.02.18-13.23.10:472][  0]LogWindows: EnumDisplayDevices:
[2018.02.18-13.23.10:473][  0]LogWindows:    0. 'NVIDIA GeForce GT 640' (P:1 D:1)
[2018.02.18-13.23.10:473][  0]LogWindows:    1. 'NVIDIA GeForce GT 640' (P:0 D:0)
[2018.02.18-13.23.10:473][  0]LogWindows:    2. 'NVIDIA GeForce GT 640' (P:0 D:0)
[2018.02.18-13.23.10:473][  0]LogWindows:    3. 'RDPDD Chained DD' (P:0 D:0)
[2018.02.18-13.23.10:474][  0]LogWindows:    4. 'RDP Encoder Mirror Driver' (P:0 D:0)
[2018.02.18-13.23.10:474][  0]LogWindows:    5. 'RDP Reflector Display Driver' (P:0 D:0)
[2018.02.18-13.23.10:474][  0]LogWindows: DebugString: GetVideoDriverDetailsInvalid PrimaryIsNotTheChoosenAdapter GetVideoDriverDetailsInvalid PrimaryIsNotTheChoosenAdapter GetVideoDriverDetailsInvalid PrimaryIsNotTheChoosenAdapter FoundDriverCount:3 
[2018.02.18-13.23.10:474][  0]LogD3D11RHI:     Adapter Name: NVIDIA GeForce GT 640
[2018.02.18-13.23.10:474][  0]LogD3D11RHI:   Driver Version: 388.13 (internal:23.21.13.8813, unified:388.13)
[2018.02.18-13.23.10:474][  0]LogD3D11RHI:      Driver Date: 10-27-2017
[2018.02.18-13.23.10:474][  0]LogRHI: Texture pool is 1361 MB (70% of 1945 MB)
[2018.02.18-13.23.10:493][  0]LogD3D11RHI:Warning: Timestamp queries are currently disabled on this hardware due to instability. Realtime GPU stats will not be available. You can override this behaviour by setting r.NVIDIATimestampWorkaround to 0
[2018.02.18-13.23.10:493][  0]LogD3D11RHI: Async texture creation enabled
[2018.02.18-13.23.10:511][  0]LogD3D11RHI: GPU Timing Frequency: 1000.000000 (Debug: 2 2)
[2018.02.18-13.23.10:559][  0]LogShaderCompilers: Guid format shader working directory is -14 characters bigger than the processId version (../../../../../../Users/Patrycja/Documents/Unreal Projects/Game/Intermediate/Shaders/WorkingDirectory/1572/).
[2018.02.18-13.23.10:560][  0]LogShaderCompilers: Cleaned the shader compiler working directory 'C:/Users/Patrycja/AppData/Local/Temp/UnrealShaderWorkingDir/DA8C1CCC4B5996A90F797AADF71EA60B/'.
[2018.02.18-13.23.10:560][  0]LogShaderCompilers:Display: Using Local Shader Compiler.
[2018.02.18-13.23.12:564][  0]LogTemp:Display: Loaded TP AllDesktopTargetPlatform
[2018.02.18-13.23.12:683][  0]LogTemp:Display: Loaded TP MacClientTargetPlatform
[2018.02.18-13.23.12:808][  0]LogTemp:Display: Loaded TP MacNoEditorTargetPlatform
[2018.02.18-13.23.12:930][  0]LogTemp:Display: Loaded TP MacServerTargetPlatform
[2018.02.18-13.23.13:057][  0]LogTemp:Display: Loaded TP MacTargetPlatform
[2018.02.18-13.23.13:182][  0]LogTemp:Display: Loaded TP WindowsClientTargetPlatform
[2018.02.18-13.23.13:307][  0]LogTemp:Display: Loaded TP WindowsNoEditorTargetPlatform
[2018.02.18-13.23.13:429][  0]LogTemp:Display: Loaded TP WindowsServerTargetPlatform
[2018.02.18-13.23.13:529][  0]LogTemp:Display: Loaded TP WindowsTargetPlatform
[2018.02.18-13.23.13:649][  0]LogTemp:Display: Loaded TP AndroidTargetPlatform
[2018.02.18-13.23.13:769][  0]LogTemp:Display: Loaded TP Android_ASTCTargetPlatform
[2018.02.18-13.23.13:885][  0]LogTemp:Display: Loaded TP Android_ATCTargetPlatform
[2018.02.18-13.23.14:004][  0]LogTemp:Display: Loaded TP Android_DXTTargetPlatform
[2018.02.18-13.23.14:118][  0]LogTemp:Display: Loaded TP Android_ETC1TargetPlatform
[2018.02.18-13.23.14:238][  0]LogTemp:Display: Loaded TP Android_ETC2TargetPlatform
[2018.02.18-13.23.14:496][  0]LogTemp:Display: Loaded TP Android_MultiTargetPlatform
[2018.02.18-13.23.14:496][  0]LogTemp:Display: Loaded TP Android_PVRTCTargetPlatform
[2018.02.18-13.23.14:590][  0]LogTemp:Display: Loaded TP HTML5TargetPlatform
[2018.02.18-13.23.14:772][  0]LogTemp:Display: Loaded TP IOSTargetPlatform
[2018.02.18-13.23.14:840][  0]LogTemp:Display: Loaded TP TVOSTargetPlatform
[2018.02.18-13.23.14:956][  0]LogTemp:Display: Loaded TP LinuxClientTargetPlatform
[2018.02.18-13.23.15:072][  0]LogTemp:Display: Loaded TP LinuxNoEditorTargetPlatform
[2018.02.18-13.23.15:187][  0]LogTemp:Display: Loaded TP LinuxServerTargetPlatform
[2018.02.18-13.23.15:303][  0]LogTemp:Display: Loaded TP LinuxTargetPlatform
[2018.02.18-13.23.15:303][  0]LogTargetPlatformManager:Display: Building Assets For Windows
[2018.02.18-13.23.16:193][  0]LogDerivedDataCache:Display: Max Cache Size: 512 MB
[2018.02.18-13.23.16:313][  0]LogDerivedDataCache: Loaded boot cache 0.12s 50MB C:/Users/Patrycja/AppData/Local/UnrealEngine/4.15/DerivedDataCache/Boot.ddc.
[2018.02.18-13.23.16:313][  0]LogDerivedDataCache:Display: Loaded Boot cache: C:/Users/Patrycja/AppData/Local/UnrealEngine/4.15/DerivedDataCache/Boot.ddc
[2018.02.18-13.23.16:313][  0]LogDerivedDataCache: FDerivedDataBackendGraph:  Pak pak cache file ../../../../../../Users/Patrycja/Documents/Unreal Projects/Game/DerivedDataCache/DDC.ddp not found, will not use a pak cache.
[2018.02.18-13.23.16:313][  0]LogDerivedDataCache: Unable to find inner node Pak for hierarchical cache Hierarchy.
[2018.02.18-13.23.16:313][  0]LogDerivedDataCache: FDerivedDataBackendGraph:  CompressedPak pak cache file ../../../../../../Users/Patrycja/Documents/Unreal Projects/Game/DerivedDataCache/Compressed.ddp not found, will not use a pak cache.
[2018.02.18-13.23.16:313][  0]LogDerivedDataCache: Unable to find inner node CompressedPak for hierarchical cache Hierarchy.
[2018.02.18-13.23.16:343][  0]LogDerivedDataCache:Display: Pak cache opened for reading ../../../Engine/DerivedDataCache/Compressed.ddp.
[2018.02.18-13.23.16:355][  0]LogDerivedDataCache: Using Local data cache path C:/Users/Patrycja/AppData/Local/UnrealEngine/Common/DerivedDataCache: Writable
[2018.02.18-13.23.16:371][  0]LogSlate: Using Freetype 2.6.0
[2018.02.18-13.23.16:372][  0]LogSlate: SlateFontCache - WITH_FREETYPE: 1, WITH_HARFBUZZ: 1
[2018.02.18-13.23.16:372][  0]LogSlate: SlateFontCache - WITH_FREETYPE: 1, WITH_HARFBUZZ: 1
[2018.02.18-13.23.16:923][  0]LogInit: Selected Device Profile: [Windows]
[2018.02.18-13.23.16:927][  0]LogContentStreaming: Texture pool size is 0.00 MB
[2018.02.18-13.23.17:319][  0]LogMeshUtilities: Using QuadricMeshReduction for automatic static mesh reduction
[2018.02.18-13.23.17:413][  0]LogSimplygon: Simplygon DLL not present - disabling.
[2018.02.18-13.23.17:516][  0]LogMeshUtilities: Using SimplygonSwarm for distributed automatic mesh merging
[2018.02.18-13.23.17:516][  0]LogMeshUtilities: No automatic skeletal mesh reduction module available
[2018.02.18-13.23.17:516][  0]LogMeshUtilities: No automatic mesh merging module available
[2018.02.18-13.23.18:426][  0]LogNetVersion: GetLocalNetworkVersion: CL: 3299760, ProjectName: game, ProjectVersion: , EngineNetworkVersion: 2, GameNetworkVersion: 0, NetworkChecksum: 2653008601
[2018.02.18-13.23.18:494][  0]LogAssetRegistry: FAssetRegistry took 0.0198 seconds to start up
[2018.02.18-13.23.18:590][  0]LogPackageLocalizationCache: Processed 3 localized package path(s) for 1 prioritized culture(s) in 0.047303 seconds
[2018.02.18-13.23.18:600][  0]LogUObjectArray: 32493 objects as part of root set at end of initial load.
[2018.02.18-13.23.18:600][  0]LogUObjectAllocator: 7077024 out of 0 bytes used by permanent object pool.
[2018.02.18-13.23.18:600][  0]LogUObjectArray: CloseDisregardForGC: 0/0 objects in disregard for GC pool
[2018.02.18-13.23.18:742][  0]LogInit: WinSock: version 1.1 (2.2), MaxSocks=32767, MaxUdp=65467
[2018.02.18-13.23.21:886][  0]LogTcpMessaging: Initializing TcpMessaging bridge
[2018.02.18-13.23.21:952][  0]LogUdpMessaging: Initializing bridge on interface 0.0.0.0:0 to multicast group 230.0.0.1:6666.
[2018.02.18-13.23.22:861][  0]LogMaterial: Uniform references updated for custom material expression Custom.
[2018.02.18-13.23.23:643][  0]SourceControl: Info Source control is disabled
[2018.02.18-13.23.23:718][  0]SourceControl: Info Source control is disabled
[2018.02.18-13.23.23:823][  0]SourceControl: Info Source control is disabled
[2018.02.18-13.23.23:924][  0]SourceControl: Info Source control is disabled
[2018.02.18-13.23.26:585][  0]LogEngine: Initializing Engine...
[2018.02.18-13.23.26:586][  0]LogHMD: Failed to initialize OpenVR with code 110
[2018.02.18-13.23.26:741][  0]LogStats: UGameplayTagsManager::ConstructGameplayTagTree: Construct from data asset -  0.000 s
[2018.02.18-13.23.26:741][  0]LogStats: UGameplayTagsManager::ConstructGameplayTagTree: GameplayTagTreeChangedEvent.Broadcast -  0.000 s
[2018.02.18-13.23.27:012][  0]LogAIModule: Creating AISystem for world Untitled
[2018.02.18-13.23.27:034][  0]LogInit: XAudio2 using 'Głośniki (Realtek High Definition Audio)' : 2 channels at 48 kHz using 32 bits per sample (channel mask 0x3)
[2018.02.18-13.23.27:085][  0]LogInit: FAudioDevice initialized.
[2018.02.18-13.23.27:144][  0]LogDerivedDataCache: Saved boot cache 0.06s 50MB C:/Users/Patrycja/AppData/Local/UnrealEngine/4.15/DerivedDataCache/Boot.ddc.
[2018.02.18-13.23.27:160][  0]LogInit: Texture streaming: Enabled
[2018.02.18-13.23.27:343][  0]LogEngineSessionManager: EngineSessionManager initialized
[2018.02.18-13.23.27:532][  0]LogInit: Transaction tracking system initialized
[2018.02.18-13.23.28:298][  0]BlueprintLog: New page: Editor Load
[2018.02.18-13.23.30:195][  0]LocalizationService: Info Localization service is disabled
[2018.02.18-13.23.31:637][  0]LogConsoleResponse:Display: 
[2018.02.18-13.23.31:861][  0]LogCook:Display: Max memory allowance for cook 16384mb min free memory 0mb
[2018.02.18-13.23.31:861][  0]LogCook:Display: Mobile HDR setting 0
[2018.02.18-13.23.32:483][  0]LogFileCache: Scanning file cache for directory 'C:/Users/Patrycja/Documents/Unreal Projects/Game/Content/' took 0.04s
[2018.02.18-13.23.34:134][  0]SourceControl: Info Source control is disabled
[2018.02.18-13.23.34:134][  0]Cmd: MAP LOAD FILE="../../../../../../Users/Patrycja/Documents/Unreal Projects/Game/Content/TopDownBP/Maps/TopDownExampleMap.umap" TEMPLATE=0 SHOWPROGRESS=1 FEATURELEVEL=3
[2018.02.18-13.23.34:199][  0]LightingResults: New page: Lighting Build
[2018.02.18-13.23.34:290][  0]MapCheck: New page: Map Check
[2018.02.18-13.23.34:290][  0]LightingResults: New page: Lighting Build
[2018.02.18-13.23.38:683][  0]LogAIModule: Creating AISystem for world TopDownExampleMap
[2018.02.18-13.23.38:744][  0]LogEditorServer: Finished looking for orphan Actors (0.000 secs)
[2018.02.18-13.23.38:745][  0]Cmd: MAP CHECKDEP NOCLEARLOG
[2018.02.18-13.23.38:849][  0]MapCheck: Info Map check complete: 0 Error(s), 0 Warning(s), took 103.456ms to complete.
[2018.02.18-13.23.38:849][  0]LogFileHelpers: Loading map 'TopDownExampleMap' took 4.715
[2018.02.18-13.23.39:089][  0]LogCollectionManager: Loaded 1 collections in 0.003672 seconds
[2018.02.18-13.23.39:221][  0]LogFileCache: Scanning file cache for directory 'C:/Users/Patrycja/Documents/Unreal Projects/Game/Saved/Collections/' took 0.01s
[2018.02.18-13.23.39:221][  0]LogFileCache: Scanning file cache for directory 'C:/Users/Patrycja/Documents/Unreal Projects/Game/Content/Developers/Patrycja/Collections/' took 0.01s
[2018.02.18-13.23.39:221][  0]LogFileCache: Scanning file cache for directory 'C:/Users/Patrycja/Documents/Unreal Projects/Game/Content/Collections/' took 0.01s
[2018.02.18-13.23.39:221][  0]LogCollectionManager: Rebuilt the GUID cache for 1 collections in 0.000005 seconds
[2018.02.18-13.23.39:221][  0]LogCollectionManager: Rebuilt the hierarchy cache for 1 collections in 0.000000 seconds
[2018.02.18-13.23.39:238][  0]LogContentBrowser: Native class hierarchy populated in 0.0162 seconds. Added 2245 classes and 453 folders.
[2018.02.18-13.23.39:374][  0]LogContentBrowser: Native class hierarchy updated for 'WidgetCarousel' in 0.0008 seconds. Added 0 classes and 0 folders.
[2018.02.18-13.23.39:471][  0]LogContentBrowser: Native class hierarchy updated for 'AddContentDialog' in 0.0008 seconds. Added 0 classes and 0 folders.
[2018.02.18-13.23.39:563][  0]LogContentBrowser: Native class hierarchy updated for 'SceneOutliner' in 0.0008 seconds. Added 1 classes and 2 folders.
[2018.02.18-13.23.39:665][  0]LogCrashTracker: Crashtracker disabled due to settings.
[2018.02.18-13.23.39:674][  0]LogUObjectGlobals:Warning: Failed to find object 'Class None.'
[2018.02.18-13.23.39:793][  0]LogContentBrowser: Native class hierarchy updated for 'HierarchicalLODOutliner' in 0.0010 seconds. Added 1 classes and 2 folders.
[2018.02.18-13.23.39:794][  0]LogLoad: (Engine Initialization) Total time: 34.93 seconds
[2018.02.18-13.23.39:794][  0]LogLoad: (Engine Initialization) Total Blueprint compile time: 0.36 seconds
[2018.02.18-13.23.39:794][  0]LogExternalProfiler: No external profilers were discovered.  External profiling features will not be available.
[2018.02.18-13.23.39:806][  0]LogOcInput: OculusInput pre-init called
[2018.02.18-13.23.39:826][  0]LogContentStreaming: Texture pool size now 1000 MB
[2018.02.18-13.23.39:828][  0]LogSlate: Took 0.000353 seconds to synchronously load lazily loaded font '../../../Engine/Content/Slate/Fonts/Roboto-Regular.ttf' (155K)
[2018.02.18-13.23.39:834][  0]LogSlate: Took 0.000437 seconds to synchronously load lazily loaded font '../../../Engine/Content/Slate/Fonts/Roboto-Bold.ttf' (160K)
[2018.02.18-13.23.39:841][  0]LogSlate: Took 0.000465 seconds to synchronously load lazily loaded font '../../../Engine/Content/Editor/Slate/Fonts/FontAwesome.ttf' (139K)
[2018.02.18-13.23.39:934][  0]LogSlate: Took 0.000506 seconds to synchronously load lazily loaded font '../../../Engine/Content/Slate/Fonts/Roboto-Light.ttf' (159K)
[2018.02.18-13.23.40:055][  0]LogRenderer: Reallocating scene render targets to support 804x224 NumSamples 1 (Frame:2).
[2018.02.18-13.23.40:336][  2]LogRenderer: Reallocating scene render targets to support 804x256 NumSamples 1 (Frame:3).
[2018.02.18-13.23.40:412][  3]LogAssetRegistry: Asset discovery search completed in 21.9378 seconds
[2018.02.18-13.23.40:412][  3]LogCollectionManager: Rebuilt the object cache for 1 collections in 0.000010 seconds (found 0 objects)
[2018.02.18-13.23.40:412][  3]LogCollectionManager: Fixed up redirectors for 1 collections in 0.000035 seconds (updated 0 objects)
[2018.02.18-13.26.11:974][290]LogTemp: Repeting last play command: Selected Viewport
[2018.02.18-13.26.11:992][290]LogBlueprintUserMessages: Early PlayInEditor Detection: Level '/Game/TopDownBP/Maps/TopDownExampleMap.TopDownExampleMap:PersistentLevel' has LevelScriptBlueprint '/Game/TopDownBP/Maps/TopDownExampleMap.TopDownExampleMap:PersistentLevel.TopDownExampleMap' with GeneratedClass '/Game/TopDownBP/Maps/TopDownExampleMap.TopDownExampleMap_C' with ClassGeneratedBy '/Game/TopDownBP/Maps/TopDownExampleMap.TopDownExampleMap:PersistentLevel.TopDownExampleMap'
[2018.02.18-13.26.11:992][290]LogPlayLevel: PlayLevel: No blueprints needed recompiling
[2018.02.18-13.26.11:993][290]PIE: New page: PIE session: TopDownExampleMap (Feb 18, 2018, 3:26:11 PM)
[2018.02.18-13.26.11:993][290]LogPlayLevel: Creating play world package: /Game/TopDownBP/Maps/UEDPIE_0_TopDownExampleMap
[2018.02.18-13.26.12:049][290]LogPlayLevel: PIE: StaticDuplicateObject took: (0.055372s)
[2018.02.18-13.26.12:050][290]LogAIModule: Creating AISystem for world TopDownExampleMap
[2018.02.18-13.26.12:050][290]LogPlayLevel: PIE: World Init took: (0.001683s)
[2018.02.18-13.26.12:051][290]LogPlayLevel: PIE: Created PIE world by copying editor world from /Game/TopDownBP/Maps/TopDownExampleMap.TopDownExampleMap to /Game/TopDownBP/Maps/UEDPIE_0_TopDownExampleMap.TopDownExampleMap (0.057512s)
[2018.02.18-13.26.12:124][290]LogInit: XAudio2 using 'Głośniki (Realtek High Definition Audio)' : 2 channels at 48 kHz using 32 bits per sample (channel mask 0x3)
[2018.02.18-13.26.12:145][290]LogInit: FAudioDevice initialized.
[2018.02.18-13.26.12:199][290]LogLoad: Game class is 'TopDownGameMode_C'
[2018.02.18-13.26.12:204][290]LogWorld: Bringing World /Game/TopDownBP/Maps/UEDPIE_0_TopDownExampleMap.TopDownExampleMap up for play (max tick rate 0) at 2018.02.18-14.26.12
[2018.02.18-13.26.12:205][290]LogWorld: Bringing up level for play took: 0.004628
[2018.02.18-13.26.12:316][290]LogContentBrowser: Native class hierarchy updated for 'MovieSceneCapture' in 0.0010 seconds. Added 11 classes and 0 folders.
[2018.02.18-13.26.12:318][290]PIE: Info Play in editor start time for /Game/TopDownBP/Maps/UEDPIE_0_TopDownExampleMap 1.199
[2018.02.18-13.26.12:318][290]LogBlueprintUserMessages: Late PlayInEditor Detection: Level '/Game/TopDownBP/Maps/TopDownExampleMap.TopDownExampleMap:PersistentLevel' has LevelScriptBlueprint '/Game/TopDownBP/Maps/TopDownExampleMap.TopDownExampleMap:PersistentLevel.TopDownExampleMap' with GeneratedClass '/Game/TopDownBP/Maps/TopDownExampleMap.TopDownExampleMap_C' with ClassGeneratedBy '/Game/TopDownBP/Maps/TopDownExampleMap.TopDownExampleMap:PersistentLevel.TopDownExampleMap'
[2018.02.18-13.43.20:501][468]LogBlueprintUserMessages: Early EndPlayMap Detection: Level '/Game/TopDownBP/Maps/TopDownExampleMap.TopDownExampleMap:PersistentLevel' has LevelScriptBlueprint '/Game/TopDownBP/Maps/TopDownExampleMap.TopDownExampleMap:PersistentLevel.TopDownExampleMap' with GeneratedClass '/Game/TopDownBP/Maps/TopDownExampleMap.TopDownExampleMap_C' with ClassGeneratedBy '/Game/TopDownBP/Maps/TopDownExampleMap.TopDownExampleMap:PersistentLevel.TopDownExampleMap'
[2018.02.18-13.43.20:537][468]LogBlueprintUserMessages: Late EndPlayMap Detection: Level '/Game/TopDownBP/Maps/TopDownExampleMap.TopDownExampleMap:PersistentLevel' has LevelScriptBlueprint '/Game/TopDownBP/Maps/TopDownExampleMap.TopDownExampleMap:PersistentLevel.TopDownExampleMap' with GeneratedClass '/Game/TopDownBP/Maps/TopDownExampleMap.TopDownExampleMap_C' with ClassGeneratedBy '/Game/TopDownBP/Maps/TopDownExampleMap.TopDownExampleMap:PersistentLevel.TopDownExampleMap'
[2018.02.18-13.51.08:087][580]LogEditorViewport: Clicking on Actor (LMB): StaticMeshActor (Cube21)
[2018.02.18-13.51.09:946][744]LogRenderer: Reallocating scene render targets to support 804x272 NumSamples 1 (Frame:121056).
[2018.02.18-13.51.09:996][745]LogRenderer: Reallocating scene render targets to support 804x300 NumSamples 1 (Frame:121058).
[2018.02.18-13.51.10:068][746]LogRenderer: Reallocating scene render targets to support 804x320 NumSamples 1 (Frame:121060).
[2018.02.18-13.51.10:113][747]LogRenderer: Reallocating scene render targets to support 804x344 NumSamples 1 (Frame:121062).
[2018.02.18-13.51.10:158][748]LogRenderer: Reallocating scene render targets to support 804x360 NumSamples 1 (Frame:121064).
[2018.02.18-13.51.10:210][749]LogRenderer: Reallocating scene render targets to support 804x372 NumSamples 1 (Frame:121066).
[2018.02.18-13.51.10:269][750]LogRenderer: Reallocating scene render targets to support 804x380 NumSamples 1 (Frame:121068).
[2018.02.18-13.51.10:312][751]LogRenderer: Reallocating scene render targets to support 804x388 NumSamples 1 (Frame:121070).
[2018.02.18-13.51.10:381][752]LogRenderer: Reallocating scene render targets to support 804x396 NumSamples 1 (Frame:121072).
[2018.02.18-13.51.10:438][753]LogRenderer: Reallocating scene render targets to support 804x404 NumSamples 1 (Frame:121074).
[2018.02.18-13.51.10:489][754]LogRenderer: Reallocating scene render targets to support 804x412 NumSamples 1 (Frame:121076).
[2018.02.18-13.51.10:535][755]LogRenderer: Reallocating scene render targets to support 804x416 NumSamples 1 (Frame:121078).
[2018.02.18-13.51.10:624][757]LogRenderer: Reallocating scene render targets to support 804x420 NumSamples 1 (Frame:121082).
[2018.02.18-13.51.11:468][841]Cmd: EDIT COPY
[2018.02.18-13.51.11:725][868]Cmd: EDIT PASTE
[2018.02.18-13.51.26:803][217]SourceControl: Info On branch master
[2018.02.18-13.51.26:803][217]SourceControl: Info nothing to commit, working tree clean
[2018.02.18-13.51.31:142][604]LogSlate: Took 0.000282 seconds to synchronously load lazily loaded font '../../../Engine/Content/Slate/Fonts/Roboto-Light.ttf' (159K)
[2018.02.18-13.51.31:527][604]LogSavePackage: Save=202.31ms
[2018.02.18-13.51.31:527][604]LogSavePackage: Moving '../../../../../../Users/Patrycja/Documents/Unreal Projects/Game/Saved/TopDownExampleMap4C1B51A34541415C9BE30D86D756D969.tmp' to '../../../../../../Users/Patrycja/Documents/Unreal Projects/Game/Content/TopDownBP/Maps/TopDownExampleMap.umap'
[2018.02.18-13.51.31:540][604]LogSavePackage:Display: Finished SavePackage ../../../../../../Users/Patrycja/Documents/Unreal Projects/Game/Content/TopDownBP/Maps/TopDownExampleMap.umap
[2018.02.18-13.51.31:722][604]LogFileHelpers: Saving map 'TopDownExampleMap' took 0.563
[2018.02.18-13.51.34:017][781]SourceControl: Info fatal: C:/Program Files/Epic Games/UE_4.15/Engine/Content/: 'C:/Program Files/Epic Games/UE_4.15/Engine/Content/' is outside repository
[2018.02.18-13.51.34:325][781]LogPackageName:Error: Illegal call to DoesPackageExist: '../../../../../../Users/Patrycja/Documents/Unreal Projects/Game/Game.uproject' is not a standard unreal filename or a long path name. Reason: Path should be no less than 4 characters long.
[2018.02.18-13.51.34:538][781]LogStats: FPlatformStackWalk::StackWalkAndDump -  0.213 s
[2018.02.18-13.51.34:538][781]LogOutputDevice:Error: === Handled ensure: ===
[2018.02.18-13.51.34:538][781]LogOutputDevice:Error: 
[2018.02.18-13.51.34:538][781]LogOutputDevice:Error: Ensure condition failed: false [File:D:\Build\++UE4+Release-4.15+Compile\Sync\Engine\Source\Runtime\CoreUObject\Private\Misc\PackageName.cpp] [Line: 650]
[2018.02.18-13.51.34:538][781]LogOutputDevice:Error: Illegal call to DoesPackageExist: '../../../../../../Users/Patrycja/Documents/Unreal Projects/Game/Game.uproject' is not a standard unreal filename or a long path name. Reason: Path should be no less than 4 characters long.
[2018.02.18-13.51.34:538][781]LogOutputDevice:Error: Stack: 
[2018.02.18-13.51.34:538][781]LogOutputDevice:Error: UE4Editor-Core.dll!0x00000000E75C95E6
[2018.02.18-13.51.34:538][781]LogOutputDevice:Error: UE4Editor-Core.dll!0x00000000E7379B82
[2018.02.18-13.51.34:538][781]LogOutputDevice:Error: UE4Editor-Core.dll!0x00000000E738B666
[2018.02.18-13.51.34:538][781]LogOutputDevice:Error: UE4Editor-CoreUObject.dll!0x00000000E7E7A6E8
[2018.02.18-13.51.34:538][781]LogOutputDevice:Error: UE4Editor-SourceControl.dll!0x00000000D71C3D22
[2018.02.18-13.51.34:538][781]LogOutputDevice:Error: UE4Editor-SourceControl.dll!0x00000000D71C3EB9
[2018.02.18-13.51.34:538][781]LogOutputDevice:Error: UE4Editor-SourceControlWindows.dll!0x00000000D3E61D2E
[2018.02.18-13.51.34:538][781]LogOutputDevice:Error: UE4Editor-SourceControlWindows.dll!0x00000000D3E1B4B5
[2018.02.18-13.51.34:538][781]LogOutputDevice:Error: UE4Editor-SourceControlWindows.dll!0x00000000D3E1AA8D
[2018.02.18-13.51.34:538][781]LogOutputDevice:Error: UE4Editor-SourceControlWindows.dll!0x00000000D3E2F274
[2018.02.18-13.51.34:538][781]LogOutputDevice:Error: UE4Editor-GitSourceControl.dll!0x00000000C866B851
[2018.02.18-13.51.34:538][781]LogOutputDevice:Error: UE4Editor-GitSourceControl.dll!0x00000000C867D1ED
[2018.02.18-13.51.34:538][781]LogOutputDevice:Error: UE4Editor-SourceControl.dll!0x00000000D71C9C5C
[2018.02.18-13.51.34:538][781]LogOutputDevice:Error: UE4Editor-UnrealEd.dll!0x00000000DA9C7517
[2018.02.18-13.51.34:538][781]LogOutputDevice:Error: UE4Editor-UnrealEd.dll!0x00000000DB1D2196
[2018.02.18-13.51.34:538][781]LogOutputDevice:Error: UE4Editor.exe!0x000000003FA8DEE3
[2018.02.18-13.51.34:538][781]LogOutputDevice:Error: UE4Editor.exe!0x000000003FA7EB40
[2018.02.18-13.51.34:538][781]LogOutputDevice:Error: UE4Editor.exe!0x000000003FA7EBBA
[2018.02.18-13.51.34:538][781]LogOutputDevice:Error: UE4Editor.exe!0x000000003FA90A29
[2018.02.18-13.51.34:538][781]LogOutputDevice:Error: UE4Editor.exe!0x000000003FA922B6
[2018.02.18-13.51.34:538][781]LogOutputDevice:Error: kernel32.dll!0x00000000774859CD
[2018.02.18-13.51.34:538][781]LogOutputDevice:Error: ntdll.dll!0x00000000776E383D
[2018.02.18-13.51.34:538][781]LogOutputDevice:Error: 
[2018.02.18-13.51.34:548][781]LogStats:                SubmitErrorReport -  0.000 s
[2018.02.18-13.51.35:012][781]LogStats:                    SendNewReport -  0.464 s
[2018.02.18-13.51.35:012][781]LogStats:             FDebug::EnsureFailed -  0.687 s
[2018.02.18-13.51.42:993][781]LogSourceControl: FGitCheckInWorker: commit successful
[2018.02.18-13.51.43:063][781]SourceControl: Info [master 19d2b7c] zmiany
[2018.02.18-13.51.43:063][781]SourceControl: Info  1 file changed, 0 insertions(+), 0 deletions(-)
[2018.02.18-13.51.43:069][781]SourceControl: Info Commited [master 19d2b7c] zmiany.
[2018.02.18-13.51.57:894][ 99]Cmd: DELETE
[2018.02.18-13.51.57:894][ 99]Cmd: ACTOR DELETE
[2018.02.18-13.51.57:895][ 99]LogEditorActor: Deleted Actor: StaticMeshActor
[2018.02.18-13.51.57:924][ 99]LogEditorActor: Deleted 1 Actors (0.030 secs)
[2018.02.18-13.52.01:113][366]LogSavePackage: Save=188.58ms
[2018.02.18-13.52.01:113][366]LogSavePackage: Moving '../../../../../../Users/Patrycja/Documents/Unreal Projects/Game/Saved/TopDownExampleMap34C5F540463EE556D58D66BEA8327858.tmp' to '../../../../../../Users/Patrycja/Documents/Unreal Projects/Game/Content/TopDownBP/Maps/TopDownExampleMap.umap'
[2018.02.18-13.52.01:122][366]LogSavePackage:Display: Finished SavePackage ../../../../../../Users/Patrycja/Documents/Unreal Projects/Game/Content/TopDownBP/Maps/TopDownExampleMap.umap
[2018.02.18-13.52.01:159][366]LogFileHelpers: Saving map 'TopDownExampleMap' took 0.384
[2018.02.18-13.52.03:841][616]SourceControl: Info fatal: C:/Program Files/Epic Games/UE_4.15/Engine/Content/: 'C:/Program Files/Epic Games/UE_4.15/Engine/Content/' is outside repository
[2018.02.18-13.52.04:084][616]LogPackageName:Error: Illegal call to DoesPackageExist: '../../../../../../Users/Patrycja/Documents/Unreal Projects/Game/Game.uproject' is not a standard unreal filename or a long path name. Reason: Path should be no less than 4 characters long.
[2018.02.18-13.52.11:458][616]LogSourceControl: FGitCheckInWorker: commit successful
[2018.02.18-13.52.11:528][616]SourceControl: Info [master 771bea3] poprawki zmian
[2018.02.18-13.52.11:528][616]SourceControl: Info  1 file changed, 0 insertions(+), 0 deletions(-)
[2018.02.18-13.52.11:534][616]SourceControl: Info Commited [master 771bea3] poprawki zmian.
[2018.02.18-14.00.05:395][496]LogTemp: Repeting last play command: Selected Viewport
[2018.02.18-14.00.05:414][496]LogBlueprintUserMessages: Early PlayInEditor Detection: Level '/Game/TopDownBP/Maps/TopDownExampleMap.TopDownExampleMap:PersistentLevel' has LevelScriptBlueprint '/Game/TopDownBP/Maps/TopDownExampleMap.TopDownExampleMap:PersistentLevel.TopDownExampleMap' with GeneratedClass '/Game/TopDownBP/Maps/TopDownExampleMap.TopDownExampleMap_C' with ClassGeneratedBy '/Game/TopDownBP/Maps/TopDownExampleMap.TopDownExampleMap:PersistentLevel.TopDownExampleMap'
[2018.02.18-14.00.05:414][496]LogPlayLevel: PlayLevel: No blueprints needed recompiling
[2018.02.18-14.00.05:414][496]PIE: New page: PIE session: TopDownExampleMap (Feb 18, 2018, 4:00:05 PM)
[2018.02.18-14.00.05:414][496]LogPlayLevel: Creating play world package: /Game/TopDownBP/Maps/UEDPIE_0_TopDownExampleMap
[2018.02.18-14.00.05:455][496]LogPlayLevel: PIE: StaticDuplicateObject took: (0.040704s)
[2018.02.18-14.00.05:456][496]LogAIModule: Creating AISystem for world TopDownExampleMap
[2018.02.18-14.00.05:456][496]LogPlayLevel: PIE: World Init took: (0.001385s)
[2018.02.18-14.00.05:457][496]LogPlayLevel: PIE: Created PIE world by copying editor world from /Game/TopDownBP/Maps/TopDownExampleMap.TopDownExampleMap to /Game/TopDownBP/Maps/UEDPIE_0_TopDownExampleMap.TopDownExampleMap (0.042435s)
[2018.02.18-14.00.05:499][496]LogInit: XAudio2 using 'Głośniki (Realtek High Definition Audio)' : 2 channels at 48 kHz using 32 bits per sample (channel mask 0x3)
[2018.02.18-14.00.05:515][496]LogInit: FAudioDevice initialized.
[2018.02.18-14.00.05:545][496]LogLoad: Game class is 'TopDownGameMode_C'
[2018.02.18-14.00.05:548][496]LogWorld: Bringing World /Game/TopDownBP/Maps/UEDPIE_0_TopDownExampleMap.TopDownExampleMap up for play (max tick rate 0) at 2018.02.18-15.00.05
[2018.02.18-14.00.05:549][496]LogWorld: Bringing up level for play took: 0.003389
[2018.02.18-14.00.05:550][496]PIE: Info Play in editor start time for /Game/TopDownBP/Maps/UEDPIE_0_TopDownExampleMap 0.407
[2018.02.18-14.00.05:551][496]LogBlueprintUserMessages: Late PlayInEditor Detection: Level '/Game/TopDownBP/Maps/TopDownExampleMap.TopDownExampleMap:PersistentLevel' has LevelScriptBlueprint '/Game/TopDownBP/Maps/TopDownExampleMap.TopDownExampleMap:PersistentLevel.TopDownExampleMap' with GeneratedClass '/Game/TopDownBP/Maps/TopDownExampleMap.TopDownExampleMap_C' with ClassGeneratedBy '/Game/TopDownBP/Maps/TopDownExampleMap.TopDownExampleMap:PersistentLevel.TopDownExampleMap'
[2018.02.18-14.45.57:317][770]LogBlueprintUserMessages: Early EndPlayMap Detection: Level '/Game/TopDownBP/Maps/TopDownExampleMap.TopDownExampleMap:PersistentLevel' has LevelScriptBlueprint '/Game/TopDownBP/Maps/TopDownExampleMap.TopDownExampleMap:PersistentLevel.TopDownExampleMap' with GeneratedClass '/Game/TopDownBP/Maps/TopDownExampleMap.TopDownExampleMap_C' with ClassGeneratedBy '/Game/TopDownBP/Maps/TopDownExampleMap.TopDownExampleMap:PersistentLevel.TopDownExampleMap'
[2018.02.18-14.45.57:355][770]LogBlueprintUserMessages: Late EndPlayMap Detection: Level '/Game/TopDownBP/Maps/TopDownExampleMap.TopDownExampleMap:PersistentLevel' has LevelScriptBlueprint '/Game/TopDownBP/Maps/TopDownExampleMap.TopDownExampleMap:PersistentLevel.TopDownExampleMap' with GeneratedClass '/Game/TopDownBP/Maps/TopDownExampleMap.TopDownExampleMap_C' with ClassGeneratedBy '/Game/TopDownBP/Maps/TopDownExampleMap.TopDownExampleMap:PersistentLevel.TopDownExampleMap'
