Log file open, 02/20/18 12:13:47
LogInit:Display: Running engine for game: Game
LogPlatformFile: Not using cached read wrapper
LogInit:Display: RandInit(1414631469) SRandInit(1414631469).
LogTaskGraph: Started task graph with 5 named threads and 8 total threads with 1 sets of task threads.
LogStats: Stats thread started at 0.105439
LogInit: Using libcurl 7.47.1
LogInit:  - built for x86_64-pc-win32
LogInit:  - supports SSL with OpenSSL/1.0.2g
LogInit:  - supports HTTP deflate (compression) using libz 1.2.8
LogInit:  - other features:
LogInit:      CURL_VERSION_SSL
LogInit:      CURL_VERSION_LIBZ
LogInit:      CURL_VERSION_IPV6
LogInit:      CURL_VERSION_ASYNCHDNS
LogInit:      CURL_VERSION_LARGEFILE
LogInit:      CURL_VERSION_IDN
LogInit:  CurlRequestOptions (configurable via config and command line):
LogInit:  - bVerifyPeer = false  - Libcurl will NOT verify peer certificate
LogInit:  - bUseHttpProxy = false  - Libcurl will NOT use HTTP proxy
LogInit:  - bDontReuseConnections = false  - Libcurl will reuse connections
LogInit:  - CertBundlePath = nullptr  - Libcurl will use whatever was configured at build time.
LogInit: Build: ++UE4+Release-4.15-CL-3450819
LogInit: Engine Version: 4.15.3-3450819+++UE4+Release-4.15
LogInit: Compatible Engine Version: 4.15.0-3299760+++UE4+Release-4.15
LogInit: Net CL: 3299760
LogDevObjectVersion: Number of dev versions registered: 14
LogDevObjectVersion:   Dev-Blueprints (B0D832E4-1F89-4F0D-ACCF-7EB736FD4AA2): 8
LogDevObjectVersion:   Dev-Build (E1C64328-A22C-4D53-A36C-8E866417BD8C): 0
LogDevObjectVersion:   Dev-Core (375EC13C-06E4-48FB-B500-84F0262A717E): 2
LogDevObjectVersion:   Dev-Editor (E4B068ED-F494-42E9-A231-DA0B2E46BB41): 14
LogDevObjectVersion:   Dev-Framework (CFFC743F-43B0-4480-9391-14DF171D2073): 22
LogDevObjectVersion:   Dev-Mobile (B02B49B5-BB20-44E9-A304-32B752E40360): 0
LogDevObjectVersion:   Dev-Networking (A4E4105C-59A1-49B5-A7C5-40C4547EDFEE): 0
LogDevObjectVersion:   Dev-Online (39C831C9-5AE6-47DC-9A44-9C173E1C8E7C): 0
LogDevObjectVersion:   Dev-Physics (78F01B33-EBEA-4F98-B9B4-84EACCB95AA2): 0
LogDevObjectVersion:   Dev-Platform (6631380F-2D4D-43E0-8009-CF276956A95A): 0
LogDevObjectVersion:   Dev-Rendering (12F88B9F-8875-4AFC-A67C-D90C383ABD29): 12
LogDevObjectVersion:   Dev-Sequencer (7B5AE74C-D270-4C10-A958-57980B212A5A): 3
LogDevObjectVersion:   Dev-VR (D7296918-1DD6-4BDD-9DE2-64A83CC13884): 0
LogDevObjectVersion:   Dev-LoadTimes (C2A15278-BFE7-4AFE-6C17-90FF531DF755): 1
LogInit: Compiled (64-bit): May 21 2017 11:02:34
LogInit: Compiled with Visual C++: 19.00.23026.00
LogInit: Build Configuration: Development
LogInit: Branch Name: ++UE4+Release-4.15
LogInit: Command line:  
LogInit: Base directory: C:/Program Files/Epic Games/UE_4.15/Engine/Binaries/Win64/
LogInit: Installed Engine Build: 1
LogInit: Presizing for max 8388607 objects, including 0 objects not considered by GC, pre-allocating 0 bytes for permanent pool.
LogInit: Object subsystem initialized
[2018.02.20-11.13.49:905][  0]LogInit: Selected Device Profile: [Windows]
[2018.02.20-11.13.49:905][  0]LogInit: Applying CVar settings loaded from the selected device profile: [Windows]
[2018.02.20-11.13.49:945][  0]LogInit: Computer: THAIS
[2018.02.20-11.13.49:946][  0]LogInit: User: Kamil
[2018.02.20-11.13.49:946][  0]LogInit: CPU Page size=65536, Cores=4
[2018.02.20-11.13.49:946][  0]LogInit: High frequency timer resolution =2.046143 MHz
[2018.02.20-11.13.49:946][  0]LogMemory: Memory total: Physical=7.9GB (8GB approx)
[2018.02.20-11.13.49:946][  0]LogMemory: Platform Memory Stats for Windows
[2018.02.20-11.13.49:946][  0]LogMemory: Process Physical Memory: 261.79 MB used, 261.79 MB peak
[2018.02.20-11.13.49:946][  0]LogMemory: Process Virtual Memory: 262.57 MB used, 262.57 MB peak
[2018.02.20-11.13.49:946][  0]LogMemory: Physical Memory: 5387.73 MB used,  2673.54 MB free, 8061.27 MB total
[2018.02.20-11.13.49:946][  0]LogMemory: Virtual Memory: 624.62 MB used,  2673.54 MB free, 134217728.00 MB total
[2018.02.20-11.13.50:634][  0]LogTextLocalizationManager: No translations for ('pl-PL') exist, falling back to 'en' for localization and internationalization data.
[2018.02.20-11.13.53:425][  0]LogD3D11RHI: D3D11 adapters:
[2018.02.20-11.13.53:456][  0]LogD3D11RHI:    0. 'Intel(R) HD Graphics 4000' (Feature Level 11_0)
[2018.02.20-11.13.53:456][  0]LogD3D11RHI:       2059/0/4030 MB DedicatedVideo/DedicatedSystem/SharedSystem, Outputs:2, VendorId:0x8086
[2018.02.20-11.13.53:459][  0]LogD3D11RHI:    1. 'Microsoft Basic Render Driver' (Feature Level 11_0)
[2018.02.20-11.13.53:459][  0]LogD3D11RHI:       0/0/256 MB DedicatedVideo/DedicatedSystem/SharedSystem, Outputs:0, VendorId:0x1414
[2018.02.20-11.13.53:459][  0]LogD3D11RHI: Chosen D3D11 Adapter: 0
[2018.02.20-11.13.53:469][  0]LogD3D11RHI: Creating new Direct3DDevice
[2018.02.20-11.13.53:470][  0]LogD3D11RHI:     GPU DeviceId: 0x166 (for the marketing name, search the web for "GPU Device Id")
[2018.02.20-11.13.53:470][  0]LogWindows: EnumDisplayDevices:
[2018.02.20-11.13.53:470][  0]LogWindows:    0. 'Intel(R) HD Graphics 4000' (P:1 D:1)
[2018.02.20-11.13.53:470][  0]LogWindows:    1. 'Intel(R) HD Graphics 4000' (P:0 D:1)
[2018.02.20-11.13.53:471][  0]LogWindows:    2. 'Intel(R) HD Graphics 4000' (P:0 D:0)
[2018.02.20-11.13.53:471][  0]LogWindows:    3. 'Intel(R) HD Graphics 4000' (P:0 D:0)
[2018.02.20-11.13.53:471][  0]LogWindows: DebugString: FoundDriverCount:4 
[2018.02.20-11.13.53:471][  0]LogD3D11RHI:     Adapter Name: Intel(R) HD Graphics 4000
[2018.02.20-11.13.53:471][  0]LogD3D11RHI:   Driver Version: 10.18.10.4653 (internal:10.18.10.4653, unified:10.18.10.4653)
[2018.02.20-11.13.53:471][  0]LogD3D11RHI:      Driver Date: 4-7-2017
[2018.02.20-11.13.53:471][  0]LogRHI: Texture pool is 1361 MB (70% of 1945 MB)
[2018.02.20-11.13.53:489][  0]LogD3D11RHI: Async texture creation enabled
[2018.02.20-11.13.53:513][  0]LogD3D11RHI: GPU Timing Frequency: 27.000000 (Debug: 2 2)
[2018.02.20-11.13.53:514][  0]LogShaderCompilers: Guid format shader working directory is -1 characters bigger than the processId version (../../../../../../Users/Kamil/Desktop/Repo_Mati/Intermediate/Shaders/WorkingDirectory/2152/).
[2018.02.20-11.13.53:514][  0]LogShaderCompilers: Cleaned the shader compiler working directory 'C:/Users/Kamil/AppData/Local/Temp/UnrealShaderWorkingDir/7238E66F47335F645A601685876D01E0/'.
[2018.02.20-11.13.53:514][  0]LogShaderCompilers:Display: Using Local Shader Compiler.
[2018.02.20-11.13.58:082][  0]LogTemp:Display: Loaded TP AllDesktopTargetPlatform
[2018.02.20-11.13.58:243][  0]LogTemp:Display: Loaded TP MacClientTargetPlatform
[2018.02.20-11.13.58:362][  0]LogTemp:Display: Loaded TP MacNoEditorTargetPlatform
[2018.02.20-11.13.58:478][  0]LogTemp:Display: Loaded TP MacServerTargetPlatform
[2018.02.20-11.13.58:634][  0]LogTemp:Display: Loaded TP MacTargetPlatform
[2018.02.20-11.13.58:770][  0]LogTemp:Display: Loaded TP WindowsClientTargetPlatform
[2018.02.20-11.13.58:907][  0]LogTemp:Display: Loaded TP WindowsNoEditorTargetPlatform
[2018.02.20-11.13.59:042][  0]LogTemp:Display: Loaded TP WindowsServerTargetPlatform
[2018.02.20-11.13.59:136][  0]LogTemp:Display: Loaded TP WindowsTargetPlatform
[2018.02.20-11.13.59:257][  0]LogTemp:Display: Loaded TP AndroidTargetPlatform
[2018.02.20-11.13.59:367][  0]LogTemp:Display: Loaded TP Android_ASTCTargetPlatform
[2018.02.20-11.13.59:487][  0]LogTemp:Display: Loaded TP Android_ATCTargetPlatform
[2018.02.20-11.13.59:603][  0]LogTemp:Display: Loaded TP Android_DXTTargetPlatform
[2018.02.20-11.13.59:717][  0]LogTemp:Display: Loaded TP Android_ETC1TargetPlatform
[2018.02.20-11.13.59:832][  0]LogTemp:Display: Loaded TP Android_ETC2TargetPlatform
[2018.02.20-11.14.00:064][  0]LogTemp:Display: Loaded TP Android_MultiTargetPlatform
[2018.02.20-11.14.00:064][  0]LogTemp:Display: Loaded TP Android_PVRTCTargetPlatform
[2018.02.20-11.14.00:144][  0]LogTemp:Display: Loaded TP HTML5TargetPlatform
[2018.02.20-11.14.00:363][  0]LogTemp:Display: Loaded TP IOSTargetPlatform
[2018.02.20-11.14.00:450][  0]LogTemp:Display: Loaded TP TVOSTargetPlatform
[2018.02.20-11.14.00:561][  0]LogTemp:Display: Loaded TP LinuxClientTargetPlatform
[2018.02.20-11.14.00:688][  0]LogTemp:Display: Loaded TP LinuxNoEditorTargetPlatform
[2018.02.20-11.14.00:802][  0]LogTemp:Display: Loaded TP LinuxServerTargetPlatform
[2018.02.20-11.14.00:987][  0]LogTemp:Display: Loaded TP LinuxTargetPlatform
[2018.02.20-11.14.00:987][  0]LogTargetPlatformManager:Display: Building Assets For Windows
[2018.02.20-11.14.02:757][  0]LogDerivedDataCache:Display: Max Cache Size: 512 MB
[2018.02.20-11.14.03:449][  0]LogDerivedDataCache: Loaded boot cache 0.68s 50MB C:/Users/Kamil/AppData/Local/UnrealEngine/4.15/DerivedDataCache/Boot.ddc.
[2018.02.20-11.14.03:449][  0]LogDerivedDataCache:Display: Loaded Boot cache: C:/Users/Kamil/AppData/Local/UnrealEngine/4.15/DerivedDataCache/Boot.ddc
[2018.02.20-11.14.03:450][  0]LogDerivedDataCache: FDerivedDataBackendGraph:  Pak pak cache file ../../../../../../Users/Kamil/Desktop/Repo_Mati/DerivedDataCache/DDC.ddp not found, will not use a pak cache.
[2018.02.20-11.14.03:450][  0]LogDerivedDataCache: Unable to find inner node Pak for hierarchical cache Hierarchy.
[2018.02.20-11.14.03:450][  0]LogDerivedDataCache: FDerivedDataBackendGraph:  CompressedPak pak cache file ../../../../../../Users/Kamil/Desktop/Repo_Mati/DerivedDataCache/Compressed.ddp not found, will not use a pak cache.
[2018.02.20-11.14.03:450][  0]LogDerivedDataCache: Unable to find inner node CompressedPak for hierarchical cache Hierarchy.
[2018.02.20-11.14.03:521][  0]LogDerivedDataCache:Display: Pak cache opened for reading ../../../Engine/DerivedDataCache/Compressed.ddp.
[2018.02.20-11.14.03:534][  0]LogDerivedDataCache: Using Local data cache path C:/Users/Kamil/AppData/Local/UnrealEngine/Common/DerivedDataCache: Writable
[2018.02.20-11.14.03:594][  0]LogSlate: Using Freetype 2.6.0
[2018.02.20-11.14.03:711][  0]LogSlate: SlateFontCache - WITH_FREETYPE: 1, WITH_HARFBUZZ: 1
[2018.02.20-11.14.03:711][  0]LogSlate: SlateFontCache - WITH_FREETYPE: 1, WITH_HARFBUZZ: 1
[2018.02.20-11.14.09:387][  0]LogInit: Selected Device Profile: [Windows]
[2018.02.20-11.14.09:417][  0]LogContentStreaming: Texture pool size is 0.00 MB
[2018.02.20-11.14.10:012][  0]LogMeshUtilities: Using QuadricMeshReduction for automatic static mesh reduction
[2018.02.20-11.14.10:188][  0]LogSimplygon: Simplygon DLL not present - disabling.
[2018.02.20-11.14.10:334][  0]LogMeshUtilities: Using SimplygonSwarm for distributed automatic mesh merging
[2018.02.20-11.14.10:334][  0]LogMeshUtilities: No automatic skeletal mesh reduction module available
[2018.02.20-11.14.10:334][  0]LogMeshUtilities: No automatic mesh merging module available
[2018.02.20-11.14.13:508][  0]LogNetVersion: GetLocalNetworkVersion: CL: 3299760, ProjectName: game, ProjectVersion: , EngineNetworkVersion: 2, GameNetworkVersion: 0, NetworkChecksum: 2653008601
[2018.02.20-11.14.13:638][  0]LogAssetRegistry: FAssetRegistry took 0.0228 seconds to start up
[2018.02.20-11.14.13:717][  0]LogPackageLocalizationCache: Processed 3 localized package path(s) for 1 prioritized culture(s) in 0.023490 seconds
[2018.02.20-11.14.13:725][  0]LogUObjectArray: 32493 objects as part of root set at end of initial load.
[2018.02.20-11.14.13:726][  0]LogUObjectAllocator: 7077024 out of 0 bytes used by permanent object pool.
[2018.02.20-11.14.13:726][  0]LogUObjectArray: CloseDisregardForGC: 0/0 objects in disregard for GC pool
[2018.02.20-11.14.13:872][  0]LogInit: WinSock: version 1.1 (2.2), MaxSocks=32767, MaxUdp=65467
[2018.02.20-11.15.32:131][  0]LogTcpMessaging: Initializing TcpMessaging bridge
[2018.02.20-11.15.32:229][  0]LogUdpMessaging: Initializing bridge on interface 0.0.0.0:0 to multicast group 230.0.0.1:6666.
[2018.02.20-11.15.34:113][  0]LogMaterial: Uniform references updated for custom material expression Custom.
[2018.02.20-11.15.35:278][  0]SourceControl: Info Source control is disabled
[2018.02.20-11.15.41:302][  0]LogEngine: Initializing Engine...
[2018.02.20-11.15.41:335][  0]LogHMD: Failed to initialize OpenVR with code 110
[2018.02.20-11.15.41:606][  0]LogStats: UGameplayTagsManager::ConstructGameplayTagTree: Construct from data asset -  0.000 s
[2018.02.20-11.15.41:607][  0]LogStats: UGameplayTagsManager::ConstructGameplayTagTree: GameplayTagTreeChangedEvent.Broadcast -  0.001 s
[2018.02.20-11.15.41:987][  0]LogAIModule: Creating AISystem for world Untitled
[2018.02.20-11.15.42:012][  0]LogInit: XAudio2 using 'Głośniki (Conexant SmartAudio HD)' : 2 channels at 48 kHz using 32 bits per sample (channel mask 0x3)
[2018.02.20-11.15.42:032][  0]LogInit: FAudioDevice initialized.
[2018.02.20-11.15.42:092][  0]LogDerivedDataCache: Saved boot cache 0.04s 50MB C:/Users/Kamil/AppData/Local/UnrealEngine/4.15/DerivedDataCache/Boot.ddc.
[2018.02.20-11.15.42:097][  0]LogInit: Texture streaming: Enabled
[2018.02.20-11.15.42:409][  0]LogEngineSessionManager: EngineSessionManager initialized
[2018.02.20-11.15.42:940][  0]LogInit: Transaction tracking system initialized
[2018.02.20-11.15.44:216][  0]BlueprintLog: New page: Editor Load
[2018.02.20-11.15.47:680][  0]LocalizationService: Info Localization service is disabled
[2018.02.20-11.15.50:393][  0]LogConsoleResponse:Display: 
[2018.02.20-11.15.53:090][  0]LogFileCache: Scanning file cache for directory 'C:/Users/Kamil/Desktop/Repo_Mati/Content/' took 0.04s
[2018.02.20-11.15.53:090][  0]LogCook:Display: Max memory allowance for cook 16384mb min free memory 0mb
[2018.02.20-11.15.53:090][  0]LogCook:Display: Mobile HDR setting 0
[2018.02.20-11.15.58:005][  0]Cmd: MAP LOAD FILE="../../../../../../Users/Kamil/Desktop/Repo_Mati/Content/TopDownBP/Maps/TopDownExampleMap.umap" TEMPLATE=0 SHOWPROGRESS=1 FEATURELEVEL=3
[2018.02.20-11.15.58:013][  0]LightingResults: New page: Lighting Build
[2018.02.20-11.15.58:175][  0]MapCheck: New page: Map Check
[2018.02.20-11.15.58:175][  0]LightingResults: New page: Lighting Build
[2018.02.20-11.16.00:203][  0]LogTexture:Display: Building textures: Paladin_specular (AutoDXT, 2048X2048) - 45 MB total VRAM
[2018.02.20-11.16.02:346][  0]LogTexture:Display: Building textures: Paladin_normal (BC5, 2048X2048) - 45 MB total VRAM
[2018.02.20-11.16.03:535][  0]LogTexture:Display: Building textures: Paladin_diffuse (AutoDXT, 2048X2048) - 45 MB total VRAM
[2018.02.20-11.16.05:342][  0]LogMaterial: Missing cached shader map for material Paladin_MAT, compiling. 
[2018.02.20-11.16.05:491][  0]LogTemp:Display: Added material ShaderMap 0x000000D8E0F8B200 with Material 0x000000D8CB54A500 to ShaderMapsBeingCompiled
[2018.02.20-11.16.05:723][  0]LogTemp:Display: Kicking off shader compilation for Paladin_MAT, GameThreadShaderMap 0x000000D8E0F8B200
[2018.02.20-11.16.05:871][  0]LogTexture:Display: Building textures: clean-rough-black-wall-pattern_1194-7298 (BGRA8, 626X559) - 45 MB total VRAM
[2018.02.20-11.16.06:017][  0]LogMaterial: Missing cached shader map for material Paint_-_Metallic__Black_, compiling. 
[2018.02.20-11.16.06:019][  0]LogTemp:Display: Added material ShaderMap 0x000000D8D7E21D00 with Material 0x000000D8CB586980 to ShaderMapsBeingCompiled
[2018.02.20-11.16.06:103][  0]LogTemp:Display: Kicking off shader compilation for Paint_-_Metallic__Black_, GameThreadShaderMap 0x000000D8D7E21D00
[2018.02.20-11.16.06:272][  0]LogMaterial: Missing cached shader map for material Steel_-_Satin, compiling. 
[2018.02.20-11.16.06:274][  0]LogTemp:Display: Added material ShaderMap 0x000000D8D8490800 with Material 0x000000D8CB5C8880 to ShaderMapsBeingCompiled
[2018.02.20-11.16.06:373][  0]LogTemp:Display: Kicking off shader compilation for Steel_-_Satin, GameThreadShaderMap 0x000000D8D8490800
[2018.02.20-11.16.07:721][  0]LogTexture:Display: Building textures: texture_71___gold_by_wanderingsoul_stox (BGRA8, 1940X2590) - 47 MB total VRAM
[2018.02.20-11.16.09:132][  0]LogMaterial: Missing cached shader map for material Gold_-_Polished, compiling. 
[2018.02.20-11.16.09:134][  0]LogTemp:Display: Added material ShaderMap 0x000000D8C5B7A400 with Material 0x000000D8CB5CA080 to ShaderMapsBeingCompiled
[2018.02.20-11.16.09:254][  0]LogTemp:Display: Kicking off shader compilation for Gold_-_Polished, GameThreadShaderMap 0x000000D8C5B7A400
[2018.02.20-11.16.09:861][  0]LogTexture:Display: Building textures: srebro_irys (BGRA8, 3500X2625) - 66 MB total VRAM
[2018.02.20-11.16.12:575][  0]LogMaterial: Missing cached shader map for material Silver_-_Polished, compiling. 
[2018.02.20-11.16.12:578][  0]LogTemp:Display: Added material ShaderMap 0x000000D8E1FB0480 with Material 0x000000D8CB5C4400 to ShaderMapsBeingCompiled
[2018.02.20-11.16.12:738][  0]LogTemp:Display: Kicking off shader compilation for Silver_-_Polished, GameThreadShaderMap 0x000000D8E1FB0480
[2018.02.20-11.16.12:819][  0]LogTexture:Display: Building textures: irys_drewno (AutoDXT, 1024X1024) - 101 MB total VRAM
[2018.02.20-11.16.14:094][  0]LogMaterial: Missing cached shader map for material Bamboo_Dark_-_Semigloss, compiling. 
[2018.02.20-11.16.14:097][  0]LogTemp:Display: Added material ShaderMap 0x000000D880356E80 with Material 0x000000D8CB5C6800 to ShaderMapsBeingCompiled
[2018.02.20-11.16.14:217][  0]LogTemp:Display: Kicking off shader compilation for Bamboo_Dark_-_Semigloss, GameThreadShaderMap 0x000000D880356E80
[2018.02.20-11.16.14:322][  0]LogAnimationCompression: Building Anim DDC data for AnimSequence /Game/TopDownBP/Character/Animations/Sword_And_Shield_Walk_mixamo_com.Sword_And_Shield_Walk_mixamo_com
[2018.02.20-11.16.14:537][  0]LogAnimationCompression: Building Anim DDC data for AnimSequence /Game/TopDownBP/Character/Animations/Sword_And_Shield_Run_mixamo_com.Sword_And_Shield_Run_mixamo_com
[2018.02.20-11.16.14:558][  0]LogAnimationCompression: Building Anim DDC data for AnimSequence /Game/TopDownBP/Character/Animations/sword_and_shield_idle__4_.sword_and_shield_idle__4_
[2018.02.20-11.16.15:434][  0]LogTexture:Display: Building textures: HQ_Lightmap0_1 (AutoDXT, 1024X1024) - 109 MB total VRAM
[2018.02.20-11.16.15:904][  0]LogTexture:Display: Building textures: HQ_Lightmap0_2 (AutoDXT, 512X512) - 109 MB total VRAM
[2018.02.20-11.16.16:076][  0]LogTexture:Display: Building textures: HQ_Lightmap0_3 (AutoDXT, 64X64) - 109 MB total VRAM
[2018.02.20-11.16.16:106][  0]LogTexture:Display: Building textures: LQ_Lightmap_0_1 (DXT1, 1024X1024) - 109 MB total VRAM
[2018.02.20-11.16.16:321][  0]LogTexture:Display: Building textures: LQ_Lightmap_0_2 (DXT1, 512X512) - 109 MB total VRAM
[2018.02.20-11.16.16:405][  0]LogTexture:Display: Building textures: LQ_Lightmap_0_3 (DXT1, 64X64) - 109 MB total VRAM
[2018.02.20-11.16.16:431][  0]LogTexture:Display: Building textures: SkyOcclusion0_1 (AutoDXT, 1024X512) - 109 MB total VRAM
[2018.02.20-11.16.16:598][  0]LogTexture:Display: Building textures: SkyOcclusion0_2 (AutoDXT, 512X256) - 109 MB total VRAM
[2018.02.20-11.16.16:676][  0]LogTexture:Display: Building textures: SkyOcclusion0_3 (AutoDXT, 64X32) - 109 MB total VRAM
[2018.02.20-11.16.16:688][  0]LogTexture:Display: Building textures: ShadowMapTexture2D_4 (G8, 1024X1024) - 109 MB total VRAM
[2018.02.20-11.16.16:776][  0]LogTexture:Display: Building textures: ShadowMapTexture2D_5 (G8, 32X32) - 109 MB total VRAM
[2018.02.20-11.16.17:370][  0]LogAIModule: Creating AISystem for world TopDownExampleMap
[2018.02.20-11.16.17:791][  0]LogTemp:Display: Finished compile of shader map 0x000000D8E0F8B200
[2018.02.20-11.16.17:791][  0]LogTemp:Display: Shader map Paladin_MAT complete, GameThreadShaderMap 0x000000D8E0F8B200, marking material Paladin_MAT as finished
[2018.02.20-11.16.17:791][  0]LogTemp:Display: Marking material as finished 0x000000D8CB54A500
[2018.02.20-11.16.18:927][  0]LogEditorServer: Finished looking for orphan Actors (0.000 secs)
[2018.02.20-11.16.19:616][  0]Cmd: MAP CHECKDEP NOCLEARLOG
[2018.02.20-11.16.19:904][  0]MapCheck: Info Map check complete: 0 Error(s), 0 Warning(s), took 288.249ms to complete.
[2018.02.20-11.16.19:904][  0]LogFileHelpers: Loading map 'TopDownExampleMap' took 21.900
[2018.02.20-11.16.22:805][  0]LogCollectionManager: Loaded 1 collections in 0.005554 seconds
[2018.02.20-11.16.23:099][  0]LogFileCache: Scanning file cache for directory 'C:/Users/Kamil/Desktop/Repo_Mati/Saved/Collections/' took 0.01s
[2018.02.20-11.16.23:099][  0]LogFileCache: Scanning file cache for directory 'C:/Users/Kamil/Desktop/Repo_Mati/Content/Developers/Kamil/Collections/' took 0.01s
[2018.02.20-11.16.23:099][  0]LogFileCache: Scanning file cache for directory 'C:/Users/Kamil/Desktop/Repo_Mati/Content/Collections/' took 0.01s
[2018.02.20-11.16.23:099][  0]LogCollectionManager: Rebuilt the GUID cache for 1 collections in 0.000012 seconds
[2018.02.20-11.16.23:105][  0]LogCollectionManager: Rebuilt the hierarchy cache for 1 collections in 0.000003 seconds
[2018.02.20-11.16.23:147][  0]LogContentBrowser: Native class hierarchy populated in 0.0377 seconds. Added 2245 classes and 453 folders.
[2018.02.20-11.16.23:457][  0]LogContentBrowser: Native class hierarchy updated for 'WidgetCarousel' in 0.0014 seconds. Added 0 classes and 0 folders.
[2018.02.20-11.16.25:448][  0]LogContentBrowser: Native class hierarchy updated for 'AddContentDialog' in 0.0014 seconds. Added 0 classes and 0 folders.
[2018.02.20-11.16.25:697][  0]LogContentBrowser: Native class hierarchy updated for 'SceneOutliner' in 0.0015 seconds. Added 1 classes and 2 folders.
[2018.02.20-11.16.26:888][  0]LogCrashTracker: Crashtracker disabled due to settings.
[2018.02.20-11.16.26:955][  0]LogUObjectGlobals:Warning: Failed to find object 'Class None.'
[2018.02.20-11.16.27:257][  0]LogContentBrowser: Native class hierarchy updated for 'HierarchicalLODOutliner' in 0.0016 seconds. Added 1 classes and 2 folders.
[2018.02.20-11.16.27:258][  0]LogLoad: (Engine Initialization) Total time: 161.31 seconds
[2018.02.20-11.16.27:258][  0]LogLoad: (Engine Initialization) Total Blueprint compile time: 1.06 seconds
[2018.02.20-11.16.27:258][  0]LogExternalProfiler: Found external profiler: VSPerf
[2018.02.20-11.16.27:258][  0]LogExternalProfiler: Using external profiler: VSPerf
[2018.02.20-11.16.27:652][  0]LogOcInput: OculusInput pre-init called
[2018.02.20-11.16.27:671][  0]LogTemp:Display: Finished compile of shader map 0x000000D8D8490800
[2018.02.20-11.16.27:671][  0]LogTemp:Display: Shader map Steel_-_Satin complete, GameThreadShaderMap 0x000000D8D8490800, marking material Steel_-_Satin as finished
[2018.02.20-11.16.27:671][  0]LogTemp:Display: Marking material as finished 0x000000D8CB5C8880
[2018.02.20-11.16.27:709][  0]LogTemp:Display: Finished compile of shader map 0x000000D8D7E21D00
[2018.02.20-11.16.27:709][  0]LogTemp:Display: Shader map Paint_-_Metallic__Black_ complete, GameThreadShaderMap 0x000000D8D7E21D00, marking material Paint_-_Metallic__Black_ as finished
[2018.02.20-11.16.27:709][  0]LogTemp:Display: Marking material as finished 0x000000D8CB586980
[2018.02.20-11.16.27:904][  0]SourceControl: Info On branch Kamilimak
[2018.02.20-11.16.27:905][  0]SourceControl: Info Your branch is up to date with 'origin/Kamilimak'.
[2018.02.20-11.16.27:905][  0]SourceControl: Info Changes not staged for commit:
[2018.02.20-11.16.27:905][  0]SourceControl: Info   (use "git add <file>..." to update what will be committed)
[2018.02.20-11.16.27:905][  0]SourceControl: Info   (use "git checkout -- <file>..." to discard changes in working directory)
[2018.02.20-11.16.27:905][  0]SourceControl: Info 	modified:   Intermediate/CachedAssetRegistry.bin
[2018.02.20-11.16.27:905][  0]SourceControl: Info 	modified:   Saved/Logs/Game.log
[2018.02.20-11.16.27:905][  0]SourceControl: Info Untracked files:
[2018.02.20-11.16.27:905][  0]SourceControl: Info   (use "git add <file>..." to include in what will be committed)
[2018.02.20-11.16.27:905][  0]SourceControl: Info 	Saved/Logs/Game-backup-2018.02.20-12.13.47.log
[2018.02.20-11.16.27:905][  0]SourceControl: Info 	Saved/Logs/UE4CC-Windows-8287118F4B1C94E4B83248A2EBC63A9C/
[2018.02.20-11.16.27:905][  0]SourceControl: Info no changes added to commit (use "git add" and/or "git commit -a")
[2018.02.20-11.16.27:906][  0]LogContentStreaming: Texture pool size now 400 MB
[2018.02.20-11.16.27:948][  0]LogSlate: Took 0.011899 seconds to synchronously load lazily loaded font '../../../Engine/Content/Slate/Fonts/Roboto-Regular.ttf' (155K)
[2018.02.20-11.16.27:994][  0]LogSlate: Took 0.038695 seconds to synchronously load lazily loaded font '../../../Engine/Content/Slate/Fonts/Roboto-Bold.ttf' (160K)
[2018.02.20-11.16.28:057][  0]LogSlate: Took 0.025298 seconds to synchronously load lazily loaded font '../../../Engine/Content/Editor/Slate/Fonts/FontAwesome.ttf' (139K)
[2018.02.20-11.16.28:829][  0]LogRenderer: Reallocating scene render targets to support 752x144 NumSamples 1 (Frame:2).
[2018.02.20-11.16.29:740][  1]LogSlate: Took 0.025443 seconds to synchronously load lazily loaded font '../../../Engine/Content/Slate/Fonts/Roboto-Light.ttf' (159K)
[2018.02.20-11.16.30:073][  3]LogRenderer: Reallocating scene render targets to support 752x256 NumSamples 1 (Frame:3).
[2018.02.20-11.16.30:990][  5]LogCollectionManager: Rebuilt the object cache for 1 collections in 0.029803 seconds (found 0 objects)
[2018.02.20-11.16.31:601][  7]LogTemp:Display: Finished compile of shader map 0x000000D8C5B7A400
[2018.02.20-11.16.31:601][  7]LogTemp:Display: Shader map Gold_-_Polished complete, GameThreadShaderMap 0x000000D8C5B7A400, marking material Gold_-_Polished as finished
[2018.02.20-11.16.31:602][  7]LogTemp:Display: Marking material as finished 0x000000D8CB5CA080
[2018.02.20-11.16.31:916][  8]LogAssetRegistry: Asset discovery search completed in 138.3018 seconds
[2018.02.20-11.16.31:916][  8]LogCollectionManager: Fixed up redirectors for 1 collections in 0.000001 seconds (updated 0 objects)
[2018.02.20-11.16.35:270][ 27]LogRenderer: Reallocating scene render targets to support 752x320 NumSamples 1 (Frame:32).
[2018.02.20-11.16.35:374][ 28]LogRenderer: Reallocating scene render targets to support 752x340 NumSamples 1 (Frame:34).
[2018.02.20-11.16.35:469][ 29]LogRenderer: Reallocating scene render targets to support 752x368 NumSamples 1 (Frame:36).
[2018.02.20-11.16.35:604][ 30]LogRenderer: Reallocating scene render targets to support 752x384 NumSamples 1 (Frame:38).
[2018.02.20-11.16.35:675][ 31]LogRenderer: Reallocating scene render targets to support 752x416 NumSamples 1 (Frame:40).
[2018.02.20-11.16.35:803][ 32]LogRenderer: Reallocating scene render targets to support 752x420 NumSamples 1 (Frame:42).
[2018.02.20-11.16.35:887][ 33]LogRenderer: Reallocating scene render targets to support 752x432 NumSamples 1 (Frame:44).
[2018.02.20-11.16.35:964][ 34]LogRenderer: Reallocating scene render targets to support 752x436 NumSamples 1 (Frame:46).
[2018.02.20-11.16.36:033][ 35]LogRenderer: Reallocating scene render targets to support 752x440 NumSamples 1 (Frame:48).
[2018.02.20-11.16.36:121][ 36]LogRenderer: Reallocating scene render targets to support 752x448 NumSamples 1 (Frame:50).
[2018.02.20-11.16.36:203][ 37]LogRenderer: Reallocating scene render targets to support 752x460 NumSamples 1 (Frame:52).
[2018.02.20-11.16.38:286][ 96]LogTemp:Display: Finished compile of shader map 0x000000D8E1FB0480
[2018.02.20-11.16.38:286][ 96]LogTemp:Display: Shader map Silver_-_Polished complete, GameThreadShaderMap 0x000000D8E1FB0480, marking material Silver_-_Polished as finished
[2018.02.20-11.16.38:286][ 96]LogTemp:Display: Marking material as finished 0x000000D8CB5C4400
[2018.02.20-11.16.42:710][191]LogTemp:Display: Finished compile of shader map 0x000000D880356E80
[2018.02.20-11.16.42:710][191]LogTemp:Display: Shader map Bamboo_Dark_-_Semigloss complete, GameThreadShaderMap 0x000000D880356E80, marking material Bamboo_Dark_-_Semigloss as finished
[2018.02.20-11.16.42:710][191]LogTemp:Display: Marking material as finished 0x000000D8CB5C6800
[2018.02.20-11.18.48:768][933]LogEditorViewport: Clicking on Actor (LMB): StaticMeshActor (Cube21)
[2018.02.20-11.18.58:865][ 96]LogSlate: Took 0.000235 seconds to synchronously load lazily loaded font '../../../Engine/Content/Slate/Fonts/Roboto-Light.ttf' (159K)
[2018.02.20-11.18.59:265][ 96]LogSavePackage: Save=258.30ms
[2018.02.20-11.18.59:265][ 96]LogSavePackage: Moving '../../../../../../Users/Kamil/Desktop/Repo_Mati/Saved/TopDownExampleMap6777628F4D6AA3CDECC41F974FFBB0DC.tmp' to '../../../../../../Users/Kamil/Desktop/Repo_Mati/Content/TopDownBP/Maps/TopDownExampleMap.umap'
[2018.02.20-11.18.59:272][ 96]LogSavePackage:Display: Finished SavePackage ../../../../../../Users/Kamil/Desktop/Repo_Mati/Content/TopDownBP/Maps/TopDownExampleMap.umap
[2018.02.20-11.18.59:566][ 96]Cmd: OBJ SAVEPACKAGE PACKAGE="/Game/TopDownBP/Maps/TopDownExampleMap_BuiltData" FILE="../../../../../../Users/Kamil/Desktop/Repo_Mati/Content/TopDownBP/Maps/TopDownExampleMap_BuiltData.uasset" SILENT=true
[2018.02.20-11.18.59:816][ 96]LogSavePackage: Save=234.53ms
[2018.02.20-11.18.59:816][ 96]LogSavePackage: Moving '../../../../../../Users/Kamil/Desktop/Repo_Mati/Saved/TopDownExampleMap_BuiltDataC5137CAF4234755AC09E0194E1AC23ED.tmp' to '../../../../../../Users/Kamil/Desktop/Repo_Mati/Content/TopDownBP/Maps/TopDownExampleMap_BuiltData.uasset'
[2018.02.20-11.18.59:819][ 96]LogSavePackage:Display: Finished SavePackage ../../../../../../Users/Kamil/Desktop/Repo_Mati/Content/TopDownBP/Maps/TopDownExampleMap_BuiltData.uasset
[2018.02.20-11.19.17:754][367]SourceControl: Info On branch Kamilimak
[2018.02.20-11.19.17:754][367]SourceControl: Info Your branch is up to date with 'origin/Kamilimak'.
[2018.02.20-11.19.17:754][367]SourceControl: Info Changes not staged for commit:
[2018.02.20-11.19.17:754][367]SourceControl: Info   (use "git add <file>..." to update what will be committed)
[2018.02.20-11.19.17:754][367]SourceControl: Info   (use "git checkout -- <file>..." to discard changes in working directory)
[2018.02.20-11.19.17:754][367]SourceControl: Info 	modified:   Content/TopDownBP/Maps/TopDownExampleMap.umap
[2018.02.20-11.19.17:754][367]SourceControl: Info 	modified:   Content/TopDownBP/Maps/TopDownExampleMap_BuiltData.uasset
[2018.02.20-11.19.17:755][367]SourceControl: Info 	modified:   Intermediate/CachedAssetRegistry.bin
[2018.02.20-11.19.17:755][367]SourceControl: Info 	modified:   Saved/Config/Windows/EditorPerProjectUserSettings.ini
[2018.02.20-11.19.17:755][367]SourceControl: Info 	modified:   Saved/Config/WorldState/1077236724.json
[2018.02.20-11.19.17:755][367]SourceControl: Info 	modified:   Saved/Logs/Game.log
[2018.02.20-11.19.17:755][367]SourceControl: Info Untracked files:
[2018.02.20-11.19.17:755][367]SourceControl: Info   (use "git add <file>..." to include in what will be committed)
[2018.02.20-11.19.17:755][367]SourceControl: Info 	Saved/Backup/TopDownExampleMap_2018-02-20-12-18-58.umap
[2018.02.20-11.19.17:755][367]SourceControl: Info 	Saved/Backup/TopDownExampleMap_BuiltData_2018-02-20-12-18-59.uasset
[2018.02.20-11.19.17:755][367]SourceControl: Info 	Saved/Logs/Game-backup-2018.02.20-12.13.47.log
[2018.02.20-11.19.17:755][367]SourceControl: Info 	Saved/Logs/UE4CC-Windows-8287118F4B1C94E4B83248A2EBC63A9C/
[2018.02.20-11.19.17:755][367]SourceControl: Info no changes added to commit (use "git add" and/or "git commit -a")
[2018.02.20-11.19.23:552][462]SourceControl: Info fatal: C:/Program Files/Epic Games/UE_4.15/Engine/Content/: 'C:/Program Files/Epic Games/UE_4.15/Engine/Content/' is outside repository
[2018.02.20-11.19.23:865][462]LogPackageName:Error: Illegal call to DoesPackageExist: '../../../../../../Users/Kamil/Desktop/Repo_Mati/Game.uproject' is not a standard unreal filename or a long path name. Reason: Path should be no less than 4 characters long.
[2018.02.20-11.19.24:856][462]LogStats: FPlatformStackWalk::StackWalkAndDump -  0.983 s
[2018.02.20-11.19.24:856][462]LogOutputDevice:Error: === Handled ensure: ===
[2018.02.20-11.19.24:856][462]LogOutputDevice:Error: 
[2018.02.20-11.19.24:856][462]LogOutputDevice:Error: Ensure condition failed: false [File:D:\Build\++UE4+Release-4.15+Compile\Sync\Engine\Source\Runtime\CoreUObject\Private\Misc\PackageName.cpp] [Line: 650]
[2018.02.20-11.19.24:856][462]LogOutputDevice:Error: Illegal call to DoesPackageExist: '../../../../../../Users/Kamil/Desktop/Repo_Mati/Game.uproject' is not a standard unreal filename or a long path name. Reason: Path should be no less than 4 characters long.
[2018.02.20-11.19.24:856][462]LogOutputDevice:Error: Stack: 
[2018.02.20-11.19.24:856][462]LogOutputDevice:Error: UE4Editor-Core.dll!0x00000000CA3D95E6
[2018.02.20-11.19.24:856][462]LogOutputDevice:Error: UE4Editor-Core.dll!0x00000000CA189B82
[2018.02.20-11.19.24:856][462]LogOutputDevice:Error: UE4Editor-Core.dll!0x00000000CA19B666
[2018.02.20-11.19.24:856][462]LogOutputDevice:Error: UE4Editor-CoreUObject.dll!0x00000000C242A6E8
[2018.02.20-11.19.24:856][462]LogOutputDevice:Error: UE4Editor-SourceControl.dll!0x00000000D2E03D22
[2018.02.20-11.19.24:856][462]LogOutputDevice:Error: UE4Editor-SourceControl.dll!0x00000000D2E03EB9
[2018.02.20-11.19.24:856][462]LogOutputDevice:Error: UE4Editor-SourceControlWindows.dll!0x00000000ABFC1D2E
[2018.02.20-11.19.24:856][462]LogOutputDevice:Error: UE4Editor-SourceControlWindows.dll!0x00000000ABF7B4B5
[2018.02.20-11.19.24:856][462]LogOutputDevice:Error: UE4Editor-SourceControlWindows.dll!0x00000000ABF7AA8D
[2018.02.20-11.19.24:856][462]LogOutputDevice:Error: UE4Editor-SourceControlWindows.dll!0x00000000ABF8F274
[2018.02.20-11.19.24:856][462]LogOutputDevice:Error: UE4Editor-GitSourceControl.dll!0x00000000A69AB851
[2018.02.20-11.19.24:856][462]LogOutputDevice:Error: UE4Editor-GitSourceControl.dll!0x00000000A69BD1ED
[2018.02.20-11.19.24:856][462]LogOutputDevice:Error: UE4Editor-SourceControl.dll!0x00000000D2E09C5C
[2018.02.20-11.19.24:856][462]LogOutputDevice:Error: UE4Editor-UnrealEd.dll!0x00000000BE647517
[2018.02.20-11.19.24:856][462]LogOutputDevice:Error: UE4Editor-UnrealEd.dll!0x00000000BEE52196
[2018.02.20-11.19.24:856][462]LogOutputDevice:Error: UE4Editor.exe!0x0000000041B4DEE3
[2018.02.20-11.19.24:856][462]LogOutputDevice:Error: UE4Editor.exe!0x0000000041B3EB40
[2018.02.20-11.19.24:856][462]LogOutputDevice:Error: UE4Editor.exe!0x0000000041B3EBBA
[2018.02.20-11.19.24:856][462]LogOutputDevice:Error: UE4Editor.exe!0x0000000041B50A29
[2018.02.20-11.19.24:856][462]LogOutputDevice:Error: UE4Editor.exe!0x0000000041B522B6
[2018.02.20-11.19.24:856][462]LogOutputDevice:Error: KERNEL32.DLL!0x00000000FCC813D2
[2018.02.20-11.19.24:856][462]LogOutputDevice:Error: ntdll.dll!0x00000000FD8654F4
[2018.02.20-11.19.24:856][462]LogOutputDevice:Error: 
[2018.02.20-11.19.24:866][462]LogStats:                SubmitErrorReport -  0.000 s
[2018.02.20-11.19.30:988][462]LogStats:                    SendNewReport -  6.122 s
[2018.02.20-11.19.30:988][462]LogStats:             FDebug::EnsureFailed -  7.122 s
[2018.02.20-11.19.43:271][462]LogSourceControl: FGitCheckInWorker: commit successful
[2018.02.20-11.19.43:364][462]SourceControl: Info [Kamilimak 58c6c3f] jol
[2018.02.20-11.19.43:364][462]SourceControl: Info  2 files changed, 0 insertions(+), 0 deletions(-)
[2018.02.20-11.19.43:381][462]SourceControl: Info Commited [Kamilimak 58c6c3f] jol.
[2018.02.20-11.31.36:606][991]SourceControl: Info On branch master
[2018.02.20-11.31.36:606][991]SourceControl: Info Your branch is up to date with 'origin/master'.
[2018.02.20-11.31.36:606][991]SourceControl: Info Changes not staged for commit:
[2018.02.20-11.31.36:607][991]SourceControl: Info   (use "git add <file>..." to update what will be committed)
[2018.02.20-11.31.36:607][991]SourceControl: Info   (use "git checkout -- <file>..." to discard changes in working directory)
[2018.02.20-11.31.36:607][991]SourceControl: Info 	modified:   Intermediate/CachedAssetRegistry.bin
[2018.02.20-11.31.36:607][991]SourceControl: Info 	modified:   Saved/Config/Windows/EditorPerProjectUserSettings.ini
[2018.02.20-11.31.36:607][991]SourceControl: Info 	modified:   Saved/Config/WorldState/1077236724.json
[2018.02.20-11.31.36:607][991]SourceControl: Info 	modified:   Saved/Logs/Game.log
[2018.02.20-11.31.36:607][991]SourceControl: Info Untracked files:
[2018.02.20-11.31.36:607][991]SourceControl: Info   (use "git add <file>..." to include in what will be committed)
[2018.02.20-11.31.36:607][991]SourceControl: Info 	Saved/Backup/TopDownExampleMap_2018-02-20-12-18-58.umap
[2018.02.20-11.31.36:607][991]SourceControl: Info 	Saved/Backup/TopDownExampleMap_BuiltData_2018-02-20-12-18-59.uasset
[2018.02.20-11.31.36:607][991]SourceControl: Info 	Saved/Logs/Game-backup-2018.02.20-12.13.47.log
[2018.02.20-11.31.36:607][991]SourceControl: Info 	Saved/Logs/UE4CC-Windows-8287118F4B1C94E4B83248A2EBC63A9C/
[2018.02.20-11.31.36:607][991]SourceControl: Info 	Saved/Logs/UE4CC-Windows-8287118F4B1C94E4B83248A2EBC63A9C_0000/
[2018.02.20-11.31.36:607][991]SourceControl: Info no changes added to commit (use "git add" and/or "git commit -a")
[2018.02.20-11.48.32:978][742]LogWindowsTextInputMethodSystem:Display: IME system now deactivated.
[2018.02.20-11.48.33:222][743]Cmd: QUIT_EDITOR
[2018.02.20-11.48.33:336][743]LogExit: Preparing to exit.
[2018.02.20-11.48.34:190][743]LogDirectoryWatcher: A directory notification for 'C:/Users/Kamil/Desktop/Repo_Mati/Content/' was aborted.
[2018.02.20-11.48.34:245][743]LogExit: Editor shut down
[2018.02.20-11.48.34:246][743]LogExit: Transaction tracking system shut down
[2018.02.20-11.48.34:379][743]LogObj: Freed 0b from 0 cluster array pools.
[2018.02.20-11.48.34:379][743]LogExit: Object subsystem successfully closed.
[2018.02.20-11.48.34:403][743]LogD3D11RHI: Shutdown
[2018.02.20-11.48.34:403][743]LogD3D11RHI: CleanupD3DDevice
[2018.02.20-11.48.34:461][743]LogD3D11RHI: ~FD3D11DynamicRHI
[2018.02.20-11.48.34:495][743]LogModuleManager: Shutting down and abandoning module HierarchicalLODOutliner (498)
[2018.02.20-11.48.34:495][743]LogModuleManager: Shutting down and abandoning module CrashTracker (496)
[2018.02.20-11.48.34:495][743]LogModuleManager: Shutting down and abandoning module SceneOutliner (494)
[2018.02.20-11.48.34:495][743]LogModuleManager: Shutting down and abandoning module AddContentDialog (492)
[2018.02.20-11.48.34:495][743]LogDirectoryWatcher: A directory notification for 'C:/Program Files/Epic Games/UE_4.15/FeaturePacks/' was aborted.
[2018.02.20-11.48.34:497][743]LogModuleManager: Shutting down and abandoning module WidgetCarousel (491)
[2018.02.20-11.48.34:497][743]LogModuleManager: Shutting down and abandoning module EditorWidgets (488)
[2018.02.20-11.48.34:497][743]LogModuleManager: Shutting down and abandoning module CollectionManager (486)
[2018.02.20-11.48.34:497][743]LogDirectoryWatcher: A directory notification for 'C:/Users/Kamil/Desktop/Repo_Mati/Content/Collections/' was aborted.
[2018.02.20-11.48.34:497][743]LogDirectoryWatcher: A directory notification for 'C:/Users/Kamil/Desktop/Repo_Mati/Content/Developers/Kamil/Collections/' was aborted.
[2018.02.20-11.48.34:497][743]LogDirectoryWatcher: A directory notification for 'C:/Users/Kamil/Desktop/Repo_Mati/Saved/Collections/' was aborted.
[2018.02.20-11.48.34:498][743]LogModuleManager: Shutting down and abandoning module StatsViewer (484)
[2018.02.20-11.48.34:498][743]LogModuleManager: Shutting down and abandoning module FoliageEdit (482)
[2018.02.20-11.48.34:498][743]LogModuleManager: Shutting down and abandoning module LandscapeEditor (480)
[2018.02.20-11.48.34:498][743]LogModuleManager: Shutting down and abandoning module SceneDepthPickerMode (478)
[2018.02.20-11.48.34:498][743]LogModuleManager: Shutting down and abandoning module ActorPickerMode (476)
[2018.02.20-11.48.34:498][743]LogModuleManager: Shutting down and abandoning module GeometryMode (474)
[2018.02.20-11.48.34:498][743]LogModuleManager: Shutting down and abandoning module TextureAlignMode (472)
[2018.02.20-11.48.34:498][743]LogModuleManager: Shutting down and abandoning module BspMode (470)
[2018.02.20-11.48.34:498][743]LogModuleManager: Shutting down and abandoning module HardwareSurvey (468)
[2018.02.20-11.48.34:498][743]LogModuleManager: Shutting down and abandoning module SequenceRecorderSections (466)
[2018.02.20-11.48.34:498][743]LogModuleManager: Shutting down and abandoning module AutomationWorker (464)
[2018.02.20-11.48.34:498][743]LogModuleManager: Shutting down and abandoning module MatineeToLevelSequence (462)
[2018.02.20-11.48.34:498][743]LogModuleManager: Shutting down and abandoning module LevelSequenceEditor (460)
[2018.02.20-11.48.34:498][743]LogModuleManager: Shutting down and abandoning module PlacementMode (459)
[2018.02.20-11.48.34:498][743]LogModuleManager: Shutting down and abandoning module WmfMediaFactory (456)
[2018.02.20-11.48.34:498][743]LogModuleManager: Shutting down and abandoning module WmfMediaEditor (454)
[2018.02.20-11.48.34:498][743]LogModuleManager: Shutting down and abandoning module MfMediaFactory (452)
[2018.02.20-11.48.34:498][743]LogModuleManager: Shutting down and abandoning module MfMediaEditor (450)
[2018.02.20-11.48.34:499][743]LogModuleManager: Shutting down and abandoning module AvfMediaFactory (448)
[2018.02.20-11.48.34:499][743]LogModuleManager: Shutting down and abandoning module AvfMediaEditor (446)
[2018.02.20-11.48.34:499][743]LogModuleManager: Shutting down and abandoning module AndroidMediaFactory (444)
[2018.02.20-11.48.34:499][743]LogModuleManager: Shutting down and abandoning module Media (443)
[2018.02.20-11.48.34:499][743]LogModuleManager: Shutting down and abandoning module AndroidMediaEditor (440)
[2018.02.20-11.48.34:499][743]LogModuleManager: Shutting down and abandoning module CharacterAI (438)
[2018.02.20-11.48.34:499][743]LogModuleManager: Shutting down and abandoning module AudioCapture (436)
[2018.02.20-11.48.34:499][743]LogModuleManager: Shutting down and abandoning module SequenceRecorder (435)
[2018.02.20-11.48.34:499][743]LogModuleManager: Shutting down and abandoning module SmartSnapping (432)
[2018.02.20-11.48.34:499][743]LogModuleManager: Shutting down and abandoning module SessionServices (430)
[2018.02.20-11.48.34:499][743]LogModuleManager: Shutting down and abandoning module ViewportSnapping (428)
[2018.02.20-11.48.34:499][743]LogModuleManager: Shutting down and abandoning module ViewportInteraction (426)
[2018.02.20-11.48.34:499][743]LogModuleManager: Shutting down and abandoning module LogVisualizer (424)
[2018.02.20-11.48.34:499][743]LogModuleManager: Shutting down and abandoning module IntroTutorials (422)
[2018.02.20-11.48.34:499][743]LogModuleManager: Shutting down and abandoning module GameProjectGeneration (421)
[2018.02.20-11.48.34:499][743]LogModuleManager: Shutting down and abandoning module EditorLiveStreaming (418)
[2018.02.20-11.48.34:499][743]LogModuleManager: Shutting down and abandoning module IOSPlatformEditor (416)
[2018.02.20-11.48.34:499][743]LogModuleManager: Shutting down and abandoning module HTML5PlatformEditor (414)
[2018.02.20-11.48.34:499][743]LogModuleManager: Shutting down and abandoning module AndroidPlatformEditor (412)
[2018.02.20-11.48.34:499][743]LogModuleManager: Shutting down and abandoning module AndroidDeviceDetection (411)
[2018.02.20-11.48.35:109][743]LogModuleManager: Shutting down and abandoning module IOSRuntimeSettings (408)
[2018.02.20-11.48.35:109][743]LogModuleManager: Shutting down and abandoning module AndroidRuntimeSettings (406)
[2018.02.20-11.48.35:109][743]LogModuleManager: Shutting down and abandoning module InputBindingEditor (404)
[2018.02.20-11.48.35:109][743]LogModuleManager: Shutting down and abandoning module NiagaraEditor (402)
[2018.02.20-11.48.35:109][743]LogModuleManager: Shutting down and abandoning module MergeActors (400)
[2018.02.20-11.48.35:109][743]LogModuleManager: Shutting down and abandoning module SizeMap (398)
[2018.02.20-11.48.35:109][743]LogModuleManager: Shutting down and abandoning module TreeMap (396)
[2018.02.20-11.48.35:109][743]LogModuleManager: Shutting down and abandoning module ReferenceViewer (394)
[2018.02.20-11.48.35:109][743]LogModuleManager: Shutting down and abandoning module LocalizationDashboard (392)
[2018.02.20-11.48.35:110][743]LogModuleManager: Shutting down and abandoning module LocalizationService (391)
[2018.02.20-11.48.35:110][743]LogModuleManager: Shutting down and abandoning module HardwareTargeting (388)
[2018.02.20-11.48.35:110][743]LogModuleManager: Shutting down and abandoning module DeviceProfileEditor (386)
[2018.02.20-11.48.35:110][743]LogModuleManager: Shutting down and abandoning module UndoHistory (384)
[2018.02.20-11.48.35:110][743]LogModuleManager: Shutting down and abandoning module UserFeedback (382)
[2018.02.20-11.48.35:110][743]LogModuleManager: Shutting down and abandoning module XmlParser (380)
[2018.02.20-11.48.35:110][743]LogModuleManager: Shutting down and abandoning module Blutility (378)
[2018.02.20-11.48.35:110][743]LogModuleManager: Shutting down and abandoning module ProjectSettingsViewer (376)
[2018.02.20-11.48.35:110][743]LogModuleManager: Shutting down and abandoning module ProjectTargetPlatformEditor (375)
[2018.02.20-11.48.35:110][743]LogModuleManager: Shutting down and abandoning module EditorSettingsViewer (372)
[2018.02.20-11.48.35:110][743]LogModuleManager: Shutting down and abandoning module SettingsEditor (370)
[2018.02.20-11.48.35:110][743]LogModuleManager: Shutting down and abandoning module ProjectLauncher (368)
[2018.02.20-11.48.35:110][743]LogModuleManager: Shutting down and abandoning module SessionFrontend (366)
[2018.02.20-11.48.35:110][743]LogModuleManager: Shutting down and abandoning module ProfilerClient (364)
[2018.02.20-11.48.35:110][743]LogModuleManager: Shutting down and abandoning module DeviceManager (362)
[2018.02.20-11.48.35:110][743]LogModuleManager: Shutting down and abandoning module TargetDeviceServices (361)
[2018.02.20-11.48.35:176][743]LogModuleManager: Shutting down and abandoning module AutomationController (358)
[2018.02.20-11.48.35:176][743]LogModuleManager: Shutting down and abandoning module AutomationWindow (356)
[2018.02.20-11.48.35:176][743]LogModuleManager: Shutting down and abandoning module Layers (354)
[2018.02.20-11.48.35:176][743]LogModuleManager: Shutting down and abandoning module ComponentVisualizers (352)
[2018.02.20-11.48.35:176][743]LogModuleManager: Shutting down and abandoning module DetailCustomizations (350)
[2018.02.20-11.48.35:176][743]LogModuleManager: Shutting down and abandoning module PackagesDialog (348)
[2018.02.20-11.48.35:176][743]LogModuleManager: Shutting down and abandoning module Persona (346)
[2018.02.20-11.48.35:176][743]LogModuleManager: Shutting down and abandoning module AnimGraph (345)
[2018.02.20-11.48.35:176][743]LogModuleManager: Shutting down and abandoning module Kismet (342)
[2018.02.20-11.48.35:177][743]LogModuleManager: Shutting down and abandoning module GraphEditor (340)
[2018.02.20-11.48.35:177][743]LogModuleManager: Shutting down and abandoning module ClassViewer (338)
[2018.02.20-11.48.35:177][743]LogModuleManager: Shutting down and abandoning module Toolbox (336)
[2018.02.20-11.48.35:177][743]LogModuleManager: Shutting down and abandoning module ModuleUI (334)
[2018.02.20-11.48.35:177][743]LogModuleManager: Shutting down and abandoning module MovieSceneTools (332)
[2018.02.20-11.48.35:177][743]LogModuleManager: Shutting down and abandoning module OutputLog (330)
[2018.02.20-11.48.35:177][743]LogModuleManager: Shutting down and abandoning module GammaUI (328)
[2018.02.20-11.48.35:177][743]LogModuleManager: Shutting down and abandoning module Documentation (326)
[2018.02.20-11.48.35:177][743]LogModuleManager: Shutting down and abandoning module Niagara (324)
[2018.02.20-11.48.35:177][743]LogModuleManager: Shutting down and abandoning module StreamingPauseRendering (322)
[2018.02.20-11.48.35:177][743]LogModuleManager: Shutting down and abandoning module AnalyticsET (320)
[2018.02.20-11.48.35:177][743]LogModuleManager: Shutting down and abandoning module PortalServices (318)
[2018.02.20-11.48.35:177][743]LogModuleManager: Shutting down and abandoning module PortalRpc (316)
[2018.02.20-11.48.35:177][743]LogModuleManager: Shutting down and abandoning module MessagingRpc (314)
[2018.02.20-11.48.35:177][743]LogModuleManager: Shutting down and abandoning module AIModule (312)
[2018.02.20-11.48.35:177][743]LogModuleManager: Shutting down and abandoning module GameplayDebugger (311)
[2018.02.20-11.48.35:177][743]LogModuleManager: Shutting down and abandoning module AITestSuite (309)
[2018.02.20-11.48.35:177][743]LogModuleManager: Shutting down and abandoning module ProfilerService (306)
[2018.02.20-11.48.35:300][743]LogModuleManager: Shutting down and abandoning module TaskGraph (304)
[2018.02.20-11.48.35:300][743]LogModuleManager: Shutting down and abandoning module SteamVRController (302)
[2018.02.20-11.48.35:300][743]LogModuleManager: Shutting down and abandoning module SteamVR (300)
[2018.02.20-11.48.35:300][743]LogModuleManager: Shutting down and abandoning module ProceduralMeshComponentEditor (298)
[2018.02.20-11.48.35:300][743]LogModuleManager: Shutting down and abandoning module ProceduralMeshComponent (296)
[2018.02.20-11.48.35:300][743]LogModuleManager: Shutting down and abandoning module OculusLibrary (294)
[2018.02.20-11.48.35:300][743]LogModuleManager: Shutting down and abandoning module OculusInput (292)
[2018.02.20-11.48.35:300][743]LogModuleManager: Shutting down and abandoning module MobilePatchingUtils (290)
[2018.02.20-11.48.35:300][743]LogModuleManager: Shutting down and abandoning module CustomMeshComponent (288)
[2018.02.20-11.48.35:300][743]LogModuleManager: Shutting down and abandoning module CableComponent (286)
[2018.02.20-11.48.35:301][743]LogModuleManager: Shutting down and abandoning module ArchVisCharacter (284)
[2018.02.20-11.48.35:301][743]LogModuleManager: Shutting down and abandoning module MediaPlayerEditor (280)
[2018.02.20-11.48.35:301][743]LogModuleManager: Shutting down and abandoning module HTML5Networking (278)
[2018.02.20-11.48.35:301][743]LogModuleManager: Shutting down and abandoning module AlembicImporter (276)
[2018.02.20-11.48.35:301][743]LogModuleManager: Shutting down and abandoning module AlembicLibrary (275)
[2018.02.20-11.48.35:301][743]LogModuleManager: Shutting down and abandoning module GeometryCache (274)
[2018.02.20-11.48.35:301][743]LogModuleManager: Shutting down and abandoning module GeometryCacheEd (273)
[2018.02.20-11.48.35:301][743]LogModuleManager: Shutting down and abandoning module SuperSearchEditor (268)
[2018.02.20-11.48.35:301][743]LogModuleManager: Shutting down and abandoning module SuperSearch (267)
[2018.02.20-11.48.35:301][743]LogModuleManager: Shutting down and abandoning module SpeedTreeImporter (264)
[2018.02.20-11.48.35:301][743]LogModuleManager: Shutting down and abandoning module PluginBrowser (262)
[2018.02.20-11.48.35:301][743]LogModuleManager: Shutting down and abandoning module MobileLauncherProfileWizard (260)
[2018.02.20-11.48.35:301][743]LogModuleManager: Shutting down and abandoning module EpicSurvey (258)
[2018.02.20-11.48.35:301][743]LogModuleManager: Shutting down and abandoning module VisualStudioSourceCodeAccess (256)
[2018.02.20-11.48.35:301][743]LogModuleManager: Shutting down and abandoning module DesktopPlatform (255)
[2018.02.20-11.48.35:301][743]LogModuleManager: Shutting down and abandoning module UObjectPlugin (252)
[2018.02.20-11.48.35:301][743]LogModuleManager: Shutting down and abandoning module SubversionSourceControl (250)
[2018.02.20-11.48.35:301][743]LogModuleManager: Shutting down and abandoning module PerforceSourceControl (248)
[2018.02.20-11.48.35:301][743]LogModuleManager: Shutting down and abandoning module GitSourceControl (246)
[2018.02.20-11.48.35:301][743]LogModuleManager: Shutting down and abandoning module SourceControl (245)
[2018.02.20-11.48.35:301][743]LogModuleManager: Shutting down and abandoning module LightPropagationVolumeEditor (242)
[2018.02.20-11.48.35:301][743]LogModuleManager: Shutting down and abandoning module PaperTiledImporter (240)
[2018.02.20-11.48.35:301][743]LogModuleManager: Shutting down and abandoning module PaperSpriteSheetImporter (238)
[2018.02.20-11.48.35:301][743]LogModuleManager: Shutting down and abandoning module Paper2DEditor (236)
[2018.02.20-11.48.35:301][743]LogModuleManager: Shutting down and abandoning module MeshPaint (235)
[2018.02.20-11.48.35:301][743]LogModuleManager: Shutting down and abandoning module LevelEditor (233)
[2018.02.20-11.48.35:303][743]LogModuleManager: Shutting down and abandoning module PixelInspectorModule (232)
[2018.02.20-11.48.35:303][743]LogModuleManager: Shutting down and abandoning module MainFrame (230)
[2018.02.20-11.48.35:303][743]LogModuleManager: Shutting down and abandoning module HotReload (229)
[2018.02.20-11.48.35:303][743]LogModuleManager: Shutting down and abandoning module ContentBrowser (225)
[2018.02.20-11.48.35:305][743]LogModuleManager: Shutting down and abandoning module PhysXVehiclesEditor (222)
[2018.02.20-11.48.35:305][743]LogModuleManager: Shutting down and abandoning module PhysXVehicles (220)
[2018.02.20-11.48.35:305][743]LogModuleManager: Shutting down and abandoning module LocationServicesBPLibrary (218)
[2018.02.20-11.48.35:305][743]LogModuleManager: Shutting down and abandoning module UdpMessaging (216)
[2018.02.20-11.48.35:406][743]LogModuleManager: Shutting down and abandoning module TcpMessaging (214)
[2018.02.20-11.48.35:507][743]LogModuleManager: Shutting down and abandoning module GameplayTagsEditor (212)
[2018.02.20-11.48.35:507][743]LogModuleManager: Shutting down and abandoning module FacialAnimationEditor (210)
[2018.02.20-11.48.35:507][743]LogModuleManager: Shutting down and abandoning module FacialAnimation (208)
[2018.02.20-11.48.35:507][743]LogModuleManager: Shutting down and abandoning module LightPropagationVolumeRuntime (206)
[2018.02.20-11.48.35:507][743]LogModuleManager: Shutting down and abandoning module Paper2D (204)
[2018.02.20-11.48.35:507][743]LogModuleManager: Shutting down and abandoning module WindowsMoviePlayer (202)
[2018.02.20-11.48.35:507][743]LogModuleManager: Shutting down and abandoning module WmfMedia (200)
[2018.02.20-11.48.35:507][743]LogModuleManager: Shutting down and abandoning module MfMedia (198)
[2018.02.20-11.48.35:507][743]LogModuleManager: Shutting down and abandoning module MediaAssets (196)
[2018.02.20-11.48.35:507][743]LogModuleManager: Shutting down and abandoning module GameLiveStreaming (194)
[2018.02.20-11.48.35:507][743]LogModuleManager: Shutting down and abandoning module VREditor (192)
[2018.02.20-11.48.35:507][743]LogModuleManager: Shutting down and abandoning module GameplayTasksEditor (190)
[2018.02.20-11.48.35:507][743]LogModuleManager: Shutting down and abandoning module BehaviorTreeEditor (188)
[2018.02.20-11.48.35:507][743]LogModuleManager: Shutting down and abandoning module FunctionalTesting (186)
[2018.02.20-11.48.35:507][743]LogModuleManager: Shutting down and abandoning module CollisionAnalyzer (184)
[2018.02.20-11.48.35:507][743]LogModuleManager: Shutting down and abandoning module UMG (182)
[2018.02.20-11.48.35:507][743]LogModuleManager: Shutting down and abandoning module UMGEditor (181)
[2018.02.20-11.48.35:508][743]LogModuleManager: Shutting down and abandoning module Sequencer (180)
[2018.02.20-11.48.35:508][743]LogModuleManager: Shutting down and abandoning module AssetTools (178)
[2018.02.20-11.48.35:508][743]LogModuleManager: Shutting down and abandoning module MessageLog (177)
[2018.02.20-11.48.35:509][743]LogModuleManager: Shutting down and abandoning module WorkspaceMenuStructure (176)
[2018.02.20-11.48.35:509][743]LogModuleManager: Shutting down and abandoning module SlateReflector (170)
[2018.02.20-11.48.35:509][743]LogModuleManager: Shutting down and abandoning module Slate (168)
[2018.02.20-11.48.35:509][743]LogModuleManager: Shutting down and abandoning module EditorStyle (166)
[2018.02.20-11.48.35:512][743]LogModuleManager: Shutting down and abandoning module SourceCodeAccess (164)
[2018.02.20-11.48.35:513][743]LogModuleManager: Shutting down and abandoning module HeadMountedDisplay (162)
[2018.02.20-11.48.35:513][743]LogModuleManager: Shutting down and abandoning module XAudio2 (160)
[2018.02.20-11.48.35:513][743]LogModuleManager: Shutting down and abandoning module Networking (158)
[2018.02.20-11.48.35:513][743]LogModuleManager: Shutting down and abandoning module Core (154)
[2018.02.20-11.48.35:513][743]LogModuleManager: Shutting down and abandoning module AssetRegistry (152)
[2018.02.20-11.48.35:686][743]LogDirectoryWatcher: A directory notification for '../../../Engine/Content/' was aborted.
[2018.02.20-11.48.35:686][743]LogDirectoryWatcher: A directory notification for '../../../../../../Users/Kamil/Desktop/Repo_Mati/Content/' was aborted.
[2018.02.20-11.48.35:686][743]LogDirectoryWatcher: A directory notification for '../../../Engine/Plugins/2D/Paper2D/Content/' was aborted.
[2018.02.20-11.48.35:686][743]LogModuleManager: Shutting down and abandoning module DirectoryWatcher (151)
[2018.02.20-11.48.35:687][743]LogModuleManager: Shutting down and abandoning module KismetCompiler (148)
[2018.02.20-11.48.35:687][743]LogModuleManager: Shutting down and abandoning module PhysXFormats (146)
[2018.02.20-11.48.35:687][743]LogModuleManager: Shutting down and abandoning module MeshUtilities (144)
[2018.02.20-11.48.35:687][743]LogModuleManager: Shutting down and abandoning module SimplygonSwarm (143)
[2018.02.20-11.48.35:687][743]LogModuleManager: Shutting down and abandoning module SimplygonMeshReduction (141)
[2018.02.20-11.48.35:687][743]LogModuleManager: Shutting down and abandoning module QuadricMeshReduction (139)
[2018.02.20-11.48.35:687][743]LogModuleManager: Shutting down and abandoning module PropertyEditor (137)
[2018.02.20-11.48.35:687][743]LogModuleManager: Shutting down and abandoning module DerivedDataCache (134)
[2018.02.20-11.48.35:730][743]LogDerivedDataCache: Shutdown
[2018.02.20-11.48.35:730][743]LogModuleManager: Shutting down and abandoning module TargetPlatform (132)
[2018.02.20-11.48.35:730][743]LogModuleManager: Shutting down and abandoning module VulkanShaderFormat (131)
[2018.02.20-11.48.35:730][743]LogModuleManager: Shutting down and abandoning module ShaderFormatOpenGL (129)
[2018.02.20-11.48.35:730][743]LogModuleManager: Shutting down and abandoning module ShaderFormatD3D (127)
[2018.02.20-11.48.35:730][743]LogModuleManager: Shutting down and abandoning module MetalShaderFormat (125)
[2018.02.20-11.48.35:730][743]LogModuleManager: Shutting down and abandoning module TextureFormatUncompressed (123)
[2018.02.20-11.48.35:730][743]LogModuleManager: Shutting down and abandoning module TextureFormatPVR (121)
[2018.02.20-11.48.35:730][743]LogModuleManager: Shutting down and abandoning module TextureFormatDXT (119)
[2018.02.20-11.48.35:730][743]LogModuleManager: Shutting down and abandoning module TextureFormatIntelISPCTexComp (117)
[2018.02.20-11.48.35:731][743]LogModuleManager: Shutting down and abandoning module TextureFormatASTC (115)
[2018.02.20-11.48.35:731][743]LogModuleManager: Shutting down and abandoning module ImageWrapper (114)
[2018.02.20-11.48.35:731][743]LogModuleManager: Shutting down and abandoning module TextureFormatAndroid (111)
[2018.02.20-11.48.35:731][743]LogModuleManager: Shutting down and abandoning module AudioFormatOpus (109)
[2018.02.20-11.48.35:731][743]LogModuleManager: Shutting down and abandoning module AudioFormatOgg (107)
[2018.02.20-11.48.35:731][743]LogModuleManager: Shutting down and abandoning module AudioFormatADPCM (105)
[2018.02.20-11.48.35:731][743]LogModuleManager: Shutting down and abandoning module LinuxTargetPlatform (103)
[2018.02.20-11.48.35:731][743]LogModuleManager: Shutting down and abandoning module LinuxServerTargetPlatform (101)
[2018.02.20-11.48.35:731][743]LogModuleManager: Shutting down and abandoning module LinuxNoEditorTargetPlatform (99)
[2018.02.20-11.48.35:731][743]LogModuleManager: Shutting down and abandoning module LinuxClientTargetPlatform (97)
[2018.02.20-11.48.35:731][743]LogModuleManager: Shutting down and abandoning module TVOSTargetPlatform (95)
[2018.02.20-11.48.35:731][743]LogModuleManager: Shutting down and abandoning module Messaging (93)
[2018.02.20-11.48.35:731][743]LogModuleManager: Shutting down and abandoning module IOSTargetPlatform (91)
[2018.02.20-11.48.35:731][743]LogModuleManager: Shutting down and abandoning module HTML5TargetPlatform (89)
[2018.02.20-11.48.35:731][743]LogModuleManager: Shutting down and abandoning module Android_PVRTCTargetPlatform (87)
[2018.02.20-11.48.35:731][743]LogModuleManager: Shutting down and abandoning module Android_MultiTargetPlatform (85)
[2018.02.20-11.48.35:731][743]LogModuleManager: Shutting down and abandoning module Android_ETC2TargetPlatform (83)
[2018.02.20-11.48.35:731][743]LogModuleManager: Shutting down and abandoning module Android_ETC1TargetPlatform (81)
[2018.02.20-11.48.35:731][743]LogModuleManager: Shutting down and abandoning module Android_DXTTargetPlatform (79)
[2018.02.20-11.48.35:731][743]LogModuleManager: Shutting down and abandoning module Android_ATCTargetPlatform (77)
[2018.02.20-11.48.35:731][743]LogModuleManager: Shutting down and abandoning module Android_ASTCTargetPlatform (75)
[2018.02.20-11.48.35:731][743]LogModuleManager: Shutting down and abandoning module AndroidTargetPlatform (73)
[2018.02.20-11.48.35:731][743]LogModuleManager: Shutting down and abandoning module WindowsTargetPlatform (71)
[2018.02.20-11.48.35:731][743]LogModuleManager: Shutting down and abandoning module WindowsServerTargetPlatform (69)
[2018.02.20-11.48.35:731][743]LogModuleManager: Shutting down and abandoning module WindowsNoEditorTargetPlatform (67)
[2018.02.20-11.48.35:731][743]LogModuleManager: Shutting down and abandoning module WindowsClientTargetPlatform (65)
[2018.02.20-11.48.35:731][743]LogModuleManager: Shutting down and abandoning module MacTargetPlatform (63)
[2018.02.20-11.48.35:731][743]LogModuleManager: Shutting down and abandoning module MacServerTargetPlatform (61)
[2018.02.20-11.48.35:731][743]LogModuleManager: Shutting down and abandoning module MacNoEditorTargetPlatform (59)
[2018.02.20-11.48.35:731][743]LogModuleManager: Shutting down and abandoning module MacClientTargetPlatform (57)
[2018.02.20-11.48.35:731][743]LogModuleManager: Shutting down and abandoning module AllDesktopTargetPlatform (55)
[2018.02.20-11.48.35:731][743]LogModuleManager: Shutting down and abandoning module InputCore (52)
[2018.02.20-11.48.35:731][743]LogModuleManager: Shutting down and abandoning module Settings (50)
[2018.02.20-11.48.35:731][743]LogModuleManager: Shutting down and abandoning module OculusRift (48)
[2018.02.20-11.48.35:731][743]LogModuleManager: Shutting down and abandoning module GearVR (46)
[2018.02.20-11.48.35:731][743]LogModuleManager: Shutting down and abandoning module ExampleDeviceProfileSelector (44)
[2018.02.20-11.48.35:731][743]LogModuleManager: Shutting down and abandoning module OnlineBlueprintSupport (42)
[2018.02.20-11.48.35:732][743]LogModuleManager: Shutting down and abandoning module OnlineSubsystem (38)
[2018.02.20-11.48.35:732][743]LogOnline:Display: Unloading online subsystem: NULL
[2018.02.20-11.48.35:732][743]LogModuleManager: Shutting down and abandoning module XMPP (37)
[2018.02.20-11.48.35:732][743]LogModuleManager: Shutting down and abandoning module HTTP (35)
[2018.02.20-11.48.35:732][743]LogHttp:Display: Http module shutting down, but needs to wait on 1 outstanding Http requests:
[2018.02.20-11.48.35:732][743]LogHttp:Display: 	verb=[POST] url=[https://datarouter.ol.epicgames.com/datarouter/api/v1/public/data?SessionID=%7B6390120B-47B3-0C33-6680-DD9B960E8DC1%7D&AppID=UEEditor.Rocket.Release&AppVersion=4.15.3-3450819%2B%2B%2BUE4%2BRelease-4.15&UserID=0452566f404a96ca03ce7fac209949c5%7Cce2cffd2e5434ee79ff8d35c95984f95%7C5f340f8a-f1ef-4b72-af83-3116683e5caf&AppEnvironment=datacollector-binary&UploadType=eteventstream] status=Processing
[2018.02.20-11.48.35:752][743]LogModuleManager: Shutting down and abandoning module SSL (34)
[2018.02.20-11.48.35:754][743]LogModuleManager: Shutting down and abandoning module AudioEditor (30)
[2018.02.20-11.48.35:754][743]LogModuleManager: Shutting down and abandoning module TextureCompressor (28)
[2018.02.20-11.48.35:754][743]LogModuleManager: Shutting down and abandoning module ShaderCore (26)
[2018.02.20-11.48.35:754][743]LogModuleManager: Shutting down and abandoning module Landscape (24)
[2018.02.20-11.48.35:754][743]LogModuleManager: Shutting down and abandoning module SlateRHIRenderer (22)
[2018.02.20-11.48.35:756][743]LogModuleManager: Shutting down and abandoning module OpenGLDrv (20)
[2018.02.20-11.48.35:756][743]LogModuleManager: Shutting down and abandoning module D3D11RHI (18)
[2018.02.20-11.48.35:756][743]LogModuleManager: Shutting down and abandoning module AnimGraphRuntime (16)
[2018.02.20-11.48.35:756][743]LogModuleManager: Shutting down and abandoning module Renderer (14)
[2018.02.20-11.48.35:756][743]LogModuleManager: Shutting down and abandoning module Engine (12)
[2018.02.20-11.48.35:756][743]LogModuleManager: Shutting down and abandoning module CoreUObject (10)
[2018.02.20-11.48.35:756][743]LogModuleManager: Shutting down and abandoning module NetworkFile (8)
[2018.02.20-11.48.35:756][743]LogModuleManager: Shutting down and abandoning module StreamingFile (6)
[2018.02.20-11.48.35:756][743]LogModuleManager: Shutting down and abandoning module SandboxFile (4)
[2018.02.20-11.48.35:756][743]LogModuleManager: Shutting down and abandoning module PakFile (2)
[2018.02.20-11.48.35:759][743]LogExit: Exiting.
[2018.02.20-11.48.35:774][743]Log file closed, 02/20/18 12:48:35
