Log file open, 02/24/18 16:45:36
LogInit:Display: Running engine for game: Game
LogPlatformFile: Not using cached read wrapper
LogInit:Display: RandInit(-1441597696) SRandInit(-1441597695).
LogTaskGraph: Started task graph with 5 named threads and 8 total threads with 1 sets of task threads.
LogStats: Stats thread started at 0.114384
LogInit: Using libcurl 7.47.1
LogInit:  - built for x86_64-pc-win32
LogInit:  - supports SSL with OpenSSL/1.0.2g
LogInit:  - supports HTTP deflate (compression) using libz 1.2.8
LogInit:  - other features:
LogInit:      CURL_VERSION_SSL
LogInit:      CURL_VERSION_LIBZ
LogInit:      CURL_VERSION_IPV6
LogInit:      CURL_VERSION_ASYNCHDNS
LogInit:      CURL_VERSION_LARGEFILE
LogInit:      CURL_VERSION_IDN
LogInit:  CurlRequestOptions (configurable via config and command line):
LogInit:  - bVerifyPeer = false  - Libcurl will NOT verify peer certificate
LogInit:  - bUseHttpProxy = false  - Libcurl will NOT use HTTP proxy
LogInit:  - bDontReuseConnections = false  - Libcurl will reuse connections
LogInit:  - CertBundlePath = nullptr  - Libcurl will use whatever was configured at build time.
LogInit: Build: ++UE4+Release-4.15-CL-3450819
LogInit: Engine Version: 4.15.3-3450819+++UE4+Release-4.15
LogInit: Compatible Engine Version: 4.15.0-3299760+++UE4+Release-4.15
LogInit: Net CL: 3299760
LogDevObjectVersion: Number of dev versions registered: 14
LogDevObjectVersion:   Dev-Blueprints (B0D832E4-1F89-4F0D-ACCF-7EB736FD4AA2): 8
LogDevObjectVersion:   Dev-Build (E1C64328-A22C-4D53-A36C-8E866417BD8C): 0
LogDevObjectVersion:   Dev-Core (375EC13C-06E4-48FB-B500-84F0262A717E): 2
LogDevObjectVersion:   Dev-Editor (E4B068ED-F494-42E9-A231-DA0B2E46BB41): 14
LogDevObjectVersion:   Dev-Framework (CFFC743F-43B0-4480-9391-14DF171D2073): 22
LogDevObjectVersion:   Dev-Mobile (B02B49B5-BB20-44E9-A304-32B752E40360): 0
LogDevObjectVersion:   Dev-Networking (A4E4105C-59A1-49B5-A7C5-40C4547EDFEE): 0
LogDevObjectVersion:   Dev-Online (39C831C9-5AE6-47DC-9A44-9C173E1C8E7C): 0
LogDevObjectVersion:   Dev-Physics (78F01B33-EBEA-4F98-B9B4-84EACCB95AA2): 0
LogDevObjectVersion:   Dev-Platform (6631380F-2D4D-43E0-8009-CF276956A95A): 0
LogDevObjectVersion:   Dev-Rendering (12F88B9F-8875-4AFC-A67C-D90C383ABD29): 12
LogDevObjectVersion:   Dev-Sequencer (7B5AE74C-D270-4C10-A958-57980B212A5A): 3
LogDevObjectVersion:   Dev-VR (D7296918-1DD6-4BDD-9DE2-64A83CC13884): 0
LogDevObjectVersion:   Dev-LoadTimes (C2A15278-BFE7-4AFE-6C17-90FF531DF755): 1
LogInit: Compiled (64-bit): May 21 2017 11:02:34
LogInit: Compiled with Visual C++: 19.00.23026.00
LogInit: Build Configuration: Development
LogInit: Branch Name: ++UE4+Release-4.15
LogInit: Command line:  
LogInit: Base directory: C:/Program Files/Epic Games/UE_4.15/Engine/Binaries/Win64/
LogInit: Installed Engine Build: 1
LogInit: Presizing for max 8388607 objects, including 0 objects not considered by GC, pre-allocating 0 bytes for permanent pool.
LogInit: Object subsystem initialized
[2018.02.24-15.45.38:396][  0]LogInit: Selected Device Profile: [Windows]
[2018.02.24-15.45.38:396][  0]LogInit: Applying CVar settings loaded from the selected device profile: [Windows]
[2018.02.24-15.45.38:417][  0]LogInit: Computer: THAIS
[2018.02.24-15.45.38:417][  0]LogInit: User: Kamil
[2018.02.24-15.45.38:417][  0]LogInit: CPU Page size=65536, Cores=4
[2018.02.24-15.45.38:417][  0]LogInit: High frequency timer resolution =2.046135 MHz
[2018.02.24-15.45.38:417][  0]LogMemory: Memory total: Physical=7.9GB (8GB approx)
[2018.02.24-15.45.38:417][  0]LogMemory: Platform Memory Stats for Windows
[2018.02.24-15.45.38:417][  0]LogMemory: Process Physical Memory: 262.25 MB used, 262.25 MB peak
[2018.02.24-15.45.38:417][  0]LogMemory: Process Virtual Memory: 262.55 MB used, 262.55 MB peak
[2018.02.24-15.45.38:417][  0]LogMemory: Physical Memory: 5574.82 MB used,  2486.45 MB free, 8061.27 MB total
[2018.02.24-15.45.38:417][  0]LogMemory: Virtual Memory: 624.62 MB used,  2486.45 MB free, 134217728.00 MB total
[2018.02.24-15.45.38:601][  0]LogTextLocalizationManager: No translations for ('pl-PL') exist, falling back to 'en' for localization and internationalization data.
[2018.02.24-15.45.39:967][  0]LogD3D11RHI: D3D11 adapters:
[2018.02.24-15.45.39:995][  0]LogD3D11RHI:    0. 'Intel(R) HD Graphics 4000' (Feature Level 11_0)
[2018.02.24-15.45.39:995][  0]LogD3D11RHI:       2059/0/4030 MB DedicatedVideo/DedicatedSystem/SharedSystem, Outputs:2, VendorId:0x8086
[2018.02.24-15.45.39:997][  0]LogD3D11RHI:    1. 'Microsoft Basic Render Driver' (Feature Level 11_0)
[2018.02.24-15.45.39:997][  0]LogD3D11RHI:       0/0/256 MB DedicatedVideo/DedicatedSystem/SharedSystem, Outputs:0, VendorId:0x1414
[2018.02.24-15.45.39:997][  0]LogD3D11RHI: Chosen D3D11 Adapter: 0
[2018.02.24-15.45.40:011][  0]LogD3D11RHI: Creating new Direct3DDevice
[2018.02.24-15.45.40:011][  0]LogD3D11RHI:     GPU DeviceId: 0x166 (for the marketing name, search the web for "GPU Device Id")
[2018.02.24-15.45.40:011][  0]LogWindows: EnumDisplayDevices:
[2018.02.24-15.45.40:011][  0]LogWindows:    0. 'Intel(R) HD Graphics 4000' (P:1 D:1)
[2018.02.24-15.45.40:012][  0]LogWindows:    1. 'Intel(R) HD Graphics 4000' (P:0 D:1)
[2018.02.24-15.45.40:012][  0]LogWindows:    2. 'Intel(R) HD Graphics 4000' (P:0 D:0)
[2018.02.24-15.45.40:012][  0]LogWindows:    3. 'Intel(R) HD Graphics 4000' (P:0 D:0)
[2018.02.24-15.45.40:012][  0]LogWindows: DebugString: FoundDriverCount:4 
[2018.02.24-15.45.40:012][  0]LogD3D11RHI:     Adapter Name: Intel(R) HD Graphics 4000
[2018.02.24-15.45.40:012][  0]LogD3D11RHI:   Driver Version: 10.18.10.4653 (internal:10.18.10.4653, unified:10.18.10.4653)
[2018.02.24-15.45.40:012][  0]LogD3D11RHI:      Driver Date: 4-7-2017
[2018.02.24-15.45.40:012][  0]LogRHI: Texture pool is 1361 MB (70% of 1945 MB)
[2018.02.24-15.45.40:031][  0]LogD3D11RHI: Async texture creation enabled
[2018.02.24-15.45.40:054][  0]LogD3D11RHI: GPU Timing Frequency: 27.000000 (Debug: 2 2)
[2018.02.24-15.45.40:055][  0]LogShaderCompilers: Guid format shader working directory is -2 characters bigger than the processId version (../../../../../../Users/Kamil/Desktop/Repo_Mati/Intermediate/Shaders/WorkingDirectory/22992/).
[2018.02.24-15.45.40:055][  0]LogShaderCompilers: Cleaned the shader compiler working directory 'C:/Users/Kamil/AppData/Local/Temp/UnrealShaderWorkingDir/0A400B63441F738692E6D0B02CC79166/'.
[2018.02.24-15.45.40:055][  0]LogShaderCompilers:Display: Using Local Shader Compiler.
[2018.02.24-15.45.42:643][  0]LogTemp:Display: Loaded TP AllDesktopTargetPlatform
[2018.02.24-15.45.42:790][  0]LogTemp:Display: Loaded TP MacClientTargetPlatform
[2018.02.24-15.45.42:936][  0]LogTemp:Display: Loaded TP MacNoEditorTargetPlatform
[2018.02.24-15.45.43:068][  0]LogTemp:Display: Loaded TP MacServerTargetPlatform
[2018.02.24-15.45.43:225][  0]LogTemp:Display: Loaded TP MacTargetPlatform
[2018.02.24-15.45.43:383][  0]LogTemp:Display: Loaded TP WindowsClientTargetPlatform
[2018.02.24-15.45.43:509][  0]LogTemp:Display: Loaded TP WindowsNoEditorTargetPlatform
[2018.02.24-15.45.43:641][  0]LogTemp:Display: Loaded TP WindowsServerTargetPlatform
[2018.02.24-15.45.43:743][  0]LogTemp:Display: Loaded TP WindowsTargetPlatform
[2018.02.24-15.45.43:871][  0]LogTemp:Display: Loaded TP AndroidTargetPlatform
[2018.02.24-15.45.44:002][  0]LogTemp:Display: Loaded TP Android_ASTCTargetPlatform
[2018.02.24-15.45.44:138][  0]LogTemp:Display: Loaded TP Android_ATCTargetPlatform
[2018.02.24-15.45.44:263][  0]LogTemp:Display: Loaded TP Android_DXTTargetPlatform
[2018.02.24-15.45.44:400][  0]LogTemp:Display: Loaded TP Android_ETC1TargetPlatform
[2018.02.24-15.45.44:539][  0]LogTemp:Display: Loaded TP Android_ETC2TargetPlatform
[2018.02.24-15.45.44:808][  0]LogTemp:Display: Loaded TP Android_MultiTargetPlatform
[2018.02.24-15.45.44:808][  0]LogTemp:Display: Loaded TP Android_PVRTCTargetPlatform
[2018.02.24-15.45.44:895][  0]LogTemp:Display: Loaded TP HTML5TargetPlatform
[2018.02.24-15.45.45:104][  0]LogTemp:Display: Loaded TP IOSTargetPlatform
[2018.02.24-15.45.45:195][  0]LogTemp:Display: Loaded TP TVOSTargetPlatform
[2018.02.24-15.45.45:324][  0]LogTemp:Display: Loaded TP LinuxClientTargetPlatform
[2018.02.24-15.45.45:455][  0]LogTemp:Display: Loaded TP LinuxNoEditorTargetPlatform
[2018.02.24-15.45.45:585][  0]LogTemp:Display: Loaded TP LinuxServerTargetPlatform
[2018.02.24-15.45.45:722][  0]LogTemp:Display: Loaded TP LinuxTargetPlatform
[2018.02.24-15.45.45:722][  0]LogTargetPlatformManager:Display: Building Assets For Windows
[2018.02.24-15.45.46:847][  0]LogDerivedDataCache:Display: Max Cache Size: 512 MB
[2018.02.24-15.45.47:800][  0]LogDerivedDataCache: Loaded boot cache 0.95s 50MB C:/Users/Kamil/AppData/Local/UnrealEngine/4.15/DerivedDataCache/Boot.ddc.
[2018.02.24-15.45.47:800][  0]LogDerivedDataCache:Display: Loaded Boot cache: C:/Users/Kamil/AppData/Local/UnrealEngine/4.15/DerivedDataCache/Boot.ddc
[2018.02.24-15.45.47:800][  0]LogDerivedDataCache: FDerivedDataBackendGraph:  Pak pak cache file ../../../../../../Users/Kamil/Desktop/Repo_Mati/DerivedDataCache/DDC.ddp not found, will not use a pak cache.
[2018.02.24-15.45.47:800][  0]LogDerivedDataCache: Unable to find inner node Pak for hierarchical cache Hierarchy.
[2018.02.24-15.45.47:800][  0]LogDerivedDataCache: FDerivedDataBackendGraph:  CompressedPak pak cache file ../../../../../../Users/Kamil/Desktop/Repo_Mati/DerivedDataCache/Compressed.ddp not found, will not use a pak cache.
[2018.02.24-15.45.47:800][  0]LogDerivedDataCache: Unable to find inner node CompressedPak for hierarchical cache Hierarchy.
[2018.02.24-15.45.47:850][  0]LogDerivedDataCache:Display: Pak cache opened for reading ../../../Engine/DerivedDataCache/Compressed.ddp.
[2018.02.24-15.45.47:864][  0]LogDerivedDataCache: Using Local data cache path C:/Users/Kamil/AppData/Local/UnrealEngine/Common/DerivedDataCache: Writable
[2018.02.24-15.45.47:889][  0]LogSlate: Using Freetype 2.6.0
[2018.02.24-15.45.47:890][  0]LogSlate: SlateFontCache - WITH_FREETYPE: 1, WITH_HARFBUZZ: 1
[2018.02.24-15.45.47:890][  0]LogSlate: SlateFontCache - WITH_FREETYPE: 1, WITH_HARFBUZZ: 1
[2018.02.24-15.45.53:567][  0]LogInit: Selected Device Profile: [Windows]
[2018.02.24-15.45.53:596][  0]LogContentStreaming: Texture pool size is 0.00 MB
[2018.02.24-15.45.54:269][  0]LogMeshUtilities: Using QuadricMeshReduction for automatic static mesh reduction
[2018.02.24-15.45.54:398][  0]LogSimplygon: Simplygon DLL not present - disabling.
[2018.02.24-15.45.54:531][  0]LogMeshUtilities: Using SimplygonSwarm for distributed automatic mesh merging
[2018.02.24-15.45.54:531][  0]LogMeshUtilities: No automatic skeletal mesh reduction module available
[2018.02.24-15.45.54:531][  0]LogMeshUtilities: No automatic mesh merging module available
[2018.02.24-15.45.57:541][  0]LogNetVersion: GetLocalNetworkVersion: CL: 3299760, ProjectName: game, ProjectVersion: , EngineNetworkVersion: 2, GameNetworkVersion: 0, NetworkChecksum: 2653008601
[2018.02.24-15.45.57:679][  0]LogAssetRegistry: FAssetRegistry took 0.0221 seconds to start up
[2018.02.24-15.45.57:848][  0]LogPackageLocalizationCache: Processed 3 localized package path(s) for 1 prioritized culture(s) in 0.083284 seconds
[2018.02.24-15.45.57:879][  0]LogUObjectArray: 32493 objects as part of root set at end of initial load.
[2018.02.24-15.45.57:879][  0]LogUObjectAllocator: 7077032 out of 0 bytes used by permanent object pool.
[2018.02.24-15.45.57:879][  0]LogUObjectArray: CloseDisregardForGC: 0/0 objects in disregard for GC pool
[2018.02.24-15.45.58:071][  0]LogInit: WinSock: version 1.1 (2.2), MaxSocks=32767, MaxUdp=65467
[2018.02.24-15.46.32:724][  0]LogTcpMessaging: Initializing TcpMessaging bridge
[2018.02.24-15.46.32:822][  0]LogUdpMessaging: Initializing bridge on interface 0.0.0.0:0 to multicast group 230.0.0.1:6666.
[2018.02.24-15.46.34:692][  0]LogMaterial: Uniform references updated for custom material expression Custom.
[2018.02.24-15.46.35:766][  0]SourceControl: Info Source control is disabled
[2018.02.24-15.46.40:712][  0]LogEngine: Initializing Engine...
[2018.02.24-15.46.40:737][  0]LogHMD: Failed to initialize OpenVR with code 110
[2018.02.24-15.46.41:050][  0]LogStats: UGameplayTagsManager::ConstructGameplayTagTree: Construct from data asset -  0.000 s
[2018.02.24-15.46.41:051][  0]LogStats: UGameplayTagsManager::ConstructGameplayTagTree: GameplayTagTreeChangedEvent.Broadcast -  0.000 s
[2018.02.24-15.46.41:397][  0]LogAIModule: Creating AISystem for world Untitled
[2018.02.24-15.46.41:424][  0]LogInit: XAudio2 using 'Głośniki (Conexant SmartAudio HD)' : 2 channels at 48 kHz using 32 bits per sample (channel mask 0x3)
[2018.02.24-15.46.41:438][  0]LogInit: FAudioDevice initialized.
[2018.02.24-15.46.41:517][  0]LogDerivedDataCache: Saved boot cache 0.06s 50MB C:/Users/Kamil/AppData/Local/UnrealEngine/4.15/DerivedDataCache/Boot.ddc.
[2018.02.24-15.46.41:523][  0]LogInit: Texture streaming: Enabled
[2018.02.24-15.46.42:157][  0]LogEngineSessionManager: EngineSessionManager initialized
[2018.02.24-15.46.42:420][  0]LogInit: Transaction tracking system initialized
[2018.02.24-15.46.43:297][  0]BlueprintLog: New page: Editor Load
[2018.02.24-15.46.46:251][  0]LocalizationService: Info Localization service is disabled
[2018.02.24-15.46.48:599][  0]LogConsoleResponse:Display: 
[2018.02.24-15.46.51:027][  0]LogCook:Display: Max memory allowance for cook 16384mb min free memory 0mb
[2018.02.24-15.46.51:027][  0]LogCook:Display: Mobile HDR setting 0
[2018.02.24-15.46.51:324][  0]LogFileCache: Scanning file cache for directory 'C:/Users/Kamil/Desktop/Repo_Mati/Content/' took 0.06s
[2018.02.24-15.46.55:671][  0]Cmd: MAP LOAD FILE="../../../../../../Users/Kamil/Desktop/Repo_Mati/Content/TopDownBP/Maps/TopDownExampleMap.umap" TEMPLATE=0 SHOWPROGRESS=1 FEATURELEVEL=3
[2018.02.24-15.46.55:672][  0]LightingResults: New page: Lighting Build
[2018.02.24-15.46.55:803][  0]MapCheck: New page: Map Check
[2018.02.24-15.46.55:803][  0]LightingResults: New page: Lighting Build
[2018.02.24-15.47.05:430][  0]LogAIModule: Creating AISystem for world TopDownExampleMap
[2018.02.24-15.47.05:689][  0]LogEditorServer: Finished looking for orphan Actors (0.000 secs)
[2018.02.24-15.47.05:737][  0]Cmd: MAP CHECKDEP NOCLEARLOG
[2018.02.24-15.47.05:854][  0]MapCheck: Info Map check complete: 0 Error(s), 0 Warning(s), took 116.93ms to complete.
[2018.02.24-15.47.05:854][  0]LogFileHelpers: Loading map 'TopDownExampleMap' took 10.183
[2018.02.24-15.47.06:432][  0]LogCollectionManager: Loaded 1 collections in 0.003441 seconds
[2018.02.24-15.47.06:608][  0]LogFileCache: Scanning file cache for directory 'C:/Users/Kamil/Desktop/Repo_Mati/Saved/Collections/' took 0.01s
[2018.02.24-15.47.06:608][  0]LogFileCache: Scanning file cache for directory 'C:/Users/Kamil/Desktop/Repo_Mati/Content/Developers/Kamil/Collections/' took 0.01s
[2018.02.24-15.47.06:608][  0]LogFileCache: Scanning file cache for directory 'C:/Users/Kamil/Desktop/Repo_Mati/Content/Collections/' took 0.01s
[2018.02.24-15.47.06:608][  0]LogCollectionManager: Rebuilt the GUID cache for 1 collections in 0.000007 seconds
[2018.02.24-15.47.06:616][  0]LogCollectionManager: Rebuilt the hierarchy cache for 1 collections in 0.000002 seconds
[2018.02.24-15.47.06:640][  0]LogContentBrowser: Native class hierarchy populated in 0.0195 seconds. Added 2245 classes and 453 folders.
[2018.02.24-15.47.06:782][  0]LogContentBrowser: Native class hierarchy updated for 'WidgetCarousel' in 0.0008 seconds. Added 0 classes and 0 folders.
[2018.02.24-15.47.08:533][  0]LogContentBrowser: Native class hierarchy updated for 'AddContentDialog' in 0.0009 seconds. Added 0 classes and 0 folders.
[2018.02.24-15.47.08:669][  0]LogContentBrowser: Native class hierarchy updated for 'SceneOutliner' in 0.0009 seconds. Added 1 classes and 2 folders.
[2018.02.24-15.47.09:323][  0]LogCrashTracker: Crashtracker disabled due to settings.
[2018.02.24-15.47.09:351][  0]LogUObjectGlobals:Warning: Failed to find object 'Class None.'
[2018.02.24-15.47.09:542][  0]LogContentBrowser: Native class hierarchy updated for 'HierarchicalLODOutliner' in 0.0012 seconds. Added 1 classes and 2 folders.
[2018.02.24-15.47.09:543][  0]LogLoad: (Engine Initialization) Total time: 94.79 seconds
[2018.02.24-15.47.09:543][  0]LogLoad: (Engine Initialization) Total Blueprint compile time: 1.14 seconds
[2018.02.24-15.47.09:543][  0]LogExternalProfiler: Found external profiler: VSPerf
[2018.02.24-15.47.09:543][  0]LogExternalProfiler: Using external profiler: VSPerf
[2018.02.24-15.47.09:931][  0]LogOcInput: OculusInput pre-init called
[2018.02.24-15.47.10:023][  0]SourceControl: Info On branch Kamilimak
[2018.02.24-15.47.10:023][  0]SourceControl: Info Your branch is up to date with 'origin/Kamilimak'.
[2018.02.24-15.47.10:023][  0]SourceControl: Info Changes to be committed:
[2018.02.24-15.47.10:023][  0]SourceControl: Info   (use "git reset HEAD <file>..." to unstage)
[2018.02.24-15.47.10:023][  0]SourceControl: Info 	new file:   Content/TopDownBP/Blueprints/Quest1.uasset
[2018.02.24-15.47.10:023][  0]SourceControl: Info Changes not staged for commit:
[2018.02.24-15.47.10:023][  0]SourceControl: Info   (use "git add/rm <file>..." to update what will be committed)
[2018.02.24-15.47.10:023][  0]SourceControl: Info   (use "git checkout -- <file>..." to discard changes in working directory)
[2018.02.24-15.47.10:024][  0]SourceControl: Info 	modified:   Config/DefaultEngine.ini
[2018.02.24-15.47.10:024][  0]SourceControl: Info 	modified:   Config/DefaultInput.ini
[2018.02.24-15.47.10:024][  0]SourceControl: Info 	modified:   Content/TopDownBP/Blueprints/Quest1.uasset
[2018.02.24-15.47.10:024][  0]SourceControl: Info 	modified:   Content/TopDownBP/Blueprints/RPG_HUD.uasset
[2018.02.24-15.47.10:024][  0]SourceControl: Info 	modified:   Content/TopDownBP/Blueprints/SimpleAI.uasset
[2018.02.24-15.47.10:024][  0]SourceControl: Info 	modified:   Content/TopDownBP/Blueprints/TopDownGameMode.uasset
[2018.02.24-15.47.10:024][  0]SourceControl: Info 	modified:   Content/TopDownBP/Maps/TopDownExampleMap.umap
[2018.02.24-15.47.10:024][  0]SourceControl: Info 	modified:   Content/TopDownBP/Maps/TopDownExampleMap_BuiltData.uasset
[2018.02.24-15.47.10:024][  0]SourceControl: Info 	modified:   Intermediate/CachedAssetRegistry.bin
[2018.02.24-15.47.10:024][  0]SourceControl: Info 	modified:   Intermediate/Config/CoalescedSourceConfigs/Engine.ini
[2018.02.24-15.47.10:024][  0]SourceControl: Info 	modified:   Intermediate/Config/CoalescedSourceConfigs/Input.ini
[2018.02.24-15.47.10:024][  0]SourceControl: Info 	modified:   Saved/AutoScreenshot.png
[2018.02.24-15.47.10:024][  0]SourceControl: Info 	modified:   Saved/Autosaves/Game/TopDownBP/Blueprints/RPG_HUD_Auto6.uasset
[2018.02.24-15.47.10:024][  0]SourceControl: Info 	modified:   Saved/Autosaves/Game/TopDownBP/Blueprints/RPG_HUD_Auto7.uasset
[2018.02.24-15.47.10:024][  0]SourceControl: Info 	modified:   Saved/Autosaves/Game/TopDownBP/Blueprints/RPG_HUD_Auto8.uasset
[2018.02.24-15.47.10:024][  0]SourceControl: Info 	modified:   Saved/Autosaves/Game/TopDownBP/Character/paladin_j_nordstrom_Skeleton_Auto2.uasset
[2018.02.24-15.47.10:024][  0]SourceControl: Info 	modified:   Saved/Autosaves/Game/TopDownBP/Maps/TopDownExampleMap_Auto1.umap
[2018.02.24-15.47.10:024][  0]SourceControl: Info 	modified:   Saved/Autosaves/Game/TopDownBP/Maps/TopDownExampleMap_Auto2.umap
[2018.02.24-15.47.10:024][  0]SourceControl: Info 	modified:   Saved/Autosaves/Game/TopDownBP/Maps/TopDownExampleMap_Auto4.umap
[2018.02.24-15.47.10:024][  0]SourceControl: Info 	modified:   Saved/Autosaves/Game/TopDownBP/Maps/TopDownExampleMap_Auto5.umap
[2018.02.24-15.47.10:024][  0]SourceControl: Info 	modified:   Saved/Autosaves/Game/TopDownBP/Maps/TopDownExampleMap_Auto6.umap
[2018.02.24-15.47.10:024][  0]SourceControl: Info 	modified:   Saved/Autosaves/Game/TopDownBP/Maps/TopDownExampleMap_Auto7.umap
[2018.02.24-15.47.10:024][  0]SourceControl: Info 	modified:   Saved/Autosaves/Game/TopDownBP/Maps/TopDownExampleMap_Auto8.umap
[2018.02.24-15.47.10:024][  0]SourceControl: Info 	modified:   Saved/Autosaves/PackageRestoreData.json
[2018.02.24-15.47.10:024][  0]SourceControl: Info 	deleted:    Saved/Backup/Healerinio_2018-02-20-19-28-11.uasset
[2018.02.24-15.47.10:024][  0]SourceControl: Info 	deleted:    Saved/Backup/Irys_class_2018-02-20-18-06-20.uasset
[2018.02.24-15.47.10:024][  0]SourceControl: Info 	deleted:    Saved/Backup/PaladinAnimBP_2018-02-16-21-24-59.uasset
[2018.02.24-15.47.10:024][  0]SourceControl: Info 	deleted:    Saved/Backup/PaladinAnimBP_2018-02-20-16-37-17.uasset
[2018.02.24-15.47.10:024][  0]SourceControl: Info 	deleted:    Saved/Backup/PaladinAnimBP_2018-02-20-16-53-46.uasset
[2018.02.24-15.47.10:024][  0]SourceControl: Info 	deleted:    Saved/Backup/PaladinAnimBP_2018-02-20-17-00-15.uasset
[2018.02.24-15.47.10:024][  0]SourceControl: Info 	deleted:    Saved/Backup/PaladinAnimBP_2018-02-20-17-09-56.uasset
[2018.02.24-15.47.10:024][  0]SourceControl: Info 	deleted:    Saved/Backup/PaladinAnimBP_2018-02-20-19-36-49.uasset
[2018.02.24-15.47.10:024][  0]SourceControl: Info 	deleted:    Saved/Backup/PaladinAnimBlueprint_2018-02-16-20-11-15.uasset
[2018.02.24-15.47.10:024][  0]SourceControl: Info 	deleted:    Saved/Backup/PaladinBS_2018-02-16-21-31-18.uasset
[2018.02.24-15.47.10:024][  0]SourceControl: Info 	deleted:    Saved/Backup/PaladinBS_2018-02-16-21-42-15.uasset
[2018.02.24-15.47.10:024][  0]SourceControl: Info 	deleted:    Saved/Backup/PaladinBS_2018-02-16-22-15-03.uasset
[2018.02.24-15.47.10:024][  0]SourceControl: Info 	deleted:    Saved/Backup/PaladinBS_2018-02-17-01-17-40.uasset
[2018.02.24-15.47.10:024][  0]SourceControl: Info 	deleted:    Saved/Backup/Paladin_2d_BS_2018-02-16-19-41-44.uasset
[2018.02.24-15.47.10:024][  0]SourceControl: Info 	deleted:    Saved/Backup/Paladin_2d_BS_2018-02-16-20-11-15.uasset
[2018.02.24-15.47.10:024][  0]SourceControl: Info 	deleted:    Saved/Backup/Paladin_BS_2018-02-16-18-20-05.uasset
[2018.02.24-15.47.10:025][  0]SourceControl: Info 	deleted:    Saved/Backup/Paladin_BS_2018-02-16-18-25-58.uasset
[2018.02.24-15.47.10:025][  0]SourceControl: Info 	deleted:    Saved/Backup/Paladin_BS_2018-02-16-18-46-28.uasset
[2018.02.24-15.47.10:025][  0]SourceControl: Info 	deleted:    Saved/Backup/Paladin_BS_2018-02-16-18-58-15.uasset
[2018.02.24-15.47.10:025][  0]SourceControl: Info 	deleted:    Saved/Backup/Paladin_BS_2018-02-16-19-23-50.uasset
[2018.02.24-15.47.10:025][  0]SourceControl: Info 	deleted:    Saved/Backup/Paladin_BS_2018-02-16-19-36-30.uasset
[2018.02.24-15.47.10:025][  0]SourceControl: Info 	deleted:    Saved/Backup/RPG_HUD_2018-02-20-13-48-01.uasset
[2018.02.24-15.47.10:025][  0]SourceControl: Info 	deleted:    Saved/Backup/RPG_HUD_2018-02-20-13-55-52.uasset
[2018.02.24-15.47.10:025][  0]SourceControl: Info 	deleted:    Saved/Backup/RPG_HUD_2018-02-20-14-18-27.uasset
[2018.02.24-15.47.10:025][  0]SourceControl: Info 	deleted:    Saved/Backup/RPG_HUD_2018-02-20-16-12-18.uasset
[2018.02.24-15.47.10:025][  0]SourceControl: Info 	deleted:    Saved/Backup/RPG_HUD_2018-02-20-16-25-14.uasset
[2018.02.24-15.47.10:025][  0]SourceControl: Info 	deleted:    Saved/Backup/RPG_HUD_2018-02-20-16-42-35.uasset
[2018.02.24-15.47.10:025][  0]SourceControl: Info 	deleted:    Saved/Backup/RPG_HUD_2018-02-20-16-57-15.uasset
[2018.02.24-15.47.10:025][  0]SourceControl: Info 	deleted:    Saved/Backup/RPG_HUD_2018-02-20-17-18-05.uasset
[2018.02.24-15.47.10:025][  0]SourceControl: Info 	deleted:    Saved/Backup/RPG_HUD_2018-02-20-17-52-34.uasset
[2018.02.24-15.47.10:025][  0]SourceControl: Info 	deleted:    Saved/Backup/RPG_HUD_2018-02-20-18-08-01.uasset
[2018.02.24-15.47.10:025][  0]SourceControl: Info 	deleted:    Saved/Backup/RPG_HUD_2018-02-20-19-02-59.uasset
[2018.02.24-15.47.10:025][  0]SourceControl: Info 	deleted:    Saved/Backup/RPG_HUD_2018-02-20-19-30-34.uasset
[2018.02.24-15.47.10:025][  0]SourceControl: Info 	deleted:    Saved/Backup/RPG_HUD_2018-02-20-19-36-52.uasset
[2018.02.24-15.47.10:025][  0]SourceControl: Info 	deleted:    Saved/Backup/RPG_HUD_2018-02-20-19-43-20.uasset
[2018.02.24-15.47.10:025][  0]SourceControl: Info 	deleted:    Saved/Backup/RPG_HUD_2018-02-20-22-42-46.uasset
[2018.02.24-15.47.10:025][  0]SourceControl: Info 	deleted:    Saved/Backup/TopDownCharacter_2018-02-17-00-59-25.uasset
[2018.02.24-15.47.10:025][  0]SourceControl: Info 	deleted:    Saved/Backup/TopDownCharacter_2018-02-18-00-56-07.uasset
[2018.02.24-15.47.10:025][  0]SourceControl: Info 	deleted:    Saved/Backup/TopDownCharacter_2018-02-18-01-38-55.uasset
[2018.02.24-15.47.10:025][  0]SourceControl: Info 	deleted:    Saved/Backup/TopDownCharacter_2018-02-20-13-52-12.uasset
[2018.02.24-15.47.10:025][  0]SourceControl: Info 	deleted:    Saved/Backup/TopDownCharacter_2018-02-20-14-17-54.uasset
[2018.02.24-15.47.10:025][  0]SourceControl: Info 	deleted:    Saved/Backup/TopDownCharacter_2018-02-20-16-10-19.uasset
[2018.02.24-15.47.10:025][  0]SourceControl: Info 	deleted:    Saved/Backup/TopDownCharacter_2018-02-20-16-58-43.uasset
[2018.02.24-15.47.10:025][  0]SourceControl: Info 	deleted:    Saved/Backup/TopDownCharacter_2018-02-20-17-05-35.uasset
[2018.02.24-15.47.10:025][  0]SourceControl: Info 	deleted:    Saved/Backup/TopDownCharacter_2018-02-20-17-12-27.uasset
[2018.02.24-15.47.10:025][  0]SourceControl: Info 	deleted:    Saved/Backup/TopDownCharacter_2018-02-20-17-23-01.uasset
[2018.02.24-15.47.10:025][  0]SourceControl: Info 	deleted:    Saved/Backup/TopDownCharacter_2018-02-20-17-48-03.uasset
[2018.02.24-15.47.10:025][  0]SourceControl: Info 	deleted:    Saved/Backup/TopDownCharacter_2018-02-20-18-04-15.uasset
[2018.02.24-15.47.10:025][  0]SourceControl: Info 	deleted:    Saved/Backup/TopDownCharacter_2018-02-20-19-35-12.uasset
[2018.02.24-15.47.10:025][  0]SourceControl: Info 	deleted:    Saved/Backup/TopDownExampleMap_2018-02-16-21-31-18.umap
[2018.02.24-15.47.10:025][  0]SourceControl: Info 	deleted:    Saved/Backup/TopDownExampleMap_2018-02-16-21-45-42.umap
[2018.02.24-15.47.10:025][  0]SourceControl: Info 	deleted:    Saved/Backup/TopDownExampleMap_2018-02-20-12-18-58.umap
[2018.02.24-15.47.10:025][  0]SourceControl: Info 	deleted:    Saved/Backup/TopDownExampleMap_2018-02-20-13-30-38.umap
[2018.02.24-15.47.10:025][  0]SourceControl: Info 	deleted:    Saved/Backup/TopDownExampleMap_2018-02-20-13-37-10.umap
[2018.02.24-15.47.10:025][  0]SourceControl: Info 	deleted:    Saved/Backup/TopDownExampleMap_2018-02-20-13-56-58.umap
[2018.02.24-15.47.10:026][  0]SourceControl: Info 	deleted:    Saved/Backup/TopDownExampleMap_2018-02-20-14-18-36.umap
[2018.02.24-15.47.10:026][  0]SourceControl: Info 	deleted:    Saved/Backup/TopDownExampleMap_2018-02-20-14-26-38.umap
[2018.02.24-15.47.10:026][  0]SourceControl: Info 	deleted:    Saved/Backup/TopDownExampleMap_2018-02-20-14-43-21.umap
[2018.02.24-15.47.10:026][  0]SourceControl: Info 	deleted:    Saved/Backup/TopDownExampleMap_2018-02-20-16-12-18.umap
[2018.02.24-15.47.10:026][  0]SourceControl: Info 	deleted:    Saved/Backup/TopDownExampleMap_2018-02-20-16-29-14.umap
[2018.02.24-15.47.10:026][  0]SourceControl: Info 	deleted:    Saved/Backup/TopDownExampleMap_2018-02-20-16-53-46.umap
[2018.02.24-15.47.10:026][  0]SourceControl: Info 	deleted:    Saved/Backup/TopDownExampleMap_2018-02-20-17-03-46.umap
[2018.02.24-15.47.10:026][  0]SourceControl: Info 	deleted:    Saved/Backup/TopDownExampleMap_2018-02-20-17-23-04.umap
[2018.02.24-15.47.10:026][  0]SourceControl: Info 	deleted:    Saved/Backup/TopDownExampleMap_2018-02-20-17-52-34.umap
[2018.02.24-15.47.10:026][  0]SourceControl: Info 	deleted:    Saved/Backup/TopDownExampleMap_2018-02-20-18-08-01.umap
[2018.02.24-15.47.10:026][  0]SourceControl: Info 	deleted:    Saved/Backup/TopDownExampleMap_2018-02-20-19-39-02.umap
[2018.02.24-15.47.10:026][  0]SourceControl: Info 	deleted:    Saved/Backup/TopDownExampleMap_2018-02-20-19-48-10.umap
[2018.02.24-15.47.10:026][  0]SourceControl: Info 	deleted:    Saved/Backup/TopDownExampleMap_2018-02-20-22-43-00.umap
[2018.02.24-15.47.10:026][  0]SourceControl: Info 	deleted:    Saved/Backup/TopDownExampleMap_BuiltData_2018-02-20-12-18-59.uasset
[2018.02.24-15.47.10:026][  0]SourceControl: Info 	deleted:    Saved/Backup/TopDownExampleMap_BuiltData_2018-02-20-13-20-47.uasset
[2018.02.24-15.47.10:026][  0]SourceControl: Info 	deleted:    Saved/Backup/TopDownExampleMap_BuiltData_2018-02-20-13-29-19.uasset
[2018.02.24-15.47.10:026][  0]SourceControl: Info 	deleted:    Saved/Backup/TopDownExampleMap_BuiltData_2018-02-20-13-30-38.uasset
[2018.02.24-15.47.10:026][  0]SourceControl: Info 	deleted:    Saved/Backup/TopDownExampleMap_BuiltData_2018-02-20-13-37-10.uasset
[2018.02.24-15.47.10:026][  0]SourceControl: Info 	deleted:    Saved/Backup/TopDownExampleMap_BuiltData_2018-02-20-13-56-58.uasset
[2018.02.24-15.47.10:026][  0]SourceControl: Info 	deleted:    Saved/Backup/TopDownExampleMap_BuiltData_2018-02-20-14-26-38.uasset
[2018.02.24-15.47.10:026][  0]SourceControl: Info 	deleted:    Saved/Backup/TopDownExampleMap_BuiltData_2018-02-20-14-43-22.uasset
[2018.02.24-15.47.10:026][  0]SourceControl: Info 	deleted:    Saved/Backup/TopDownExampleMap_BuiltData_2018-02-20-19-28-25.uasset
[2018.02.24-15.47.10:026][  0]SourceControl: Info 	deleted:    Saved/Backup/TopDownExampleMap_BuiltData_2018-02-20-19-48-11.uasset
[2018.02.24-15.47.10:026][  0]SourceControl: Info 	modified:   Saved/Config/Windows/Editor.ini
[2018.02.24-15.47.10:026][  0]SourceControl: Info 	modified:   Saved/Config/Windows/SourceControlSettings.ini
[2018.02.24-15.47.10:027][  0]SourceControl: Info 	deleted:    Saved/Logs/Game-backup-2018.02.18-00.48.27.log
[2018.02.24-15.47.10:027][  0]SourceControl: Info 	deleted:    Saved/Logs/Game-backup-2018.02.20-12.13.47.log
[2018.02.24-15.47.10:027][  0]SourceControl: Info 	deleted:    Saved/Logs/Game-backup-2018.02.20-12.48.42.log
[2018.02.24-15.47.10:027][  0]SourceControl: Info 	deleted:    Saved/Logs/Game-backup-2018.02.20-14.12.29.log
[2018.02.24-15.47.10:027][  0]SourceControl: Info 	modified:   Saved/Logs/Game.log
[2018.02.24-15.47.10:027][  0]SourceControl: Info Untracked files:
[2018.02.24-15.47.10:027][  0]SourceControl: Info   (use "git add <file>..." to include in what will be committed)
[2018.02.24-15.47.10:027][  0]SourceControl: Info 	Content/InfinityBladeEffects/Effects/FX_Combat_Ice/P_Player_Frozen_Exit_01.uasset
[2018.02.24-15.47.10:027][  0]SourceControl: Info 	Content/InfinityBladeEffects/Effects/FX_Combat_Ice/Trap/
[2018.02.24-15.47.10:027][  0]SourceControl: Info 	Content/InfinityBladeEffects/Effects/FX_Forging/P_HammerFail.uasset
[2018.02.24-15.47.10:027][  0]SourceControl: Info 	Content/InfinityBladeEffects/Effects/FX_Forging/P_HammerSparks.uasset
[2018.02.24-15.47.10:027][  0]SourceControl: Info 	Content/InfinityBladeEffects/Effects/FX_Mobile/Fire/combat/P_AuraCircle_Fire_00.uasset
[2018.02.24-15.47.10:027][  0]SourceControl: Info 	Content/InfinityBladeEffects/Effects/FX_Mobile/Fire/combat/P_AuraCircle_Fire_01.uasset
[2018.02.24-15.47.10:027][  0]SourceControl: Info 	Content/InfinityBladeEffects/Effects/FX_Mobile/Fire/combat/P_AuraCircle_Fire_02.uasset
[2018.02.24-15.47.10:027][  0]SourceControl: Info 	Content/InfinityBladeEffects/Effects/FX_Mobile/Fire/combat/P_HeldCharge_Fire_00.uasset
[2018.02.24-15.47.10:027][  0]SourceControl: Info 	Content/InfinityBladeEffects/Effects/FX_Mobile/ICE/combat/P_AuraCircle_Ice_00.uasset
[2018.02.24-15.47.10:027][  0]SourceControl: Info 	Content/InfinityBladeEffects/Effects/FX_Mobile/ICE/combat/P_AuraCircle_Ice_02.uasset
[2018.02.24-15.47.10:027][  0]SourceControl: Info 	Content/InfinityBladeEffects/Effects/FX_Mobile/combat/P_AuraCircle_LeachBeam.uasset
[2018.02.24-15.47.10:027][  0]SourceControl: Info 	Content/InfinityBladeEffects/Effects/FX_Mobile/combat/P_AuraCircle_LeachTarget.uasset
[2018.02.24-15.47.10:027][  0]SourceControl: Info 	Content/InfinityBladeEffects/Effects/FX_Mobile/combat/P_AuraCircle_Untyped.uasset
[2018.02.24-15.47.10:027][  0]SourceControl: Info 	Content/InfinityBladeEffects/Effects/FX_Monsters/FX_Monster_Ausar/P_AU_Sword_Proj_01.uasset
[2018.02.24-15.47.10:027][  0]SourceControl: Info 	Content/InfinityBladeEffects/Effects/FX_Monsters/FX_Monster_Ausar/P_AU_Sword_Proj_Trail_01.uasset
[2018.02.24-15.47.10:027][  0]SourceControl: Info 	Content/InfinityBladeEffects/Effects/FX_Monsters/FX_Monster_Ausar/P_AU_Taunt_sparks.uasset
[2018.02.24-15.47.10:027][  0]SourceControl: Info 	Content/InfinityBladeEffects/Effects/FX_Monsters/FX_Monster_Ausar/P_AU_Trap_Charge_01.uasset
[2018.02.24-15.47.10:027][  0]SourceControl: Info 	Content/InfinityBladeEffects/Effects/FX_Monsters/FX_Monster_FrostGiant/P_Intro_ChestThump_01.uasset
[2018.02.24-15.47.10:027][  0]SourceControl: Info 	Content/InfinityBladeEffects/Effects/FX_Monsters/FX_Monster_FrostGiant/P_Intro_HandSteps_01.uasset
[2018.02.24-15.47.10:027][  0]SourceControl: Info 	Content/InfinityBladeEffects/Effects/FX_Monsters/FX_Monster_FrostGiant/P_Proj_Blast_Ice_01.uasset
[2018.02.24-15.47.10:027][  0]SourceControl: Info 	Content/InfinityBladeEffects/Effects/FX_Monsters/FX_Monster_FrostGiant/P_RageBreath_01.uasset
[2018.02.24-15.47.10:027][  0]SourceControl: Info 	Content/InfinityBladeEffects/Effects/FX_Monsters/FX_Monster_FrostGiant/P_Trap_Blast_Ice_01.uasset
[2018.02.24-15.47.10:027][  0]SourceControl: Info 	Content/InfinityBladeEffects/Effects/FX_Monsters/FX_Monster_Gruntling/Lightning/P_Gruntling_Lightning_Impact_02.uasset
[2018.02.24-15.47.10:027][  0]SourceControl: Info 	Content/InfinityBladeEffects/Effects/FX_Monsters/FX_Monster_Gruntling/Master/P_GruntMaster_FootStep_01.uasset
[2018.02.24-15.47.10:027][  0]SourceControl: Info 	Content/InfinityBladeEffects/Effects/FX_Monsters/FX_Monster_Gruntling/Master/P_GruntMaster_Sparks_Intro_01.uasset
[2018.02.24-15.47.10:027][  0]SourceControl: Info 	Content/InfinityBladeEffects/Effects/FX_Monsters/FX_Monster_Gruntling/Melee/P_GruntlingSwingImpact.uasset
[2018.02.24-15.47.10:027][  0]SourceControl: Info 	Content/InfinityBladeEffects/Effects/FX_Skill_Aura/
[2018.02.24-15.47.10:027][  0]SourceControl: Info 	Content/InfinityBladeEffects/Effects/FX_Skill_RockBurst/P_Health_Absorb_01.uasset
[2018.02.24-15.47.10:027][  0]SourceControl: Info 	Content/TopDownBP/Character/Weapons/Morgensztern/.gitignore
[2018.02.24-15.47.10:028][  0]SourceControl: Info 	Intermediate/Android/
[2018.02.24-15.47.10:028][  0]SourceControl: Info 	Saved/Autosaves/Game/MoveJoystick_Auto4.uasset
[2018.02.24-15.47.10:028][  0]SourceControl: Info 	Saved/Autosaves/Game/TopDownBP/Blueprints/RPG_HUD_Auto2.uasset
[2018.02.24-15.47.10:028][  0]SourceControl: Info 	Saved/Autosaves/Game/TopDownBP/Blueprints/RPG_HUD_Auto4.uasset
[2018.02.24-15.47.10:028][  0]SourceControl: Info 	Saved/Autosaves/Game/TopDownBP/Blueprints/RPG_HUD_Auto5.uasset
[2018.02.24-15.47.10:028][  0]SourceControl: Info 	Saved/Autosaves/Game/TopDownBP/Blueprints/SimpleAI_Auto1.uasset
[2018.02.24-15.47.10:028][  0]SourceControl: Info 	Saved/Autosaves/Game/TopDownBP/Blueprints/TopDownCharacter_Auto2.uasset
[2018.02.24-15.47.10:028][  0]SourceControl: Info 	Saved/Autosaves/Game/TopDownBP/Blueprints/TopDownCharacter_Auto3.uasset
[2018.02.24-15.47.10:028][  0]SourceControl: Info 	Saved/Autosaves/Game/TopDownBP/Blueprints/TopDownCharacter_Auto4.uasset
[2018.02.24-15.47.10:028][  0]SourceControl: Info 	Saved/Autosaves/Game/TopDownBP/Blueprints/TopDownController_Auto5.uasset
[2018.02.24-15.47.10:028][  0]SourceControl: Info 	Saved/Autosaves/Game/TopDownBP/Character/Animations/Combo_1_Montage_Auto3.uasset
[2018.02.24-15.47.10:028][  0]SourceControl: Info 	Saved/Autosaves/Game/TopDownBP/Character/Animations/Combo_1_Montage_Auto4.uasset
[2018.02.24-15.47.10:028][  0]SourceControl: Info 	Saved/Autosaves/Game/TopDownBP/Character/Animations/Combo_3_Montage_Auto3.uasset
[2018.02.24-15.47.10:028][  0]SourceControl: Info 	Saved/Autosaves/Game/TopDownBP/Character/Animations/Combo_3_Montage_Auto4.uasset
[2018.02.24-15.47.10:028][  0]SourceControl: Info 	Saved/Autosaves/Game/TopDownBP/Character/Weapons/
[2018.02.24-15.47.10:028][  0]SourceControl: Info 	Saved/Autosaves/Game/TopDownBP/Maps/TopDownExampleMap_Auto3.umap
[2018.02.24-15.47.10:028][  0]SourceControl: Info 	Saved/Backup/Combo_1_Montage_2018-02-24-01-59-18.uasset
[2018.02.24-15.47.10:028][  0]SourceControl: Info 	Saved/Backup/Combo_1_Montage_2018-02-24-02-16-28.uasset
[2018.02.24-15.47.10:028][  0]SourceControl: Info 	Saved/Backup/Combo_1_Montage_2018-02-24-02-27-39.uasset
[2018.02.24-15.47.10:028][  0]SourceControl: Info 	Saved/Backup/Combo_1_Montage_2018-02-24-02-37-25.uasset
[2018.02.24-15.47.10:028][  0]SourceControl: Info 	Saved/Backup/Combo_2_Montage_2018-02-24-01-59-28.uasset
[2018.02.24-15.47.10:028][  0]SourceControl: Info 	Saved/Backup/Combo_2_Montage_2018-02-24-02-04-51.uasset
[2018.02.24-15.47.10:028][  0]SourceControl: Info 	Saved/Backup/Combo_3_Montage_2018-02-24-01-59-37.uasset
[2018.02.24-15.47.10:028][  0]SourceControl: Info 	Saved/Backup/Combo_3_Montage_2018-02-24-02-04-39.uasset
[2018.02.24-15.47.10:028][  0]SourceControl: Info 	Saved/Backup/Combo_3_Montage_2018-02-24-02-16-28.uasset
[2018.02.24-15.47.10:028][  0]SourceControl: Info 	Saved/Backup/Combo_3_Montage_2018-02-24-02-27-39.uasset
[2018.02.24-15.47.10:028][  0]SourceControl: Info 	Saved/Backup/Combo_3_Montage_2018-02-24-02-37-25.uasset
[2018.02.24-15.47.10:028][  0]SourceControl: Info 	Saved/Backup/PaladinAnimBP_2018-02-24-01-49-19.uasset
[2018.02.24-15.47.10:028][  0]SourceControl: Info 	Saved/Backup/PaladinAnimBP_2018-02-24-01-58-00.uasset
[2018.02.24-15.47.10:028][  0]SourceControl: Info 	Saved/Backup/PaladinAnimBP_2018-02-24-02-15-07.uasset
[2018.02.24-15.47.10:028][  0]SourceControl: Info 	Saved/Backup/PaladinAnimBP_2018-02-24-02-32-47.uasset
[2018.02.24-15.47.10:028][  0]SourceControl: Info 	Saved/Backup/Quest1_2018-02-24-13-43-45.uasset
[2018.02.24-15.47.10:028][  0]SourceControl: Info 	Saved/Backup/RPG_HUD_2018-02-23-22-00-22.uasset
[2018.02.24-15.47.10:028][  0]SourceControl: Info 	Saved/Backup/RPG_HUD_2018-02-23-23-06-35.uasset
[2018.02.24-15.47.10:028][  0]SourceControl: Info 	Saved/Backup/RPG_HUD_2018-02-23-23-16-39.uasset
[2018.02.24-15.47.10:028][  0]SourceControl: Info 	Saved/Backup/RPG_HUD_2018-02-23-23-38-12.uasset
[2018.02.24-15.47.10:028][  0]SourceControl: Info 	Saved/Backup/RPG_HUD_2018-02-23-23-44-42.uasset
[2018.02.24-15.47.10:028][  0]SourceControl: Info 	Saved/Backup/RPG_HUD_2018-02-24-01-46-19.uasset
[2018.02.24-15.47.10:028][  0]SourceControl: Info 	Saved/Backup/RPG_HUD_2018-02-24-01-53-09.uasset
[2018.02.24-15.47.10:028][  0]SourceControl: Info 	Saved/Backup/RPG_HUD_2018-02-24-02-14-08.uasset
[2018.02.24-15.47.10:028][  0]SourceControl: Info 	Saved/Backup/RPG_HUD_2018-02-24-02-27-12.uasset
[2018.02.24-15.47.10:029][  0]SourceControl: Info 	Saved/Backup/RPG_HUD_2018-02-24-13-21-46.uasset
[2018.02.24-15.47.10:029][  0]SourceControl: Info 	Saved/Backup/RPG_HUD_2018-02-24-13-27-14.uasset
[2018.02.24-15.47.10:029][  0]SourceControl: Info 	Saved/Backup/RPG_HUD_2018-02-24-13-32-26.uasset
[2018.02.24-15.47.10:029][  0]SourceControl: Info 	Saved/Backup/SimpleAI_2018-02-23-21-07-13.uasset
[2018.02.24-15.47.10:029][  0]SourceControl: Info 	Saved/Backup/SimpleAI_2018-02-23-21-14-57.uasset
[2018.02.24-15.47.10:029][  0]SourceControl: Info 	Saved/Backup/SimpleAI_2018-02-24-02-34-37.uasset
[2018.02.24-15.47.10:029][  0]SourceControl: Info 	Saved/Backup/SimpleAI_2018-02-24-13-16-29.uasset
[2018.02.24-15.47.10:029][  0]SourceControl: Info 	Saved/Backup/TopDownCharacter_2018-02-23-22-13-24.uasset
[2018.02.24-15.47.10:029][  0]SourceControl: Info 	Saved/Backup/TopDownCharacter_2018-02-23-22-23-32.uasset
[2018.02.24-15.47.10:029][  0]SourceControl: Info 	Saved/Backup/TopDownCharacter_2018-02-23-22-40-04.uasset
[2018.02.24-15.47.10:029][  0]SourceControl: Info 	Saved/Backup/TopDownCharacter_2018-02-23-23-09-25.uasset
[2018.02.24-15.47.10:029][  0]SourceControl: Info 	Saved/Backup/TopDownCharacter_2018-02-24-01-39-19.uasset
[2018.02.24-15.47.10:029][  0]SourceControl: Info 	Saved/Backup/TopDownCharacter_2018-02-24-02-16-28.uasset
[2018.02.24-15.47.10:029][  0]SourceControl: Info 	Saved/Backup/TopDownCharacter_2018-02-24-02-27-39.uasset
[2018.02.24-15.47.10:029][  0]SourceControl: Info 	Saved/Backup/TopDownCharacter_2018-02-24-02-34-44.uasset
[2018.02.24-15.47.10:029][  0]SourceControl: Info 	Saved/Backup/TopDownCharacter_2018-02-24-02-44-00.uasset
[2018.02.24-15.47.10:029][  0]SourceControl: Info 	Saved/Backup/TopDownController_2018-02-23-22-44-47.uasset
[2018.02.24-15.47.10:029][  0]SourceControl: Info 	Saved/Backup/TopDownExampleMap_2018-02-23-21-03-43.umap
[2018.02.24-15.47.10:029][  0]SourceControl: Info 	Saved/Backup/TopDownExampleMap_2018-02-23-21-17-41.umap
[2018.02.24-15.47.10:029][  0]SourceControl: Info 	Saved/Backup/TopDownExampleMap_2018-02-23-22-23-31.umap
[2018.02.24-15.47.10:029][  0]SourceControl: Info 	Saved/Backup/TopDownExampleMap_2018-02-23-22-44-47.umap
[2018.02.24-15.47.10:029][  0]SourceControl: Info 	Saved/Backup/TopDownExampleMap_2018-02-23-23-06-35.umap
[2018.02.24-15.47.10:029][  0]SourceControl: Info 	Saved/Backup/TopDownExampleMap_2018-02-23-23-16-38.umap
[2018.02.24-15.47.10:029][  0]SourceControl: Info 	Saved/Backup/TopDownExampleMap_2018-02-23-23-38-12.umap
[2018.02.24-15.47.10:029][  0]SourceControl: Info 	Saved/Backup/TopDownExampleMap_2018-02-23-23-45-19.umap
[2018.02.24-15.47.10:029][  0]SourceControl: Info 	Saved/Backup/TopDownExampleMap_2018-02-24-01-46-54.umap
[2018.02.24-15.47.10:029][  0]SourceControl: Info 	Saved/Backup/TopDownExampleMap_2018-02-24-01-52-32.umap
[2018.02.24-15.47.10:029][  0]SourceControl: Info 	Saved/Backup/TopDownExampleMap_2018-02-24-02-02-33.umap
[2018.02.24-15.47.10:029][  0]SourceControl: Info 	Saved/Backup/TopDownExampleMap_2018-02-24-02-16-27.umap
[2018.02.24-15.47.10:029][  0]SourceControl: Info 	Saved/Backup/TopDownExampleMap_2018-02-24-02-27-38.umap
[2018.02.24-15.47.10:029][  0]SourceControl: Info 	Saved/Backup/TopDownExampleMap_2018-02-24-02-37-25.umap
[2018.02.24-15.47.10:029][  0]SourceControl: Info 	Saved/Backup/TopDownExampleMap_2018-02-24-02-47-01.umap
[2018.02.24-15.47.10:029][  0]SourceControl: Info 	Saved/Backup/TopDownExampleMap_2018-02-24-13-17-31.umap
[2018.02.24-15.47.10:029][  0]SourceControl: Info 	Saved/Backup/TopDownExampleMap_2018-02-24-13-29-55.umap
[2018.02.24-15.47.10:029][  0]SourceControl: Info 	Saved/Backup/TopDownExampleMap_2018-02-24-13-44-15.umap
[2018.02.24-15.47.10:029][  0]SourceControl: Info 	Saved/Backup/TopDownExampleMap_2018-02-24-13-54-17.umap
[2018.02.24-15.47.10:029][  0]SourceControl: Info 	Saved/Backup/TopDownExampleMap_2018-02-24-14-27-04.umap
[2018.02.24-15.47.10:029][  0]SourceControl: Info 	Saved/Backup/TopDownExampleMap_BuiltData_2018-02-23-21-03-44.uasset
[2018.02.24-15.47.10:029][  0]SourceControl: Info 	Saved/Backup/TopDownExampleMap_BuiltData_2018-02-24-13-29-55.uasset
[2018.02.24-15.47.10:029][  0]SourceControl: Info 	Saved/Backup/TopDownGameMode_2018-02-24-13-28-07.uasset
[2018.02.24-15.47.10:029][  0]SourceControl: Info 	Saved/Backup/paladin_j_nordstrom_Skeleton_2018-02-24-02-02-33.uasset
[2018.02.24-15.47.10:030][  0]SourceControl: Info 	Saved/Backup/sword_and_shield_slash_2018-02-24-01-49-12.uasset
[2018.02.24-15.47.10:030][  0]SourceControl: Info 	Saved/Backup/sword_and_shield_slash__3__2018-02-24-01-52-32.uasset
[2018.02.24-15.47.10:030][  0]SourceControl: Info 	Saved/Logs/Game-backup-2018.02.23-20.51.37.log
[2018.02.24-15.47.10:030][  0]SourceControl: Info 	Saved/Logs/Game-backup-2018.02.24-01.34.20.log
[2018.02.24-15.47.10:030][  0]SourceControl: Info 	Saved/Logs/Game-backup-2018.02.24-13.01.24.log
[2018.02.24-15.47.10:030][  0]SourceControl: Info 	Saved/Logs/Game-backup-2018.02.24-16.45.36.log
[2018.02.24-15.47.10:030][  0]SourceControl: Info 	Saved/Logs/UE4CC-Windows-0F3730D046210547FAD757A98D576297/
[2018.02.24-15.47.10:030][  0]SourceControl: Info 	Saved/Logs/UE4CC-Windows-0F3730D046210547FAD757A98D576297_0000/
[2018.02.24-15.47.10:030][  0]SourceControl: Info 	Saved/Logs/UE4CC-Windows-222FB94A4D551C5451F440AD53E00BDB/
[2018.02.24-15.47.10:030][  0]SourceControl: Info 	Saved/Logs/UE4CC-Windows-222FB94A4D551C5451F440AD53E00BDB_0000/
[2018.02.24-15.47.10:030][  0]SourceControl: Info 	Saved/Logs/UE4CC-Windows-27C556B54BF0C99A7A57A3A4D597540B/
[2018.02.24-15.47.10:030][  0]SourceControl: Info 	Saved/Logs/UE4CC-Windows-2D992E794D7DB76F3E002593A4A050BE/
[2018.02.24-15.47.10:030][  0]SourceControl: Info 	Saved/Logs/UE4CC-Windows-629FB94349EE2BC05F649781DDBFE65E/
[2018.02.24-15.47.10:030][  0]SourceControl: Info 	Saved/Logs/UE4CC-Windows-629FB94349EE2BC05F649781DDBFE65E_0000/
[2018.02.24-15.47.10:030][  0]SourceControl: Info 	Saved/Logs/UE4CC-Windows-6D2DE5974E4DD7EB870F4EAC341E3926/
[2018.02.24-15.47.10:030][  0]SourceControl: Info 	Saved/Logs/UE4CC-Windows-AA3F3B8941756FE39EFFB5B362BC5071/
[2018.02.24-15.47.10:030][  0]SourceControl: Info 	Saved/Logs/UE4CC-Windows-B7018ABB41BF305FD713D88B14C54B98/
[2018.02.24-15.47.10:030][  0]SourceControl: Info 	Saved/Logs/UE4CC-Windows-B7018ABB41BF305FD713D88B14C54B98_0000/
[2018.02.24-15.47.10:030][  0]SourceControl: Info 	Saved/Logs/UE4CC-Windows-BB8234EF43F8E2C4430BB69098E7E701/
[2018.02.24-15.47.10:030][  0]SourceControl: Info 	Saved/Logs/UE4CC-Windows-BD8D95F247655394AF3CB79ECDEC4B79/
[2018.02.24-15.47.10:030][  0]SourceControl: Info 	Saved/Logs/UE4CC-Windows-D9D8B2D6405B1C891A5CCF8D2EFBA966/
[2018.02.24-15.47.10:030][  0]SourceControl: Info 	Saved/Logs/UE4CC-Windows-EC28BE374C482357E6A44B8D99D2111B/
[2018.02.24-15.47.10:030][  0]SourceControl: Info 	Saved/Logs/UE4CC-Windows-EC28BE374C482357E6A44B8D99D2111B_0000/
[2018.02.24-15.47.10:030][  0]SourceControl: Info 	Saved/Logs/UE4CC-Windows-F866992642414B5226BEC4966DD278D0/
[2018.02.24-15.47.10:031][  0]LogContentStreaming: Texture pool size now 400 MB
[2018.02.24-15.47.10:039][  0]LogSlate: Took 0.006754 seconds to synchronously load lazily loaded font '../../../Engine/Content/Slate/Fonts/Roboto-Regular.ttf' (155K)
[2018.02.24-15.47.10:057][  0]LogSlate: Took 0.011445 seconds to synchronously load lazily loaded font '../../../Engine/Content/Slate/Fonts/Roboto-Bold.ttf' (160K)
[2018.02.24-15.47.10:094][  0]LogSlate: Took 0.025438 seconds to synchronously load lazily loaded font '../../../Engine/Content/Editor/Slate/Fonts/FontAwesome.ttf' (139K)
[2018.02.24-15.47.10:535][  0]LogSlate: Took 0.010548 seconds to synchronously load lazily loaded font '../../../Engine/Content/Slate/Fonts/Roboto-Light.ttf' (159K)
[2018.02.24-15.47.10:637][  0]LogRenderer: Reallocating scene render targets to support 880x344 NumSamples 1 (Frame:2).
[2018.02.24-15.47.11:532][  2]LogSlate: Took 0.000415 seconds to synchronously load lazily loaded font '../../../Engine/Content/Slate/Fonts/Roboto-Light.ttf' (159K)
[2018.02.24-15.47.13:512][  8]LogAssetRegistry: Asset discovery search completed in 75.8556 seconds
[2018.02.24-15.47.13:512][  8]LogCollectionManager: Rebuilt the object cache for 1 collections in 0.000016 seconds (found 0 objects)
[2018.02.24-15.47.13:512][  8]LogCollectionManager: Fixed up redirectors for 1 collections in 0.000041 seconds (updated 0 objects)
[2018.02.24-15.47.22:314][480]SourceControl: Info fatal: C:/Program Files/Epic Games/UE_4.15/Engine/Content/: 'C:/Program Files/Epic Games/UE_4.15/Engine/Content/' is outside repository
[2018.02.24-15.47.22:723][480]LogPackageName:Error: Illegal call to DoesPackageExist: '../../../../../../Users/Kamil/Desktop/Repo_Mati/Game.uproject' is not a standard unreal filename or a long path name. Reason: Path should be no less than 4 characters long.
[2018.02.24-15.47.23:346][480]LogStats: FPlatformStackWalk::StackWalkAndDump -  0.607 s
[2018.02.24-15.47.23:346][480]LogOutputDevice:Error: === Handled ensure: ===
[2018.02.24-15.47.23:346][480]LogOutputDevice:Error: 
[2018.02.24-15.47.23:346][480]LogOutputDevice:Error: Ensure condition failed: false [File:D:\Build\++UE4+Release-4.15+Compile\Sync\Engine\Source\Runtime\CoreUObject\Private\Misc\PackageName.cpp] [Line: 650]
[2018.02.24-15.47.23:346][480]LogOutputDevice:Error: Illegal call to DoesPackageExist: '../../../../../../Users/Kamil/Desktop/Repo_Mati/Game.uproject' is not a standard unreal filename or a long path name. Reason: Path should be no less than 4 characters long.
[2018.02.24-15.47.23:346][480]LogOutputDevice:Error: Stack: 
[2018.02.24-15.47.23:346][480]LogOutputDevice:Error: UE4Editor-Core.dll!0x000000009D9B95E6
[2018.02.24-15.47.23:346][480]LogOutputDevice:Error: UE4Editor-Core.dll!0x000000009D769B82
[2018.02.24-15.47.23:347][480]LogOutputDevice:Error: UE4Editor-Core.dll!0x000000009D77B666
[2018.02.24-15.47.23:347][480]LogOutputDevice:Error: UE4Editor-CoreUObject.dll!0x000000009D14A6E8
[2018.02.24-15.47.23:347][480]LogOutputDevice:Error: UE4Editor-SourceControl.dll!0x00000000B0673D22
[2018.02.24-15.47.23:347][480]LogOutputDevice:Error: UE4Editor-SourceControl.dll!0x00000000B0673EB9
[2018.02.24-15.47.23:347][480]LogOutputDevice:Error: UE4Editor-SourceControlWindows.dll!0x000000008F431D2E
[2018.02.24-15.47.23:347][480]LogOutputDevice:Error: UE4Editor-SourceControlWindows.dll!0x000000008F3EB4B5
[2018.02.24-15.47.23:347][480]LogOutputDevice:Error: UE4Editor-SourceControlWindows.dll!0x000000008F3EAA8D
[2018.02.24-15.47.23:347][480]LogOutputDevice:Error: UE4Editor-SourceControlWindows.dll!0x000000008F3FF274
[2018.02.24-15.47.23:347][480]LogOutputDevice:Error: UE4Editor-GitSourceControl.dll!0x0000000080DAB851
[2018.02.24-15.47.23:347][480]LogOutputDevice:Error: UE4Editor-GitSourceControl.dll!0x0000000080DBD1ED
[2018.02.24-15.47.23:347][480]LogOutputDevice:Error: UE4Editor-SourceControl.dll!0x00000000B0679C5C
[2018.02.24-15.47.23:347][480]LogOutputDevice:Error: UE4Editor-UnrealEd.dll!0x0000000097E87517
[2018.02.24-15.47.23:347][480]LogOutputDevice:Error: UE4Editor-UnrealEd.dll!0x0000000098692196
[2018.02.24-15.47.23:347][480]LogOutputDevice:Error: UE4Editor.exe!0x0000000053D4DEE3
[2018.02.24-15.47.23:347][480]LogOutputDevice:Error: UE4Editor.exe!0x0000000053D3EB40
[2018.02.24-15.47.23:347][480]LogOutputDevice:Error: UE4Editor.exe!0x0000000053D3EBBA
[2018.02.24-15.47.23:347][480]LogOutputDevice:Error: UE4Editor.exe!0x0000000053D50A29
[2018.02.24-15.47.23:347][480]LogOutputDevice:Error: UE4Editor.exe!0x0000000053D522B6
[2018.02.24-15.47.23:347][480]LogOutputDevice:Error: KERNEL32.DLL!0x00000000CFAA13D2
[2018.02.24-15.47.23:347][480]LogOutputDevice:Error: ntdll.dll!0x00000000D13554F4
[2018.02.24-15.47.23:347][480]LogOutputDevice:Error: 
[2018.02.24-15.47.23:350][480]LogStats:                SubmitErrorReport -  0.000 s
[2018.02.24-15.47.29:328][480]LogStats:                    SendNewReport -  5.979 s
[2018.02.24-15.47.29:328][480]LogStats:             FDebug::EnsureFailed -  6.605 s
[2018.02.24-15.47.50:596][480]LogSourceControl: FGitCheckInWorker: commit successful
[2018.02.24-15.47.50:640][480]SourceControl: Info [Kamilimak 180f54a] Quest1
[2018.02.24-15.47.50:640][480]SourceControl: Info  4 files changed, 0 insertions(+), 0 deletions(-)
[2018.02.24-15.47.50:640][480]SourceControl: Info  create mode 100644 Content/TopDownBP/Blueprints/Quest1.uasset
[2018.02.24-15.47.50:640][480]SourceControl: Info  rewrite Content/TopDownBP/Blueprints/RPG_HUD.uasset (73%)
[2018.02.24-15.47.50:640][480]SourceControl: Info  rewrite Content/TopDownBP/Blueprints/TopDownGameMode.uasset (85%)
[2018.02.24-15.47.50:661][480]SourceControl: Info Commited [Kamilimak 180f54a] Quest1.
