Log file open, 02/20/18 12:48:42
LogInit:Display: Running engine for game: Game
LogPlatformFile: Not using cached read wrapper
LogInit:Display: RandInit(1406774009) SRandInit(1406774009).
LogTaskGraph: Started task graph with 5 named threads and 8 total threads with 1 sets of task threads.
LogStats: Stats thread started at 0.113640
LogInit: Using libcurl 7.47.1
LogInit:  - built for x86_64-pc-win32
LogInit:  - supports SSL with OpenSSL/1.0.2g
LogInit:  - supports HTTP deflate (compression) using libz 1.2.8
LogInit:  - other features:
LogInit:      CURL_VERSION_SSL
LogInit:      CURL_VERSION_LIBZ
LogInit:      CURL_VERSION_IPV6
LogInit:      CURL_VERSION_ASYNCHDNS
LogInit:      CURL_VERSION_LARGEFILE
LogInit:      CURL_VERSION_IDN
LogInit:  CurlRequestOptions (configurable via config and command line):
LogInit:  - bVerifyPeer = false  - Libcurl will NOT verify peer certificate
LogInit:  - bUseHttpProxy = false  - Libcurl will NOT use HTTP proxy
LogInit:  - bDontReuseConnections = false  - Libcurl will reuse connections
LogInit:  - CertBundlePath = nullptr  - Libcurl will use whatever was configured at build time.
LogInit: Build: ++UE4+Release-4.15-CL-3450819
LogInit: Engine Version: 4.15.3-3450819+++UE4+Release-4.15
LogInit: Compatible Engine Version: 4.15.0-3299760+++UE4+Release-4.15
LogInit: Net CL: 3299760
LogDevObjectVersion: Number of dev versions registered: 14
LogDevObjectVersion:   Dev-Blueprints (B0D832E4-1F89-4F0D-ACCF-7EB736FD4AA2): 8
LogDevObjectVersion:   Dev-Build (E1C64328-A22C-4D53-A36C-8E866417BD8C): 0
LogDevObjectVersion:   Dev-Core (375EC13C-06E4-48FB-B500-84F0262A717E): 2
LogDevObjectVersion:   Dev-Editor (E4B068ED-F494-42E9-A231-DA0B2E46BB41): 14
LogDevObjectVersion:   Dev-Framework (CFFC743F-43B0-4480-9391-14DF171D2073): 22
LogDevObjectVersion:   Dev-Mobile (B02B49B5-BB20-44E9-A304-32B752E40360): 0
LogDevObjectVersion:   Dev-Networking (A4E4105C-59A1-49B5-A7C5-40C4547EDFEE): 0
LogDevObjectVersion:   Dev-Online (39C831C9-5AE6-47DC-9A44-9C173E1C8E7C): 0
LogDevObjectVersion:   Dev-Physics (78F01B33-EBEA-4F98-B9B4-84EACCB95AA2): 0
LogDevObjectVersion:   Dev-Platform (6631380F-2D4D-43E0-8009-CF276956A95A): 0
LogDevObjectVersion:   Dev-Rendering (12F88B9F-8875-4AFC-A67C-D90C383ABD29): 12
LogDevObjectVersion:   Dev-Sequencer (7B5AE74C-D270-4C10-A958-57980B212A5A): 3
LogDevObjectVersion:   Dev-VR (D7296918-1DD6-4BDD-9DE2-64A83CC13884): 0
LogDevObjectVersion:   Dev-LoadTimes (C2A15278-BFE7-4AFE-6C17-90FF531DF755): 1
LogInit: Compiled (64-bit): May 21 2017 11:02:34
LogInit: Compiled with Visual C++: 19.00.23026.00
LogInit: Build Configuration: Development
LogInit: Branch Name: ++UE4+Release-4.15
LogInit: Command line:  
LogInit: Base directory: C:/Program Files/Epic Games/UE_4.15/Engine/Binaries/Win64/
LogInit: Installed Engine Build: 1
LogInit: Presizing for max 8388607 objects, including 0 objects not considered by GC, pre-allocating 0 bytes for permanent pool.
LogInit: Object subsystem initialized
[2018.02.20-11.48.44:589][  0]LogInit: Selected Device Profile: [Windows]
[2018.02.20-11.48.44:589][  0]LogInit: Applying CVar settings loaded from the selected device profile: [Windows]
[2018.02.20-11.48.44:610][  0]LogInit: Computer: THAIS
[2018.02.20-11.48.44:610][  0]LogInit: User: Kamil
[2018.02.20-11.48.44:610][  0]LogInit: CPU Page size=65536, Cores=4
[2018.02.20-11.48.44:610][  0]LogInit: High frequency timer resolution =2.046143 MHz
[2018.02.20-11.48.44:611][  0]LogMemory: Memory total: Physical=7.9GB (8GB approx)
[2018.02.20-11.48.44:611][  0]LogMemory: Platform Memory Stats for Windows
[2018.02.20-11.48.44:611][  0]LogMemory: Process Physical Memory: 261.76 MB used, 261.76 MB peak
[2018.02.20-11.48.44:611][  0]LogMemory: Process Virtual Memory: 262.59 MB used, 262.59 MB peak
[2018.02.20-11.48.44:611][  0]LogMemory: Physical Memory: 4800.63 MB used,  3260.64 MB free, 8061.27 MB total
[2018.02.20-11.48.44:611][  0]LogMemory: Virtual Memory: 624.62 MB used,  3260.64 MB free, 134217728.00 MB total
[2018.02.20-11.48.44:872][  0]LogTextLocalizationManager: No translations for ('pl-PL') exist, falling back to 'en' for localization and internationalization data.
[2018.02.20-11.48.46:040][  0]LogD3D11RHI: D3D11 adapters:
[2018.02.20-11.48.46:067][  0]LogD3D11RHI:    0. 'Intel(R) HD Graphics 4000' (Feature Level 11_0)
[2018.02.20-11.48.46:067][  0]LogD3D11RHI:       2059/0/4030 MB DedicatedVideo/DedicatedSystem/SharedSystem, Outputs:2, VendorId:0x8086
[2018.02.20-11.48.46:069][  0]LogD3D11RHI:    1. 'Microsoft Basic Render Driver' (Feature Level 11_0)
[2018.02.20-11.48.46:069][  0]LogD3D11RHI:       0/0/256 MB DedicatedVideo/DedicatedSystem/SharedSystem, Outputs:0, VendorId:0x1414
[2018.02.20-11.48.46:069][  0]LogD3D11RHI: Chosen D3D11 Adapter: 0
[2018.02.20-11.48.46:078][  0]LogD3D11RHI: Creating new Direct3DDevice
[2018.02.20-11.48.46:078][  0]LogD3D11RHI:     GPU DeviceId: 0x166 (for the marketing name, search the web for "GPU Device Id")
[2018.02.20-11.48.46:078][  0]LogWindows: EnumDisplayDevices:
[2018.02.20-11.48.46:078][  0]LogWindows:    0. 'Intel(R) HD Graphics 4000' (P:1 D:1)
[2018.02.20-11.48.46:079][  0]LogWindows:    1. 'Intel(R) HD Graphics 4000' (P:0 D:1)
[2018.02.20-11.48.46:079][  0]LogWindows:    2. 'Intel(R) HD Graphics 4000' (P:0 D:0)
[2018.02.20-11.48.46:080][  0]LogWindows:    3. 'Intel(R) HD Graphics 4000' (P:0 D:0)
[2018.02.20-11.48.46:080][  0]LogWindows: DebugString: FoundDriverCount:4 
[2018.02.20-11.48.46:080][  0]LogD3D11RHI:     Adapter Name: Intel(R) HD Graphics 4000
[2018.02.20-11.48.46:080][  0]LogD3D11RHI:   Driver Version: 10.18.10.4653 (internal:10.18.10.4653, unified:10.18.10.4653)
[2018.02.20-11.48.46:080][  0]LogD3D11RHI:      Driver Date: 4-7-2017
[2018.02.20-11.48.46:080][  0]LogRHI: Texture pool is 1361 MB (70% of 1945 MB)
[2018.02.20-11.48.46:096][  0]LogD3D11RHI: Async texture creation enabled
[2018.02.20-11.48.46:117][  0]LogD3D11RHI: GPU Timing Frequency: 27.000000 (Debug: 2 2)
[2018.02.20-11.48.46:117][  0]LogShaderCompilers: Guid format shader working directory is 0 characters bigger than the processId version (../../../../../../Users/Kamil/Desktop/Repo_Mati/Intermediate/Shaders/WorkingDirectory/808/).
[2018.02.20-11.48.46:118][  0]LogShaderCompilers: Cleaned the shader compiler working directory 'C:/Users/Kamil/AppData/Local/Temp/UnrealShaderWorkingDir/1F85A33D4135F6257E8D89945C8D7E67/'.
[2018.02.20-11.48.46:118][  0]LogShaderCompilers:Display: Using Local Shader Compiler.
[2018.02.20-11.48.48:763][  0]LogTemp:Display: Loaded TP AllDesktopTargetPlatform
[2018.02.20-11.48.48:912][  0]LogTemp:Display: Loaded TP MacClientTargetPlatform
[2018.02.20-11.48.49:038][  0]LogTemp:Display: Loaded TP MacNoEditorTargetPlatform
[2018.02.20-11.48.49:163][  0]LogTemp:Display: Loaded TP MacServerTargetPlatform
[2018.02.20-11.48.49:287][  0]LogTemp:Display: Loaded TP MacTargetPlatform
[2018.02.20-11.48.49:417][  0]LogTemp:Display: Loaded TP WindowsClientTargetPlatform
[2018.02.20-11.48.49:540][  0]LogTemp:Display: Loaded TP WindowsNoEditorTargetPlatform
[2018.02.20-11.48.49:665][  0]LogTemp:Display: Loaded TP WindowsServerTargetPlatform
[2018.02.20-11.48.49:767][  0]LogTemp:Display: Loaded TP WindowsTargetPlatform
[2018.02.20-11.48.49:888][  0]LogTemp:Display: Loaded TP AndroidTargetPlatform
[2018.02.20-11.48.50:019][  0]LogTemp:Display: Loaded TP Android_ASTCTargetPlatform
[2018.02.20-11.48.50:143][  0]LogTemp:Display: Loaded TP Android_ATCTargetPlatform
[2018.02.20-11.48.50:272][  0]LogTemp:Display: Loaded TP Android_DXTTargetPlatform
[2018.02.20-11.48.50:394][  0]LogTemp:Display: Loaded TP Android_ETC1TargetPlatform
[2018.02.20-11.48.50:513][  0]LogTemp:Display: Loaded TP Android_ETC2TargetPlatform
[2018.02.20-11.48.50:751][  0]LogTemp:Display: Loaded TP Android_MultiTargetPlatform
[2018.02.20-11.48.50:751][  0]LogTemp:Display: Loaded TP Android_PVRTCTargetPlatform
[2018.02.20-11.48.50:835][  0]LogTemp:Display: Loaded TP HTML5TargetPlatform
[2018.02.20-11.48.51:056][  0]LogTemp:Display: Loaded TP IOSTargetPlatform
[2018.02.20-11.48.51:140][  0]LogTemp:Display: Loaded TP TVOSTargetPlatform
[2018.02.20-11.48.51:256][  0]LogTemp:Display: Loaded TP LinuxClientTargetPlatform
[2018.02.20-11.48.51:370][  0]LogTemp:Display: Loaded TP LinuxNoEditorTargetPlatform
[2018.02.20-11.48.51:489][  0]LogTemp:Display: Loaded TP LinuxServerTargetPlatform
[2018.02.20-11.48.51:610][  0]LogTemp:Display: Loaded TP LinuxTargetPlatform
[2018.02.20-11.48.51:610][  0]LogTargetPlatformManager:Display: Building Assets For Windows
[2018.02.20-11.48.52:679][  0]LogDerivedDataCache:Display: Max Cache Size: 512 MB
[2018.02.20-11.48.52:773][  0]LogDerivedDataCache: Loaded boot cache 0.09s 50MB C:/Users/Kamil/AppData/Local/UnrealEngine/4.15/DerivedDataCache/Boot.ddc.
[2018.02.20-11.48.52:773][  0]LogDerivedDataCache:Display: Loaded Boot cache: C:/Users/Kamil/AppData/Local/UnrealEngine/4.15/DerivedDataCache/Boot.ddc
[2018.02.20-11.48.52:773][  0]LogDerivedDataCache: FDerivedDataBackendGraph:  Pak pak cache file ../../../../../../Users/Kamil/Desktop/Repo_Mati/DerivedDataCache/DDC.ddp not found, will not use a pak cache.
[2018.02.20-11.48.52:773][  0]LogDerivedDataCache: Unable to find inner node Pak for hierarchical cache Hierarchy.
[2018.02.20-11.48.52:773][  0]LogDerivedDataCache: FDerivedDataBackendGraph:  CompressedPak pak cache file ../../../../../../Users/Kamil/Desktop/Repo_Mati/DerivedDataCache/Compressed.ddp not found, will not use a pak cache.
[2018.02.20-11.48.52:773][  0]LogDerivedDataCache: Unable to find inner node CompressedPak for hierarchical cache Hierarchy.
[2018.02.20-11.48.52:809][  0]LogDerivedDataCache:Display: Pak cache opened for reading ../../../Engine/DerivedDataCache/Compressed.ddp.
[2018.02.20-11.48.52:822][  0]LogDerivedDataCache: Using Local data cache path C:/Users/Kamil/AppData/Local/UnrealEngine/Common/DerivedDataCache: Writable
[2018.02.20-11.48.52:843][  0]LogSlate: Using Freetype 2.6.0
[2018.02.20-11.48.52:844][  0]LogSlate: SlateFontCache - WITH_FREETYPE: 1, WITH_HARFBUZZ: 1
[2018.02.20-11.48.52:844][  0]LogSlate: SlateFontCache - WITH_FREETYPE: 1, WITH_HARFBUZZ: 1
[2018.02.20-11.48.53:477][  0]LogInit: Selected Device Profile: [Windows]
[2018.02.20-11.48.53:485][  0]LogContentStreaming: Texture pool size is 0.00 MB
[2018.02.20-11.48.53:961][  0]LogMeshUtilities: Using QuadricMeshReduction for automatic static mesh reduction
[2018.02.20-11.48.54:050][  0]LogSimplygon: Simplygon DLL not present - disabling.
[2018.02.20-11.48.54:143][  0]LogMeshUtilities: Using SimplygonSwarm for distributed automatic mesh merging
[2018.02.20-11.48.54:143][  0]LogMeshUtilities: No automatic skeletal mesh reduction module available
[2018.02.20-11.48.54:143][  0]LogMeshUtilities: No automatic mesh merging module available
[2018.02.20-11.48.55:252][  0]LogNetVersion: GetLocalNetworkVersion: CL: 3299760, ProjectName: game, ProjectVersion: , EngineNetworkVersion: 2, GameNetworkVersion: 0, NetworkChecksum: 2653008601
[2018.02.20-11.48.55:329][  0]LogAssetRegistry: FAssetRegistry took 0.0228 seconds to start up
[2018.02.20-11.48.55:406][  0]LogPackageLocalizationCache: Processed 3 localized package path(s) for 1 prioritized culture(s) in 0.025117 seconds
[2018.02.20-11.48.55:415][  0]LogUObjectArray: 32493 objects as part of root set at end of initial load.
[2018.02.20-11.48.55:415][  0]LogUObjectAllocator: 7077024 out of 0 bytes used by permanent object pool.
[2018.02.20-11.48.55:415][  0]LogUObjectArray: CloseDisregardForGC: 0/0 objects in disregard for GC pool
[2018.02.20-11.48.55:572][  0]LogInit: WinSock: version 1.1 (2.2), MaxSocks=32767, MaxUdp=65467
[2018.02.20-11.48.58:885][  0]LogTcpMessaging: Initializing TcpMessaging bridge
[2018.02.20-11.48.58:965][  0]LogUdpMessaging: Initializing bridge on interface 0.0.0.0:0 to multicast group 230.0.0.1:6666.
[2018.02.20-11.48.59:856][  0]LogMaterial: Uniform references updated for custom material expression Custom.
[2018.02.20-11.49.00:632][  0]SourceControl: Info Source control is disabled
[2018.02.20-11.49.03:914][  0]LogEngine: Initializing Engine...
[2018.02.20-11.49.03:915][  0]LogHMD: Failed to initialize OpenVR with code 110
[2018.02.20-11.49.04:137][  0]LogStats: UGameplayTagsManager::ConstructGameplayTagTree: Construct from data asset -  0.000 s
[2018.02.20-11.49.04:137][  0]LogStats: UGameplayTagsManager::ConstructGameplayTagTree: GameplayTagTreeChangedEvent.Broadcast -  0.000 s
[2018.02.20-11.49.04:409][  0]LogAIModule: Creating AISystem for world Untitled
[2018.02.20-11.49.04:428][  0]LogInit: XAudio2 using 'Głośniki (Conexant SmartAudio HD)' : 2 channels at 48 kHz using 32 bits per sample (channel mask 0x3)
[2018.02.20-11.49.04:444][  0]LogInit: FAudioDevice initialized.
[2018.02.20-11.49.04:484][  0]LogDerivedDataCache: Saved boot cache 0.04s 50MB C:/Users/Kamil/AppData/Local/UnrealEngine/4.15/DerivedDataCache/Boot.ddc.
[2018.02.20-11.49.04:495][  0]LogInit: Texture streaming: Enabled
[2018.02.20-11.49.04:714][  0]LogEngineSessionManager: EngineSessionManager initialized
[2018.02.20-11.49.04:897][  0]LogInit: Transaction tracking system initialized
[2018.02.20-11.49.05:627][  0]BlueprintLog: New page: Editor Load
[2018.02.20-11.49.07:556][  0]LocalizationService: Info Localization service is disabled
[2018.02.20-11.49.09:489][  0]LogConsoleResponse:Display: 
[2018.02.20-11.49.09:813][  0]LogCook:Display: Max memory allowance for cook 16384mb min free memory 0mb
[2018.02.20-11.49.09:813][  0]LogCook:Display: Mobile HDR setting 0
[2018.02.20-11.49.09:961][  0]LogFileCache: Scanning file cache for directory 'C:/Users/Kamil/Desktop/Repo_Mati/Content/' took 0.03s
[2018.02.20-11.49.12:523][  0]Cmd: MAP LOAD FILE="../../../../../../Users/Kamil/Desktop/Repo_Mati/Content/TopDownBP/Maps/TopDownExampleMap.umap" TEMPLATE=0 SHOWPROGRESS=1 FEATURELEVEL=3
[2018.02.20-11.49.12:523][  0]LightingResults: New page: Lighting Build
[2018.02.20-11.49.12:605][  0]MapCheck: New page: Map Check
[2018.02.20-11.49.12:605][  0]LightingResults: New page: Lighting Build
[2018.02.20-11.49.13:878][  0]LogAIModule: Creating AISystem for world TopDownExampleMap
[2018.02.20-11.49.13:940][  0]LogEditorServer: Finished looking for orphan Actors (0.000 secs)
[2018.02.20-11.49.13:941][  0]Cmd: MAP CHECKDEP NOCLEARLOG
[2018.02.20-11.49.14:035][  0]MapCheck: Info Map check complete: 0 Error(s), 0 Warning(s), took 93.663ms to complete.
[2018.02.20-11.49.14:035][  0]LogFileHelpers: Loading map 'TopDownExampleMap' took 1.513
[2018.02.20-11.49.14:371][  0]LogCollectionManager: Loaded 1 collections in 0.002404 seconds
[2018.02.20-11.49.14:512][  0]LogFileCache: Scanning file cache for directory 'C:/Users/Kamil/Desktop/Repo_Mati/Saved/Collections/' took 0.01s
[2018.02.20-11.49.14:512][  0]LogFileCache: Scanning file cache for directory 'C:/Users/Kamil/Desktop/Repo_Mati/Content/Developers/Kamil/Collections/' took 0.01s
[2018.02.20-11.49.14:512][  0]LogFileCache: Scanning file cache for directory 'C:/Users/Kamil/Desktop/Repo_Mati/Content/Collections/' took 0.01s
[2018.02.20-11.49.14:512][  0]LogCollectionManager: Rebuilt the GUID cache for 1 collections in 0.000008 seconds
[2018.02.20-11.49.14:512][  0]LogCollectionManager: Rebuilt the hierarchy cache for 1 collections in 0.000000 seconds
[2018.02.20-11.49.14:533][  0]LogContentBrowser: Native class hierarchy populated in 0.0201 seconds. Added 2245 classes and 453 folders.
[2018.02.20-11.49.14:671][  0]LogContentBrowser: Native class hierarchy updated for 'WidgetCarousel' in 0.0009 seconds. Added 0 classes and 0 folders.
[2018.02.20-11.49.14:741][  0]LogContentBrowser: Native class hierarchy updated for 'AddContentDialog' in 0.0014 seconds. Added 0 classes and 0 folders.
[2018.02.20-11.49.14:829][  0]LogContentBrowser: Native class hierarchy updated for 'SceneOutliner' in 0.0011 seconds. Added 1 classes and 2 folders.
[2018.02.20-11.49.15:059][  0]LogCrashTracker: Crashtracker disabled due to settings.
[2018.02.20-11.49.15:069][  0]LogUObjectGlobals:Warning: Failed to find object 'Class None.'
[2018.02.20-11.49.15:196][  0]LogContentBrowser: Native class hierarchy updated for 'HierarchicalLODOutliner' in 0.0010 seconds. Added 1 classes and 2 folders.
[2018.02.20-11.49.15:196][  0]LogLoad: (Engine Initialization) Total time: 34.05 seconds
[2018.02.20-11.49.15:196][  0]LogLoad: (Engine Initialization) Total Blueprint compile time: 0.45 seconds
[2018.02.20-11.49.15:196][  0]LogExternalProfiler: Found external profiler: VSPerf
[2018.02.20-11.49.15:196][  0]LogExternalProfiler: Using external profiler: VSPerf
[2018.02.20-11.49.15:536][  0]LogOcInput: OculusInput pre-init called
[2018.02.20-11.49.15:565][  0]SourceControl: Info On branch master
[2018.02.20-11.49.15:565][  0]SourceControl: Info Your branch is up to date with 'origin/master'.
[2018.02.20-11.49.15:565][  0]SourceControl: Info Changes not staged for commit:
[2018.02.20-11.49.15:565][  0]SourceControl: Info   (use "git add <file>..." to update what will be committed)
[2018.02.20-11.49.15:565][  0]SourceControl: Info   (use "git checkout -- <file>..." to discard changes in working directory)
[2018.02.20-11.49.15:565][  0]SourceControl: Info 	modified:   Intermediate/CachedAssetRegistry.bin
[2018.02.20-11.49.15:565][  0]SourceControl: Info 	modified:   Saved/AutoScreenshot.png
[2018.02.20-11.49.15:565][  0]SourceControl: Info 	modified:   Saved/Autosaves/PackageRestoreData.json
[2018.02.20-11.49.15:565][  0]SourceControl: Info 	modified:   Saved/Config/Windows/EditorPerProjectUserSettings.ini
[2018.02.20-11.49.15:565][  0]SourceControl: Info 	modified:   Saved/Config/WorldState/1077236724.json
[2018.02.20-11.49.15:565][  0]SourceControl: Info 	modified:   Saved/Logs/Game.log
[2018.02.20-11.49.15:565][  0]SourceControl: Info Untracked files:
[2018.02.20-11.49.15:565][  0]SourceControl: Info   (use "git add <file>..." to include in what will be committed)
[2018.02.20-11.49.15:565][  0]SourceControl: Info 	Saved/Backup/TopDownExampleMap_2018-02-20-12-18-58.umap
[2018.02.20-11.49.15:565][  0]SourceControl: Info 	Saved/Backup/TopDownExampleMap_BuiltData_2018-02-20-12-18-59.uasset
[2018.02.20-11.49.15:565][  0]SourceControl: Info 	Saved/Logs/Game-backup-2018.02.20-12.13.47.log
[2018.02.20-11.49.15:565][  0]SourceControl: Info 	Saved/Logs/Game-backup-2018.02.20-12.48.42.log
[2018.02.20-11.49.15:565][  0]SourceControl: Info 	Saved/Logs/UE4CC-Windows-463A9FD8467B2A37F065D5996B925D0D/
[2018.02.20-11.49.15:565][  0]SourceControl: Info 	Saved/Logs/UE4CC-Windows-8287118F4B1C94E4B83248A2EBC63A9C/
[2018.02.20-11.49.15:565][  0]SourceControl: Info 	Saved/Logs/UE4CC-Windows-8287118F4B1C94E4B83248A2EBC63A9C_0000/
[2018.02.20-11.49.15:565][  0]SourceControl: Info no changes added to commit (use "git add" and/or "git commit -a")
[2018.02.20-11.49.15:565][  0]LogContentStreaming: Texture pool size now 400 MB
[2018.02.20-11.49.15:567][  0]LogSlate: Took 0.000338 seconds to synchronously load lazily loaded font '../../../Engine/Content/Slate/Fonts/Roboto-Regular.ttf' (155K)
[2018.02.20-11.49.15:575][  0]LogSlate: Took 0.000326 seconds to synchronously load lazily loaded font '../../../Engine/Content/Slate/Fonts/Roboto-Bold.ttf' (160K)
[2018.02.20-11.49.15:585][  0]LogSlate: Took 0.000263 seconds to synchronously load lazily loaded font '../../../Engine/Content/Editor/Slate/Fonts/FontAwesome.ttf' (139K)
[2018.02.20-11.49.15:801][  0]LogSlate: Took 0.000368 seconds to synchronously load lazily loaded font '../../../Engine/Content/Slate/Fonts/Roboto-Light.ttf' (159K)
[2018.02.20-11.49.15:887][  0]LogRenderer: Reallocating scene render targets to support 752x360 NumSamples 1 (Frame:2).
[2018.02.20-11.49.17:294][  4]LogAssetRegistry: Asset discovery search completed in 21.9875 seconds
[2018.02.20-11.49.17:294][  4]LogCollectionManager: Rebuilt the object cache for 1 collections in 0.000015 seconds (found 0 objects)
[2018.02.20-11.49.17:294][  4]LogCollectionManager: Fixed up redirectors for 1 collections in 0.000041 seconds (updated 0 objects)
